#
# There is insufficient memory for the Java Runtime Environment to continue.
# Native memory allocation (malloc) failed to allocate 1513296 bytes for Chunk::new
# Possible reasons:
#   The system is out of physical RAM or swap space
#   The process is running with CompressedOops enabled, and the Java Heap may be blocking the growth of the native heap
# Possible solutions:
#   Reduce memory load on the system
#   Increase physical memory or swap space
#   Check if swap backing store is full
#   Decrease Java heap size (-Xmx/-Xms)
#   Decrease number of Java threads
#   Decrease Java thread stack sizes (-Xss)
#   Set larger code cache with -XX:ReservedCodeCacheSize=
#   JVM is running with Zero Based Compressed Oops mode in which the Java heap is
#     placed in the first 32GB address space. The Java Heap base address is the
#     maximum limit for the native heap growth. Please use -XX:HeapBaseMinAddress
#     to set the Java Heap base and to place the Java Heap above 32GB virtual address.
# This output file may be truncated or incomplete.
#
#  Out of Memory Error (t:/workspace/open/src/hotspot/share/memory/arena.cpp:197), pid=8036, tid=4600
#
# JRE version: Java(TM) SE Runtime Environment (11.0.6+8) (build 11.0.6+8-LTS)
# Java VM: Java HotSpot(TM) 64-Bit Server VM (11.0.6+8-LTS, mixed mode, tiered, compressed oops, g1 gc, windows-amd64)
# No core dump will be written. Minidumps are not enabled by default on client versions of Windows
#

---------------  S U M M A R Y ------------

Command Line: --add-opens=java.base/java.util=ALL-UNNAMED --add-opens=java.base/java.lang=ALL-UNNAMED --add-opens=java.base/java.lang.invoke=ALL-UNNAMED --add-opens=java.prefs/java.util.prefs=ALL-UNNAMED -Xmx4608M -Dfile.encoding=windows-1252 -Duser.country=US -Duser.language=en -Duser.variant org.gradle.launcher.daemon.bootstrap.GradleDaemon 5.5

Host: Intel(R) Core(TM) i3-2328M CPU @ 2.20GHz, 4 cores, 5G,  Windows 10 , 64 bit Build 16299 (10.0.16299.1087)
Time: Mon Mar  2 14:44:15 2020 India Standard Time elapsed time: 286 seconds (0d 0h 4m 46s)

---------------  T H R E A D  ---------------

Current thread (0x000002185042e800):  JavaThread "C2 CompilerThread0" daemon [_thread_in_native, id=4600, stack(0x000000c657600000,0x000000c657700000)]


Current CompileTask:
C2: 286707 15500       4       com.sun.tools.javac.code.Types$ImplementationCache::get (159 bytes)

Stack: [0x000000c657600000,0x000000c657700000]
Native frames: (J=compiled Java code, j=interpreted, Vv=VM code, C=native code)
V  [jvm.dll+0x63679a]
V  [jvm.dll+0x7755bf]
V  [jvm.dll+0x776c65]
V  [jvm.dll+0x7772d3]
V  [jvm.dll+0x25e7f8]
V  [jvm.dll+0xc1c01]
V  [jvm.dll+0xc219c]
V  [jvm.dll+0x36d977]
V  [jvm.dll+0x33a7b3]
V  [jvm.dll+0x339b8a]
V  [jvm.dll+0x218355]
V  [jvm.dll+0x2174fa]
V  [jvm.dll+0x193a2c]
V  [jvm.dll+0x226544]
V  [jvm.dll+0x224b28]
V  [jvm.dll+0x73a9c5]
V  [jvm.dll+0x733905]
V  [jvm.dll+0x635846]
C  [ucrtbase.dll+0x1fa95]
C  [KERNEL32.DLL+0x137e4]
C  [ntdll.dll+0x6cb81]


---------------  P R O C E S S  ---------------

Threads class SMR info:
_java_thread_list=0x0000021853811160, length=43, elements={
0x000002182b730800, 0x000002184fab3800, 0x000002184fadf000, 0x000002185042a800,
0x000002185042d800, 0x000002185042e800, 0x0000021850433000, 0x000002185043c000,
0x000002185059d000, 0x00000218505b2000, 0x00000218518be800, 0x0000021850e84000,
0x0000021851016800, 0x00000218518ee000, 0x00000218518ef000, 0x00000218518eb800,
0x00000218518ef800, 0x0000021854f6e800, 0x0000021854f6a800, 0x0000021854f69000,
0x0000021854f69800, 0x0000021854f6c000, 0x0000021854f6b800, 0x0000021854f6d000,
0x0000021854f67800, 0x0000021854f6f800, 0x0000021854f71000, 0x0000021854f72000,
0x0000021854f70800, 0x0000021854f72800, 0x0000021854f73800, 0x0000021854f6e000,
0x0000021854f74800, 0x0000021854f75000, 0x0000021854f76000, 0x00000218518e9000,
0x00000218518ea000, 0x00000218518ec800, 0x00000218518ed000, 0x00000218586f3800,
0x00000218586f4800, 0x00000218586f1000, 0x00000218586f5000
}

Java Threads: ( => current thread )
  0x000002182b730800 JavaThread "main" [_thread_blocked, id=11256, stack(0x000000c656b00000,0x000000c656c00000)]
  0x000002184fab3800 JavaThread "Reference Handler" daemon [_thread_blocked, id=2288, stack(0x000000c657200000,0x000000c657300000)]
  0x000002184fadf000 JavaThread "Finalizer" daemon [_thread_blocked, id=3244, stack(0x000000c657300000,0x000000c657400000)]
  0x000002185042a800 JavaThread "Signal Dispatcher" daemon [_thread_blocked, id=7788, stack(0x000000c657400000,0x000000c657500000)]
  0x000002185042d800 JavaThread "Attach Listener" daemon [_thread_blocked, id=3080, stack(0x000000c657500000,0x000000c657600000)]
=>0x000002185042e800 JavaThread "C2 CompilerThread0" daemon [_thread_in_native, id=4600, stack(0x000000c657600000,0x000000c657700000)]
  0x0000021850433000 JavaThread "C1 CompilerThread0" daemon [_thread_blocked, id=5040, stack(0x000000c657700000,0x000000c657800000)]
  0x000002185043c000 JavaThread "Sweeper thread" daemon [_thread_blocked, id=224, stack(0x000000c657800000,0x000000c657900000)]
  0x000002185059d000 JavaThread "Common-Cleaner" daemon [_thread_blocked, id=1652, stack(0x000000c657900000,0x000000c657a00000)]
  0x00000218505b2000 JavaThread "Service Thread" daemon [_thread_blocked, id=11756, stack(0x000000c657a00000,0x000000c657b00000)]
  0x00000218518be800 JavaThread "Daemon health stats" [_thread_blocked, id=9700, stack(0x000000c657d00000,0x000000c657e00000)]
  0x0000021850e84000 JavaThread "Incoming local TCP Connector on port 58944" [_thread_in_native, id=9112, stack(0x000000c658000000,0x000000c658100000)]
  0x0000021851016800 JavaThread "Daemon periodic checks" [_thread_blocked, id=7144, stack(0x000000c658100000,0x000000c658200000)]
  0x00000218518ee000 JavaThread "Cache worker for file hash cache (C:\Users\Rohit Jain\.gradle\caches\5.5\fileHashes)" [_thread_blocked, id=11904, stack(0x000000c658900000,0x000000c658a00000)]
  0x00000218518ef000 JavaThread "File lock request listener" [_thread_in_native, id=8724, stack(0x000000c658a00000,0x000000c658b00000)]
  0x00000218518eb800 JavaThread "Cache worker for journal cache (C:\Users\Rohit Jain\.gradle\caches\journal-1)" [_thread_blocked, id=8540, stack(0x000000c658b00000,0x000000c658c00000)]
  0x00000218518ef800 JavaThread "Cache worker for execution history cache (C:\Users\Rohit Jain\.gradle\caches\5.5\executionHistory)" [_thread_blocked, id=1928, stack(0x000000c659200000,0x000000c659300000)]
  0x0000021854f6e800 JavaThread "Memory manager" [_thread_blocked, id=10948, stack(0x000000c65a300000,0x000000c65a400000)]
  0x0000021854f6a800 JavaThread "Daemon Thread 2" [_thread_blocked, id=4376, stack(0x000000c65ac00000,0x000000c65ad00000)]
  0x0000021854f69000 JavaThread "Handler for socket connection from /127.0.0.1:58944 to /127.0.0.1:59172" [_thread_in_native, id=6356, stack(0x000000c65ad00000,0x000000c65ae00000)]
  0x0000021854f69800 JavaThread "Cancel handler" [_thread_blocked, id=4128, stack(0x000000c65ae00000,0x000000c65af00000)]
  0x0000021854f6c000 JavaThread "Daemon worker Thread 2" [_thread_in_native, id=5612, stack(0x000000c65af00000,0x000000c65b000000)]
  0x0000021854f6b800 JavaThread "Asynchronous log dispatcher for DefaultDaemonConnection: socket connection from /127.0.0.1:58944 to /127.0.0.1:59172" [_thread_blocked, id=10080, stack(0x000000c65b000000,0x000000c65b100000)]
  0x0000021854f6d000 JavaThread "Stdin handler" [_thread_blocked, id=2040, stack(0x000000c65b100000,0x000000c65b200000)]
  0x0000021854f67800 JavaThread "Thread-32" [_thread_blocked, id=3192, stack(0x000000c65b200000,0x000000c65b300000)]
  0x0000021854f6f800 JavaThread "Cache worker for file hash cache (F:\FinalAppCode\TSGAPP\android\.gradle\5.5\fileHashes)" [_thread_blocked, id=8580, stack(0x000000c65b300000,0x000000c65b400000)]
  0x0000021854f71000 JavaThread "Cache worker for cache directory md-supplier (C:\Users\Rohit Jain\.gradle\caches\5.5\md-supplier)" [_thread_blocked, id=6824, stack(0x000000c65b400000,0x000000c65b500000)]
  0x0000021854f72000 JavaThread "Cache worker for cache directory md-rule (C:\Users\Rohit Jain\.gradle\caches\5.5\md-rule)" [_thread_blocked, id=10348, stack(0x000000c65b500000,0x000000c65b600000)]
  0x0000021854f70800 JavaThread "Build operations" [_thread_blocked, id=2292, stack(0x000000c65b700000,0x000000c65b800000)]
  0x0000021854f72800 JavaThread "Build operations Thread 2" [_thread_blocked, id=6868, stack(0x000000c65b800000,0x000000c65b900000)]
  0x0000021854f73800 JavaThread "Build operations Thread 3" [_thread_blocked, id=10124, stack(0x000000c65b900000,0x000000c65ba00000)]
  0x0000021854f6e000 JavaThread "Build operations Thread 4" [_thread_blocked, id=3512, stack(0x000000c65ba00000,0x000000c65bb00000)]
  0x0000021854f74800 JavaThread "pool-2-thread-1" [_thread_blocked, id=11096, stack(0x000000c65bb00000,0x000000c65bc00000)]
  0x0000021854f75000 JavaThread "Cache worker for Build Output Cleanup Cache (F:\FinalAppCode\TSGAPP\android\.gradle\buildOutputCleanup)" [_thread_blocked, id=2620, stack(0x000000c65bc00000,0x000000c65bd00000)]
  0x0000021854f76000 JavaThread "Cache worker for file content cache (C:\Users\Rohit Jain\.gradle\caches\5.5\fileContent)" [_thread_blocked, id=11472, stack(0x000000c65c100000,0x000000c65c200000)]
  0x00000218518e9000 JavaThread "Cache worker for file content cache (F:\FinalAppCode\TSGAPP\android\.gradle\5.5\fileContent)" [_thread_blocked, id=4908, stack(0x000000c65c200000,0x000000c65c300000)]
  0x00000218518ea000 JavaThread "Execution worker for ':'" [_thread_blocked, id=1300, stack(0x000000c65c500000,0x000000c65c600000)]
  0x00000218518ec800 JavaThread "Execution worker for ':' Thread 2" [_thread_blocked, id=3108, stack(0x000000c65c600000,0x000000c65c700000)]
  0x00000218518ed000 JavaThread "Execution worker for ':' Thread 3" [_thread_blocked, id=5988, stack(0x000000c65c700000,0x000000c65c800000)]
  0x00000218586f3800 JavaThread "Cache worker for execution history cache (F:\FinalAppCode\TSGAPP\android\.gradle\5.5\executionHistory)" [_thread_blocked, id=9728, stack(0x000000c65c900000,0x000000c65ca00000)]
  0x00000218586f4800 JavaThread "Cache worker for Java compile cache (C:\Users\Rohit Jain\.gradle\caches\5.5\javaCompile)" [_thread_blocked, id=2604, stack(0x000000c65cc00000,0x000000c65cd00000)]
  0x00000218586f1000 JavaThread "Cache worker for Java compile cache (F:\FinalAppCode\TSGAPP\android\.gradle\5.5\javaCompile)" [_thread_blocked, id=9092, stack(0x000000c65cd00000,0x000000c65ce00000)]
  0x00000218586f5000 JavaThread "ForkJoinPool.commonPool-worker-3" daemon [_thread_blocked, id=6832, stack(0x000000c65ce00000,0x000000c65cf00000)]

Other Threads:
  0x000002184fab1800 VMThread "VM Thread" [stack: 0x000000c657100000,0x000000c657200000] [id=4660]
  0x00000218505b3000 WatcherThread [stack: 0x000000c657b00000,0x000000c657c00000] [id=9128]
  0x000002182b747000 GCTaskThread "GC Thread#0" [stack: 0x000000c656c00000,0x000000c656d00000] [id=4872]
  0x0000021850d04800 GCTaskThread "GC Thread#1" [stack: 0x000000c657c00000,0x000000c657d00000] [id=5328]
  0x00000218519d2800 GCTaskThread "GC Thread#2" [stack: 0x000000c657e00000,0x000000c657f00000] [id=2456]
  0x00000218506f3000 GCTaskThread "GC Thread#3" [stack: 0x000000c657f00000,0x000000c658000000] [id=10248]
  0x000002182b7af000 ConcurrentGCThread "G1 Main Marker" [stack: 0x000000c656d00000,0x000000c656e00000] [id=7000]
  0x000002182b7b0800 ConcurrentGCThread "G1 Conc#0" [stack: 0x000000c656e00000,0x000000c656f00000] [id=12240]
  0x000002182b80e800 ConcurrentGCThread "G1 Refine#0" [stack: 0x000000c656f00000,0x000000c657000000] [id=11240]
  0x000002184f918800 ConcurrentGCThread "G1 Young RemSet Sampling" [stack: 0x000000c657000000,0x000000c657100000] [id=12188]

Threads with active compile tasks:
C2 CompilerThread015500       4       com.sun.tools.javac.code.Types$ImplementationCache::get (159 bytes)

VM state:not at safepoint (normal execution)

VM Mutex/Monitor currently owned by a thread: None

Heap address: 0x00000006e0000000, size: 4608 MB, Compressed Oops mode: Zero based, Oop shift amount: 3
Narrow klass base: 0x0000000800000000, Narrow klass shift: 0
Compressed class space size: 1073741824 Address: 0x0000000800000000

Heap:
 garbage-first heap   total 231424K, used 159982K [0x00000006e0000000, 0x0000000800000000)
  region size 1024K, 10 young (10240K), 5 survivors (5120K)
 Metaspace       used 94248K, capacity 96860K, committed 97152K, reserved 1134592K
  class space    used 11414K, capacity 12353K, committed 12416K, reserved 1048576K
Heap Regions: E=young(eden), S=young(survivor), O=old, HS=humongous(starts), HC=humongous(continues), CS=collection set, F=free, A=archive, TAMS=top-at-mark-start (previous, next)
|   0|0x00000006e0000000, 0x00000006e0100000, 0x00000006e0100000|100%| O|  |TAMS 0x00000006e0100000, 0x00000006e0000000| Untracked 
|   1|0x00000006e0100000, 0x00000006e0200000, 0x00000006e0200000|100%| O|  |TAMS 0x00000006e0200000, 0x00000006e0100000| Untracked 
|   2|0x00000006e0200000, 0x00000006e0300000, 0x00000006e0300000|100%|HS|  |TAMS 0x00000006e0300000, 0x00000006e0200000| Complete 
|   3|0x00000006e0300000, 0x00000006e0400000, 0x00000006e0400000|100%|HS|  |TAMS 0x00000006e0400000, 0x00000006e0300000| Complete 
|   4|0x00000006e0400000, 0x00000006e0500000, 0x00000006e0500000|100%|HC|  |TAMS 0x00000006e0500000, 0x00000006e0400000| Complete 
|   5|0x00000006e0500000, 0x00000006e0600000, 0x00000006e0600000|100%| O|  |TAMS 0x00000006e0600000, 0x00000006e0500000| Untracked 
|   6|0x00000006e0600000, 0x00000006e0700000, 0x00000006e0700000|100%| O|  |TAMS 0x00000006e0700000, 0x00000006e0600000| Untracked 
|   7|0x00000006e0700000, 0x00000006e0800000, 0x00000006e0800000|100%| O|  |TAMS 0x00000006e0800000, 0x00000006e0700000| Untracked 
|   8|0x00000006e0800000, 0x00000006e0900000, 0x00000006e0900000|100%| O|  |TAMS 0x00000006e0900000, 0x00000006e0800000| Untracked 
|   9|0x00000006e0900000, 0x00000006e0a00000, 0x00000006e0a00000|100%| O|  |TAMS 0x00000006e0a00000, 0x00000006e0900000| Untracked 
|  10|0x00000006e0a00000, 0x00000006e0b00000, 0x00000006e0b00000|100%| O|  |TAMS 0x00000006e0b00000, 0x00000006e0a00000| Untracked 
|  11|0x00000006e0b00000, 0x00000006e0c00000, 0x00000006e0c00000|100%| O|  |TAMS 0x00000006e0c00000, 0x00000006e0b00000| Untracked 
|  12|0x00000006e0c00000, 0x00000006e0d00000, 0x00000006e0d00000|100%| O|  |TAMS 0x00000006e0d00000, 0x00000006e0c00000| Untracked 
|  13|0x00000006e0d00000, 0x00000006e0e00000, 0x00000006e0e00000|100%| O|  |TAMS 0x00000006e0e00000, 0x00000006e0d00000| Untracked 
|  14|0x00000006e0e00000, 0x00000006e0f00000, 0x00000006e0f00000|100%| O|  |TAMS 0x00000006e0f00000, 0x00000006e0e00000| Untracked 
|  15|0x00000006e0f00000, 0x00000006e1000000, 0x00000006e1000000|100%| O|  |TAMS 0x00000006e1000000, 0x00000006e0f00000| Untracked 
|  16|0x00000006e1000000, 0x00000006e1100000, 0x00000006e1100000|100%| O|  |TAMS 0x00000006e1100000, 0x00000006e1000000| Untracked 
|  17|0x00000006e1100000, 0x00000006e1200000, 0x00000006e1200000|100%| O|  |TAMS 0x00000006e1200000, 0x00000006e1100000| Untracked 
|  18|0x00000006e1200000, 0x00000006e1300000, 0x00000006e1300000|100%| O|  |TAMS 0x00000006e1300000, 0x00000006e1200000| Untracked 
|  19|0x00000006e1300000, 0x00000006e1400000, 0x00000006e1400000|100%| O|  |TAMS 0x00000006e1400000, 0x00000006e1300000| Untracked 
|  20|0x00000006e1400000, 0x00000006e1500000, 0x00000006e1500000|100%| O|  |TAMS 0x00000006e1500000, 0x00000006e1400000| Untracked 
|  21|0x00000006e1500000, 0x00000006e1600000, 0x00000006e1600000|100%| O|  |TAMS 0x00000006e1600000, 0x00000006e1500000| Untracked 
|  22|0x00000006e1600000, 0x00000006e1700000, 0x00000006e1700000|100%|HS|  |TAMS 0x00000006e1700000, 0x00000006e1600000| Complete 
|  23|0x00000006e1700000, 0x00000006e1800000, 0x00000006e1800000|100%|HC|  |TAMS 0x00000006e1800000, 0x00000006e1700000| Complete 
|  24|0x00000006e1800000, 0x00000006e1900000, 0x00000006e1900000|100%|HC|  |TAMS 0x00000006e1900000, 0x00000006e1800000| Complete 
|  25|0x00000006e1900000, 0x00000006e1a00000, 0x00000006e1a00000|100%|HS|  |TAMS 0x00000006e1a00000, 0x00000006e1900000| Complete 
|  26|0x00000006e1a00000, 0x00000006e1b00000, 0x00000006e1b00000|100%|HC|  |TAMS 0x00000006e1b00000, 0x00000006e1a00000| Complete 
|  27|0x00000006e1b00000, 0x00000006e1c00000, 0x00000006e1c00000|100%| O|  |TAMS 0x00000006e1c00000, 0x00000006e1b00000| Untracked 
|  28|0x00000006e1c00000, 0x00000006e1d00000, 0x00000006e1d00000|100%| O|  |TAMS 0x00000006e1d00000, 0x00000006e1c00000| Untracked 
|  29|0x00000006e1d00000, 0x00000006e1e00000, 0x00000006e1e00000|100%| O|  |TAMS 0x00000006e1e00000, 0x00000006e1d00000| Untracked 
|  30|0x00000006e1e00000, 0x00000006e1f00000, 0x00000006e1f00000|100%| O|  |TAMS 0x00000006e1f00000, 0x00000006e1e00000| Untracked 
|  31|0x00000006e1f00000, 0x00000006e2000000, 0x00000006e2000000|100%| O|  |TAMS 0x00000006e2000000, 0x00000006e1f00000| Untracked 
|  32|0x00000006e2000000, 0x00000006e2100000, 0x00000006e2100000|100%| O|  |TAMS 0x00000006e2100000, 0x00000006e2000000| Untracked 
|  33|0x00000006e2100000, 0x00000006e2200000, 0x00000006e2200000|100%| O|  |TAMS 0x00000006e2200000, 0x00000006e2100000| Untracked 
|  34|0x00000006e2200000, 0x00000006e2300000, 0x00000006e2300000|100%| O|  |TAMS 0x00000006e2300000, 0x00000006e2200000| Untracked 
|  35|0x00000006e2300000, 0x00000006e2400000, 0x00000006e2400000|100%| O|  |TAMS 0x00000006e2400000, 0x00000006e2300000| Untracked 
|  36|0x00000006e2400000, 0x00000006e2500000, 0x00000006e2500000|100%| O|  |TAMS 0x00000006e2500000, 0x00000006e2400000| Untracked 
|  37|0x00000006e2500000, 0x00000006e2600000, 0x00000006e2600000|100%| O|  |TAMS 0x00000006e2600000, 0x00000006e2500000| Untracked 
|  38|0x00000006e2600000, 0x00000006e2700000, 0x00000006e2700000|100%| O|  |TAMS 0x00000006e2700000, 0x00000006e2600000| Untracked 
|  39|0x00000006e2700000, 0x00000006e2800000, 0x00000006e2800000|100%| O|  |TAMS 0x00000006e2700000, 0x00000006e2700000| Untracked 
|  40|0x00000006e2800000, 0x00000006e2900000, 0x00000006e2900000|100%| O|  |TAMS 0x00000006e2900000, 0x00000006e2800000| Untracked 
|  41|0x00000006e2900000, 0x00000006e2a00000, 0x00000006e2a00000|100%| O|  |TAMS 0x00000006e2a00000, 0x00000006e2900000| Untracked 
|  42|0x00000006e2a00000, 0x00000006e2b00000, 0x00000006e2b00000|100%| O|  |TAMS 0x00000006e2b00000, 0x00000006e2a00000| Untracked 
|  43|0x00000006e2b00000, 0x00000006e2c00000, 0x00000006e2c00000|100%| O|  |TAMS 0x00000006e2c00000, 0x00000006e2b00000| Untracked 
|  44|0x00000006e2c00000, 0x00000006e2d00000, 0x00000006e2d00000|100%| O|  |TAMS 0x00000006e2d00000, 0x00000006e2c00000| Untracked 
|  45|0x00000006e2d00000, 0x00000006e2e00000, 0x00000006e2e00000|100%| O|  |TAMS 0x00000006e2e00000, 0x00000006e2d00000| Untracked 
|  46|0x00000006e2e00000, 0x00000006e2f00000, 0x00000006e2f00000|100%| O|  |TAMS 0x00000006e2f00000, 0x00000006e2e00000| Untracked 
|  47|0x00000006e2f00000, 0x00000006e3000000, 0x00000006e3000000|100%| O|  |TAMS 0x00000006e3000000, 0x00000006e2f00000| Untracked 
|  48|0x00000006e3000000, 0x00000006e3100000, 0x00000006e3100000|100%| O|  |TAMS 0x00000006e3100000, 0x00000006e3000000| Untracked 
|  49|0x00000006e3100000, 0x00000006e3200000, 0x00000006e3200000|100%| O|  |TAMS 0x00000006e3200000, 0x00000006e3100000| Untracked 
|  50|0x00000006e3200000, 0x00000006e3300000, 0x00000006e3300000|100%| O|  |TAMS 0x00000006e3300000, 0x00000006e3200000| Untracked 
|  51|0x00000006e3300000, 0x00000006e3400000, 0x00000006e3400000|100%| O|  |TAMS 0x00000006e3400000, 0x00000006e3300000| Untracked 
|  52|0x00000006e3400000, 0x00000006e3500000, 0x00000006e3500000|100%| O|  |TAMS 0x00000006e3500000, 0x00000006e3400000| Untracked 
|  53|0x00000006e3500000, 0x00000006e3600000, 0x00000006e3600000|100%| O|  |TAMS 0x00000006e3600000, 0x00000006e3500000| Untracked 
|  54|0x00000006e3600000, 0x00000006e3700000, 0x00000006e3700000|100%| O|  |TAMS 0x00000006e3700000, 0x00000006e3600000| Untracked 
|  55|0x00000006e3700000, 0x00000006e3800000, 0x00000006e3800000|100%|HS|  |TAMS 0x00000006e3800000, 0x00000006e3700000| Complete 
|  56|0x00000006e3800000, 0x00000006e3900000, 0x00000006e3900000|100%|HC|  |TAMS 0x00000006e3900000, 0x00000006e3800000| Complete 
|  57|0x00000006e3900000, 0x00000006e3a00000, 0x00000006e3a00000|100%| O|  |TAMS 0x00000006e3a00000, 0x00000006e3900000| Untracked 
|  58|0x00000006e3a00000, 0x00000006e3b00000, 0x00000006e3b00000|100%| O|  |TAMS 0x00000006e3b00000, 0x00000006e3a00000| Untracked 
|  59|0x00000006e3b00000, 0x00000006e3c00000, 0x00000006e3c00000|100%|HS|  |TAMS 0x00000006e3c00000, 0x00000006e3b00000| Complete 
|  60|0x00000006e3c00000, 0x00000006e3d00000, 0x00000006e3d00000|100%|HC|  |TAMS 0x00000006e3d00000, 0x00000006e3c00000| Complete 
|  61|0x00000006e3d00000, 0x00000006e3e00000, 0x00000006e3e00000|100%| O|  |TAMS 0x00000006e3d00000, 0x00000006e3d00000| Untracked 
|  62|0x00000006e3e00000, 0x00000006e3f00000, 0x00000006e3f00000|100%| O|  |TAMS 0x00000006e3f00000, 0x00000006e3e00000| Untracked 
|  63|0x00000006e3f00000, 0x00000006e4000000, 0x00000006e4000000|100%| O|  |TAMS 0x00000006e4000000, 0x00000006e3f00000| Untracked 
|  64|0x00000006e4000000, 0x00000006e4100000, 0x00000006e4100000|100%| O|  |TAMS 0x00000006e4100000, 0x00000006e4000000| Untracked 
|  65|0x00000006e4100000, 0x00000006e4200000, 0x00000006e4200000|100%| O|  |TAMS 0x00000006e4200000, 0x00000006e4100000| Untracked 
|  66|0x00000006e4200000, 0x00000006e4300000, 0x00000006e4300000|100%| O|  |TAMS 0x00000006e4300000, 0x00000006e4200000| Untracked 
|  67|0x00000006e4300000, 0x00000006e4400000, 0x00000006e4400000|100%| O|  |TAMS 0x00000006e4400000, 0x00000006e4300000| Untracked 
|  68|0x00000006e4400000, 0x00000006e4500000, 0x00000006e4500000|100%|HS|  |TAMS 0x00000006e4500000, 0x00000006e4400000| Complete 
|  69|0x00000006e4500000, 0x00000006e4600000, 0x00000006e4600000|100%|HC|  |TAMS 0x00000006e4600000, 0x00000006e4500000| Complete 
|  70|0x00000006e4600000, 0x00000006e4700000, 0x00000006e4700000|100%|HC|  |TAMS 0x00000006e4700000, 0x00000006e4600000| Complete 
|  71|0x00000006e4700000, 0x00000006e4800000, 0x00000006e4800000|100%| O|  |TAMS 0x00000006e4800000, 0x00000006e4700000| Untracked 
|  72|0x00000006e4800000, 0x00000006e4900000, 0x00000006e4900000|100%| O|  |TAMS 0x00000006e4900000, 0x00000006e4800000| Untracked 
|  73|0x00000006e4900000, 0x00000006e4a00000, 0x00000006e4a00000|100%| O|  |TAMS 0x00000006e4a00000, 0x00000006e4900000| Untracked 
|  74|0x00000006e4a00000, 0x00000006e4b00000, 0x00000006e4b00000|100%| O|  |TAMS 0x00000006e4b00000, 0x00000006e4a00000| Untracked 
|  75|0x00000006e4b00000, 0x00000006e4c00000, 0x00000006e4c00000|100%| O|  |TAMS 0x00000006e4c00000, 0x00000006e4b00000| Untracked 
|  76|0x00000006e4c00000, 0x00000006e4d00000, 0x00000006e4d00000|100%| O|  |TAMS 0x00000006e4d00000, 0x00000006e4c00000| Untracked 
|  77|0x00000006e4d00000, 0x00000006e4e00000, 0x00000006e4e00000|100%| O|  |TAMS 0x00000006e4e00000, 0x00000006e4d00000| Untracked 
|  78|0x00000006e4e00000, 0x00000006e4f00000, 0x00000006e4f00000|100%| O|  |TAMS 0x00000006e4f00000, 0x00000006e4e00000| Untracked 
|  79|0x00000006e4f00000, 0x00000006e5000000, 0x00000006e5000000|100%| O|  |TAMS 0x00000006e5000000, 0x00000006e4f00000| Untracked 
|  80|0x00000006e5000000, 0x00000006e5100000, 0x00000006e5100000|100%| O|  |TAMS 0x00000006e5100000, 0x00000006e5000000| Untracked 
|  81|0x00000006e5100000, 0x00000006e5200000, 0x00000006e5200000|100%| O|  |TAMS 0x00000006e5200000, 0x00000006e5100000| Untracked 
|  82|0x00000006e5200000, 0x00000006e5300000, 0x00000006e5300000|100%| O|  |TAMS 0x00000006e5300000, 0x00000006e5200000| Untracked 
|  83|0x00000006e5300000, 0x00000006e5400000, 0x00000006e5400000|100%| O|  |TAMS 0x00000006e5400000, 0x00000006e5300000| Untracked 
|  84|0x00000006e5400000, 0x00000006e5500000, 0x00000006e5500000|100%| O|  |TAMS 0x00000006e5500000, 0x00000006e5400000| Untracked 
|  85|0x00000006e5500000, 0x00000006e5600000, 0x00000006e5600000|100%| O|  |TAMS 0x00000006e5600000, 0x00000006e5500000| Untracked 
|  86|0x00000006e5600000, 0x00000006e5700000, 0x00000006e5700000|100%| O|  |TAMS 0x00000006e5700000, 0x00000006e5600000| Untracked 
|  87|0x00000006e5700000, 0x00000006e5800000, 0x00000006e5800000|100%| O|  |TAMS 0x00000006e5800000, 0x00000006e5700000| Untracked 
|  88|0x00000006e5800000, 0x00000006e5900000, 0x00000006e5900000|100%| O|  |TAMS 0x00000006e5900000, 0x00000006e5800000| Untracked 
|  89|0x00000006e5900000, 0x00000006e5a00000, 0x00000006e5a00000|100%| O|  |TAMS 0x00000006e5a00000, 0x00000006e5900000| Untracked 
|  90|0x00000006e5a00000, 0x00000006e5b00000, 0x00000006e5b00000|100%| O|  |TAMS 0x00000006e5b00000, 0x00000006e5a00000| Untracked 
|  91|0x00000006e5b00000, 0x00000006e5c00000, 0x00000006e5c00000|100%| O|  |TAMS 0x00000006e5c00000, 0x00000006e5b00000| Untracked 
|  92|0x00000006e5c00000, 0x00000006e5d00000, 0x00000006e5d00000|100%| O|  |TAMS 0x00000006e5d00000, 0x00000006e5c00000| Untracked 
|  93|0x00000006e5d00000, 0x00000006e5e00000, 0x00000006e5e00000|100%| O|  |TAMS 0x00000006e5e00000, 0x00000006e5d00000| Untracked 
|  94|0x00000006e5e00000, 0x00000006e5f00000, 0x00000006e5f00000|100%| O|  |TAMS 0x00000006e5f00000, 0x00000006e5e00000| Untracked 
|  95|0x00000006e5f00000, 0x00000006e6000000, 0x00000006e6000000|100%| O|  |TAMS 0x00000006e6000000, 0x00000006e5f00000| Untracked 
|  96|0x00000006e6000000, 0x00000006e6100000, 0x00000006e6100000|100%| O|  |TAMS 0x00000006e6100000, 0x00000006e6000000| Untracked 
|  97|0x00000006e6100000, 0x00000006e6200000, 0x00000006e6200000|100%| O|  |TAMS 0x00000006e6200000, 0x00000006e6100000| Untracked 
|  98|0x00000006e6200000, 0x00000006e6300000, 0x00000006e6300000|100%| O|  |TAMS 0x00000006e6300000, 0x00000006e6200000| Untracked 
|  99|0x00000006e6300000, 0x00000006e6400000, 0x00000006e6400000|100%| O|  |TAMS 0x00000006e6400000, 0x00000006e6300000| Untracked 
| 100|0x00000006e6400000, 0x00000006e6500000, 0x00000006e6500000|100%| O|  |TAMS 0x00000006e6500000, 0x00000006e6400000| Untracked 
| 101|0x00000006e6500000, 0x00000006e6600000, 0x00000006e6600000|100%| O|  |TAMS 0x00000006e6500000, 0x00000006e6500000| Untracked 
| 102|0x00000006e6600000, 0x00000006e6700000, 0x00000006e6700000|100%| O|  |TAMS 0x00000006e6700000, 0x00000006e6600000| Untracked 
| 103|0x00000006e6700000, 0x00000006e6800000, 0x00000006e6800000|100%| O|  |TAMS 0x00000006e6800000, 0x00000006e6700000| Untracked 
| 104|0x00000006e6800000, 0x00000006e6900000, 0x00000006e6900000|100%| O|  |TAMS 0x00000006e6900000, 0x00000006e6800000| Untracked 
| 105|0x00000006e6900000, 0x00000006e6a00000, 0x00000006e6a00000|100%| O|  |TAMS 0x00000006e6979600, 0x00000006e6900000| Untracked 
| 106|0x00000006e6a00000, 0x00000006e6b00000, 0x00000006e6b00000|100%| O|  |TAMS 0x00000006e6a00000, 0x00000006e6a00000| Untracked 
| 107|0x00000006e6b00000, 0x00000006e6c00000, 0x00000006e6c00000|100%| O|  |TAMS 0x00000006e6b00000, 0x00000006e6b00000| Untracked 
| 108|0x00000006e6c00000, 0x00000006e6d00000, 0x00000006e6d00000|100%| O|  |TAMS 0x00000006e6c00000, 0x00000006e6c00000| Untracked 
| 109|0x00000006e6d00000, 0x00000006e6e00000, 0x00000006e6e00000|100%|HS|  |TAMS 0x00000006e6d00000, 0x00000006e6d00000| Complete 
| 110|0x00000006e6e00000, 0x00000006e6f00000, 0x00000006e6f00000|100%|HC|  |TAMS 0x00000006e6e00000, 0x00000006e6e00000| Complete 
| 111|0x00000006e6f00000, 0x00000006e7000000, 0x00000006e7000000|100%|HS|  |TAMS 0x00000006e7000000, 0x00000006e6f00000| Complete 
| 112|0x00000006e7000000, 0x00000006e7100000, 0x00000006e7100000|100%|HC|  |TAMS 0x00000006e7100000, 0x00000006e7000000| Complete 
| 113|0x00000006e7100000, 0x00000006e7200000, 0x00000006e7200000|100%| O|  |TAMS 0x00000006e7100000, 0x00000006e7100000| Untracked 
| 114|0x00000006e7200000, 0x00000006e7300000, 0x00000006e7300000|100%| O|  |TAMS 0x00000006e7200000, 0x00000006e7200000| Untracked 
| 115|0x00000006e7300000, 0x00000006e7400000, 0x00000006e7400000|100%| O|  |TAMS 0x00000006e7300000, 0x00000006e7300000| Untracked 
| 116|0x00000006e7400000, 0x00000006e7500000, 0x00000006e7500000|100%| O|  |TAMS 0x00000006e7400000, 0x00000006e7400000| Untracked 
| 117|0x00000006e7500000, 0x00000006e7600000, 0x00000006e7600000|100%| O|  |TAMS 0x00000006e7600000, 0x00000006e7500000| Untracked 
| 118|0x00000006e7600000, 0x00000006e7700000, 0x00000006e7700000|100%| O|  |TAMS 0x00000006e7700000, 0x00000006e7600000| Untracked 
| 119|0x00000006e7700000, 0x00000006e7800000, 0x00000006e7800000|100%| O|  |TAMS 0x00000006e7800000, 0x00000006e7700000| Untracked 
| 120|0x00000006e7800000, 0x00000006e7900000, 0x00000006e7900000|100%| O|  |TAMS 0x00000006e7800000, 0x00000006e7800000| Untracked 
| 121|0x00000006e7900000, 0x00000006e7a00000, 0x00000006e7a00000|100%| O|  |TAMS 0x00000006e7a00000, 0x00000006e7900000| Untracked 
| 122|0x00000006e7a00000, 0x00000006e7b00000, 0x00000006e7b00000|100%| O|  |TAMS 0x00000006e7b00000, 0x00000006e7a00000| Untracked 
| 123|0x00000006e7b00000, 0x00000006e7c00000, 0x00000006e7c00000|100%| O|  |TAMS 0x00000006e7b00000, 0x00000006e7b00000| Untracked 
| 124|0x00000006e7c00000, 0x00000006e7d00000, 0x00000006e7d00000|100%| O|  |TAMS 0x00000006e7d00000, 0x00000006e7c00000| Untracked 
| 125|0x00000006e7d00000, 0x00000006e7e00000, 0x00000006e7e00000|100%| O|  |TAMS 0x00000006e7e00000, 0x00000006e7d00000| Untracked 
| 126|0x00000006e7e00000, 0x00000006e7f00000, 0x00000006e7f00000|100%| O|  |TAMS 0x00000006e7f00000, 0x00000006e7e00000| Untracked 
| 127|0x00000006e7f00000, 0x00000006e8000000, 0x00000006e8000000|100%| O|  |TAMS 0x00000006e8000000, 0x00000006e7f00000| Untracked 
| 128|0x00000006e8000000, 0x00000006e8100000, 0x00000006e8100000|100%|HS|  |TAMS 0x00000006e8000000, 0x00000006e8000000| Complete 
| 129|0x00000006e8100000, 0x00000006e8200000, 0x00000006e8200000|100%|HC|  |TAMS 0x00000006e8100000, 0x00000006e8100000| Complete 
| 130|0x00000006e8200000, 0x00000006e8300000, 0x00000006e8300000|100%| O|  |TAMS 0x00000006e8200000, 0x00000006e8200000| Untracked 
| 131|0x00000006e8300000, 0x00000006e8400000, 0x00000006e8400000|100%| O|  |TAMS 0x00000006e8300000, 0x00000006e8300000| Untracked 
| 132|0x00000006e8400000, 0x00000006e8500000, 0x00000006e8500000|100%| O|  |TAMS 0x00000006e8400000, 0x00000006e8400000| Untracked 
| 133|0x00000006e8500000, 0x00000006e8600000, 0x00000006e8600000|100%| O|  |TAMS 0x00000006e8500000, 0x00000006e8500000| Untracked 
| 134|0x00000006e8600000, 0x00000006e8700000, 0x00000006e8700000|100%| O|  |TAMS 0x00000006e8600000, 0x00000006e8600000| Untracked 
| 135|0x00000006e8700000, 0x00000006e8800000, 0x00000006e8800000|100%| O|  |TAMS 0x00000006e8700000, 0x00000006e8700000| Untracked 
| 136|0x00000006e8800000, 0x00000006e8900000, 0x00000006e8900000|100%| O|  |TAMS 0x00000006e8800000, 0x00000006e8800000| Untracked 
| 137|0x00000006e8900000, 0x00000006e8a00000, 0x00000006e8a00000|100%| O|  |TAMS 0x00000006e8900000, 0x00000006e8900000| Untracked 
| 138|0x00000006e8a00000, 0x00000006e8b00000, 0x00000006e8b00000|100%|HS|  |TAMS 0x00000006e8a00000, 0x00000006e8a00000| Complete 
| 139|0x00000006e8b00000, 0x00000006e8c00000, 0x00000006e8c00000|100%|HC|  |TAMS 0x00000006e8b00000, 0x00000006e8b00000| Complete 
| 140|0x00000006e8c00000, 0x00000006e8d00000, 0x00000006e8d00000|100%| O|  |TAMS 0x00000006e8c00000, 0x00000006e8c00000| Untracked 
| 141|0x00000006e8d00000, 0x00000006e8e00000, 0x00000006e8e00000|100%| O|  |TAMS 0x00000006e8d00000, 0x00000006e8d00000| Untracked 
| 142|0x00000006e8e00000, 0x00000006e8f00000, 0x00000006e8f00000|100%| O|  |TAMS 0x00000006e8e00000, 0x00000006e8e00000| Untracked 
| 143|0x00000006e8f00000, 0x00000006e9000000, 0x00000006e9000000|100%| O|  |TAMS 0x00000006e8f00000, 0x00000006e8f00000| Untracked 
| 144|0x00000006e9000000, 0x00000006e9100000, 0x00000006e9100000|100%| O|  |TAMS 0x00000006e9000000, 0x00000006e9000000| Untracked 
| 145|0x00000006e9100000, 0x00000006e9200000, 0x00000006e9200000|100%| O|  |TAMS 0x00000006e9100000, 0x00000006e9100000| Untracked 
| 146|0x00000006e9200000, 0x00000006e9300000, 0x00000006e9300000|100%| O|  |TAMS 0x00000006e9200000, 0x00000006e9200000| Untracked 
| 147|0x00000006e9300000, 0x00000006e933b800, 0x00000006e9400000| 23%| O|  |TAMS 0x00000006e9300000, 0x00000006e9300000| Untracked 
| 148|0x00000006e9400000, 0x00000006e9400000, 0x00000006e9500000|  0%| F|  |TAMS 0x00000006e9400000, 0x00000006e9400000| Untracked 
| 149|0x00000006e9500000, 0x00000006e9500000, 0x00000006e9600000|  0%| F|  |TAMS 0x00000006e9500000, 0x00000006e9500000| Untracked 
| 150|0x00000006e9600000, 0x00000006e9600000, 0x00000006e9700000|  0%| F|  |TAMS 0x00000006e9600000, 0x00000006e9600000| Untracked 
| 151|0x00000006e9700000, 0x00000006e9700000, 0x00000006e9800000|  0%| F|  |TAMS 0x00000006e9700000, 0x00000006e9700000| Untracked 
| 152|0x00000006e9800000, 0x00000006e9800000, 0x00000006e9900000|  0%| F|  |TAMS 0x00000006e9800000, 0x00000006e9800000| Untracked 
| 153|0x00000006e9900000, 0x00000006e9900000, 0x00000006e9a00000|  0%| F|  |TAMS 0x00000006e9900000, 0x00000006e9900000| Untracked 
| 154|0x00000006e9a00000, 0x00000006e9a00000, 0x00000006e9b00000|  0%| F|  |TAMS 0x00000006e9a00000, 0x00000006e9a00000| Untracked 
| 155|0x00000006e9b00000, 0x00000006e9b00000, 0x00000006e9c00000|  0%| F|  |TAMS 0x00000006e9b00000, 0x00000006e9b00000| Untracked 
| 156|0x00000006e9c00000, 0x00000006e9c00000, 0x00000006e9d00000|  0%| F|  |TAMS 0x00000006e9c00000, 0x00000006e9c00000| Untracked 
| 157|0x00000006e9d00000, 0x00000006e9d00000, 0x00000006e9e00000|  0%| F|  |TAMS 0x00000006e9d00000, 0x00000006e9d00000| Untracked 
| 158|0x00000006e9e00000, 0x00000006e9e00000, 0x00000006e9f00000|  0%| F|  |TAMS 0x00000006e9e00000, 0x00000006e9e00000| Untracked 
| 159|0x00000006e9f00000, 0x00000006e9f00000, 0x00000006ea000000|  0%| F|  |TAMS 0x00000006e9f00000, 0x00000006e9f00000| Untracked 
| 160|0x00000006ea000000, 0x00000006ea000000, 0x00000006ea100000|  0%| F|  |TAMS 0x00000006ea000000, 0x00000006ea000000| Untracked 
| 161|0x00000006ea100000, 0x00000006ea100000, 0x00000006ea200000|  0%| F|  |TAMS 0x00000006ea100000, 0x00000006ea100000| Untracked 
| 162|0x00000006ea200000, 0x00000006ea200000, 0x00000006ea300000|  0%| F|  |TAMS 0x00000006ea200000, 0x00000006ea200000| Untracked 
| 163|0x00000006ea300000, 0x00000006ea300000, 0x00000006ea400000|  0%| F|  |TAMS 0x00000006ea300000, 0x00000006ea300000| Untracked 
| 164|0x00000006ea400000, 0x00000006ea400000, 0x00000006ea500000|  0%| F|  |TAMS 0x00000006ea400000, 0x00000006ea400000| Untracked 
| 165|0x00000006ea500000, 0x00000006ea500000, 0x00000006ea600000|  0%| F|  |TAMS 0x00000006ea500000, 0x00000006ea500000| Untracked 
| 166|0x00000006ea600000, 0x00000006ea600000, 0x00000006ea700000|  0%| F|  |TAMS 0x00000006ea600000, 0x00000006ea600000| Untracked 
| 167|0x00000006ea700000, 0x00000006ea700000, 0x00000006ea800000|  0%| F|  |TAMS 0x00000006ea700000, 0x00000006ea700000| Untracked 
| 168|0x00000006ea800000, 0x00000006ea800000, 0x00000006ea900000|  0%| F|  |TAMS 0x00000006ea800000, 0x00000006ea800000| Untracked 
| 169|0x00000006ea900000, 0x00000006ea900000, 0x00000006eaa00000|  0%| F|  |TAMS 0x00000006ea900000, 0x00000006ea900000| Untracked 
| 170|0x00000006eaa00000, 0x00000006eaa00000, 0x00000006eab00000|  0%| F|  |TAMS 0x00000006eaa00000, 0x00000006eaa00000| Untracked 
| 171|0x00000006eab00000, 0x00000006eab00000, 0x00000006eac00000|  0%| F|  |TAMS 0x00000006eab00000, 0x00000006eab00000| Untracked 
| 172|0x00000006eac00000, 0x00000006eac00000, 0x00000006ead00000|  0%| F|  |TAMS 0x00000006eac00000, 0x00000006eac00000| Untracked 
| 173|0x00000006ead00000, 0x00000006ead00000, 0x00000006eae00000|  0%| F|  |TAMS 0x00000006ead00000, 0x00000006ead00000| Untracked 
| 174|0x00000006eae00000, 0x00000006eae00000, 0x00000006eaf00000|  0%| F|  |TAMS 0x00000006eae00000, 0x00000006eae00000| Untracked 
| 175|0x00000006eaf00000, 0x00000006eaf00000, 0x00000006eb000000|  0%| F|  |TAMS 0x00000006eaf00000, 0x00000006eaf00000| Untracked 
| 176|0x00000006eb000000, 0x00000006eb000000, 0x00000006eb100000|  0%| F|  |TAMS 0x00000006eb000000, 0x00000006eb000000| Untracked 
| 177|0x00000006eb100000, 0x00000006eb100000, 0x00000006eb200000|  0%| F|  |TAMS 0x00000006eb100000, 0x00000006eb100000| Untracked 
| 178|0x00000006eb200000, 0x00000006eb200000, 0x00000006eb300000|  0%| F|  |TAMS 0x00000006eb200000, 0x00000006eb200000| Untracked 
| 179|0x00000006eb300000, 0x00000006eb300000, 0x00000006eb400000|  0%| F|  |TAMS 0x00000006eb300000, 0x00000006eb300000| Untracked 
| 180|0x00000006eb400000, 0x00000006eb400000, 0x00000006eb500000|  0%| F|  |TAMS 0x00000006eb400000, 0x00000006eb400000| Untracked 
| 181|0x00000006eb500000, 0x00000006eb500000, 0x00000006eb600000|  0%| F|  |TAMS 0x00000006eb500000, 0x00000006eb500000| Untracked 
| 182|0x00000006eb600000, 0x00000006eb600000, 0x00000006eb700000|  0%| F|  |TAMS 0x00000006eb600000, 0x00000006eb600000| Untracked 
| 183|0x00000006eb700000, 0x00000006eb700000, 0x00000006eb800000|  0%| F|  |TAMS 0x00000006eb700000, 0x00000006eb700000| Untracked 
| 184|0x00000006eb800000, 0x00000006eb800000, 0x00000006eb900000|  0%| F|  |TAMS 0x00000006eb800000, 0x00000006eb800000| Untracked 
| 185|0x00000006eb900000, 0x00000006eb900000, 0x00000006eba00000|  0%| F|  |TAMS 0x00000006eb900000, 0x00000006eb900000| Untracked 
| 186|0x00000006eba00000, 0x00000006ebb00000, 0x00000006ebb00000|100%| S|CS|TAMS 0x00000006eba00000, 0x00000006eba00000| Complete 
| 187|0x00000006ebb00000, 0x00000006ebb00000, 0x00000006ebc00000|  0%| F|  |TAMS 0x00000006ebb00000, 0x00000006ebb00000| Untracked 
| 188|0x00000006ebc00000, 0x00000006ebc00000, 0x00000006ebd00000|  0%| F|  |TAMS 0x00000006ebc00000, 0x00000006ebc00000| Untracked 
| 189|0x00000006ebd00000, 0x00000006ebd00000, 0x00000006ebe00000|  0%| F|  |TAMS 0x00000006ebd00000, 0x00000006ebd00000| Untracked 
| 190|0x00000006ebe00000, 0x00000006ebe00000, 0x00000006ebf00000|  0%| F|  |TAMS 0x00000006ebe00000, 0x00000006ebe00000| Untracked 
| 191|0x00000006ebf00000, 0x00000006ebf00000, 0x00000006ec000000|  0%| F|  |TAMS 0x00000006ebf00000, 0x00000006ebf00000| Untracked 
| 192|0x00000006ec000000, 0x00000006ec100000, 0x00000006ec100000|100%| S|CS|TAMS 0x00000006ec000000, 0x00000006ec000000| Complete 
| 193|0x00000006ec100000, 0x00000006ec200000, 0x00000006ec200000|100%| S|CS|TAMS 0x00000006ec100000, 0x00000006ec100000| Complete 
| 194|0x00000006ec200000, 0x00000006ec300000, 0x00000006ec300000|100%| S|CS|TAMS 0x00000006ec200000, 0x00000006ec200000| Complete 
| 195|0x00000006ec300000, 0x00000006ec400000, 0x00000006ec400000|100%| S|CS|TAMS 0x00000006ec300000, 0x00000006ec300000| Complete 
| 196|0x00000006ec400000, 0x00000006ec400000, 0x00000006ec500000|  0%| F|  |TAMS 0x00000006ec400000, 0x00000006ec400000| Untracked 
| 197|0x00000006ec500000, 0x00000006ec500000, 0x00000006ec600000|  0%| F|  |TAMS 0x00000006ec500000, 0x00000006ec500000| Untracked 
| 198|0x00000006ec600000, 0x00000006ec600000, 0x00000006ec700000|  0%| F|  |TAMS 0x00000006ec600000, 0x00000006ec600000| Untracked 
| 199|0x00000006ec700000, 0x00000006ec700000, 0x00000006ec800000|  0%| F|  |TAMS 0x00000006ec700000, 0x00000006ec700000| Untracked 
| 200|0x00000006ec800000, 0x00000006ec800000, 0x00000006ec900000|  0%| F|  |TAMS 0x00000006ec800000, 0x00000006ec800000| Untracked 
| 201|0x00000006ec900000, 0x00000006ec900000, 0x00000006eca00000|  0%| F|  |TAMS 0x00000006ec900000, 0x00000006ec900000| Untracked 
| 202|0x00000006eca00000, 0x00000006eca00000, 0x00000006ecb00000|  0%| F|  |TAMS 0x00000006eca00000, 0x00000006eca00000| Untracked 
| 203|0x00000006ecb00000, 0x00000006ecb00000, 0x00000006ecc00000|  0%| F|  |TAMS 0x00000006ecb00000, 0x00000006ecb00000| Untracked 
| 204|0x00000006ecc00000, 0x00000006ecc00000, 0x00000006ecd00000|  0%| F|  |TAMS 0x00000006ecc00000, 0x00000006ecc00000| Untracked 
| 205|0x00000006ecd00000, 0x00000006ecd00000, 0x00000006ece00000|  0%| F|  |TAMS 0x00000006ecd00000, 0x00000006ecd00000| Untracked 
| 206|0x00000006ece00000, 0x00000006ece00000, 0x00000006ecf00000|  0%| F|  |TAMS 0x00000006ece00000, 0x00000006ece00000| Untracked 
| 207|0x00000006ecf00000, 0x00000006ecf00000, 0x00000006ed000000|  0%| F|  |TAMS 0x00000006ecf00000, 0x00000006ecf00000| Untracked 
| 208|0x00000006ed000000, 0x00000006ed000000, 0x00000006ed100000|  0%| F|  |TAMS 0x00000006ed000000, 0x00000006ed000000| Untracked 
| 209|0x00000006ed100000, 0x00000006ed100000, 0x00000006ed200000|  0%| F|  |TAMS 0x00000006ed100000, 0x00000006ed100000| Untracked 
| 210|0x00000006ed200000, 0x00000006ed200000, 0x00000006ed300000|  0%| F|  |TAMS 0x00000006ed200000, 0x00000006ed200000| Untracked 
| 211|0x00000006ed300000, 0x00000006ed300000, 0x00000006ed400000|  0%| F|  |TAMS 0x00000006ed300000, 0x00000006ed300000| Untracked 
| 212|0x00000006ed400000, 0x00000006ed400000, 0x00000006ed500000|  0%| F|  |TAMS 0x00000006ed400000, 0x00000006ed400000| Untracked 
| 213|0x00000006ed500000, 0x00000006ed500000, 0x00000006ed600000|  0%| F|  |TAMS 0x00000006ed500000, 0x00000006ed500000| Untracked 
| 214|0x00000006ed600000, 0x00000006ed600000, 0x00000006ed700000|  0%| F|  |TAMS 0x00000006ed600000, 0x00000006ed600000| Untracked 
| 215|0x00000006ed700000, 0x00000006ed700000, 0x00000006ed800000|  0%| F|  |TAMS 0x00000006ed700000, 0x00000006ed700000| Untracked 
| 216|0x00000006ed800000, 0x00000006ed800000, 0x00000006ed900000|  0%| F|  |TAMS 0x00000006ed800000, 0x00000006ed800000| Untracked 
| 217|0x00000006ed900000, 0x00000006ed900000, 0x00000006eda00000|  0%| F|  |TAMS 0x00000006ed900000, 0x00000006ed900000| Untracked 
| 218|0x00000006eda00000, 0x00000006eda00000, 0x00000006edb00000|  0%| F|  |TAMS 0x00000006eda00000, 0x00000006eda00000| Untracked 
| 219|0x00000006edb00000, 0x00000006edb00000, 0x00000006edc00000|  0%| F|  |TAMS 0x00000006edb00000, 0x00000006edb00000| Untracked 
| 220|0x00000006edc00000, 0x00000006edc00000, 0x00000006edd00000|  0%| F|  |TAMS 0x00000006edc00000, 0x00000006edc00000| Untracked 
| 221|0x00000006edd00000, 0x00000006ede00000, 0x00000006ede00000|100%| E|  |TAMS 0x00000006edd00000, 0x00000006edd00000| Complete 
| 222|0x00000006ede00000, 0x00000006edf00000, 0x00000006edf00000|100%| E|CS|TAMS 0x00000006ede00000, 0x00000006ede00000| Complete 
| 223|0x00000006edf00000, 0x00000006ee000000, 0x00000006ee000000|100%| E|CS|TAMS 0x00000006edf00000, 0x00000006edf00000| Complete 
| 224|0x00000006ee000000, 0x00000006ee100000, 0x00000006ee100000|100%| E|CS|TAMS 0x00000006ee000000, 0x00000006ee000000| Complete 
| 225|0x00000006ee100000, 0x00000006ee200000, 0x00000006ee200000|100%| E|CS|TAMS 0x00000006ee100000, 0x00000006ee100000| Complete 

Card table byte_map: [0x00000218433c0000,0x0000021843cc0000] _byte_map_base: 0x000002183fcc0000

Marking Bits (Prev, Next): (CMBitMap*) 0x000002182b79b6b8, (CMBitMap*) 0x000002182b79b6f0
 Prev Bits: [0x00000218445c0000, 0x0000021848dc0000)
 Next Bits: [0x0000021848dc0000, 0x000002184d5c0000)

Polling page: 0x0000021829500000

Metaspace:

Usage:
  Non-class:     82.53 MB capacity,    80.89 MB ( 98%) used,     1.42 MB (  2%) free+waste,   219.00 KB ( <1%) overhead. 
      Class:     12.06 MB capacity,    11.15 MB ( 92%) used,   841.66 KB (  7%) free+waste,    96.88 KB ( <1%) overhead. 
       Both:     94.59 MB capacity,    92.04 MB ( 97%) used,     2.24 MB (  2%) free+waste,   315.88 KB ( <1%) overhead. 

Virtual space:
  Non-class space:       84.00 MB reserved,      82.75 MB ( 99%) committed 
      Class space:        1.00 GB reserved,      12.13 MB (  1%) committed 
             Both:        1.08 GB reserved,      94.88 MB (  9%) committed 

Chunk freelists:
   Non-Class:  4.63 KB
       Class:  0 bytes
        Both:  4.63 KB

CodeHeap 'non-profiled nmethods': size=120064Kb used=8579Kb max_used=8579Kb free=111485Kb
 bounds [0x000002183b580000, 0x000002183bdf0000, 0x0000021842ac0000]
CodeHeap 'profiled nmethods': size=120000Kb used=33382Kb max_used=34881Kb free=86617Kb
 bounds [0x0000021834050000, 0x0000021836270000, 0x000002183b580000]
CodeHeap 'non-nmethods': size=5696Kb used=2305Kb max_used=2356Kb free=3391Kb
 bounds [0x0000021833ac0000, 0x0000021833d30000, 0x0000021834050000]
 total_blobs=20027 nmethods=14054 adapters=814
 compilation: enabled
              stopped_count=0, restarted_count=0
 full_count=0

Compilation events (10 events):
Event: 285.739 Thread 0x0000021850433000 15508       1       com.sun.tools.javac.comp.Operators$OperatorType::lambda$static$7 (5 bytes)
Event: 285.739 Thread 0x0000021850433000 nmethod 15508 0x000002183b9df810 code [0x000002183b9df9c0, 0x000002183b9dfab8]
Event: 285.739 Thread 0x0000021850433000 15509       3       com.sun.tools.javac.util.List$$Lambda$667/0x0000000800bd5840::accept (9 bytes)
Event: 285.739 Thread 0x0000021850433000 nmethod 15509 0x00000218343eb990 code [0x00000218343ebb60, 0x00000218343ebe70]
Event: 285.761 Thread 0x000002185042e800 nmethod 15502 0x000002183bde1210 code [0x000002183bde1460, 0x000002183bde2030]
Event: 285.761 Thread 0x000002185042e800 15503       4       com.sun.tools.javac.code.Symbol::enclClass (45 bytes)
Event: 285.765 Thread 0x000002185042e800 nmethod 15503 0x000002183b9df310 code [0x000002183b9df4c0, 0x000002183b9df5d8]
Event: 285.765 Thread 0x000002185042e800 15501       4       com.sun.tools.javac.code.Types$MembersClosureCache::visitClassType (10 bytes)
Event: 285.767 Thread 0x000002185042e800 nmethod 15501 0x000002183ba72510 code [0x000002183ba726c0, 0x000002183ba72768]
Event: 285.767 Thread 0x000002185042e800 15500       4       com.sun.tools.javac.code.Types$ImplementationCache::get (159 bytes)

GC Heap History (10 events):
Event: 259.603 GC heap before
{Heap before GC invocations=137 (full 0):
 garbage-first heap   total 192512K, used 147534K [0x00000006e0000000, 0x0000000800000000)
  region size 1024K, 21 young (21504K), 3 survivors (3072K)
 Metaspace       used 93527K, capacity 96103K, committed 96384K, reserved 1132544K
  class space    used 11404K, capacity 12342K, committed 12416K, reserved 1048576K
}
Event: 259.612 GC heap after
{Heap after GC invocations=138 (full 0):
 garbage-first heap   total 192512K, used 130472K [0x00000006e0000000, 0x0000000800000000)
  region size 1024K, 3 young (3072K), 3 survivors (3072K)
 Metaspace       used 93527K, capacity 96103K, committed 96384K, reserved 1132544K
  class space    used 11404K, capacity 12342K, committed 12416K, reserved 1048576K
}
Event: 261.398 GC heap before
{Heap before GC invocations=138 (full 0):
 garbage-first heap   total 192512K, used 153000K [0x00000006e0000000, 0x0000000800000000)
  region size 1024K, 23 young (23552K), 3 survivors (3072K)
 Metaspace       used 93587K, capacity 96170K, committed 96384K, reserved 1132544K
  class space    used 11404K, capacity 12342K, committed 12416K, reserved 1048576K
}
Event: 261.418 GC heap after
{Heap after GC invocations=139 (full 0):
 garbage-first heap   total 192512K, used 138642K [0x00000006e0000000, 0x0000000800000000)
  region size 1024K, 3 young (3072K), 3 survivors (3072K)
 Metaspace       used 93587K, capacity 96170K, committed 96384K, reserved 1132544K
  class space    used 11404K, capacity 12342K, committed 12416K, reserved 1048576K
}
Event: 263.367 GC heap before
{Heap before GC invocations=139 (full 0):
 garbage-first heap   total 192512K, used 156050K [0x00000006e0000000, 0x0000000800000000)
  region size 1024K, 20 young (20480K), 3 survivors (3072K)
 Metaspace       used 94012K, capacity 96644K, committed 96896K, reserved 1134592K
  class space    used 11409K, capacity 12347K, committed 12416K, reserved 1048576K
}
Event: 263.386 GC heap after
{Heap after GC invocations=140 (full 0):
 garbage-first heap   total 231424K, used 140890K [0x00000006e0000000, 0x0000000800000000)
  region size 1024K, 2 young (2048K), 2 survivors (2048K)
 Metaspace       used 94012K, capacity 96644K, committed 96896K, reserved 1134592K
  class space    used 11409K, capacity 12347K, committed 12416K, reserved 1048576K
}
Event: 267.927 GC heap before
{Heap before GC invocations=140 (full 0):
 garbage-first heap   total 231424K, used 170586K [0x00000006e0000000, 0x0000000800000000)
  region size 1024K, 32 young (32768K), 2 survivors (2048K)
 Metaspace       used 94088K, capacity 96775K, committed 96896K, reserved 1134592K
  class space    used 11411K, capacity 12347K, committed 12416K, reserved 1048576K
}
Event: 267.946 GC heap after
{Heap after GC invocations=141 (full 0):
 garbage-first heap   total 231424K, used 144820K [0x00000006e0000000, 0x0000000800000000)
  region size 1024K, 4 young (4096K), 4 survivors (4096K)
 Metaspace       used 94088K, capacity 96775K, committed 96896K, reserved 1134592K
  class space    used 11411K, capacity 12347K, committed 12416K, reserved 1048576K
}
Event: 282.576 GC heap before
{Heap before GC invocations=141 (full 0):
 garbage-first heap   total 231424K, used 176564K [0x00000006e0000000, 0x0000000800000000)
  region size 1024K, 34 young (34816K), 4 survivors (4096K)
 Metaspace       used 94124K, capacity 96793K, committed 96896K, reserved 1134592K
  class space    used 11414K, capacity 12353K, committed 12416K, reserved 1048576K
}
Event: 282.592 GC heap after
{Heap after GC invocations=142 (full 0):
 garbage-first heap   total 231424K, used 149006K [0x00000006e0000000, 0x0000000800000000)
  region size 1024K, 5 young (5120K), 5 survivors (5120K)
 Metaspace       used 94124K, capacity 96793K, committed 96896K, reserved 1134592K
  class space    used 11414K, capacity 12353K, committed 12416K, reserved 1048576K
}

Deoptimization events (10 events):
Event: 259.486 Thread 0x00000218518ed000 Uncommon trap: reason=unstable_if action=reinterpret pc=0x000002183bcca910 method=com.sun.tools.javac.parser.JavaTokenizer.scanIdent()V @ 15 c2
Event: 261.143 Thread 0x00000218518ed000 Uncommon trap: reason=unstable_if action=reinterpret pc=0x000002183bcf6f4c method=com.sun.tools.javac.code.Types$15.visitClassType(Lcom/sun/tools/javac/code/Type$ClassType;Ljava/lang/Void;)Lcom/sun/tools/javac/code/Type; @ 43 c2
Event: 262.903 Thread 0x00000218518ed000 Uncommon trap: reason=unstable_if action=reinterpret pc=0x000002183bda64c0 method=com.sun.tools.javac.tree.TreeInfo.getStartPos(Lcom/sun/tools/javac/tree/JCTree;)I @ 17 c2
Event: 263.279 Thread 0x00000218518ed000 Uncommon trap: reason=unstable_if action=reinterpret pc=0x000002183bdab894 method=com.sun.tools.javac.jvm.Pool.put(Ljava/lang/Object;)I @ 130 c2
Event: 267.086 Thread 0x0000021854f6f800 Uncommon trap: reason=unstable_if action=reinterpret pc=0x000002183b65b148 method=com.google.common.cache.LocalCache$Segment.evictEntries(Lcom/google/common/cache/ReferenceEntry;)V @ 69 c2
Event: 267.999 Thread 0x0000021854f6c000 Uncommon trap: reason=speculate_class_check action=maybe_recompile pc=0x000002183bd60ba8 method=com.android.builder.symbols.BytecodeRClassWriterKt.generateResourceTypeClass(Lcom/android/ide/common/symbols/SymbolTable;Lcom/android/resources/ResourceType;)[
Event: 268.003 Thread 0x0000021854f6c000 Uncommon trap: reason=unstable_if action=reinterpret pc=0x000002183bcb4690 method=org.objectweb.asm.Item.isEqualTo(Lorg/objectweb/asm/Item;)Z @ 4 c2
Event: 268.029 Thread 0x0000021854f6c000 Uncommon trap: reason=speculate_class_check action=maybe_recompile pc=0x000002183bd60ba8 method=com.android.builder.symbols.BytecodeRClassWriterKt.generateResourceTypeClass(Lcom/android/ide/common/symbols/SymbolTable;Lcom/android/resources/ResourceType;)[
Event: 268.044 Thread 0x0000021854f6c000 Uncommon trap: reason=speculate_class_check action=maybe_recompile pc=0x000002183bd60ba8 method=com.android.builder.symbols.BytecodeRClassWriterKt.generateResourceTypeClass(Lcom/android/ide/common/symbols/SymbolTable;Lcom/android/resources/ResourceType;)[
Event: 268.141 Thread 0x0000021854f6c000 Uncommon trap: reason=speculate_class_check action=maybe_recompile pc=0x000002183bd60ba8 method=com.android.builder.symbols.BytecodeRClassWriterKt.generateResourceTypeClass(Lcom/android/ide/common/symbols/SymbolTable;Lcom/android/resources/ResourceType;)[

Classes redefined (0 events):
No events

Internal exceptions (10 events):
Event: 284.894 Thread 0x0000021854f6c000 Exception <a 'sun/nio/fs/WindowsException'{0x00000006ecbdd368}> (0x00000006ecbdd368) thrown at [t:/workspace/open/src/hotspot/share/prims/jni.cpp, line 615]
Event: 284.895 Thread 0x0000021854f6c000 Exception <a 'sun/nio/fs/WindowsException'{0x00000006ecbe0098}> (0x00000006ecbe0098) thrown at [t:/workspace/open/src/hotspot/share/prims/jni.cpp, line 615]
Event: 284.987 Thread 0x0000021854f6c000 Exception <a 'sun/nio/fs/WindowsException'{0x00000006ecbeabe8}> (0x00000006ecbeabe8) thrown at [t:/workspace/open/src/hotspot/share/prims/jni.cpp, line 615]
Event: 285.088 Thread 0x0000021854f6c000 Exception <a 'sun/nio/fs/WindowsException'{0x00000006eca06268}> (0x00000006eca06268) thrown at [t:/workspace/open/src/hotspot/share/prims/jni.cpp, line 615]
Event: 285.375 Thread 0x0000021854f6c000 Exception <a 'sun/nio/fs/WindowsException'{0x00000006ec81f298}> (0x00000006ec81f298) thrown at [t:/workspace/open/src/hotspot/share/prims/jni.cpp, line 615]
Event: 285.396 Thread 0x0000021854f6c000 Exception <a 'sun/nio/fs/WindowsException'{0x00000006ec826cb0}> (0x00000006ec826cb0) thrown at [t:/workspace/open/src/hotspot/share/prims/jni.cpp, line 615]
Event: 285.458 Thread 0x0000021854f6c000 Exception <a 'sun/nio/fs/WindowsException'{0x00000006ec82cf98}> (0x00000006ec82cf98) thrown at [t:/workspace/open/src/hotspot/share/prims/jni.cpp, line 615]
Event: 285.514 Thread 0x0000021854f6c000 Exception <a 'sun/nio/fs/WindowsException'{0x00000006ec833270}> (0x00000006ec833270) thrown at [t:/workspace/open/src/hotspot/share/prims/jni.cpp, line 615]
Event: 285.522 Thread 0x0000021854f6c000 Exception <a 'sun/nio/fs/WindowsException'{0x00000006ec846fa0}> (0x00000006ec846fa0) thrown at [t:/workspace/open/src/hotspot/share/prims/jni.cpp, line 615]
Event: 285.723 Thread 0x0000021854f6c000 Exception <a 'sun/nio/fs/WindowsException'{0x00000006ec8c3f80}> (0x00000006ec8c3f80) thrown at [t:/workspace/open/src/hotspot/share/prims/jni.cpp, line 615]

Events (10 events):
Event: 282.507 Thread 0x0000021854f6c000 DEOPT PACKING pc=0x00000218360e0be5 sp=0x000000c65aff7d40
Event: 282.507 Thread 0x0000021854f6c000 DEOPT UNPACKING pc=0x0000021833ae8f4e sp=0x000000c65aff71e8 mode 0
Event: 282.518 Thread 0x0000021854f6c000 DEOPT PACKING pc=0x00000218360e0be5 sp=0x000000c65aff7d40
Event: 282.518 Thread 0x0000021854f6c000 DEOPT UNPACKING pc=0x0000021833ae8f4e sp=0x000000c65aff71e8 mode 0
Event: 282.527 Thread 0x0000021854f6c000 DEOPT PACKING pc=0x00000218360e0be5 sp=0x000000c65aff7d40
Event: 282.527 Thread 0x0000021854f6c000 DEOPT UNPACKING pc=0x0000021833ae8f4e sp=0x000000c65aff71e8 mode 0
Event: 282.576 Executing VM operation: G1CollectForAllocation
Event: 282.592 Executing VM operation: G1CollectForAllocation done
Event: 284.394 Thread 0x0000021854f6c000 DEOPT PACKING pc=0x0000021835ed0e58 sp=0x000000c65aff65e0
Event: 284.394 Thread 0x0000021854f6c000 DEOPT UNPACKING pc=0x0000021833ae8f4e sp=0x000000c65aff5b00 mode 0


Dynamic libraries:
0x00007ff7600a0000 - 0x00007ff7600e7000 	C:\Program Files\Java\jdk-11.0.6\bin\java.exe
0x00007ffffd5f0000 - 0x00007ffffd7d0000 	C:\Windows\SYSTEM32\ntdll.dll
0x00007ffffcaf0000 - 0x00007ffffcb9e000 	C:\Windows\System32\KERNEL32.DLL
0x00007ffff9c20000 - 0x00007ffff9e86000 	C:\Windows\System32\KERNELBASE.dll
0x00007ffffce00000 - 0x00007ffffcea1000 	C:\Windows\System32\ADVAPI32.dll
0x00007ffffd010000 - 0x00007ffffd0ad000 	C:\Windows\System32\msvcrt.dll
0x00007ffffae20000 - 0x00007ffffae7b000 	C:\Windows\System32\sechost.dll
0x00007ffffcec0000 - 0x00007ffffcfdf000 	C:\Windows\System32\RPCRT4.dll
0x00007ffffcc70000 - 0x00007ffffcdff000 	C:\Windows\System32\USER32.dll
0x00007ffffa8b0000 - 0x00007ffffa8d0000 	C:\Windows\System32\win32u.dll
0x00007ffffcfe0000 - 0x00007ffffd008000 	C:\Windows\System32\GDI32.dll
0x00007ffff9f10000 - 0x00007ffffa0a3000 	C:\Windows\System32\gdi32full.dll
0x00007ffffa9d0000 - 0x00007ffffaa6b000 	C:\Windows\System32\msvcp_win.dll
0x00007ffffa8d0000 - 0x00007ffffa9c4000 	C:\Windows\System32\ucrtbase.dll
0x00007fffe3e10000 - 0x00007fffe4079000 	C:\Windows\WinSxS\amd64_microsoft.windows.common-controls_6595b64144ccf1df_6.0.16299.1087_none_0f9074b65a6589b7\COMCTL32.dll
0x00007ffff05e0000 - 0x00007ffff05ea000 	C:\Windows\SYSTEM32\VERSION.dll
0x00007ffffae80000 - 0x00007ffffb186000 	C:\Windows\System32\combase.dll
0x00007ffff9e90000 - 0x00007ffff9f02000 	C:\Windows\System32\bcryptPrimitives.dll
0x00007ffffb190000 - 0x00007ffffb1bd000 	C:\Windows\System32\IMM32.DLL
0x00007ffff1d10000 - 0x00007ffff1d26000 	C:\Program Files\Java\jdk-11.0.6\bin\vcruntime140.dll
0x00007fffe61f0000 - 0x00007fffe629a000 	C:\Program Files\Java\jdk-11.0.6\bin\msvcp140.dll
0x00007fffcc5c0000 - 0x00007fffcd0e9000 	C:\Program Files\Java\jdk-11.0.6\bin\server\jvm.dll
0x00007ffffb1e0000 - 0x00007ffffb1e8000 	C:\Windows\System32\PSAPI.DLL
0x00007ffff1cd0000 - 0x00007ffff1cd9000 	C:\Windows\SYSTEM32\WSOCK32.dll
0x00007ffff7970000 - 0x00007ffff7993000 	C:\Windows\SYSTEM32\WINMM.dll
0x00007ffffca80000 - 0x00007ffffcaec000 	C:\Windows\System32\WS2_32.dll
0x00007ffff7910000 - 0x00007ffff793a000 	C:\Windows\SYSTEM32\WINMMBASE.dll
0x00007ffffaa70000 - 0x00007ffffaaba000 	C:\Windows\System32\cfgmgr32.dll
0x00007ffff9940000 - 0x00007ffff9951000 	C:\Windows\System32\kernel.appcore.dll
0x00007ffff0bc0000 - 0x00007ffff0bd1000 	C:\Program Files\Java\jdk-11.0.6\bin\verify.dll
0x00007fffecac0000 - 0x00007fffecc88000 	C:\Windows\SYSTEM32\DBGHELP.DLL
0x00007fffec590000 - 0x00007fffec5b9000 	C:\Windows\SYSTEM32\dbgcore.DLL
0x00007fffe9040000 - 0x00007fffe9069000 	C:\Program Files\Java\jdk-11.0.6\bin\java.dll
0x00007fffea840000 - 0x00007fffea856000 	C:\Program Files\Java\jdk-11.0.6\bin\zip.dll
0x00007ffff1cc0000 - 0x00007ffff1cca000 	C:\Program Files\Java\jdk-11.0.6\bin\jimage.dll
0x00007ffffb640000 - 0x00007ffffca78000 	C:\Windows\System32\SHELL32.dll
0x00007ffffd250000 - 0x00007ffffd2f6000 	C:\Windows\System32\shcore.dll
0x00007ffffa160000 - 0x00007ffffa8a7000 	C:\Windows\System32\windows.storage.dll
0x00007ffffd560000 - 0x00007ffffd5b1000 	C:\Windows\System32\shlwapi.dll
0x00007ffff9960000 - 0x00007ffff99ac000 	C:\Windows\System32\powrprof.dll
0x00007ffff99b0000 - 0x00007ffff99cb000 	C:\Windows\System32\profapi.dll
0x00007fffe92f0000 - 0x00007fffe9309000 	C:\Program Files\Java\jdk-11.0.6\bin\net.dll
0x00007ffff4f50000 - 0x00007ffff502e000 	C:\Windows\SYSTEM32\WINHTTP.dll
0x00007ffff91d0000 - 0x00007ffff9236000 	C:\Windows\system32\mswsock.dll
0x00007fffe8ca0000 - 0x00007fffe8cb3000 	C:\Program Files\Java\jdk-11.0.6\bin\nio.dll
0x00007fffe6670000 - 0x00007fffe6696000 	C:\Users\Rohit Jain\.gradle\native\29\windows-amd64\native-platform.dll
0x00007ffff0c90000 - 0x00007ffff0c99000 	C:\Program Files\Java\jdk-11.0.6\bin\management.dll
0x00007ffff0bb0000 - 0x00007ffff0bbc000 	C:\Program Files\Java\jdk-11.0.6\bin\management_ext.dll
0x00007ffff9390000 - 0x00007ffff93a7000 	C:\Windows\SYSTEM32\CRYPTSP.dll
0x00007ffff8d70000 - 0x00007ffff8da3000 	C:\Windows\system32\rsaenh.dll
0x00007ffff94a0000 - 0x00007ffff94c5000 	C:\Windows\SYSTEM32\bcrypt.dll
0x00007ffff9870000 - 0x00007ffff9899000 	C:\Windows\SYSTEM32\USERENV.dll
0x00007ffff93b0000 - 0x00007ffff93bb000 	C:\Windows\SYSTEM32\CRYPTBASE.dll
0x00007ffff8f60000 - 0x00007ffff8f99000 	C:\Windows\SYSTEM32\IPHLPAPI.DLL
0x00007ffffceb0000 - 0x00007ffffceb8000 	C:\Windows\System32\NSI.dll
0x00007ffff2ad0000 - 0x00007ffff2ae6000 	C:\Windows\SYSTEM32\dhcpcsvc6.DLL
0x00007ffff2fd0000 - 0x00007ffff2fea000 	C:\Windows\SYSTEM32\dhcpcsvc.DLL
0x00007ffff7c20000 - 0x00007ffff7ca8000 	C:\Windows\system32\apphelp.dll

dbghelp: loaded successfully - version: 4.0.5 - missing functions: none
symbol engine: initialized successfully - sym options: 0x614 - pdb path: .;C:\Program Files\Java\jdk-11.0.6\bin;C:\Windows\SYSTEM32;C:\Windows\WinSxS\amd64_microsoft.windows.common-controls_6595b64144ccf1df_6.0.16299.1087_none_0f9074b65a6589b7;C:\Program Files\Java\jdk-11.0.6\bin\server;C:\Users\Rohit Jain\.gradle\native\29\windows-amd64

VM Arguments:
jvm_args: --add-opens=java.base/java.util=ALL-UNNAMED --add-opens=java.base/java.lang=ALL-UNNAMED --add-opens=java.base/java.lang.invoke=ALL-UNNAMED --add-opens=java.prefs/java.util.prefs=ALL-UNNAMED -Xmx4608M -Dfile.encoding=windows-1252 -Duser.country=US -Duser.language=en -Duser.variant 
java_command: org.gradle.launcher.daemon.bootstrap.GradleDaemon 5.5
java_class_path (initial): C:\Users\Rohit Jain\.gradle\wrapper\dists\gradle-5.5-all\byeise1led9a3w3p149d02kfj\gradle-5.5\lib\gradle-launcher-5.5.jar
Launcher Type: SUN_STANDARD

[Global flags]
     intx CICompilerCount                          = 3                                         {product} {ergonomic}
     uint ConcGCThreads                            = 1                                         {product} {ergonomic}
     uint G1ConcRefinementThreads                  = 4                                         {product} {ergonomic}
   size_t G1HeapRegionSize                         = 1048576                                   {product} {ergonomic}
    uintx GCDrainStackTargetSize                   = 64                                        {product} {ergonomic}
   size_t InitialHeapSize                          = 100663296                                 {product} {ergonomic}
   size_t MarkStackSize                            = 4194304                                   {product} {ergonomic}
   size_t MaxHeapSize                              = 4831838208                                {product} {command line}
   size_t MaxNewSize                               = 2898264064                                {product} {ergonomic}
   size_t MinHeapDeltaBytes                        = 1048576                                   {product} {ergonomic}
    uintx NonNMethodCodeHeapSize                   = 5830732                                {pd product} {ergonomic}
    uintx NonProfiledCodeHeapSize                  = 122913754                              {pd product} {ergonomic}
    uintx ProfiledCodeHeapSize                     = 122913754                              {pd product} {ergonomic}
    uintx ReservedCodeCacheSize                    = 251658240                              {pd product} {ergonomic}
     bool SegmentedCodeCache                       = true                                      {product} {ergonomic}
     bool UseCompressedClassPointers               = true                                 {lp64_product} {ergonomic}
     bool UseCompressedOops                        = true                                 {lp64_product} {ergonomic}
     bool UseG1GC                                  = true                                      {product} {ergonomic}
     bool UseLargePagesIndividualAllocation        = false                                  {pd product} {ergonomic}

Logging:
Log output configuration:
 #0: stdout all=warning uptime,level,tags
 #1: stderr all=off uptime,level,tags

Environment Variables:
JAVA_HOME=C:\Program Files\Java\jdk-11.0.6
CLASSPATH=F:\FinalAppCode\TSGAPP\android\\gradle\wrapper\gradle-wrapper.jar
PATH=C:\Windows\system32;C:\Windows;C:\Windows\System32\Wbem;C:\Windows\System32\WindowsPowerShell\v1.0\;C:\Program Files\nodejs\;C:\Program Files\Git\cmd;C:\Program Files\Java\jdk-11.0.6\bin;C:\ProgramData\chocolatey\bin;C:\Users\Rohit Jain\AppData\Local\Microsoft\WindowsApps;;C:\Users\Rohit Jain\AppData\Local\Programs\Microsoft VS Code\bin;C:\Users\Rohit Jain\AppData\Roaming\npm
USERNAME=Rohit Jain
OS=Windows_NT
PROCESSOR_IDENTIFIER=Intel64 Family 6 Model 42 Stepping 7, GenuineIntel



---------------  S Y S T E M  ---------------

OS: Windows 10 , 64 bit Build 16299 (10.0.16299.1087)

CPU:total 4 (initial active 4) (2 cores per cpu, 2 threads per core) family 6 model 42 stepping 7, cmov, cx8, fxsr, mmx, sse, sse2, sse3, ssse3, sse4.1, sse4.2, popcnt, avx, clmul, ht, tsc, tscinvbit

Memory: 4k page, system-wide physical 6044M (271M free)
TotalPageFile size 20124M (AvailPageFile size 30M)
current process WorkingSet (physical memory assigned to process): 428M, peak: 443M
current process commit charge ("private bytes"): 527M, peak: 531M

vm_info: Java HotSpot(TM) 64-Bit Server VM (11.0.6+8-LTS) for windows-amd64 JRE (11.0.6+8-LTS), built on Dec 11 2019 09:17:57 by "mach5one" with MS VC++ 15.5 (VS2017)

END.
