#
# There is insufficient memory for the Java Runtime Environment to continue.
# Native memory allocation (malloc) failed to allocate 704736 bytes for Chunk::new
# Possible reasons:
#   The system is out of physical RAM or swap space
#   The process is running with CompressedOops enabled, and the Java Heap may be blocking the growth of the native heap
# Possible solutions:
#   Reduce memory load on the system
#   Increase physical memory or swap space
#   Check if swap backing store is full
#   Decrease Java heap size (-Xmx/-Xms)
#   Decrease number of Java threads
#   Decrease Java thread stack sizes (-Xss)
#   Set larger code cache with -XX:ReservedCodeCacheSize=
#   JVM is running with Zero Based Compressed Oops mode in which the Java heap is
#     placed in the first 32GB address space. The Java Heap base address is the
#     maximum limit for the native heap growth. Please use -XX:HeapBaseMinAddress
#     to set the Java Heap base and to place the Java Heap above 32GB virtual address.
# This output file may be truncated or incomplete.
#
#  Out of Memory Error (t:/workspace/open/src/hotspot/share/memory/arena.cpp:197), pid=9264, tid=9744
#
# JRE version: Java(TM) SE Runtime Environment (11.0.6+8) (build 11.0.6+8-LTS)
# Java VM: Java HotSpot(TM) 64-Bit Server VM (11.0.6+8-LTS, mixed mode, tiered, compressed oops, g1 gc, windows-amd64)
# No core dump will be written. Minidumps are not enabled by default on client versions of Windows
#

---------------  S U M M A R Y ------------

Command Line: --add-opens=java.base/java.util=ALL-UNNAMED --add-opens=java.base/java.lang=ALL-UNNAMED --add-opens=java.base/java.lang.invoke=ALL-UNNAMED --add-opens=java.prefs/java.util.prefs=ALL-UNNAMED -Xmx4608M -Dfile.encoding=windows-1252 -Duser.country=US -Duser.language=en -Duser.variant org.gradle.launcher.daemon.bootstrap.GradleDaemon 5.5

Host: Intel(R) Core(TM) i3-2328M CPU @ 2.20GHz, 4 cores, 5G,  Windows 10 , 64 bit Build 16299 (10.0.16299.1087)
Time: Tue Mar  3 15:35:03 2020 India Standard Time elapsed time: 40 seconds (0d 0h 0m 40s)

---------------  T H R E A D  ---------------

Current thread (0x0000013ccafcb000):  JavaThread "C2 CompilerThread0" daemon [_thread_in_native, id=9744, stack(0x000000100cb00000,0x000000100cc00000)]


Current CompileTask:
C2:  40501 2381       4       java.net.URLClassLoader$1::run (5 bytes)

Stack: [0x000000100cb00000,0x000000100cc00000]
Native frames: (J=compiled Java code, j=interpreted, Vv=VM code, C=native code)
V  [jvm.dll+0x63679a]
V  [jvm.dll+0x7755bf]
V  [jvm.dll+0x776c65]
V  [jvm.dll+0x7772d3]
V  [jvm.dll+0x25e7f8]
V  [jvm.dll+0xc1c01]
V  [jvm.dll+0xc219c]
V  [jvm.dll+0x2cf424]
V  [jvm.dll+0x552d3f]
V  [jvm.dll+0x219ab5]
V  [jvm.dll+0x2173d6]
V  [jvm.dll+0x193a2c]
V  [jvm.dll+0x226544]
V  [jvm.dll+0x224b28]
V  [jvm.dll+0x73a9c5]
V  [jvm.dll+0x733905]
V  [jvm.dll+0x635846]
C  [ucrtbase.dll+0x1fa95]
C  [KERNEL32.DLL+0x137e4]
C  [ntdll.dll+0x6cb81]


---------------  P R O C E S S  ---------------

Threads class SMR info:
_java_thread_list=0x0000013cce1f7ca0, length=24, elements={
0x0000013ca42d0000, 0x0000013cca64b000, 0x0000013cca675000, 0x0000013ccafc6800,
0x0000013ccafc7000, 0x0000013ccafcb000, 0x0000013ccafcf000, 0x0000013ccafd5800,
0x0000013ccb12c800, 0x0000013ccb154000, 0x0000013ccc284800, 0x0000013ccc44d800,
0x0000013ccbb12800, 0x0000013ccc5db000, 0x0000013ccc434000, 0x0000013ccc434800,
0x0000013ccb9ed000, 0x0000013ccb9bd800, 0x0000013ccbe35000, 0x0000013ccbef3800,
0x0000013ccc773000, 0x0000013ccc775800, 0x0000013ccc774000, 0x0000013ccc774800
}

Java Threads: ( => current thread )
  0x0000013ca42d0000 JavaThread "main" [_thread_blocked, id=7608, stack(0x000000100c000000,0x000000100c100000)]
  0x0000013cca64b000 JavaThread "Reference Handler" daemon [_thread_blocked, id=6068, stack(0x000000100c700000,0x000000100c800000)]
  0x0000013cca675000 JavaThread "Finalizer" daemon [_thread_blocked, id=9308, stack(0x000000100c800000,0x000000100c900000)]
  0x0000013ccafc6800 JavaThread "Signal Dispatcher" daemon [_thread_blocked, id=9608, stack(0x000000100c900000,0x000000100ca00000)]
  0x0000013ccafc7000 JavaThread "Attach Listener" daemon [_thread_blocked, id=6208, stack(0x000000100ca00000,0x000000100cb00000)]
=>0x0000013ccafcb000 JavaThread "C2 CompilerThread0" daemon [_thread_in_native, id=9744, stack(0x000000100cb00000,0x000000100cc00000)]
  0x0000013ccafcf000 JavaThread "C1 CompilerThread0" daemon [_thread_blocked, id=220, stack(0x000000100cc00000,0x000000100cd00000)]
  0x0000013ccafd5800 JavaThread "Sweeper thread" daemon [_thread_blocked, id=6044, stack(0x000000100cd00000,0x000000100ce00000)]
  0x0000013ccb12c800 JavaThread "Common-Cleaner" daemon [_thread_blocked, id=6668, stack(0x000000100ce00000,0x000000100cf00000)]
  0x0000013ccb154000 JavaThread "Service Thread" daemon [_thread_blocked, id=2352, stack(0x000000100cf00000,0x000000100d000000)]
  0x0000013ccc284800 JavaThread "Daemon health stats" [_thread_blocked, id=740, stack(0x000000100d200000,0x000000100d300000)]
  0x0000013ccc44d800 JavaThread "Incoming local TCP Connector on port 55905" [_thread_in_native, id=3620, stack(0x000000100d300000,0x000000100d400000)]
  0x0000013ccbb12800 JavaThread "Daemon periodic checks" [_thread_blocked, id=7604, stack(0x000000100d400000,0x000000100d500000)]
  0x0000013ccc5db000 JavaThread "Daemon" [_thread_blocked, id=10680, stack(0x000000100d500000,0x000000100d600000)]
  0x0000013ccc434000 JavaThread "Handler for socket connection from /127.0.0.1:55905 to /127.0.0.1:55906" [_thread_in_native, id=7788, stack(0x000000100d600000,0x000000100d700000)]
  0x0000013ccc434800 JavaThread "Cancel handler" [_thread_blocked, id=10620, stack(0x000000100d700000,0x000000100d800000)]
  0x0000013ccb9ed000 JavaThread "Daemon worker" [_thread_in_native, id=7636, stack(0x000000100d800000,0x000000100d900000)]
  0x0000013ccb9bd800 JavaThread "Asynchronous log dispatcher for DefaultDaemonConnection: socket connection from /127.0.0.1:55905 to /127.0.0.1:55906" [_thread_blocked, id=7188, stack(0x000000100d900000,0x000000100da00000)]
  0x0000013ccbe35000 JavaThread "Stdin handler" [_thread_blocked, id=652, stack(0x000000100da00000,0x000000100db00000)]
  0x0000013ccbef3800 JavaThread "Thread-8" [_thread_blocked, id=7120, stack(0x000000100db00000,0x000000100dc00000)]
  0x0000013ccc773000 JavaThread "Cache worker for file hash cache (C:\Users\Rohit Jain\.gradle\caches\5.5\fileHashes)" [_thread_blocked, id=9364, stack(0x000000100dc00000,0x000000100dd00000)]
  0x0000013ccc775800 JavaThread "File lock request listener" [_thread_in_native, id=3912, stack(0x000000100dd00000,0x000000100de00000)]
  0x0000013ccc774000 JavaThread "Cache worker for journal cache (C:\Users\Rohit Jain\.gradle\caches\journal-1)" [_thread_blocked, id=11024, stack(0x000000100de00000,0x000000100df00000)]
  0x0000013ccc774800 JavaThread "Cache worker for file hash cache (F:\FinalAppCode\TSGAPP\android\.gradle\5.5\fileHashes)" [_thread_blocked, id=9928, stack(0x000000100e200000,0x000000100e300000)]

Other Threads:
  0x0000013cca646800 VMThread "VM Thread" [stack: 0x000000100c600000,0x000000100c700000] [id=7288]
  0x0000013ccb158800 WatcherThread [stack: 0x000000100d000000,0x000000100d100000] [id=9604]
  0x0000013ca42e6000 GCTaskThread "GC Thread#0" [stack: 0x000000100c100000,0x000000100c200000] [id=6840]
  0x0000013ccb847800 GCTaskThread "GC Thread#1" [stack: 0x000000100d100000,0x000000100d200000] [id=5444]
  0x0000013ccc1ad000 GCTaskThread "GC Thread#2" [stack: 0x000000100df00000,0x000000100e000000] [id=4212]
  0x0000013ccc6f0800 GCTaskThread "GC Thread#3" [stack: 0x000000100e000000,0x000000100e100000] [id=7132]
  0x0000013ca434d800 ConcurrentGCThread "G1 Main Marker" [stack: 0x000000100c200000,0x000000100c300000] [id=10420]
  0x0000013ca434f000 ConcurrentGCThread "G1 Conc#0" [stack: 0x000000100c300000,0x000000100c400000] [id=6300]
  0x0000013cca4b1800 ConcurrentGCThread "G1 Refine#0" [stack: 0x000000100c400000,0x000000100c500000] [id=9280]
  0x0000013cca4b2800 ConcurrentGCThread "G1 Young RemSet Sampling" [stack: 0x000000100c500000,0x000000100c600000] [id=9700]

Threads with active compile tasks:
C2 CompilerThread02381       4       java.net.URLClassLoader$1::run (5 bytes)

VM state:not at safepoint (normal execution)

VM Mutex/Monitor currently owned by a thread: None

OutOfMemory and StackOverflow Exception counts:
OutOfMemoryError java_heap_errors=2
LinkageErrors=19

Heap address: 0x00000006e0000000, size: 4608 MB, Compressed Oops mode: Zero based, Oop shift amount: 3
Narrow klass base: 0x0000000800000000, Narrow klass shift: 0
Compressed class space size: 1073741824 Address: 0x0000000800000000

Heap:
 garbage-first heap   total 98304K, used 40108K [0x00000006e0000000, 0x0000000800000000)
  region size 1024K, 23 young (23552K), 3 survivors (3072K)
 Metaspace       used 31056K, capacity 31527K, committed 31744K, reserved 1077248K
  class space    used 3858K, capacity 4062K, committed 4096K, reserved 1048576K
Heap Regions: E=young(eden), S=young(survivor), O=old, HS=humongous(starts), HC=humongous(continues), CS=collection set, F=free, A=archive, TAMS=top-at-mark-start (previous, next)
|   0|0x00000006e0000000, 0x00000006e0100000, 0x00000006e0100000|100%| O|  |TAMS 0x00000006e0100000, 0x00000006e0000000| Untracked 
|   1|0x00000006e0100000, 0x00000006e0200000, 0x00000006e0200000|100%| O|  |TAMS 0x00000006e0200000, 0x00000006e0100000| Untracked 
|   2|0x00000006e0200000, 0x00000006e0300000, 0x00000006e0300000|100%|HS|  |TAMS 0x00000006e0300000, 0x00000006e0200000| Complete 
|   3|0x00000006e0300000, 0x00000006e0400000, 0x00000006e0400000|100%|HS|  |TAMS 0x00000006e0400000, 0x00000006e0300000| Complete 
|   4|0x00000006e0400000, 0x00000006e0500000, 0x00000006e0500000|100%|HC|  |TAMS 0x00000006e0500000, 0x00000006e0400000| Complete 
|   5|0x00000006e0500000, 0x00000006e0600000, 0x00000006e0600000|100%| O|  |TAMS 0x00000006e0600000, 0x00000006e0500000| Untracked 
|   6|0x00000006e0600000, 0x00000006e0700000, 0x00000006e0700000|100%| O|  |TAMS 0x00000006e0700000, 0x00000006e0600000| Untracked 
|   7|0x00000006e0700000, 0x00000006e0800000, 0x00000006e0800000|100%| O|  |TAMS 0x00000006e0800000, 0x00000006e0700000| Untracked 
|   8|0x00000006e0800000, 0x00000006e0900000, 0x00000006e0900000|100%| O|  |TAMS 0x00000006e0900000, 0x00000006e0800000| Untracked 
|   9|0x00000006e0900000, 0x00000006e0a00000, 0x00000006e0a00000|100%| O|  |TAMS 0x00000006e0a00000, 0x00000006e0900000| Untracked 
|  10|0x00000006e0a00000, 0x00000006e0b00000, 0x00000006e0b00000|100%| O|  |TAMS 0x00000006e0b00000, 0x00000006e0a00000| Untracked 
|  11|0x00000006e0b00000, 0x00000006e0c00000, 0x00000006e0c00000|100%| O|  |TAMS 0x00000006e0bc6a00, 0x00000006e0b00000| Untracked 
|  12|0x00000006e0c00000, 0x00000006e0d00000, 0x00000006e0d00000|100%| O|  |TAMS 0x00000006e0c00000, 0x00000006e0c00000| Untracked 
|  13|0x00000006e0d00000, 0x00000006e0e00000, 0x00000006e0e00000|100%| O|  |TAMS 0x00000006e0d00000, 0x00000006e0d00000| Untracked 
|  14|0x00000006e0e00000, 0x00000006e0e34e00, 0x00000006e0f00000| 20%| O|  |TAMS 0x00000006e0e00000, 0x00000006e0e00000| Untracked 
|  15|0x00000006e0f00000, 0x00000006e1000000, 0x00000006e1000000|100%|HS|  |TAMS 0x00000006e0f00000, 0x00000006e0f00000| Complete 
|  16|0x00000006e1000000, 0x00000006e1100000, 0x00000006e1100000|100%|HS|  |TAMS 0x00000006e1000000, 0x00000006e1000000| Complete 
|  17|0x00000006e1100000, 0x00000006e1200000, 0x00000006e1200000|100%|HC|  |TAMS 0x00000006e1100000, 0x00000006e1100000| Complete 
|  18|0x00000006e1200000, 0x00000006e1200000, 0x00000006e1300000|  0%| F|  |TAMS 0x00000006e1200000, 0x00000006e1200000| Untracked 
|  19|0x00000006e1300000, 0x00000006e1300000, 0x00000006e1400000|  0%| F|  |TAMS 0x00000006e1300000, 0x00000006e1300000| Untracked 
|  20|0x00000006e1400000, 0x00000006e1400000, 0x00000006e1500000|  0%| F|  |TAMS 0x00000006e1400000, 0x00000006e1400000| Untracked 
|  21|0x00000006e1500000, 0x00000006e1500000, 0x00000006e1600000|  0%| F|  |TAMS 0x00000006e1500000, 0x00000006e1500000| Untracked 
|  22|0x00000006e1600000, 0x00000006e1600000, 0x00000006e1700000|  0%| F|  |TAMS 0x00000006e1600000, 0x00000006e1600000| Untracked 
|  23|0x00000006e1700000, 0x00000006e1700000, 0x00000006e1800000|  0%| F|  |TAMS 0x00000006e1700000, 0x00000006e1700000| Untracked 
|  24|0x00000006e1800000, 0x00000006e1800000, 0x00000006e1900000|  0%| F|  |TAMS 0x00000006e1800000, 0x00000006e1800000| Untracked 
|  25|0x00000006e1900000, 0x00000006e1900000, 0x00000006e1a00000|  0%| F|  |TAMS 0x00000006e1900000, 0x00000006e1900000| Untracked 
|  26|0x00000006e1a00000, 0x00000006e1a00000, 0x00000006e1b00000|  0%| F|  |TAMS 0x00000006e1a00000, 0x00000006e1a00000| Untracked 
|  27|0x00000006e1b00000, 0x00000006e1b00000, 0x00000006e1c00000|  0%| F|  |TAMS 0x00000006e1b00000, 0x00000006e1b00000| Untracked 
|  28|0x00000006e1c00000, 0x00000006e1c00000, 0x00000006e1d00000|  0%| F|  |TAMS 0x00000006e1c00000, 0x00000006e1c00000| Untracked 
|  29|0x00000006e1d00000, 0x00000006e1d00000, 0x00000006e1e00000|  0%| F|  |TAMS 0x00000006e1d00000, 0x00000006e1d00000| Untracked 
|  30|0x00000006e1e00000, 0x00000006e1e00000, 0x00000006e1f00000|  0%| F|  |TAMS 0x00000006e1e00000, 0x00000006e1e00000| Untracked 
|  31|0x00000006e1f00000, 0x00000006e1f00000, 0x00000006e2000000|  0%| F|  |TAMS 0x00000006e1f00000, 0x00000006e1f00000| Untracked 
|  32|0x00000006e2000000, 0x00000006e2000000, 0x00000006e2100000|  0%| F|  |TAMS 0x00000006e2000000, 0x00000006e2000000| Untracked 
|  33|0x00000006e2100000, 0x00000006e2100000, 0x00000006e2200000|  0%| F|  |TAMS 0x00000006e2100000, 0x00000006e2100000| Untracked 
|  34|0x00000006e2200000, 0x00000006e2200000, 0x00000006e2300000|  0%| F|  |TAMS 0x00000006e2200000, 0x00000006e2200000| Untracked 
|  35|0x00000006e2300000, 0x00000006e2300000, 0x00000006e2400000|  0%| F|  |TAMS 0x00000006e2300000, 0x00000006e2300000| Untracked 
|  36|0x00000006e2400000, 0x00000006e2400000, 0x00000006e2500000|  0%| F|  |TAMS 0x00000006e2400000, 0x00000006e2400000| Untracked 
|  37|0x00000006e2500000, 0x00000006e2500000, 0x00000006e2600000|  0%| F|  |TAMS 0x00000006e2500000, 0x00000006e2500000| Untracked 
|  38|0x00000006e2600000, 0x00000006e2600000, 0x00000006e2700000|  0%| F|  |TAMS 0x00000006e2600000, 0x00000006e2600000| Untracked 
|  39|0x00000006e2700000, 0x00000006e2700000, 0x00000006e2800000|  0%| F|  |TAMS 0x00000006e2700000, 0x00000006e2700000| Untracked 
|  40|0x00000006e2800000, 0x00000006e2800000, 0x00000006e2900000|  0%| F|  |TAMS 0x00000006e2800000, 0x00000006e2800000| Untracked 
|  41|0x00000006e2900000, 0x00000006e2900000, 0x00000006e2a00000|  0%| F|  |TAMS 0x00000006e2900000, 0x00000006e2900000| Untracked 
|  42|0x00000006e2a00000, 0x00000006e2a00000, 0x00000006e2b00000|  0%| F|  |TAMS 0x00000006e2a00000, 0x00000006e2a00000| Untracked 
|  43|0x00000006e2b00000, 0x00000006e2b00000, 0x00000006e2c00000|  0%| F|  |TAMS 0x00000006e2b00000, 0x00000006e2b00000| Untracked 
|  44|0x00000006e2c00000, 0x00000006e2c00000, 0x00000006e2d00000|  0%| F|  |TAMS 0x00000006e2c00000, 0x00000006e2c00000| Untracked 
|  45|0x00000006e2d00000, 0x00000006e2d00000, 0x00000006e2e00000|  0%| F|  |TAMS 0x00000006e2d00000, 0x00000006e2d00000| Untracked 
|  46|0x00000006e2e00000, 0x00000006e2e00000, 0x00000006e2f00000|  0%| F|  |TAMS 0x00000006e2e00000, 0x00000006e2e00000| Untracked 
|  47|0x00000006e2f00000, 0x00000006e2f00000, 0x00000006e3000000|  0%| F|  |TAMS 0x00000006e2f00000, 0x00000006e2f00000| Untracked 
|  48|0x00000006e3000000, 0x00000006e3000000, 0x00000006e3100000|  0%| F|  |TAMS 0x00000006e3000000, 0x00000006e3000000| Untracked 
|  49|0x00000006e3100000, 0x00000006e3100000, 0x00000006e3200000|  0%| F|  |TAMS 0x00000006e3100000, 0x00000006e3100000| Untracked 
|  50|0x00000006e3200000, 0x00000006e3200000, 0x00000006e3300000|  0%| F|  |TAMS 0x00000006e3200000, 0x00000006e3200000| Untracked 
|  51|0x00000006e3300000, 0x00000006e3300000, 0x00000006e3400000|  0%| F|  |TAMS 0x00000006e3300000, 0x00000006e3300000| Untracked 
|  52|0x00000006e3400000, 0x00000006e3400000, 0x00000006e3500000|  0%| F|  |TAMS 0x00000006e3400000, 0x00000006e3400000| Untracked 
|  53|0x00000006e3500000, 0x00000006e3500000, 0x00000006e3600000|  0%| F|  |TAMS 0x00000006e3500000, 0x00000006e3500000| Untracked 
|  54|0x00000006e3600000, 0x00000006e36f62d0, 0x00000006e3700000| 96%| S|CS|TAMS 0x00000006e3600000, 0x00000006e3600000| Complete 
|  55|0x00000006e3700000, 0x00000006e3800000, 0x00000006e3800000|100%| S|CS|TAMS 0x00000006e3700000, 0x00000006e3700000| Complete 
|  56|0x00000006e3800000, 0x00000006e3900000, 0x00000006e3900000|100%| S|CS|TAMS 0x00000006e3800000, 0x00000006e3800000| Complete 
|  57|0x00000006e3900000, 0x00000006e3900000, 0x00000006e3a00000|  0%| F|  |TAMS 0x00000006e3900000, 0x00000006e3900000| Untracked 
|  58|0x00000006e3a00000, 0x00000006e3a00000, 0x00000006e3b00000|  0%| F|  |TAMS 0x00000006e3a00000, 0x00000006e3a00000| Untracked 
|  59|0x00000006e3b00000, 0x00000006e3b00000, 0x00000006e3c00000|  0%| F|  |TAMS 0x00000006e3b00000, 0x00000006e3b00000| Untracked 
|  60|0x00000006e3c00000, 0x00000006e3c00000, 0x00000006e3d00000|  0%| F|  |TAMS 0x00000006e3c00000, 0x00000006e3c00000| Untracked 
|  61|0x00000006e3d00000, 0x00000006e3d00000, 0x00000006e3e00000|  0%| F|  |TAMS 0x00000006e3d00000, 0x00000006e3d00000| Untracked 
|  62|0x00000006e3e00000, 0x00000006e3e00000, 0x00000006e3f00000|  0%| F|  |TAMS 0x00000006e3e00000, 0x00000006e3e00000| Untracked 
|  63|0x00000006e3f00000, 0x00000006e3f00000, 0x00000006e4000000|  0%| F|  |TAMS 0x00000006e3f00000, 0x00000006e3f00000| Untracked 
|  64|0x00000006e4000000, 0x00000006e4000000, 0x00000006e4100000|  0%| F|  |TAMS 0x00000006e4000000, 0x00000006e4000000| Untracked 
|  65|0x00000006e4100000, 0x00000006e4100000, 0x00000006e4200000|  0%| F|  |TAMS 0x00000006e4100000, 0x00000006e4100000| Untracked 
|  66|0x00000006e4200000, 0x00000006e4200000, 0x00000006e4300000|  0%| F|  |TAMS 0x00000006e4200000, 0x00000006e4200000| Untracked 
|  67|0x00000006e4300000, 0x00000006e4300000, 0x00000006e4400000|  0%| F|  |TAMS 0x00000006e4300000, 0x00000006e4300000| Untracked 
|  68|0x00000006e4400000, 0x00000006e4400000, 0x00000006e4500000|  0%| F|  |TAMS 0x00000006e4400000, 0x00000006e4400000| Untracked 
|  69|0x00000006e4500000, 0x00000006e4500000, 0x00000006e4600000|  0%| F|  |TAMS 0x00000006e4500000, 0x00000006e4500000| Untracked 
|  70|0x00000006e4600000, 0x00000006e4600000, 0x00000006e4700000|  0%| F|  |TAMS 0x00000006e4600000, 0x00000006e4600000| Untracked 
|  71|0x00000006e4700000, 0x00000006e4700000, 0x00000006e4800000|  0%| F|  |TAMS 0x00000006e4700000, 0x00000006e4700000| Untracked 
|  72|0x00000006e4800000, 0x00000006e4800000, 0x00000006e4900000|  0%| F|  |TAMS 0x00000006e4800000, 0x00000006e4800000| Untracked 
|  73|0x00000006e4900000, 0x00000006e4900000, 0x00000006e4a00000|  0%| F|  |TAMS 0x00000006e4900000, 0x00000006e4900000| Untracked 
|  74|0x00000006e4a00000, 0x00000006e4a00000, 0x00000006e4b00000|  0%| F|  |TAMS 0x00000006e4a00000, 0x00000006e4a00000| Untracked 
|  75|0x00000006e4b00000, 0x00000006e4b00000, 0x00000006e4c00000|  0%| F|  |TAMS 0x00000006e4b00000, 0x00000006e4b00000| Untracked 
|  76|0x00000006e4c00000, 0x00000006e4cefb68, 0x00000006e4d00000| 93%| E|  |TAMS 0x00000006e4c00000, 0x00000006e4c00000| Complete 
|  77|0x00000006e4d00000, 0x00000006e4e00000, 0x00000006e4e00000|100%| E|CS|TAMS 0x00000006e4d00000, 0x00000006e4d00000| Complete 
|  78|0x00000006e4e00000, 0x00000006e4f00000, 0x00000006e4f00000|100%| E|CS|TAMS 0x00000006e4e00000, 0x00000006e4e00000| Complete 
|  79|0x00000006e4f00000, 0x00000006e5000000, 0x00000006e5000000|100%| E|CS|TAMS 0x00000006e4f00000, 0x00000006e4f00000| Complete 
|  80|0x00000006e5000000, 0x00000006e5100000, 0x00000006e5100000|100%| E|CS|TAMS 0x00000006e5000000, 0x00000006e5000000| Complete 
|  81|0x00000006e5100000, 0x00000006e5200000, 0x00000006e5200000|100%| E|CS|TAMS 0x00000006e5100000, 0x00000006e5100000| Complete 
|  82|0x00000006e5200000, 0x00000006e5300000, 0x00000006e5300000|100%| E|CS|TAMS 0x00000006e5200000, 0x00000006e5200000| Complete 
|  83|0x00000006e5300000, 0x00000006e5400000, 0x00000006e5400000|100%| E|CS|TAMS 0x00000006e5300000, 0x00000006e5300000| Complete 
|  84|0x00000006e5400000, 0x00000006e5500000, 0x00000006e5500000|100%| E|CS|TAMS 0x00000006e5400000, 0x00000006e5400000| Complete 
|  85|0x00000006e5500000, 0x00000006e5600000, 0x00000006e5600000|100%| E|CS|TAMS 0x00000006e5500000, 0x00000006e5500000| Complete 
|  86|0x00000006e5600000, 0x00000006e5700000, 0x00000006e5700000|100%| E|CS|TAMS 0x00000006e5600000, 0x00000006e5600000| Complete 
|  87|0x00000006e5700000, 0x00000006e5800000, 0x00000006e5800000|100%| E|CS|TAMS 0x00000006e5700000, 0x00000006e5700000| Complete 
|  88|0x00000006e5800000, 0x00000006e5900000, 0x00000006e5900000|100%| E|CS|TAMS 0x00000006e5800000, 0x00000006e5800000| Complete 
|  89|0x00000006e5900000, 0x00000006e5a00000, 0x00000006e5a00000|100%| E|CS|TAMS 0x00000006e5900000, 0x00000006e5900000| Complete 
|  90|0x00000006e5a00000, 0x00000006e5b00000, 0x00000006e5b00000|100%| E|CS|TAMS 0x00000006e5a00000, 0x00000006e5a00000| Complete 
|  91|0x00000006e5b00000, 0x00000006e5c00000, 0x00000006e5c00000|100%| E|CS|TAMS 0x00000006e5b00000, 0x00000006e5b00000| Complete 
|  92|0x00000006e5c00000, 0x00000006e5d00000, 0x00000006e5d00000|100%| E|CS|TAMS 0x00000006e5c00000, 0x00000006e5c00000| Complete 
|  93|0x00000006e5d00000, 0x00000006e5e00000, 0x00000006e5e00000|100%| E|CS|TAMS 0x00000006e5d00000, 0x00000006e5d00000| Complete 
|  94|0x00000006e5e00000, 0x00000006e5f00000, 0x00000006e5f00000|100%| E|CS|TAMS 0x00000006e5e00000, 0x00000006e5e00000| Complete 
|  95|0x00000006e5f00000, 0x00000006e6000000, 0x00000006e6000000|100%| E|CS|TAMS 0x00000006e5f00000, 0x00000006e5f00000| Complete 

Card table byte_map: [0x0000013cbdda0000,0x0000013cbe6a0000] _byte_map_base: 0x0000013cba6a0000

Marking Bits (Prev, Next): (CMBitMap*) 0x0000013ca4339f60, (CMBitMap*) 0x0000013ca4339f28
 Prev Bits: [0x0000013cc37a0000, 0x0000013cc7fa0000)
 Next Bits: [0x0000013cbefa0000, 0x0000013cc37a0000)

Polling page: 0x0000013ca4090000

Metaspace:

Usage:
  Non-class:     26.82 MB capacity,    26.58 MB (>99%) used,   209.78 KB ( <1%) free+waste,    42.38 KB ( <1%) overhead. 
      Class:      3.97 MB capacity,     3.77 MB ( 95%) used,   181.15 KB (  4%) free+waste,    19.13 KB ( <1%) overhead. 
       Both:     30.79 MB capacity,    30.35 MB ( 99%) used,   390.93 KB (  1%) free+waste,    61.50 KB ( <1%) overhead. 

Virtual space:
  Non-class space:       28.00 MB reserved,      27.00 MB ( 96%) committed 
      Class space:        1.00 GB reserved,       4.00 MB ( <1%) committed 
             Both:        1.03 GB reserved,      31.00 MB (  3%) committed 

Chunk freelists:
   Non-Class:  6.88 KB
       Class:  256 bytes
        Both:  7.13 KB

CodeHeap 'non-profiled nmethods': size=120064Kb used=1004Kb max_used=1004Kb free=119059Kb
 bounds [0x0000013cb5940000, 0x0000013cb5bb0000, 0x0000013cbce80000]
CodeHeap 'profiled nmethods': size=120000Kb used=4964Kb max_used=4964Kb free=115035Kb
 bounds [0x0000013cae410000, 0x0000013cae8f0000, 0x0000013cb5940000]
CodeHeap 'non-nmethods': size=5696Kb used=1164Kb max_used=1185Kb free=4531Kb
 bounds [0x0000013cade80000, 0x0000013cae0f0000, 0x0000013cae410000]
 total_blobs=3469 nmethods=2217 adapters=410
 compilation: enabled
              stopped_count=0, restarted_count=0
 full_count=0

Compilation events (10 events):
Event: 40.475 Thread 0x0000013ccafcf000 nmethod 2386 0x0000013cae8cf310 code [0x0000013cae8cf520, 0x0000013cae8cf9e0]
Event: 40.479 Thread 0x0000013ccafcf000 2387       3       java.beans.FeatureDescriptor::setClass0 (9 bytes)
Event: 40.479 Thread 0x0000013ccafcf000 nmethod 2387 0x0000013cae8cfb90 code [0x0000013cae8cfd80, 0x0000013cae8d0170]
Event: 40.479 Thread 0x0000013ccafcf000 2388       1       java.util.Hashtable$Entry::getKey (5 bytes)
Event: 40.479 Thread 0x0000013ccafcf000 nmethod 2388 0x0000013cb5a38890 code [0x0000013cb5a38a40, 0x0000013cb5a38b58]
Event: 40.479 Thread 0x0000013ccafcf000 2389       1       java.util.Hashtable$Entry::getValue (5 bytes)
Event: 40.480 Thread 0x0000013ccafcf000 nmethod 2389 0x0000013cb5a38c10 code [0x0000013cb5a38dc0, 0x0000013cb5a38ed8]
Event: 40.480 Thread 0x0000013ccafcf000 2390       3       jdk.internal.reflect.DelegatingConstructorAccessorImpl::newInstance (9 bytes)
Event: 40.480 Thread 0x0000013ccafcf000 nmethod 2390 0x0000013cae8d0310 code [0x0000013cae8d04e0, 0x0000013cae8d0710]
Event: 40.480 Thread 0x0000013ccafcf000 2391       3       java.beans.FeatureDescriptor::<init> (5 bytes)

GC Heap History (10 events):
Event: 4.311 GC heap before
{Heap before GC invocations=1 (full 0):
 garbage-first heap   total 98304K, used 14432K [0x00000006e0000000, 0x0000000800000000)
  region size 1024K, 9 young (9216K), 2 survivors (2048K)
 Metaspace       used 9987K, capacity 10158K, committed 10368K, reserved 1058816K
  class space    used 1035K, capacity 1086K, committed 1152K, reserved 1048576K
}
Event: 4.318 GC heap after
{Heap after GC invocations=2 (full 0):
 garbage-first heap   total 98304K, used 7737K [0x00000006e0000000, 0x0000000800000000)
  region size 1024K, 1 young (1024K), 1 survivors (1024K)
 Metaspace       used 9987K, capacity 10158K, committed 10368K, reserved 1058816K
  class space    used 1035K, capacity 1086K, committed 1152K, reserved 1048576K
}
Event: 25.597 GC heap before
{Heap before GC invocations=2 (full 0):
 garbage-first heap   total 98304K, used 31289K [0x00000006e0000000, 0x0000000800000000)
  region size 1024K, 24 young (24576K), 1 survivors (1024K)
 Metaspace       used 10680K, capacity 10884K, committed 11008K, reserved 1058816K
  class space    used 1106K, capacity 1157K, committed 1280K, reserved 1048576K
}
Event: 25.617 GC heap after
{Heap after GC invocations=3 (full 0):
 garbage-first heap   total 98304K, used 12056K [0x00000006e0000000, 0x0000000800000000)
  region size 1024K, 3 young (3072K), 3 survivors (3072K)
 Metaspace       used 10680K, capacity 10884K, committed 11008K, reserved 1058816K
  class space    used 1106K, capacity 1157K, committed 1280K, reserved 1048576K
}
Event: 30.349 GC heap before
{Heap before GC invocations=3 (full 0):
 garbage-first heap   total 98304K, used 49944K [0x00000006e0000000, 0x0000000800000000)
  region size 1024K, 40 young (40960K), 3 survivors (3072K)
 Metaspace       used 18657K, capacity 19098K, committed 19328K, reserved 1067008K
  class space    used 2247K, capacity 2389K, committed 2432K, reserved 1048576K
}
Event: 30.359 GC heap after
{Heap after GC invocations=4 (full 0):
 garbage-first heap   total 98304K, used 14701K [0x00000006e0000000, 0x0000000800000000)
  region size 1024K, 5 young (5120K), 5 survivors (5120K)
 Metaspace       used 18657K, capacity 19098K, committed 19328K, reserved 1067008K
  class space    used 2247K, capacity 2389K, committed 2432K, reserved 1048576K
}
Event: 33.050 GC heap before
{Heap before GC invocations=4 (full 0):
 garbage-first heap   total 98304K, used 32109K [0x00000006e0000000, 0x0000000800000000)
  region size 1024K, 23 young (23552K), 5 survivors (5120K)
 Metaspace       used 20734K, capacity 21130K, committed 21248K, reserved 1067008K
  class space    used 2606K, capacity 2751K, committed 2816K, reserved 1048576K
}
Event: 33.068 GC heap after
{Heap after GC invocations=5 (full 0):
 garbage-first heap   total 98304K, used 15678K [0x00000006e0000000, 0x0000000800000000)
  region size 1024K, 4 young (4096K), 4 survivors (4096K)
 Metaspace       used 20734K, capacity 21130K, committed 21248K, reserved 1067008K
  class space    used 2606K, capacity 2751K, committed 2816K, reserved 1048576K
}
Event: 37.821 GC heap before
{Heap before GC invocations=6 (full 0):
 garbage-first heap   total 98304K, used 50494K [0x00000006e0000000, 0x0000000800000000)
  region size 1024K, 39 young (39936K), 4 survivors (4096K)
 Metaspace       used 26863K, capacity 27338K, committed 27648K, reserved 1073152K
  class space    used 3343K, capacity 3497K, committed 3584K, reserved 1048576K
}
Event: 37.855 GC heap after
{Heap after GC invocations=7 (full 0):
 garbage-first heap   total 98304K, used 17580K [0x00000006e0000000, 0x0000000800000000)
  region size 1024K, 3 young (3072K), 3 survivors (3072K)
 Metaspace       used 26863K, capacity 27338K, committed 27648K, reserved 1073152K
  class space    used 3343K, capacity 3497K, committed 3584K, reserved 1048576K
}

Deoptimization events (10 events):
Event: 38.187 Thread 0x0000013ccbb12800 Uncommon trap: reason=unstable_if action=reinterpret pc=0x0000013cb59c3e2c method=java.util.concurrent.ConcurrentHashMap.addCount(JI)V @ 7 c2
Event: 38.472 Thread 0x0000013ccb9ed000 Uncommon trap: reason=profile_predicate action=maybe_recompile pc=0x0000013cb5a256f8 method=java.lang.PublicMethods$MethodList.filter([Ljava/lang/reflect/Method;Ljava/lang/String;[Ljava/lang/Class;Z)Ljava/lang/PublicMethods$MethodList; @ 21 c2
Event: 38.472 Thread 0x0000013ccb9ed000 Uncommon trap: reason=profile_predicate action=maybe_recompile pc=0x0000013cb5a256f8 method=java.lang.PublicMethods$MethodList.filter([Ljava/lang/reflect/Method;Ljava/lang/String;[Ljava/lang/Class;Z)Ljava/lang/PublicMethods$MethodList; @ 21 c2
Event: 39.323 Thread 0x0000013ccb9ed000 Uncommon trap: reason=unstable_if action=reinterpret pc=0x0000013cb5a2d220 method=jdk.internal.org.objectweb.asm.Type.getArgumentsAndReturnSizes(Ljava/lang/String;)I @ 130 c2
Event: 40.255 Thread 0x0000013ccb9ed000 Uncommon trap: reason=class_check action=maybe_recompile pc=0x0000013cb5a1efec method=jdk.internal.loader.URLClassPath.getLoader(I)Ljdk/internal/loader/URLClassPath$Loader; @ 88 c2
Event: 40.255 Thread 0x0000013ccb9ed000 Uncommon trap: reason=class_check action=maybe_recompile pc=0x0000013cb59b948c method=jdk.internal.loader.URLClassPath.getResource(Ljava/lang/String;Z)Ljdk/internal/loader/Resource; @ 53 c2
Event: 40.255 Thread 0x0000013ccb9ed000 Uncommon trap: reason=unstable_if action=reinterpret pc=0x0000013cb5976c3c method=java.lang.String.regionMatches(ZILjava/lang/String;II)Z @ 36 c2
Event: 40.322 Thread 0x0000013ccb9ed000 Uncommon trap: reason=unstable_if action=reinterpret pc=0x0000013cb59ec564 method=java.lang.ClassLoader.getClassLoadingLock(Ljava/lang/String;)Ljava/lang/Object; @ 6 c2
Event: 40.389 Thread 0x0000013ccb9ed000 Uncommon trap: reason=class_check action=maybe_recompile pc=0x0000013cb5a1f608 method=jdk.internal.loader.URLClassPath.getLoader(I)Ljdk/internal/loader/URLClassPath$Loader; @ 190 c2
Event: 40.406 Thread 0x0000013ccb9ed000 Uncommon trap: reason=class_check action=maybe_recompile pc=0x0000013cb5a1f608 method=jdk.internal.loader.URLClassPath.getLoader(I)Ljdk/internal/loader/URLClassPath$Loader; @ 190 c2

Classes redefined (0 events):
No events

Internal exceptions (10 events):
Event: 40.396 Thread 0x0000013ccb9ed000 Exception <a 'java/lang/ClassNotFoundException'{0x00000006e51656f8}: groovy/lang/ScriptCustomizer> (0x00000006e51656f8) thrown at [t:/workspace/open/src/hotspot/share/classfile/systemDictionary.cpp, line 231]
Event: 40.398 Thread 0x0000013ccb9ed000 Exception <a 'java/lang/ClassNotFoundException'{0x00000006e517b9b8}: org/gradle/groovy/scripts/ScriptCustomizer> (0x00000006e517b9b8) thrown at [t:/workspace/open/src/hotspot/share/classfile/systemDictionary.cpp, line 231]
Event: 40.399 Thread 0x0000013ccb9ed000 Exception <a 'java/lang/ClassNotFoundException'{0x00000006e51905c0}: org/gradle/groovy/scripts/BasicScriptCustomizer> (0x00000006e51905c0) thrown at [t:/workspace/open/src/hotspot/share/classfile/systemDictionary.cpp, line 231]
Event: 40.400 Thread 0x0000013ccb9ed000 Exception <a 'java/lang/ClassNotFoundException'{0x00000006e51aad28}: org/gradle/groovy/scripts/DefaultScriptCustomizer> (0x00000006e51aad28) thrown at [t:/workspace/open/src/hotspot/share/classfile/systemDictionary.cpp, line 231]
Event: 40.405 Thread 0x0000013ccb9ed000 Exception <a 'java/lang/ClassNotFoundException'{0x00000006e51d7448}: org/gradle/initialization/SettingsScriptCustomizer> (0x00000006e51d7448) thrown at [t:/workspace/open/src/hotspot/share/classfile/systemDictionary.cpp, line 231]
Event: 40.407 Thread 0x0000013ccb9ed000 Exception <a 'java/lang/ClassNotFoundException'{0x00000006e51e7a10}: settings_9lhlfk3etmddoo6putwdzb5veCustomizer> (0x00000006e51e7a10) thrown at [t:/workspace/open/src/hotspot/share/classfile/systemDictionary.cpp, line 231]
Event: 40.476 Thread 0x0000013ccb9ed000 Exception <a 'java/lang/ClassNotFoundException'{0x00000006e50fb000}: org/gradle/initialization/DefaultSettings_DecoratedBeanInfo> (0x00000006e50fb000) thrown at [t:/workspace/open/src/hotspot/share/classfile/systemDictionary.cpp, line 231]
Event: 40.477 Thread 0x0000013ccb9ed000 Exception <a 'java/lang/ClassNotFoundException'{0x00000006e4f13e08}: org/gradle/initialization/DefaultSettingsBeanInfo> (0x00000006e4f13e08) thrown at [t:/workspace/open/src/hotspot/share/classfile/systemDictionary.cpp, line 231]
Event: 40.478 Thread 0x0000013ccb9ed000 Exception <a 'java/lang/ClassNotFoundException'{0x00000006e4f2eed8}: org/gradle/api/internal/project/AbstractPluginAwareBeanInfo> (0x00000006e4f2eed8) thrown at [t:/workspace/open/src/hotspot/share/classfile/systemDictionary.cpp, line 231]
Event: 40.478 Thread 0x0000013ccb9ed000 Exception <a 'java/lang/ClassNotFoundException'{0x00000006e4f4a278}: org/gradle/api/internal/project/AbstractPluginAwareCustomizer> (0x00000006e4f4a278) thrown at [t:/workspace/open/src/hotspot/share/classfile/systemDictionary.cpp, line 231]

Events (10 events):
Event: 40.478 loading class org/gradle/api/internal/project/AbstractPluginAwareCustomizer
Event: 40.478 loading class org/gradle/api/internal/project/AbstractPluginAwareCustomizer done
Event: 40.478 loading class org/gradle/api/internal/project/AbstractPluginAwareCustomizer
Event: 40.478 loading class org/gradle/api/internal/project/AbstractPluginAwareCustomizer done
Event: 40.478 loading class org/gradle/api/internal/project/AbstractPluginAwareCustomizer
Event: 40.478 loading class org/gradle/api/internal/project/AbstractPluginAwareCustomizer done
Event: 40.479 loading class sun/reflect/generics/tree/VoidDescriptor
Event: 40.479 loading class sun/reflect/generics/tree/VoidDescriptor done
Event: 40.480 loading class org/gradle/initialization/DefaultSettingsCustomizer
Event: 40.480 loading class org/gradle/initialization/DefaultSettingsCustomizer done


Dynamic libraries:
0x00007ff6241d0000 - 0x00007ff624217000 	C:\Program Files\Java\jdk-11.0.6\bin\java.exe
0x00007ffc2a400000 - 0x00007ffc2a5e0000 	C:\Windows\SYSTEM32\ntdll.dll
0x00007ffc27f00000 - 0x00007ffc27fae000 	C:\Windows\System32\KERNEL32.DLL
0x00007ffc268b0000 - 0x00007ffc26b16000 	C:\Windows\System32\KERNELBASE.dll
0x00007ffc278d0000 - 0x00007ffc27971000 	C:\Windows\System32\ADVAPI32.dll
0x00007ffc28cd0000 - 0x00007ffc28d6d000 	C:\Windows\System32\msvcrt.dll
0x00007ffc28850000 - 0x00007ffc288ab000 	C:\Windows\System32\sechost.dll
0x00007ffc27ac0000 - 0x00007ffc27bdf000 	C:\Windows\System32\RPCRT4.dll
0x00007ffc28d70000 - 0x00007ffc28eff000 	C:\Windows\System32\USER32.dll
0x00007ffc27160000 - 0x00007ffc27180000 	C:\Windows\System32\win32u.dll
0x00007ffc27ed0000 - 0x00007ffc27ef8000 	C:\Windows\System32\GDI32.dll
0x00007ffc26f70000 - 0x00007ffc27103000 	C:\Windows\System32\gdi32full.dll
0x00007ffc26b20000 - 0x00007ffc26bbb000 	C:\Windows\System32\msvcp_win.dll
0x00007ffc26bc0000 - 0x00007ffc26cb4000 	C:\Windows\System32\ucrtbase.dll
0x00007ffc10190000 - 0x00007ffc103f9000 	C:\Windows\WinSxS\amd64_microsoft.windows.common-controls_6595b64144ccf1df_6.0.16299.1087_none_0f9074b65a6589b7\COMCTL32.dll
0x00007ffc1d8f0000 - 0x00007ffc1d8fa000 	C:\Windows\SYSTEM32\VERSION.dll
0x00007ffc28960000 - 0x00007ffc28c66000 	C:\Windows\System32\combase.dll
0x00007ffc26d20000 - 0x00007ffc26d92000 	C:\Windows\System32\bcryptPrimitives.dll
0x00007ffc27a90000 - 0x00007ffc27abd000 	C:\Windows\System32\IMM32.DLL
0x00007ffc1e3a0000 - 0x00007ffc1e3b6000 	C:\Program Files\Java\jdk-11.0.6\bin\vcruntime140.dll
0x00007ffc0e420000 - 0x00007ffc0e4ca000 	C:\Program Files\Java\jdk-11.0.6\bin\msvcp140.dll
0x00007ffbf7840000 - 0x00007ffbf8369000 	C:\Program Files\Java\jdk-11.0.6\bin\server\jvm.dll
0x00007ffc287e0000 - 0x00007ffc287e8000 	C:\Windows\System32\PSAPI.DLL
0x00007ffc15560000 - 0x00007ffc15569000 	C:\Windows\SYSTEM32\WSOCK32.dll
0x00007ffc28770000 - 0x00007ffc287dc000 	C:\Windows\System32\WS2_32.dll
0x00007ffc245b0000 - 0x00007ffc245d3000 	C:\Windows\SYSTEM32\WINMM.dll
0x00007ffc24550000 - 0x00007ffc2457a000 	C:\Windows\SYSTEM32\WINMMBASE.dll
0x00007ffc27110000 - 0x00007ffc2715a000 	C:\Windows\System32\cfgmgr32.dll
0x00007ffc267c0000 - 0x00007ffc267d1000 	C:\Windows\System32\kernel.appcore.dll
0x00007ffc12b30000 - 0x00007ffc12b41000 	C:\Program Files\Java\jdk-11.0.6\bin\verify.dll
0x00007ffc17db0000 - 0x00007ffc17f78000 	C:\Windows\SYSTEM32\DBGHELP.DLL
0x00007ffc17d80000 - 0x00007ffc17da9000 	C:\Windows\SYSTEM32\dbgcore.DLL
0x00007ffc12b00000 - 0x00007ffc12b29000 	C:\Program Files\Java\jdk-11.0.6\bin\java.dll
0x00007ffc13c10000 - 0x00007ffc13c26000 	C:\Program Files\Java\jdk-11.0.6\bin\zip.dll
0x00007ffc22c50000 - 0x00007ffc22c5a000 	C:\Program Files\Java\jdk-11.0.6\bin\jimage.dll
0x00007ffc28f70000 - 0x00007ffc2a3a8000 	C:\Windows\System32\SHELL32.dll
0x00007ffc288b0000 - 0x00007ffc28956000 	C:\Windows\System32\shcore.dll
0x00007ffc27180000 - 0x00007ffc278c7000 	C:\Windows\System32\windows.storage.dll
0x00007ffc28f10000 - 0x00007ffc28f61000 	C:\Windows\System32\shlwapi.dll
0x00007ffc26750000 - 0x00007ffc2679c000 	C:\Windows\System32\powrprof.dll
0x00007ffc267e0000 - 0x00007ffc267fb000 	C:\Windows\System32\profapi.dll
0x00007ffc12830000 - 0x00007ffc12849000 	C:\Program Files\Java\jdk-11.0.6\bin\net.dll
0x00007ffc1fdc0000 - 0x00007ffc1fe9e000 	C:\Windows\SYSTEM32\WINHTTP.dll
0x00007ffc25fe0000 - 0x00007ffc26046000 	C:\Windows\system32\mswsock.dll
0x00007ffc12780000 - 0x00007ffc12793000 	C:\Program Files\Java\jdk-11.0.6\bin\nio.dll
0x00007ffc17310000 - 0x00007ffc17336000 	C:\Users\Rohit Jain\.gradle\native\29\windows-amd64\native-platform.dll
0x00007ffc1e470000 - 0x00007ffc1e479000 	C:\Program Files\Java\jdk-11.0.6\bin\management.dll
0x00007ffc1e1f0000 - 0x00007ffc1e1fc000 	C:\Program Files\Java\jdk-11.0.6\bin\management_ext.dll
0x00007ffc261a0000 - 0x00007ffc261b7000 	C:\Windows\SYSTEM32\CRYPTSP.dll
0x00007ffc25b80000 - 0x00007ffc25bb3000 	C:\Windows\system32\rsaenh.dll
0x00007ffc262b0000 - 0x00007ffc262d5000 	C:\Windows\SYSTEM32\bcrypt.dll
0x00007ffc26650000 - 0x00007ffc26679000 	C:\Windows\SYSTEM32\USERENV.dll
0x00007ffc261c0000 - 0x00007ffc261cb000 	C:\Windows\SYSTEM32\CRYPTBASE.dll
0x00007ffc25d70000 - 0x00007ffc25da9000 	C:\Windows\SYSTEM32\IPHLPAPI.DLL
0x00007ffc286e0000 - 0x00007ffc286e8000 	C:\Windows\System32\NSI.dll
0x00007ffc1fda0000 - 0x00007ffc1fdb6000 	C:\Windows\SYSTEM32\dhcpcsvc6.DLL
0x00007ffc20200000 - 0x00007ffc2021a000 	C:\Windows\SYSTEM32\dhcpcsvc.DLL

dbghelp: loaded successfully - version: 4.0.5 - missing functions: none
symbol engine: initialized successfully - sym options: 0x614 - pdb path: .;C:\Program Files\Java\jdk-11.0.6\bin;C:\Windows\SYSTEM32;C:\Windows\WinSxS\amd64_microsoft.windows.common-controls_6595b64144ccf1df_6.0.16299.1087_none_0f9074b65a6589b7;C:\Program Files\Java\jdk-11.0.6\bin\server;C:\Users\Rohit Jain\.gradle\native\29\windows-amd64

VM Arguments:
jvm_args: --add-opens=java.base/java.util=ALL-UNNAMED --add-opens=java.base/java.lang=ALL-UNNAMED --add-opens=java.base/java.lang.invoke=ALL-UNNAMED --add-opens=java.prefs/java.util.prefs=ALL-UNNAMED -Xmx4608M -Dfile.encoding=windows-1252 -Duser.country=US -Duser.language=en -Duser.variant 
java_command: org.gradle.launcher.daemon.bootstrap.GradleDaemon 5.5
java_class_path (initial): C:\Users\Rohit Jain\.gradle\wrapper\dists\gradle-5.5-all\byeise1led9a3w3p149d02kfj\gradle-5.5\lib\gradle-launcher-5.5.jar
Launcher Type: SUN_STANDARD

[Global flags]
     intx CICompilerCount                          = 3                                         {product} {ergonomic}
     uint ConcGCThreads                            = 1                                         {product} {ergonomic}
     uint G1ConcRefinementThreads                  = 4                                         {product} {ergonomic}
   size_t G1HeapRegionSize                         = 1048576                                   {product} {ergonomic}
    uintx GCDrainStackTargetSize                   = 64                                        {product} {ergonomic}
   size_t InitialHeapSize                          = 100663296                                 {product} {ergonomic}
   size_t MarkStackSize                            = 4194304                                   {product} {ergonomic}
   size_t MaxHeapSize                              = 4831838208                                {product} {command line}
   size_t MaxNewSize                               = 2898264064                                {product} {ergonomic}
   size_t MinHeapDeltaBytes                        = 1048576                                   {product} {ergonomic}
    uintx NonNMethodCodeHeapSize                   = 5830732                                {pd product} {ergonomic}
    uintx NonProfiledCodeHeapSize                  = 122913754                              {pd product} {ergonomic}
    uintx ProfiledCodeHeapSize                     = 122913754                              {pd product} {ergonomic}
    uintx ReservedCodeCacheSize                    = 251658240                              {pd product} {ergonomic}
     bool SegmentedCodeCache                       = true                                      {product} {ergonomic}
     bool UseCompressedClassPointers               = true                                 {lp64_product} {ergonomic}
     bool UseCompressedOops                        = true                                 {lp64_product} {ergonomic}
     bool UseG1GC                                  = true                                      {product} {ergonomic}
     bool UseLargePagesIndividualAllocation        = false                                  {pd product} {ergonomic}

Logging:
Log output configuration:
 #0: stdout all=warning uptime,level,tags
 #1: stderr all=off uptime,level,tags

Environment Variables:
JAVA_HOME=C:\Program Files\Java\jdk-11.0.6
CLASSPATH=F:\FinalAppCode\TSGAPP\android\\gradle\wrapper\gradle-wrapper.jar
PATH=C:\Windows\system32;C:\Windows;C:\Windows\System32\Wbem;C:\Windows\System32\WindowsPowerShell\v1.0\;C:\Program Files\nodejs\;C:\Program Files\Git\cmd;C:\Program Files\Java\jdk-11.0.6\bin;C:\ProgramData\chocolatey\bin;C:\Users\Rohit Jain\AppData\Local\Microsoft\WindowsApps;;C:\Users\Rohit Jain\AppData\Roaming\npm;C:\Users\Rohit Jain\AppData\Local\Programs\Microsoft VS Code\bin
USERNAME=Rohit Jain
OS=Windows_NT
PROCESSOR_IDENTIFIER=Intel64 Family 6 Model 42 Stepping 7, GenuineIntel



---------------  S Y S T E M  ---------------

OS: Windows 10 , 64 bit Build 16299 (10.0.16299.1087)

CPU:total 4 (initial active 4) (2 cores per cpu, 2 threads per core) family 6 model 42 stepping 7, cmov, cx8, fxsr, mmx, sse, sse2, sse3, ssse3, sse4.1, sse4.2, popcnt, avx, clmul, ht, tsc, tscinvbit

Memory: 4k page, system-wide physical 6044M (1043M free)
TotalPageFile size 20124M (AvailPageFile size 4M)
current process WorkingSet (physical memory assigned to process): 154M, peak: 154M
current process commit charge ("private bytes"): 226M, peak: 233M

vm_info: Java HotSpot(TM) 64-Bit Server VM (11.0.6+8-LTS) for windows-amd64 JRE (11.0.6+8-LTS), built on Dec 11 2019 09:17:57 by "mach5one" with MS VC++ 15.5 (VS2017)

END.
