#
# There is insufficient memory for the Java Runtime Environment to continue.
# Native memory allocation (malloc) failed to allocate 2144496 bytes for Chunk::new
# Possible reasons:
#   The system is out of physical RAM or swap space
#   The process is running with CompressedOops enabled, and the Java Heap may be blocking the growth of the native heap
# Possible solutions:
#   Reduce memory load on the system
#   Increase physical memory or swap space
#   Check if swap backing store is full
#   Decrease Java heap size (-Xmx/-Xms)
#   Decrease number of Java threads
#   Decrease Java thread stack sizes (-Xss)
#   Set larger code cache with -XX:ReservedCodeCacheSize=
#   JVM is running with Zero Based Compressed Oops mode in which the Java heap is
#     placed in the first 32GB address space. The Java Heap base address is the
#     maximum limit for the native heap growth. Please use -XX:HeapBaseMinAddress
#     to set the Java Heap base and to place the Java Heap above 32GB virtual address.
# This output file may be truncated or incomplete.
#
#  Out of Memory Error (t:/workspace/open/src/hotspot/share/memory/arena.cpp:197), pid=6140, tid=10452
#
# JRE version: Java(TM) SE Runtime Environment (11.0.6+8) (build 11.0.6+8-LTS)
# Java VM: Java HotSpot(TM) 64-Bit Server VM (11.0.6+8-LTS, mixed mode, tiered, compressed oops, g1 gc, windows-amd64)
# No core dump will be written. Minidumps are not enabled by default on client versions of Windows
#

---------------  S U M M A R Y ------------

Command Line: --add-opens=java.base/java.util=ALL-UNNAMED --add-opens=java.base/java.lang=ALL-UNNAMED --add-opens=java.base/java.lang.invoke=ALL-UNNAMED --add-opens=java.prefs/java.util.prefs=ALL-UNNAMED -Xmx4608M -Dfile.encoding=windows-1252 -Duser.country=US -Duser.language=en -Duser.variant org.gradle.launcher.daemon.bootstrap.GradleDaemon 5.5

Host: Intel(R) Core(TM) i3-2328M CPU @ 2.20GHz, 4 cores, 5G,  Windows 10 , 64 bit Build 16299 (10.0.16299.1087)
Time: Mon Mar  2 14:54:02 2020 India Standard Time elapsed time: 223 seconds (0d 0h 3m 43s)

---------------  T H R E A D  ---------------

Current thread (0x0000021b56e79000):  JavaThread "C2 CompilerThread0" daemon [_thread_in_native, id=10452, stack(0x000000869f900000,0x000000869fa00000)]


Current CompileTask:
C2: 223472 15962       4       com.sun.tools.javac.comp.Check::checkType (168 bytes)

Stack: [0x000000869f900000,0x000000869fa00000]
Native frames: (J=compiled Java code, j=interpreted, Vv=VM code, C=native code)
V  [jvm.dll+0x63679a]
V  [jvm.dll+0x7755bf]
V  [jvm.dll+0x776c65]
V  [jvm.dll+0x7772d3]
V  [jvm.dll+0x25e7f8]
V  [jvm.dll+0xc1c01]
V  [jvm.dll+0xc219c]
V  [jvm.dll+0x36d932]
V  [jvm.dll+0x33a7b3]
V  [jvm.dll+0x339b8a]
V  [jvm.dll+0x218355]
V  [jvm.dll+0x2174fa]
V  [jvm.dll+0x193a2c]
V  [jvm.dll+0x226544]
V  [jvm.dll+0x224b28]
V  [jvm.dll+0x73a9c5]
V  [jvm.dll+0x733905]
V  [jvm.dll+0x635846]
C  [ucrtbase.dll+0x1fa95]
C  [KERNEL32.DLL+0x137e4]
C  [ntdll.dll+0x6cb81]


---------------  P R O C E S S  ---------------

Threads class SMR info:
_java_thread_list=0x0000021b5be6c340, length=44, elements={
0x0000021b3216f000, 0x0000021b564ee800, 0x0000021b56518000, 0x0000021b56e74800,
0x0000021b56e77800, 0x0000021b56e79000, 0x0000021b56e85800, 0x0000021b56e86800,
0x0000021b56fea000, 0x0000021b57020000, 0x0000021b57a3e800, 0x0000021b57c00800,
0x0000021b584da800, 0x0000021b58588000, 0x0000021b58782800, 0x0000021b58cb9800,
0x0000021b58cba800, 0x0000021b58cbc000, 0x0000021b58cb9000, 0x0000021b599fd000,
0x0000021b599f9000, 0x0000021b599fa800, 0x0000021b599f8000, 0x0000021b599fb000,
0x0000021b599fc000, 0x0000021b599f7000, 0x0000021b599f9800, 0x0000021b59a01000,
0x0000021b599ff800, 0x0000021b59a02800, 0x0000021b59a00000, 0x0000021b59a03800,
0x0000021b599fd800, 0x0000021b59a02000, 0x0000021b59a04000, 0x0000021b599fe800,
0x0000021b59a06000, 0x0000021b59a05000, 0x0000021b58cb8000, 0x0000021b58cbb000,
0x0000021b58cb7000, 0x0000021b58cbd800, 0x0000021b57e6c800, 0x0000021b5d6bb800
}

Java Threads: ( => current thread )
  0x0000021b3216f000 JavaThread "main" [_thread_blocked, id=12152, stack(0x000000869ee00000,0x000000869ef00000)]
  0x0000021b564ee800 JavaThread "Reference Handler" daemon [_thread_blocked, id=11100, stack(0x000000869f500000,0x000000869f600000)]
  0x0000021b56518000 JavaThread "Finalizer" daemon [_thread_blocked, id=4308, stack(0x000000869f600000,0x000000869f700000)]
  0x0000021b56e74800 JavaThread "Signal Dispatcher" daemon [_thread_blocked, id=1296, stack(0x000000869f700000,0x000000869f800000)]
  0x0000021b56e77800 JavaThread "Attach Listener" daemon [_thread_blocked, id=9624, stack(0x000000869f800000,0x000000869f900000)]
=>0x0000021b56e79000 JavaThread "C2 CompilerThread0" daemon [_thread_in_native, id=10452, stack(0x000000869f900000,0x000000869fa00000)]
  0x0000021b56e85800 JavaThread "C1 CompilerThread0" daemon [_thread_blocked, id=5584, stack(0x000000869fa00000,0x000000869fb00000)]
  0x0000021b56e86800 JavaThread "Sweeper thread" daemon [_thread_blocked, id=10668, stack(0x000000869fb00000,0x000000869fc00000)]
  0x0000021b56fea000 JavaThread "Common-Cleaner" daemon [_thread_blocked, id=3640, stack(0x000000869fc00000,0x000000869fd00000)]
  0x0000021b57020000 JavaThread "Service Thread" daemon [_thread_blocked, id=6532, stack(0x000000869fd00000,0x000000869fe00000)]
  0x0000021b57a3e800 JavaThread "Daemon health stats" [_thread_blocked, id=6820, stack(0x00000086a0100000,0x00000086a0200000)]
  0x0000021b57c00800 JavaThread "Incoming local TCP Connector on port 59659" [_thread_in_native, id=12072, stack(0x00000086a0200000,0x00000086a0300000)]
  0x0000021b584da800 JavaThread "Daemon periodic checks" [_thread_blocked, id=10632, stack(0x00000086a0300000,0x00000086a0400000)]
  0x0000021b58588000 JavaThread "Daemon" [_thread_blocked, id=8652, stack(0x00000086a0400000,0x00000086a0500000)]
  0x0000021b58782800 JavaThread "Daemon worker" [_thread_in_native, id=12112, stack(0x00000086a0700000,0x00000086a0800000)]
  0x0000021b58cb9800 JavaThread "Cache worker for file hash cache (C:\Users\Rohit Jain\.gradle\caches\5.5\fileHashes)" [_thread_blocked, id=5520, stack(0x00000086a0b00000,0x00000086a0c00000)]
  0x0000021b58cba800 JavaThread "File lock request listener" [_thread_in_native, id=11252, stack(0x00000086a0c00000,0x00000086a0d00000)]
  0x0000021b58cbc000 JavaThread "Cache worker for journal cache (C:\Users\Rohit Jain\.gradle\caches\journal-1)" [_thread_blocked, id=5504, stack(0x00000086a0d00000,0x00000086a0e00000)]
  0x0000021b58cb9000 JavaThread "Cache worker for execution history cache (C:\Users\Rohit Jain\.gradle\caches\5.5\executionHistory)" [_thread_blocked, id=10256, stack(0x00000086a1600000,0x00000086a1700000)]
  0x0000021b599fd000 JavaThread "Memory manager" [_thread_blocked, id=212, stack(0x00000086a2000000,0x00000086a2100000)]
  0x0000021b599f9000 JavaThread "Handler for socket connection from /127.0.0.1:59659 to /127.0.0.1:59840" [_thread_in_native, id=4832, stack(0x00000086a3c00000,0x00000086a3d00000)]
  0x0000021b599fa800 JavaThread "Cancel handler" [_thread_blocked, id=10896, stack(0x00000086a3d00000,0x00000086a3e00000)]
  0x0000021b599f8000 JavaThread "Asynchronous log dispatcher for DefaultDaemonConnection: socket connection from /127.0.0.1:59659 to /127.0.0.1:59840" [_thread_blocked, id=10300, stack(0x00000086a3e00000,0x00000086a3f00000)]
  0x0000021b599fb000 JavaThread "Stdin handler" [_thread_blocked, id=1540, stack(0x00000086a3f00000,0x00000086a4000000)]
  0x0000021b599fc000 JavaThread "Thread-47" [_thread_blocked, id=10388, stack(0x00000086a4000000,0x00000086a4100000)]
  0x0000021b599f7000 JavaThread "Cache worker for file hash cache (F:\FinalAppCode\TSGAPP\android\.gradle\5.5\fileHashes)" [_thread_blocked, id=11108, stack(0x00000086a4100000,0x00000086a4200000)]
  0x0000021b599f9800 JavaThread "Cache worker for cache directory md-supplier (C:\Users\Rohit Jain\.gradle\caches\5.5\md-supplier)" [_thread_blocked, id=7552, stack(0x00000086a4200000,0x00000086a4300000)]
  0x0000021b59a01000 JavaThread "Cache worker for cache directory md-rule (C:\Users\Rohit Jain\.gradle\caches\5.5\md-rule)" [_thread_blocked, id=10612, stack(0x00000086a4300000,0x00000086a4400000)]
  0x0000021b599ff800 JavaThread "Build operations" [_thread_blocked, id=5116, stack(0x00000086a4500000,0x00000086a4600000)]
  0x0000021b59a02800 JavaThread "Build operations Thread 2" [_thread_blocked, id=5556, stack(0x00000086a4600000,0x00000086a4700000)]
  0x0000021b59a00000 JavaThread "Build operations Thread 3" [_thread_blocked, id=10720, stack(0x00000086a4700000,0x00000086a4800000)]
  0x0000021b59a03800 JavaThread "Build operations Thread 4" [_thread_blocked, id=2412, stack(0x00000086a4800000,0x00000086a4900000)]
  0x0000021b599fd800 JavaThread "pool-3-thread-1" [_thread_blocked, id=10616, stack(0x00000086a4900000,0x00000086a4a00000)]
  0x0000021b59a02000 JavaThread "Cache worker for Build Output Cleanup Cache (F:\FinalAppCode\TSGAPP\android\.gradle\buildOutputCleanup)" [_thread_blocked, id=6772, stack(0x00000086a4a00000,0x00000086a4b00000)]
  0x0000021b59a04000 JavaThread "Cache worker for file content cache (C:\Users\Rohit Jain\.gradle\caches\5.5\fileContent)" [_thread_blocked, id=4800, stack(0x00000086a4d00000,0x00000086a4e00000)]
  0x0000021b599fe800 JavaThread "Cache worker for file content cache (F:\FinalAppCode\TSGAPP\android\.gradle\5.5\fileContent)" [_thread_blocked, id=8576, stack(0x00000086a4e00000,0x00000086a4f00000)]
  0x0000021b59a06000 JavaThread "Execution worker for ':'" [_thread_blocked, id=5872, stack(0x00000086a5000000,0x00000086a5100000)]
  0x0000021b59a05000 JavaThread "Execution worker for ':' Thread 2" [_thread_blocked, id=8072, stack(0x00000086a5100000,0x00000086a5200000)]
  0x0000021b58cb8000 JavaThread "Execution worker for ':' Thread 3" [_thread_blocked, id=11312, stack(0x00000086a5200000,0x00000086a5300000)]
  0x0000021b58cbb000 JavaThread "Cache worker for execution history cache (F:\FinalAppCode\TSGAPP\android\.gradle\5.5\executionHistory)" [_thread_blocked, id=11288, stack(0x00000086a5600000,0x00000086a5700000)]
  0x0000021b58cb7000 JavaThread "Cache worker for Java compile cache (C:\Users\Rohit Jain\.gradle\caches\5.5\javaCompile)" [_thread_blocked, id=7748, stack(0x00000086a5a00000,0x00000086a5b00000)]
  0x0000021b58cbd800 JavaThread "Cache worker for Java compile cache (F:\FinalAppCode\TSGAPP\android\.gradle\5.5\javaCompile)" [_thread_blocked, id=11716, stack(0x00000086a5b00000,0x00000086a5c00000)]
  0x0000021b57e6c800 JavaThread "ForkJoinPool.commonPool-worker-3" daemon [_thread_blocked, id=10656, stack(0x00000086a5d00000,0x00000086a5e00000)]
  0x0000021b5d6bb800 JavaThread "C2 CompilerThread1" daemon [_thread_in_native, id=4600, stack(0x00000086a5e00000,0x00000086a5f00000)]

Other Threads:
  0x0000021b564ed800 VMThread "VM Thread" [stack: 0x000000869f400000,0x000000869f500000] [id=7844]
  0x0000021b5702d800 WatcherThread [stack: 0x000000869fe00000,0x000000869ff00000] [id=9788]
  0x0000021b32185000 GCTaskThread "GC Thread#0" [stack: 0x000000869ef00000,0x000000869f000000] [id=9268]
  0x0000021b57957800 GCTaskThread "GC Thread#1" [stack: 0x000000869ff00000,0x00000086a0000000] [id=3680]
  0x0000021b58ccb000 GCTaskThread "GC Thread#2" [stack: 0x00000086a0e00000,0x00000086a0f00000] [id=6416]
  0x0000021b5885d800 GCTaskThread "GC Thread#3" [stack: 0x00000086a0f00000,0x00000086a1000000] [id=9772]
  0x0000021b321ee000 ConcurrentGCThread "G1 Main Marker" [stack: 0x000000869f000000,0x000000869f100000] [id=8000]
  0x0000021b321ef800 ConcurrentGCThread "G1 Conc#0" [stack: 0x000000869f100000,0x000000869f200000] [id=9520]
  0x0000021b3224e800 ConcurrentGCThread "G1 Refine#0" [stack: 0x000000869f200000,0x000000869f300000] [id=340]
  0x0000021b56352800 ConcurrentGCThread "G1 Young RemSet Sampling" [stack: 0x000000869f300000,0x000000869f400000] [id=5704]

Threads with active compile tasks:
C2 CompilerThread015962       4       com.sun.tools.javac.comp.Check::checkType (168 bytes)
C2 CompilerThread116051   !   4       com.sun.tools.javac.code.Types$MembersClosureCache::visitClassType (216 bytes)

VM state:not at safepoint (normal execution)

VM Mutex/Monitor currently owned by a thread: None

Heap address: 0x00000006e0000000, size: 4608 MB, Compressed Oops mode: Zero based, Oop shift amount: 3
Narrow klass base: 0x0000000800000000, Narrow klass shift: 0
Compressed class space size: 1073741824 Address: 0x0000000800000000

Heap:
 garbage-first heap   total 266240K, used 140173K [0x00000006e0000000, 0x0000000800000000)
  region size 1024K, 9 young (9216K), 7 survivors (7168K)
 Metaspace       used 95408K, capacity 98401K, committed 98636K, reserved 1134592K
  class space    used 11564K, capacity 12561K, committed 12620K, reserved 1048576K
Heap Regions: E=young(eden), S=young(survivor), O=old, HS=humongous(starts), HC=humongous(continues), CS=collection set, F=free, A=archive, TAMS=top-at-mark-start (previous, next)
|   0|0x00000006e0000000, 0x00000006e00fffb8, 0x00000006e0100000| 99%| O|  |TAMS 0x00000006e00fffb8, 0x00000006e0000000| Untracked 
|   1|0x00000006e0100000, 0x00000006e01ffff0, 0x00000006e0200000| 99%| O|  |TAMS 0x00000006e01ffff0, 0x00000006e0100000| Untracked 
|   2|0x00000006e0200000, 0x00000006e0300000, 0x00000006e0300000|100%|HS|  |TAMS 0x00000006e0300000, 0x00000006e0200000| Complete 
|   3|0x00000006e0300000, 0x00000006e0400000, 0x00000006e0400000|100%|HS|  |TAMS 0x00000006e0400000, 0x00000006e0300000| Complete 
|   4|0x00000006e0400000, 0x00000006e0500000, 0x00000006e0500000|100%|HC|  |TAMS 0x00000006e0500000, 0x00000006e0400000| Complete 
|   5|0x00000006e0500000, 0x00000006e05ffff8, 0x00000006e0600000| 99%| O|  |TAMS 0x00000006e05ffff8, 0x00000006e0500000| Untracked 
|   6|0x00000006e0600000, 0x00000006e06ffd98, 0x00000006e0700000| 99%| O|  |TAMS 0x00000006e06ffd98, 0x00000006e0600000| Untracked 
|   7|0x00000006e0700000, 0x00000006e07ff9a0, 0x00000006e0800000| 99%| O|  |TAMS 0x00000006e07ff9a0, 0x00000006e0700000| Untracked 
|   8|0x00000006e0800000, 0x00000006e08fffc8, 0x00000006e0900000| 99%| O|  |TAMS 0x00000006e08fffc8, 0x00000006e0800000| Untracked 
|   9|0x00000006e0900000, 0x00000006e0a00000, 0x00000006e0a00000|100%| O|  |TAMS 0x00000006e0a00000, 0x00000006e0900000| Untracked 
|  10|0x00000006e0a00000, 0x00000006e0afd898, 0x00000006e0b00000| 99%| O|  |TAMS 0x00000006e0afd898, 0x00000006e0a00000| Untracked 
|  11|0x00000006e0b00000, 0x00000006e0c00000, 0x00000006e0c00000|100%| O|  |TAMS 0x00000006e0c00000, 0x00000006e0b00000| Untracked 
|  12|0x00000006e0c00000, 0x00000006e0cffff8, 0x00000006e0d00000| 99%| O|  |TAMS 0x00000006e0cffff8, 0x00000006e0c00000| Untracked 
|  13|0x00000006e0d00000, 0x00000006e0dffff8, 0x00000006e0e00000| 99%| O|  |TAMS 0x00000006e0dffff8, 0x00000006e0d00000| Untracked 
|  14|0x00000006e0e00000, 0x00000006e0effff8, 0x00000006e0f00000| 99%| O|  |TAMS 0x00000006e0effff8, 0x00000006e0e00000| Untracked 
|  15|0x00000006e0f00000, 0x00000006e0fffff0, 0x00000006e1000000| 99%| O|  |TAMS 0x00000006e0fffff0, 0x00000006e0f00000| Untracked 
|  16|0x00000006e1000000, 0x00000006e10ffff0, 0x00000006e1100000| 99%| O|  |TAMS 0x00000006e10ffff0, 0x00000006e1000000| Untracked 
|  17|0x00000006e1100000, 0x00000006e11fffb8, 0x00000006e1200000| 99%| O|  |TAMS 0x00000006e11fffb8, 0x00000006e1100000| Untracked 
|  18|0x00000006e1200000, 0x00000006e12ffff8, 0x00000006e1300000| 99%| O|  |TAMS 0x00000006e12ffff8, 0x00000006e1200000| Untracked 
|  19|0x00000006e1300000, 0x00000006e13ffb60, 0x00000006e1400000| 99%| O|  |TAMS 0x00000006e13ffb60, 0x00000006e1300000| Untracked 
|  20|0x00000006e1400000, 0x00000006e14f9c38, 0x00000006e1500000| 97%| O|  |TAMS 0x00000006e14f9c38, 0x00000006e1400000| Untracked 
|  21|0x00000006e1500000, 0x00000006e15fffe8, 0x00000006e1600000| 99%| O|  |TAMS 0x00000006e15fffe8, 0x00000006e1500000| Untracked 
|  22|0x00000006e1600000, 0x00000006e1700000, 0x00000006e1700000|100%|HS|  |TAMS 0x00000006e1700000, 0x00000006e1600000| Complete 
|  23|0x00000006e1700000, 0x00000006e1800000, 0x00000006e1800000|100%|HC|  |TAMS 0x00000006e1800000, 0x00000006e1700000| Complete 
|  24|0x00000006e1800000, 0x00000006e1900000, 0x00000006e1900000|100%|HC|  |TAMS 0x00000006e1900000, 0x00000006e1800000| Complete 
|  25|0x00000006e1900000, 0x00000006e1a00000, 0x00000006e1a00000|100%|HS|  |TAMS 0x00000006e1a00000, 0x00000006e1900000| Complete 
|  26|0x00000006e1a00000, 0x00000006e1b00000, 0x00000006e1b00000|100%|HC|  |TAMS 0x00000006e1b00000, 0x00000006e1a00000| Complete 
|  27|0x00000006e1b00000, 0x00000006e1be9ef8, 0x00000006e1c00000| 91%| O|  |TAMS 0x00000006e1be9ef8, 0x00000006e1b00000| Untracked 
|  28|0x00000006e1c00000, 0x00000006e1cbb3f8, 0x00000006e1d00000| 73%| O|  |TAMS 0x00000006e1cbb3f8, 0x00000006e1c00000| Untracked 
|  29|0x00000006e1d00000, 0x00000006e1dffff0, 0x00000006e1e00000| 99%| O|  |TAMS 0x00000006e1dffff0, 0x00000006e1d00000| Untracked 
|  30|0x00000006e1e00000, 0x00000006e1f00000, 0x00000006e1f00000|100%| O|  |TAMS 0x00000006e1f00000, 0x00000006e1e00000| Untracked 
|  31|0x00000006e1f00000, 0x00000006e1fffff8, 0x00000006e2000000| 99%| O|  |TAMS 0x00000006e1fffff8, 0x00000006e1f00000| Untracked 
|  32|0x00000006e2000000, 0x00000006e20fffd8, 0x00000006e2100000| 99%| O|  |TAMS 0x00000006e20fffd8, 0x00000006e2000000| Untracked 
|  33|0x00000006e2100000, 0x00000006e2200000, 0x00000006e2200000|100%| O|  |TAMS 0x00000006e2200000, 0x00000006e2100000| Untracked 
|  34|0x00000006e2200000, 0x00000006e22ffff8, 0x00000006e2300000| 99%| O|  |TAMS 0x00000006e22ffff8, 0x00000006e2200000| Untracked 
|  35|0x00000006e2300000, 0x00000006e23ffff0, 0x00000006e2400000| 99%| O|  |TAMS 0x00000006e23ffff0, 0x00000006e2300000| Untracked 
|  36|0x00000006e2400000, 0x00000006e24fff98, 0x00000006e2500000| 99%| O|  |TAMS 0x00000006e24fff98, 0x00000006e2400000| Untracked 
|  37|0x00000006e2500000, 0x00000006e25fffe0, 0x00000006e2600000| 99%| O|  |TAMS 0x00000006e25fffe0, 0x00000006e2500000| Untracked 
|  38|0x00000006e2600000, 0x00000006e2700000, 0x00000006e2700000|100%| O|  |TAMS 0x00000006e2700000, 0x00000006e2600000| Untracked 
|  39|0x00000006e2700000, 0x00000006e2800000, 0x00000006e2800000|100%| O|  |TAMS 0x00000006e2800000, 0x00000006e2700000| Untracked 
|  40|0x00000006e2800000, 0x00000006e28fffc8, 0x00000006e2900000| 99%| O|  |TAMS 0x00000006e28fffc8, 0x00000006e2800000| Untracked 
|  41|0x00000006e2900000, 0x00000006e2a00000, 0x00000006e2a00000|100%| O|  |TAMS 0x00000006e2a00000, 0x00000006e2900000| Untracked 
|  42|0x00000006e2a00000, 0x00000006e2affff8, 0x00000006e2b00000| 99%| O|  |TAMS 0x00000006e2affff8, 0x00000006e2a00000| Untracked 
|  43|0x00000006e2b00000, 0x00000006e2bfffb0, 0x00000006e2c00000| 99%| O|  |TAMS 0x00000006e2bfffb0, 0x00000006e2b00000| Untracked 
|  44|0x00000006e2c00000, 0x00000006e2cffff8, 0x00000006e2d00000| 99%| O|  |TAMS 0x00000006e2cffff8, 0x00000006e2c00000| Untracked 
|  45|0x00000006e2d00000, 0x00000006e2dffff8, 0x00000006e2e00000| 99%| O|  |TAMS 0x00000006e2dffff8, 0x00000006e2d00000| Untracked 
|  46|0x00000006e2e00000, 0x00000006e2f00000, 0x00000006e2f00000|100%|HS|  |TAMS 0x00000006e2f00000, 0x00000006e2e00000| Complete 
|  47|0x00000006e2f00000, 0x00000006e3000000, 0x00000006e3000000|100%|HC|  |TAMS 0x00000006e3000000, 0x00000006e2f00000| Complete 
|  48|0x00000006e3000000, 0x00000006e30fffe8, 0x00000006e3100000| 99%| O|  |TAMS 0x00000006e30fffe8, 0x00000006e3000000| Untracked 
|  49|0x00000006e3100000, 0x00000006e31fffb0, 0x00000006e3200000| 99%| O|  |TAMS 0x00000006e31fffb0, 0x00000006e3100000| Untracked 
|  50|0x00000006e3200000, 0x00000006e32f86b0, 0x00000006e3300000| 97%| O|  |TAMS 0x00000006e32f86b0, 0x00000006e3200000| Untracked 
|  51|0x00000006e3300000, 0x00000006e33fffc0, 0x00000006e3400000| 99%| O|  |TAMS 0x00000006e33fffc0, 0x00000006e3300000| Untracked 
|  52|0x00000006e3400000, 0x00000006e34fffe8, 0x00000006e3500000| 99%| O|  |TAMS 0x00000006e34fffe8, 0x00000006e3400000| Untracked 
|  53|0x00000006e3500000, 0x00000006e3600000, 0x00000006e3600000|100%| O|  |TAMS 0x00000006e3600000, 0x00000006e3500000| Untracked 
|  54|0x00000006e3600000, 0x00000006e3700000, 0x00000006e3700000|100%| O|  |TAMS 0x00000006e3700000, 0x00000006e3600000| Untracked 
|  55|0x00000006e3700000, 0x00000006e3800000, 0x00000006e3800000|100%| O|  |TAMS 0x00000006e373b000, 0x00000006e3700000| Untracked 
|  56|0x00000006e3800000, 0x00000006e3900000, 0x00000006e3900000|100%| O|  |TAMS 0x00000006e3900000, 0x00000006e3800000| Untracked 
|  57|0x00000006e3900000, 0x00000006e39ffff8, 0x00000006e3a00000| 99%| O|  |TAMS 0x00000006e39ffff8, 0x00000006e3900000| Untracked 
|  58|0x00000006e3a00000, 0x00000006e3b00000, 0x00000006e3b00000|100%| O|  |TAMS 0x00000006e3b00000, 0x00000006e3a00000| Untracked 
|  59|0x00000006e3b00000, 0x00000006e3c00000, 0x00000006e3c00000|100%| O|  |TAMS 0x00000006e3c00000, 0x00000006e3b00000| Untracked 
|  60|0x00000006e3c00000, 0x00000006e3cffff0, 0x00000006e3d00000| 99%| O|  |TAMS 0x00000006e3cffff0, 0x00000006e3c00000| Untracked 
|  61|0x00000006e3d00000, 0x00000006e3e00000, 0x00000006e3e00000|100%|HS|  |TAMS 0x00000006e3e00000, 0x00000006e3d00000| Complete 
|  62|0x00000006e3e00000, 0x00000006e3f00000, 0x00000006e3f00000|100%|HC|  |TAMS 0x00000006e3f00000, 0x00000006e3e00000| Complete 
|  63|0x00000006e3f00000, 0x00000006e4000000, 0x00000006e4000000|100%| O|  |TAMS 0x00000006e4000000, 0x00000006e3f00000| Untracked 
|  64|0x00000006e4000000, 0x00000006e40ffff0, 0x00000006e4100000| 99%| O|  |TAMS 0x00000006e40ffff0, 0x00000006e4000000| Untracked 
|  65|0x00000006e4100000, 0x00000006e4200000, 0x00000006e4200000|100%|HS|  |TAMS 0x00000006e4200000, 0x00000006e4100000| Complete 
|  66|0x00000006e4200000, 0x00000006e4300000, 0x00000006e4300000|100%|HC|  |TAMS 0x00000006e4300000, 0x00000006e4200000| Complete 
|  67|0x00000006e4300000, 0x00000006e4400000, 0x00000006e4400000|100%|HC|  |TAMS 0x00000006e4400000, 0x00000006e4300000| Complete 
|  68|0x00000006e4400000, 0x00000006e44ffff0, 0x00000006e4500000| 99%| O|  |TAMS 0x00000006e44ffff0, 0x00000006e4400000| Untracked 
|  69|0x00000006e4500000, 0x00000006e45ffff0, 0x00000006e4600000| 99%| O|  |TAMS 0x00000006e45ffff0, 0x00000006e4500000| Untracked 
|  70|0x00000006e4600000, 0x00000006e46ffff8, 0x00000006e4700000| 99%| O|  |TAMS 0x00000006e46ffff8, 0x00000006e4600000| Untracked 
|  71|0x00000006e4700000, 0x00000006e4800000, 0x00000006e4800000|100%| O|  |TAMS 0x00000006e4800000, 0x00000006e4700000| Untracked 
|  72|0x00000006e4800000, 0x00000006e4900000, 0x00000006e4900000|100%| O|  |TAMS 0x00000006e4900000, 0x00000006e4800000| Untracked 
|  73|0x00000006e4900000, 0x00000006e4a00000, 0x00000006e4a00000|100%| O|  |TAMS 0x00000006e4a00000, 0x00000006e4900000| Untracked 
|  74|0x00000006e4a00000, 0x00000006e4b00000, 0x00000006e4b00000|100%| O|  |TAMS 0x00000006e4b00000, 0x00000006e4a00000| Untracked 
|  75|0x00000006e4b00000, 0x00000006e4c00000, 0x00000006e4c00000|100%| O|  |TAMS 0x00000006e4c00000, 0x00000006e4b00000| Untracked 
|  76|0x00000006e4c00000, 0x00000006e4d00000, 0x00000006e4d00000|100%| O|  |TAMS 0x00000006e4d00000, 0x00000006e4c00000| Untracked 
|  77|0x00000006e4d00000, 0x00000006e4e00000, 0x00000006e4e00000|100%| O|  |TAMS 0x00000006e4e00000, 0x00000006e4d00000| Untracked 
|  78|0x00000006e4e00000, 0x00000006e4f00000, 0x00000006e4f00000|100%| O|  |TAMS 0x00000006e4f00000, 0x00000006e4e00000| Untracked 
|  79|0x00000006e4f00000, 0x00000006e5000000, 0x00000006e5000000|100%| O|  |TAMS 0x00000006e5000000, 0x00000006e4f00000| Untracked 
|  80|0x00000006e5000000, 0x00000006e5100000, 0x00000006e5100000|100%| O|  |TAMS 0x00000006e5100000, 0x00000006e5000000| Untracked 
|  81|0x00000006e5100000, 0x00000006e5200000, 0x00000006e5200000|100%| O|  |TAMS 0x00000006e5200000, 0x00000006e5100000| Untracked 
|  82|0x00000006e5200000, 0x00000006e5300000, 0x00000006e5300000|100%| O|  |TAMS 0x00000006e5300000, 0x00000006e5200000| Untracked 
|  83|0x00000006e5300000, 0x00000006e5400000, 0x00000006e5400000|100%| O|  |TAMS 0x00000006e5400000, 0x00000006e5300000| Untracked 
|  84|0x00000006e5400000, 0x00000006e5500000, 0x00000006e5500000|100%| O|  |TAMS 0x00000006e5500000, 0x00000006e5400000| Untracked 
|  85|0x00000006e5500000, 0x00000006e5600000, 0x00000006e5600000|100%| O|  |TAMS 0x00000006e5600000, 0x00000006e5500000| Untracked 
|  86|0x00000006e5600000, 0x00000006e5700000, 0x00000006e5700000|100%| O|  |TAMS 0x00000006e5700000, 0x00000006e5600000| Untracked 
|  87|0x00000006e5700000, 0x00000006e5800000, 0x00000006e5800000|100%| O|  |TAMS 0x00000006e5800000, 0x00000006e5700000| Untracked 
|  88|0x00000006e5800000, 0x00000006e5900000, 0x00000006e5900000|100%| O|  |TAMS 0x00000006e5900000, 0x00000006e5800000| Untracked 
|  89|0x00000006e5900000, 0x00000006e5a00000, 0x00000006e5a00000|100%| O|  |TAMS 0x00000006e5a00000, 0x00000006e5900000| Untracked 
|  90|0x00000006e5a00000, 0x00000006e5b00000, 0x00000006e5b00000|100%| O|  |TAMS 0x00000006e5b00000, 0x00000006e5a00000| Untracked 
|  91|0x00000006e5b00000, 0x00000006e5c00000, 0x00000006e5c00000|100%| O|  |TAMS 0x00000006e5c00000, 0x00000006e5b00000| Untracked 
|  92|0x00000006e5c00000, 0x00000006e5d00000, 0x00000006e5d00000|100%| O|  |TAMS 0x00000006e5d00000, 0x00000006e5c00000| Untracked 
|  93|0x00000006e5d00000, 0x00000006e5e00000, 0x00000006e5e00000|100%| O|  |TAMS 0x00000006e5e00000, 0x00000006e5d00000| Untracked 
|  94|0x00000006e5e00000, 0x00000006e5f00000, 0x00000006e5f00000|100%| O|  |TAMS 0x00000006e5f00000, 0x00000006e5e00000| Untracked 
|  95|0x00000006e5f00000, 0x00000006e6000000, 0x00000006e6000000|100%| O|  |TAMS 0x00000006e6000000, 0x00000006e5f00000| Untracked 
|  96|0x00000006e6000000, 0x00000006e6100000, 0x00000006e6100000|100%| O|  |TAMS 0x00000006e6100000, 0x00000006e6000000| Untracked 
|  97|0x00000006e6100000, 0x00000006e6200000, 0x00000006e6200000|100%| O|  |TAMS 0x00000006e6200000, 0x00000006e6100000| Untracked 
|  98|0x00000006e6200000, 0x00000006e6300000, 0x00000006e6300000|100%| O|  |TAMS 0x00000006e6300000, 0x00000006e6200000| Untracked 
|  99|0x00000006e6300000, 0x00000006e6400000, 0x00000006e6400000|100%| O|  |TAMS 0x00000006e6400000, 0x00000006e6300000| Untracked 
| 100|0x00000006e6400000, 0x00000006e6500000, 0x00000006e6500000|100%| O|  |TAMS 0x00000006e6500000, 0x00000006e6400000| Untracked 
| 101|0x00000006e6500000, 0x00000006e6600000, 0x00000006e6600000|100%| O|  |TAMS 0x00000006e6600000, 0x00000006e6500000| Untracked 
| 102|0x00000006e6600000, 0x00000006e6700000, 0x00000006e6700000|100%|HS|  |TAMS 0x00000006e6700000, 0x00000006e6600000| Complete 
| 103|0x00000006e6700000, 0x00000006e6800000, 0x00000006e6800000|100%|HC|  |TAMS 0x00000006e6800000, 0x00000006e6700000| Complete 
| 104|0x00000006e6800000, 0x00000006e6900000, 0x00000006e6900000|100%| O|  |TAMS 0x00000006e6800000, 0x00000006e6800000| Untracked 
| 105|0x00000006e6900000, 0x00000006e6a00000, 0x00000006e6a00000|100%| O|  |TAMS 0x00000006e6a00000, 0x00000006e6900000| Untracked 
| 106|0x00000006e6a00000, 0x00000006e6b00000, 0x00000006e6b00000|100%| O|  |TAMS 0x00000006e6a00000, 0x00000006e6a00000| Untracked 
| 107|0x00000006e6b00000, 0x00000006e6c00000, 0x00000006e6c00000|100%| O|  |TAMS 0x00000006e6c00000, 0x00000006e6b00000| Untracked 
| 108|0x00000006e6c00000, 0x00000006e6c4fa00, 0x00000006e6d00000| 31%| O|  |TAMS 0x00000006e6c00000, 0x00000006e6c00000| Untracked 
| 109|0x00000006e6d00000, 0x00000006e6e00000, 0x00000006e6e00000|100%| O|  |TAMS 0x00000006e6e00000, 0x00000006e6d00000| Untracked 
| 110|0x00000006e6e00000, 0x00000006e6f00000, 0x00000006e6f00000|100%| O|  |TAMS 0x00000006e6f00000, 0x00000006e6e00000| Untracked 
| 111|0x00000006e6f00000, 0x00000006e7000000, 0x00000006e7000000|100%| O|  |TAMS 0x00000006e7000000, 0x00000006e6f00000| Untracked 
| 112|0x00000006e7000000, 0x00000006e7100000, 0x00000006e7100000|100%| O|  |TAMS 0x00000006e7100000, 0x00000006e7000000| Untracked 
| 113|0x00000006e7100000, 0x00000006e7200000, 0x00000006e7200000|100%| O|  |TAMS 0x00000006e7200000, 0x00000006e7100000| Untracked 
| 114|0x00000006e7200000, 0x00000006e7300000, 0x00000006e7300000|100%| O|  |TAMS 0x00000006e7300000, 0x00000006e7200000| Untracked 
| 115|0x00000006e7300000, 0x00000006e7400000, 0x00000006e7400000|100%| O|  |TAMS 0x00000006e7400000, 0x00000006e7300000| Untracked 
| 116|0x00000006e7400000, 0x00000006e7400000, 0x00000006e7500000|  0%| F|  |TAMS 0x00000006e7400000, 0x00000006e7400000| Untracked 
| 117|0x00000006e7500000, 0x00000006e7600000, 0x00000006e7600000|100%|HS|  |TAMS 0x00000006e7600000, 0x00000006e7500000| Complete 
| 118|0x00000006e7600000, 0x00000006e7700000, 0x00000006e7700000|100%|HC|  |TAMS 0x00000006e7700000, 0x00000006e7600000| Complete 
| 119|0x00000006e7700000, 0x00000006e7800000, 0x00000006e7800000|100%| O|  |TAMS 0x00000006e7800000, 0x00000006e7700000| Untracked 
| 120|0x00000006e7800000, 0x00000006e7800000, 0x00000006e7900000|  0%| F|  |TAMS 0x00000006e7800000, 0x00000006e7800000| Untracked 
| 121|0x00000006e7900000, 0x00000006e7a00000, 0x00000006e7a00000|100%| O|  |TAMS 0x00000006e7a00000, 0x00000006e7900000| Untracked 
| 122|0x00000006e7a00000, 0x00000006e7b00000, 0x00000006e7b00000|100%| O|  |TAMS 0x00000006e7b00000, 0x00000006e7a00000| Untracked 
| 123|0x00000006e7b00000, 0x00000006e7c00000, 0x00000006e7c00000|100%| O|  |TAMS 0x00000006e7c00000, 0x00000006e7b00000| Untracked 
| 124|0x00000006e7c00000, 0x00000006e7d00000, 0x00000006e7d00000|100%| O|  |TAMS 0x00000006e7c00000, 0x00000006e7c00000| Untracked 
| 125|0x00000006e7d00000, 0x00000006e7e00000, 0x00000006e7e00000|100%| O|  |TAMS 0x00000006e7d00000, 0x00000006e7d00000| Untracked 
| 126|0x00000006e7e00000, 0x00000006e7f00000, 0x00000006e7f00000|100%| O|  |TAMS 0x00000006e7e00000, 0x00000006e7e00000| Untracked 
| 127|0x00000006e7f00000, 0x00000006e8000000, 0x00000006e8000000|100%| O|  |TAMS 0x00000006e7f00000, 0x00000006e7f00000| Untracked 
| 128|0x00000006e8000000, 0x00000006e8100000, 0x00000006e8100000|100%| O|  |TAMS 0x00000006e8000000, 0x00000006e8000000| Untracked 
| 129|0x00000006e8100000, 0x00000006e8200000, 0x00000006e8200000|100%| O|  |TAMS 0x00000006e8100000, 0x00000006e8100000| Untracked 
| 130|0x00000006e8200000, 0x00000006e8300000, 0x00000006e8300000|100%|HS|  |TAMS 0x00000006e8200000, 0x00000006e8200000| Complete 
| 131|0x00000006e8300000, 0x00000006e8400000, 0x00000006e8400000|100%|HC|  |TAMS 0x00000006e8300000, 0x00000006e8300000| Complete 
| 132|0x00000006e8400000, 0x00000006e8400000, 0x00000006e8500000|  0%| F|  |TAMS 0x00000006e8400000, 0x00000006e8400000| Untracked 
| 133|0x00000006e8500000, 0x00000006e8500000, 0x00000006e8600000|  0%| F|  |TAMS 0x00000006e8500000, 0x00000006e8500000| Untracked 
| 134|0x00000006e8600000, 0x00000006e8600000, 0x00000006e8700000|  0%| F|  |TAMS 0x00000006e8600000, 0x00000006e8600000| Untracked 
| 135|0x00000006e8700000, 0x00000006e8700000, 0x00000006e8800000|  0%| F|  |TAMS 0x00000006e8700000, 0x00000006e8700000| Untracked 
| 136|0x00000006e8800000, 0x00000006e8800000, 0x00000006e8900000|  0%| F|  |TAMS 0x00000006e8800000, 0x00000006e8800000| Untracked 
| 137|0x00000006e8900000, 0x00000006e8900000, 0x00000006e8a00000|  0%| F|  |TAMS 0x00000006e8900000, 0x00000006e8900000| Untracked 
| 138|0x00000006e8a00000, 0x00000006e8a00000, 0x00000006e8b00000|  0%| F|  |TAMS 0x00000006e8a00000, 0x00000006e8a00000| Untracked 
| 139|0x00000006e8b00000, 0x00000006e8b00000, 0x00000006e8c00000|  0%| F|  |TAMS 0x00000006e8b00000, 0x00000006e8b00000| Untracked 
| 140|0x00000006e8c00000, 0x00000006e8c00000, 0x00000006e8d00000|  0%| F|  |TAMS 0x00000006e8c00000, 0x00000006e8c00000| Untracked 
| 141|0x00000006e8d00000, 0x00000006e8d00000, 0x00000006e8e00000|  0%| F|  |TAMS 0x00000006e8d00000, 0x00000006e8d00000| Untracked 
| 142|0x00000006e8e00000, 0x00000006e8e00000, 0x00000006e8f00000|  0%| F|  |TAMS 0x00000006e8e00000, 0x00000006e8e00000| Untracked 
| 143|0x00000006e8f00000, 0x00000006e8f00000, 0x00000006e9000000|  0%| F|  |TAMS 0x00000006e8f00000, 0x00000006e8f00000| Untracked 
| 144|0x00000006e9000000, 0x00000006e9000000, 0x00000006e9100000|  0%| F|  |TAMS 0x00000006e9000000, 0x00000006e9000000| Untracked 
| 145|0x00000006e9100000, 0x00000006e9100000, 0x00000006e9200000|  0%| F|  |TAMS 0x00000006e9100000, 0x00000006e9100000| Untracked 
| 146|0x00000006e9200000, 0x00000006e9200000, 0x00000006e9300000|  0%| F|  |TAMS 0x00000006e9200000, 0x00000006e9200000| Untracked 
| 147|0x00000006e9300000, 0x00000006e9300000, 0x00000006e9400000|  0%| F|  |TAMS 0x00000006e9300000, 0x00000006e9300000| Untracked 
| 148|0x00000006e9400000, 0x00000006e9400000, 0x00000006e9500000|  0%| F|  |TAMS 0x00000006e9400000, 0x00000006e9400000| Untracked 
| 149|0x00000006e9500000, 0x00000006e9500000, 0x00000006e9600000|  0%| F|  |TAMS 0x00000006e9500000, 0x00000006e9500000| Untracked 
| 150|0x00000006e9600000, 0x00000006e9600000, 0x00000006e9700000|  0%| F|  |TAMS 0x00000006e9600000, 0x00000006e9600000| Untracked 
| 151|0x00000006e9700000, 0x00000006e9700000, 0x00000006e9800000|  0%| F|  |TAMS 0x00000006e9700000, 0x00000006e9700000| Untracked 
| 152|0x00000006e9800000, 0x00000006e9800000, 0x00000006e9900000|  0%| F|  |TAMS 0x00000006e9800000, 0x00000006e9800000| Untracked 
| 153|0x00000006e9900000, 0x00000006e9900000, 0x00000006e9a00000|  0%| F|  |TAMS 0x00000006e9900000, 0x00000006e9900000| Untracked 
| 154|0x00000006e9a00000, 0x00000006e9a00000, 0x00000006e9b00000|  0%| F|  |TAMS 0x00000006e9a00000, 0x00000006e9a00000| Untracked 
| 155|0x00000006e9b00000, 0x00000006e9b00000, 0x00000006e9c00000|  0%| F|  |TAMS 0x00000006e9b00000, 0x00000006e9b00000| Untracked 
| 156|0x00000006e9c00000, 0x00000006e9c00000, 0x00000006e9d00000|  0%| F|  |TAMS 0x00000006e9c00000, 0x00000006e9c00000| Untracked 
| 157|0x00000006e9d00000, 0x00000006e9d00000, 0x00000006e9e00000|  0%| F|  |TAMS 0x00000006e9d00000, 0x00000006e9d00000| Untracked 
| 158|0x00000006e9e00000, 0x00000006e9e00000, 0x00000006e9f00000|  0%| F|  |TAMS 0x00000006e9e00000, 0x00000006e9e00000| Untracked 
| 159|0x00000006e9f00000, 0x00000006e9f00000, 0x00000006ea000000|  0%| F|  |TAMS 0x00000006e9f00000, 0x00000006e9f00000| Untracked 
| 160|0x00000006ea000000, 0x00000006ea000000, 0x00000006ea100000|  0%| F|  |TAMS 0x00000006ea000000, 0x00000006ea000000| Untracked 
| 161|0x00000006ea100000, 0x00000006ea100000, 0x00000006ea200000|  0%| F|  |TAMS 0x00000006ea100000, 0x00000006ea100000| Untracked 
| 162|0x00000006ea200000, 0x00000006ea200000, 0x00000006ea300000|  0%| F|  |TAMS 0x00000006ea200000, 0x00000006ea200000| Untracked 
| 163|0x00000006ea300000, 0x00000006ea300000, 0x00000006ea400000|  0%| F|  |TAMS 0x00000006ea300000, 0x00000006ea300000| Untracked 
| 164|0x00000006ea400000, 0x00000006ea400000, 0x00000006ea500000|  0%| F|  |TAMS 0x00000006ea400000, 0x00000006ea400000| Untracked 
| 165|0x00000006ea500000, 0x00000006ea500000, 0x00000006ea600000|  0%| F|  |TAMS 0x00000006ea500000, 0x00000006ea500000| Untracked 
| 166|0x00000006ea600000, 0x00000006ea600000, 0x00000006ea700000|  0%| F|  |TAMS 0x00000006ea600000, 0x00000006ea600000| Untracked 
| 167|0x00000006ea700000, 0x00000006ea700000, 0x00000006ea800000|  0%| F|  |TAMS 0x00000006ea700000, 0x00000006ea700000| Untracked 
| 168|0x00000006ea800000, 0x00000006ea800000, 0x00000006ea900000|  0%| F|  |TAMS 0x00000006ea800000, 0x00000006ea800000| Untracked 
| 169|0x00000006ea900000, 0x00000006ea900000, 0x00000006eaa00000|  0%| F|  |TAMS 0x00000006ea900000, 0x00000006ea900000| Untracked 
| 170|0x00000006eaa00000, 0x00000006eaa00000, 0x00000006eab00000|  0%| F|  |TAMS 0x00000006eaa00000, 0x00000006eaa00000| Untracked 
| 171|0x00000006eab00000, 0x00000006eab00000, 0x00000006eac00000|  0%| F|  |TAMS 0x00000006eab00000, 0x00000006eab00000| Untracked 
| 172|0x00000006eac00000, 0x00000006eac00000, 0x00000006ead00000|  0%| F|  |TAMS 0x00000006eac00000, 0x00000006eac00000| Untracked 
| 173|0x00000006ead00000, 0x00000006ead00000, 0x00000006eae00000|  0%| F|  |TAMS 0x00000006ead00000, 0x00000006ead00000| Untracked 
| 174|0x00000006eae00000, 0x00000006eae00000, 0x00000006eaf00000|  0%| F|  |TAMS 0x00000006eae00000, 0x00000006eae00000| Untracked 
| 175|0x00000006eaf00000, 0x00000006eaf00000, 0x00000006eb000000|  0%| F|  |TAMS 0x00000006eaf00000, 0x00000006eaf00000| Untracked 
| 176|0x00000006eb000000, 0x00000006eb000000, 0x00000006eb100000|  0%| F|  |TAMS 0x00000006eb000000, 0x00000006eb000000| Untracked 
| 177|0x00000006eb100000, 0x00000006eb100000, 0x00000006eb200000|  0%| F|  |TAMS 0x00000006eb100000, 0x00000006eb100000| Untracked 
| 178|0x00000006eb200000, 0x00000006eb200000, 0x00000006eb300000|  0%| F|  |TAMS 0x00000006eb200000, 0x00000006eb200000| Untracked 
| 179|0x00000006eb300000, 0x00000006eb300000, 0x00000006eb400000|  0%| F|  |TAMS 0x00000006eb300000, 0x00000006eb300000| Untracked 
| 180|0x00000006eb400000, 0x00000006eb400000, 0x00000006eb500000|  0%| F|  |TAMS 0x00000006eb400000, 0x00000006eb400000| Untracked 
| 181|0x00000006eb500000, 0x00000006eb500000, 0x00000006eb600000|  0%| F|  |TAMS 0x00000006eb500000, 0x00000006eb500000| Untracked 
| 182|0x00000006eb600000, 0x00000006eb600000, 0x00000006eb700000|  0%| F|  |TAMS 0x00000006eb600000, 0x00000006eb600000| Untracked 
| 183|0x00000006eb700000, 0x00000006eb700000, 0x00000006eb800000|  0%| F|  |TAMS 0x00000006eb700000, 0x00000006eb700000| Untracked 
| 184|0x00000006eb800000, 0x00000006eb800000, 0x00000006eb900000|  0%| F|  |TAMS 0x00000006eb800000, 0x00000006eb800000| Untracked 
| 185|0x00000006eb900000, 0x00000006eb900000, 0x00000006eba00000|  0%| F|  |TAMS 0x00000006eb900000, 0x00000006eb900000| Untracked 
| 186|0x00000006eba00000, 0x00000006eba00000, 0x00000006ebb00000|  0%| F|  |TAMS 0x00000006eba00000, 0x00000006eba00000| Untracked 
| 187|0x00000006ebb00000, 0x00000006ebb00000, 0x00000006ebc00000|  0%| F|  |TAMS 0x00000006ebb00000, 0x00000006ebb00000| Untracked 
| 188|0x00000006ebc00000, 0x00000006ebc00000, 0x00000006ebd00000|  0%| F|  |TAMS 0x00000006ebc00000, 0x00000006ebc00000| Untracked 
| 189|0x00000006ebd00000, 0x00000006ebd00000, 0x00000006ebe00000|  0%| F|  |TAMS 0x00000006ebd00000, 0x00000006ebd00000| Untracked 
| 190|0x00000006ebe00000, 0x00000006ebe00000, 0x00000006ebf00000|  0%| F|  |TAMS 0x00000006ebe00000, 0x00000006ebe00000| Untracked 
| 191|0x00000006ebf00000, 0x00000006ebf00000, 0x00000006ec000000|  0%| F|  |TAMS 0x00000006ebf00000, 0x00000006ebf00000| Untracked 
| 192|0x00000006ec000000, 0x00000006ec000000, 0x00000006ec100000|  0%| F|  |TAMS 0x00000006ec000000, 0x00000006ec000000| Untracked 
| 193|0x00000006ec100000, 0x00000006ec100000, 0x00000006ec200000|  0%| F|  |TAMS 0x00000006ec100000, 0x00000006ec100000| Untracked 
| 194|0x00000006ec200000, 0x00000006ec200000, 0x00000006ec300000|  0%| F|  |TAMS 0x00000006ec200000, 0x00000006ec200000| Untracked 
| 195|0x00000006ec300000, 0x00000006ec300000, 0x00000006ec400000|  0%| F|  |TAMS 0x00000006ec300000, 0x00000006ec300000| Untracked 
| 196|0x00000006ec400000, 0x00000006ec400000, 0x00000006ec500000|  0%| F|  |TAMS 0x00000006ec400000, 0x00000006ec400000| Untracked 
| 197|0x00000006ec500000, 0x00000006ec500000, 0x00000006ec600000|  0%| F|  |TAMS 0x00000006ec500000, 0x00000006ec500000| Untracked 
| 198|0x00000006ec600000, 0x00000006ec600000, 0x00000006ec700000|  0%| F|  |TAMS 0x00000006ec600000, 0x00000006ec600000| Untracked 
| 199|0x00000006ec700000, 0x00000006ec700000, 0x00000006ec800000|  0%| F|  |TAMS 0x00000006ec700000, 0x00000006ec700000| Untracked 
| 200|0x00000006ec800000, 0x00000006ec800000, 0x00000006ec900000|  0%| F|  |TAMS 0x00000006ec800000, 0x00000006ec800000| Untracked 
| 201|0x00000006ec900000, 0x00000006ec900000, 0x00000006eca00000|  0%| F|  |TAMS 0x00000006ec900000, 0x00000006ec900000| Untracked 
| 202|0x00000006eca00000, 0x00000006ecb00000, 0x00000006ecb00000|100%| S|CS|TAMS 0x00000006eca00000, 0x00000006eca00000| Complete 
| 203|0x00000006ecb00000, 0x00000006ecc00000, 0x00000006ecc00000|100%| S|CS|TAMS 0x00000006ecb00000, 0x00000006ecb00000| Complete 
| 204|0x00000006ecc00000, 0x00000006ecd00000, 0x00000006ecd00000|100%| S|CS|TAMS 0x00000006ecc00000, 0x00000006ecc00000| Complete 
| 205|0x00000006ecd00000, 0x00000006ece00000, 0x00000006ece00000|100%| S|CS|TAMS 0x00000006ecd00000, 0x00000006ecd00000| Complete 
| 206|0x00000006ece00000, 0x00000006ecf00000, 0x00000006ecf00000|100%| S|CS|TAMS 0x00000006ece00000, 0x00000006ece00000| Complete 
| 207|0x00000006ecf00000, 0x00000006ed000000, 0x00000006ed000000|100%| S|CS|TAMS 0x00000006ecf00000, 0x00000006ecf00000| Complete 
| 208|0x00000006ed000000, 0x00000006ed100000, 0x00000006ed100000|100%| S|CS|TAMS 0x00000006ed000000, 0x00000006ed000000| Complete 
| 209|0x00000006ed100000, 0x00000006ed100000, 0x00000006ed200000|  0%| F|  |TAMS 0x00000006ed100000, 0x00000006ed100000| Untracked 
| 210|0x00000006ed200000, 0x00000006ed200000, 0x00000006ed300000|  0%| F|  |TAMS 0x00000006ed200000, 0x00000006ed200000| Untracked 
| 211|0x00000006ed300000, 0x00000006ed300000, 0x00000006ed400000|  0%| F|  |TAMS 0x00000006ed300000, 0x00000006ed300000| Untracked 
| 212|0x00000006ed400000, 0x00000006ed400000, 0x00000006ed500000|  0%| F|  |TAMS 0x00000006ed400000, 0x00000006ed400000| Untracked 
| 213|0x00000006ed500000, 0x00000006ed500000, 0x00000006ed600000|  0%| F|  |TAMS 0x00000006ed500000, 0x00000006ed500000| Untracked 
| 214|0x00000006ed600000, 0x00000006ed600000, 0x00000006ed700000|  0%| F|  |TAMS 0x00000006ed600000, 0x00000006ed600000| Untracked 
| 215|0x00000006ed700000, 0x00000006ed700000, 0x00000006ed800000|  0%| F|  |TAMS 0x00000006ed700000, 0x00000006ed700000| Untracked 
| 216|0x00000006ed800000, 0x00000006ed800000, 0x00000006ed900000|  0%| F|  |TAMS 0x00000006ed800000, 0x00000006ed800000| Untracked 
| 217|0x00000006ed900000, 0x00000006ed900000, 0x00000006eda00000|  0%| F|  |TAMS 0x00000006ed900000, 0x00000006ed900000| Untracked 
| 218|0x00000006eda00000, 0x00000006eda00000, 0x00000006edb00000|  0%| F|  |TAMS 0x00000006eda00000, 0x00000006eda00000| Untracked 
| 219|0x00000006edb00000, 0x00000006edb00000, 0x00000006edc00000|  0%| F|  |TAMS 0x00000006edb00000, 0x00000006edb00000| Untracked 
| 220|0x00000006edc00000, 0x00000006edc00000, 0x00000006edd00000|  0%| F|  |TAMS 0x00000006edc00000, 0x00000006edc00000| Untracked 
| 221|0x00000006edd00000, 0x00000006edd00000, 0x00000006ede00000|  0%| F|  |TAMS 0x00000006edd00000, 0x00000006edd00000| Untracked 
| 222|0x00000006ede00000, 0x00000006ede00000, 0x00000006edf00000|  0%| F|  |TAMS 0x00000006ede00000, 0x00000006ede00000| Untracked 
| 223|0x00000006edf00000, 0x00000006edf00000, 0x00000006ee000000|  0%| F|  |TAMS 0x00000006edf00000, 0x00000006edf00000| Untracked 
| 224|0x00000006ee000000, 0x00000006ee000000, 0x00000006ee100000|  0%| F|  |TAMS 0x00000006ee000000, 0x00000006ee000000| Untracked 
| 225|0x00000006ee100000, 0x00000006ee100000, 0x00000006ee200000|  0%| F|  |TAMS 0x00000006ee100000, 0x00000006ee100000| Untracked 
| 226|0x00000006ee200000, 0x00000006ee200000, 0x00000006ee300000|  0%| F|  |TAMS 0x00000006ee200000, 0x00000006ee200000| Untracked 
| 227|0x00000006ee300000, 0x00000006ee300000, 0x00000006ee400000|  0%| F|  |TAMS 0x00000006ee300000, 0x00000006ee300000| Untracked 
| 228|0x00000006ee400000, 0x00000006ee400000, 0x00000006ee500000|  0%| F|  |TAMS 0x00000006ee400000, 0x00000006ee400000| Untracked 
| 229|0x00000006ee500000, 0x00000006ee500000, 0x00000006ee600000|  0%| F|  |TAMS 0x00000006ee500000, 0x00000006ee500000| Untracked 
| 230|0x00000006ee600000, 0x00000006ee600000, 0x00000006ee700000|  0%| F|  |TAMS 0x00000006ee600000, 0x00000006ee600000| Untracked 
| 231|0x00000006ee700000, 0x00000006ee700000, 0x00000006ee800000|  0%| F|  |TAMS 0x00000006ee700000, 0x00000006ee700000| Untracked 
| 232|0x00000006ee800000, 0x00000006ee800000, 0x00000006ee900000|  0%| F|  |TAMS 0x00000006ee800000, 0x00000006ee800000| Untracked 
| 233|0x00000006ee900000, 0x00000006ee900000, 0x00000006eea00000|  0%| F|  |TAMS 0x00000006ee900000, 0x00000006ee900000| Untracked 
| 234|0x00000006eea00000, 0x00000006eea00000, 0x00000006eeb00000|  0%| F|  |TAMS 0x00000006eea00000, 0x00000006eea00000| Untracked 
| 235|0x00000006eeb00000, 0x00000006eeb00000, 0x00000006eec00000|  0%| F|  |TAMS 0x00000006eeb00000, 0x00000006eeb00000| Untracked 
| 236|0x00000006eec00000, 0x00000006eec00000, 0x00000006eed00000|  0%| F|  |TAMS 0x00000006eec00000, 0x00000006eec00000| Untracked 
| 237|0x00000006eed00000, 0x00000006eed00000, 0x00000006eee00000|  0%| F|  |TAMS 0x00000006eed00000, 0x00000006eed00000| Untracked 
| 238|0x00000006eee00000, 0x00000006eee00000, 0x00000006eef00000|  0%| F|  |TAMS 0x00000006eee00000, 0x00000006eee00000| Untracked 
| 239|0x00000006eef00000, 0x00000006eef00000, 0x00000006ef000000|  0%| F|  |TAMS 0x00000006eef00000, 0x00000006eef00000| Untracked 
| 240|0x00000006ef000000, 0x00000006ef000000, 0x00000006ef100000|  0%| F|  |TAMS 0x00000006ef000000, 0x00000006ef000000| Untracked 
| 241|0x00000006ef100000, 0x00000006ef100000, 0x00000006ef200000|  0%| F|  |TAMS 0x00000006ef100000, 0x00000006ef100000| Untracked 
| 242|0x00000006ef200000, 0x00000006ef200000, 0x00000006ef300000|  0%| F|  |TAMS 0x00000006ef200000, 0x00000006ef200000| Untracked 
| 243|0x00000006ef300000, 0x00000006ef300000, 0x00000006ef400000|  0%| F|  |TAMS 0x00000006ef300000, 0x00000006ef300000| Untracked 
| 244|0x00000006ef400000, 0x00000006ef400000, 0x00000006ef500000|  0%| F|  |TAMS 0x00000006ef400000, 0x00000006ef400000| Untracked 
| 245|0x00000006ef500000, 0x00000006ef500000, 0x00000006ef600000|  0%| F|  |TAMS 0x00000006ef500000, 0x00000006ef500000| Untracked 
| 246|0x00000006ef600000, 0x00000006ef600000, 0x00000006ef700000|  0%| F|  |TAMS 0x00000006ef600000, 0x00000006ef600000| Untracked 
| 247|0x00000006ef700000, 0x00000006ef700000, 0x00000006ef800000|  0%| F|  |TAMS 0x00000006ef700000, 0x00000006ef700000| Untracked 
| 248|0x00000006ef800000, 0x00000006ef800000, 0x00000006ef900000|  0%| F|  |TAMS 0x00000006ef800000, 0x00000006ef800000| Untracked 
| 249|0x00000006ef900000, 0x00000006ef900000, 0x00000006efa00000|  0%| F|  |TAMS 0x00000006ef900000, 0x00000006ef900000| Untracked 
| 250|0x00000006efa00000, 0x00000006efa00000, 0x00000006efb00000|  0%| F|  |TAMS 0x00000006efa00000, 0x00000006efa00000| Untracked 
| 251|0x00000006efb00000, 0x00000006efb00000, 0x00000006efc00000|  0%| F|  |TAMS 0x00000006efb00000, 0x00000006efb00000| Untracked 
| 252|0x00000006efc00000, 0x00000006efc00000, 0x00000006efd00000|  0%| F|  |TAMS 0x00000006efc00000, 0x00000006efc00000| Untracked 
| 253|0x00000006efd00000, 0x00000006efd00000, 0x00000006efe00000|  0%| F|  |TAMS 0x00000006efd00000, 0x00000006efd00000| Untracked 
| 254|0x00000006efe00000, 0x00000006efe00000, 0x00000006eff00000|  0%| F|  |TAMS 0x00000006efe00000, 0x00000006efe00000| Untracked 
| 255|0x00000006eff00000, 0x00000006eff00000, 0x00000006f0000000|  0%| F|  |TAMS 0x00000006eff00000, 0x00000006eff00000| Untracked 
| 256|0x00000006f0000000, 0x00000006f0000000, 0x00000006f0100000|  0%| F|  |TAMS 0x00000006f0000000, 0x00000006f0000000| Untracked 
| 257|0x00000006f0100000, 0x00000006f0100000, 0x00000006f0200000|  0%| F|  |TAMS 0x00000006f0100000, 0x00000006f0100000| Untracked 
| 258|0x00000006f0200000, 0x00000006f029e3e8, 0x00000006f0300000| 61%| E|  |TAMS 0x00000006f0200000, 0x00000006f0200000| Complete 
| 259|0x00000006f0300000, 0x00000006f0400000, 0x00000006f0400000|100%| E|CS|TAMS 0x00000006f0300000, 0x00000006f0300000| Complete 

Card table byte_map: [0x0000021b49e00000,0x0000021b4a700000] _byte_map_base: 0x0000021b46700000

Marking Bits (Prev, Next): (CMBitMap*) 0x0000021b321db6a8, (CMBitMap*) 0x0000021b321db6e0
 Prev Bits: [0x0000021b4b000000, 0x0000021b4f800000)
 Next Bits: [0x0000021b4f800000, 0x0000021b54000000)

Polling page: 0x0000021b31950000

Metaspace:

Usage:
  Non-class:     83.83 MB capacity,    81.88 MB ( 98%) used,     1.71 MB (  2%) free+waste,   245.88 KB ( <1%) overhead. 
      Class:     12.27 MB capacity,    11.29 MB ( 92%) used,   886.81 KB (  7%) free+waste,   109.88 KB ( <1%) overhead. 
       Both:     96.09 MB capacity,    93.17 MB ( 97%) used,     2.58 MB (  3%) free+waste,   355.75 KB ( <1%) overhead. 

Virtual space:
  Non-class space:       84.00 MB reserved,      84.00 MB (100%) committed 
      Class space:        1.00 GB reserved,      12.32 MB (  1%) committed 
             Both:        1.08 GB reserved,      96.32 MB (  9%) committed 

Chunk freelists:
   Non-Class:  6.00 KB
       Class:  0 bytes
        Both:  6.00 KB

CodeHeap 'non-profiled nmethods': size=120064Kb used=10153Kb max_used=10153Kb free=109910Kb
 bounds [0x0000021b41fc0000, 0x0000021b429b0000, 0x0000021b49500000]
CodeHeap 'profiled nmethods': size=120000Kb used=37941Kb max_used=37941Kb free=82058Kb
 bounds [0x0000021b3aa90000, 0x0000021b3cfb0000, 0x0000021b41fc0000]
CodeHeap 'non-nmethods': size=5696Kb used=2307Kb max_used=2357Kb free=3388Kb
 bounds [0x0000021b3a500000, 0x0000021b3a770000, 0x0000021b3aa90000]
 total_blobs=20572 nmethods=15634 adapters=814
 compilation: enabled
              stopped_count=0, restarted_count=0
 full_count=0

Compilation events (10 events):
Event: 222.603 Thread 0x0000021b56e79000 nmethod 15950 0x0000021b42996a90 code [0x0000021b42996c40, 0x0000021b42997458]
Event: 222.603 Thread 0x0000021b56e79000 15956       4       com.sun.tools.javac.code.Types::isSignaturePolymorphic (111 bytes)
Event: 222.606 Thread 0x0000021b56e79000 nmethod 15956 0x0000021b42997610 code [0x0000021b429977c0, 0x0000021b42997958]
Event: 222.646 Thread 0x0000021b56e85800 15960       3       com.sun.tools.javac.tree.JCTree$JCCompilationUnit::getTag (4 bytes)
Event: 222.646 Thread 0x0000021b56e85800 nmethod 15960 0x0000021b3cf53010 code [0x0000021b3cf531c0, 0x0000021b3cf53338]
Event: 222.942 Thread 0x0000021b56e79000 15961       4       com.sun.tools.javac.comp.Check::checkProfile (40 bytes)
Event: 222.942 Thread 0x0000021b56e79000 nmethod 15961 0x0000021b42997b90 code [0x0000021b42997d20, 0x0000021b42997db8]
Event: 223.013 Thread 0x0000021b56e79000 15962       4       com.sun.tools.javac.comp.Check::checkType (168 bytes)
Event: 223.175 Thread 0x0000021b56e85800 15969       1       com.sun.tools.javac.code.Type$ClassType::isReference (2 bytes)
Event: 223.176 Thread 0x0000021b56e85800 nmethod 15969 0x0000021b42997e90 code [0x0000021b42998040, 0x0000021b42998158]

GC Heap History (10 events):
Event: 202.456 GC heap before
{Heap before GC invocations=104 (full 2):
 garbage-first heap   total 184320K, used 141158K [0x00000006e0000000, 0x0000000800000000)
  region size 1024K, 21 young (21504K), 1 survivors (1024K)
 Metaspace       used 94702K, capacity 97647K, committed 97868K, reserved 1134592K
  class space    used 11554K, capacity 12550K, committed 12620K, reserved 1048576K
}
Event: 202.473 GC heap after
{Heap after GC invocations=105 (full 2):
 garbage-first heap   total 221184K, used 125786K [0x00000006e0000000, 0x0000000800000000)
  region size 1024K, 3 young (3072K), 3 survivors (3072K)
 Metaspace       used 94702K, capacity 97647K, committed 97868K, reserved 1134592K
  class space    used 11554K, capacity 12550K, committed 12620K, reserved 1048576K
}
Event: 203.173 GC heap before
{Heap before GC invocations=105 (full 2):
 garbage-first heap   total 221184K, used 132954K [0x00000006e0000000, 0x0000000800000000)
  region size 1024K, 10 young (10240K), 3 survivors (3072K)
 Metaspace       used 94706K, capacity 97711K, committed 97868K, reserved 1134592K
  class space    used 11554K, capacity 12550K, committed 12620K, reserved 1048576K
}
Event: 203.184 GC heap after
{Heap after GC invocations=106 (full 2):
 garbage-first heap   total 221184K, used 126878K [0x00000006e0000000, 0x0000000800000000)
  region size 1024K, 2 young (2048K), 2 survivors (2048K)
 Metaspace       used 94706K, capacity 97711K, committed 97868K, reserved 1134592K
  class space    used 11554K, capacity 12550K, committed 12620K, reserved 1048576K
}
Event: 205.286 GC heap before
{Heap before GC invocations=106 (full 2):
 garbage-first heap   total 221184K, used 159646K [0x00000006e0000000, 0x0000000800000000)
  region size 1024K, 34 young (34816K), 2 survivors (2048K)
 Metaspace       used 95219K, capacity 98188K, committed 98380K, reserved 1134592K
  class space    used 11559K, capacity 12555K, committed 12620K, reserved 1048576K
}
Event: 205.303 GC heap after
{Heap after GC invocations=107 (full 2):
 garbage-first heap   total 221184K, used 130875K [0x00000006e0000000, 0x0000000800000000)
  region size 1024K, 5 young (5120K), 5 survivors (5120K)
 Metaspace       used 95219K, capacity 98188K, committed 98380K, reserved 1134592K
  class space    used 11559K, capacity 12555K, committed 12620K, reserved 1048576K
}
Event: 211.806 GC heap before
{Heap before GC invocations=108 (full 2):
 garbage-first heap   total 221184K, used 163643K [0x00000006e0000000, 0x0000000800000000)
  region size 1024K, 38 young (38912K), 5 survivors (5120K)
 Metaspace       used 95255K, capacity 98252K, committed 98380K, reserved 1134592K
  class space    used 11561K, capacity 12555K, committed 12620K, reserved 1048576K
}
Event: 211.831 GC heap after
{Heap after GC invocations=109 (full 2):
 garbage-first heap   total 221184K, used 135298K [0x00000006e0000000, 0x0000000800000000)
  region size 1024K, 5 young (5120K), 5 survivors (5120K)
 Metaspace       used 95255K, capacity 98252K, committed 98380K, reserved 1134592K
  class space    used 11561K, capacity 12555K, committed 12620K, reserved 1048576K
}
Event: 216.602 GC heap before
{Heap before GC invocations=109 (full 2):
 garbage-first heap   total 221184K, used 140418K [0x00000006e0000000, 0x0000000800000000)
  region size 1024K, 10 young (10240K), 5 survivors (5120K)
 Metaspace       used 95279K, capacity 98270K, committed 98380K, reserved 1134592K
  class space    used 11564K, capacity 12561K, committed 12620K, reserved 1048576K
}
Event: 216.620 GC heap after
{Heap after GC invocations=110 (full 2):
 garbage-first heap   total 266240K, used 128076K [0x00000006e0000000, 0x0000000800000000)
  region size 1024K, 1 young (1024K), 1 survivors (1024K)
 Metaspace       used 95279K, capacity 98270K, committed 98380K, reserved 1134592K
  class space    used 11564K, capacity 12561K, committed 12620K, reserved 1048576K
}

Deoptimization events (10 events):
Event: 196.012 Thread 0x0000021b58782800 Uncommon trap: reason=null_check action=make_not_entrant pc=0x0000021b427b8680 method=jdk.nio.zipfs.ZipFileSystem$IndexNode.keyOf([B)Ljdk/nio/zipfs/ZipFileSystem$IndexNode; @ 6 c2
Event: 196.599 Thread 0x0000021b58782800 Uncommon trap: reason=unstable_if action=reinterpret pc=0x0000021b42827ff8 method=com.sun.tools.javac.code.Types$15.visitClassType(Lcom/sun/tools/javac/code/Type$ClassType;Ljava/lang/Void;)Lcom/sun/tools/javac/code/Type; @ 43 c2
Event: 196.599 Thread 0x0000021b58782800 Uncommon trap: reason=unstable_if action=reinterpret pc=0x0000021b4282a874 method=com.sun.tools.javac.code.Types$16.visitClassType(Lcom/sun/tools/javac/code/Type$ClassType;Ljava/lang/Void;)Lcom/sun/tools/javac/util/List; @ 22 c2
Event: 197.143 Thread 0x0000021b58782800 Uncommon trap: reason=unstable_if action=reinterpret pc=0x0000021b42829e64 method=com.sun.tools.javac.code.Types$16.visitClassType(Lcom/sun/tools/javac/code/Type$ClassType;Ljava/lang/Void;)Lcom/sun/tools/javac/util/List; @ 67 c2
Event: 199.432 Thread 0x0000021b58782800 Uncommon trap: reason=speculate_null_assert action=make_not_entrant pc=0x0000021b42884848 method=jdk.nio.zipfs.ZipFileSystem.getEntry([B)Ljdk/nio/zipfs/ZipFileSystem$Entry; @ 19 c2
Event: 201.788 Thread 0x0000021b58782800 Uncommon trap: reason=unstable_if action=reinterpret pc=0x0000021b42410150 method=java.lang.StringLatin1.compareToCI([B[B)I @ 68 c2
Event: 202.392 Thread 0x0000021b58782800 Uncommon trap: reason=speculate_null_assert action=make_not_entrant pc=0x0000021b428c8cdc method=jdk.nio.zipfs.ZipFileSystem.getEntry([B)Ljdk/nio/zipfs/ZipFileSystem$Entry; @ 19 c2
Event: 211.652 Thread 0x0000021b58782800 Uncommon trap: reason=unstable_if action=reinterpret pc=0x0000021b42751590 method=org.objectweb.asm.Item.isEqualTo(Lorg/objectweb/asm/Item;)Z @ 4 c2
Event: 221.962 Thread 0x0000021b58782800 Uncommon trap: reason=speculate_null_assert action=make_not_entrant pc=0x0000021b4297ff40 method=jdk.nio.zipfs.ZipFileSystem.getEntry([B)Ljdk/nio/zipfs/ZipFileSystem$Entry; @ 19 c2
Event: 221.962 Thread 0x0000021b58782800 Uncommon trap: reason=speculate_null_assert action=make_not_entrant pc=0x0000021b4297f6e8 method=jdk.nio.zipfs.ZipFileSystem.getEntry([B)Ljdk/nio/zipfs/ZipFileSystem$Entry; @ 19 c2

Classes redefined (0 events):
No events

Internal exceptions (10 events):
Event: 205.092 Thread 0x0000021b58782800 Exception <a 'sun/nio/fs/WindowsException'{0x00000006eb8d8f50}> (0x00000006eb8d8f50) thrown at [t:/workspace/open/src/hotspot/share/prims/jni.cpp, line 615]
Event: 208.117 Thread 0x0000021b57e6c800 Exception <a 'sun/nio/fs/WindowsException'{0x00000006ed5b1fa0}> (0x00000006ed5b1fa0) thrown at [t:/workspace/open/src/hotspot/share/prims/jni.cpp, line 615]
Event: 208.117 Thread 0x0000021b57e6c800 Exception <a 'sun/nio/fs/WindowsException'{0x00000006ed5b5608}> (0x00000006ed5b5608) thrown at [t:/workspace/open/src/hotspot/share/prims/jni.cpp, line 615]
Event: 211.558 Thread 0x0000021b58782800 Exception <a 'sun/nio/fs/WindowsException'{0x00000006ec2dd8c0}> (0x00000006ec2dd8c0) thrown at [t:/workspace/open/src/hotspot/share/prims/jni.cpp, line 615]
Event: 211.611 Thread 0x0000021b58782800 Exception <a 'sun/nio/fs/WindowsException'{0x00000006ebd2c798}> (0x00000006ebd2c798) thrown at [t:/workspace/open/src/hotspot/share/prims/jni.cpp, line 615]
Event: 216.560 Thread 0x0000021b58782800 Exception <a 'sun/nio/fs/WindowsException'{0x00000006ed5564a0}> (0x00000006ed5564a0) thrown at [t:/workspace/open/src/hotspot/share/prims/jni.cpp, line 615]
Event: 219.683 Thread 0x0000021b58782800 Exception <a 'sun/nio/fs/WindowsException'{0x00000006ef7d3250}> (0x00000006ef7d3250) thrown at [t:/workspace/open/src/hotspot/share/prims/jni.cpp, line 615]
Event: 219.683 Thread 0x0000021b58782800 Exception <a 'sun/nio/fs/WindowsException'{0x00000006ef7d36d0}> (0x00000006ef7d36d0) thrown at [t:/workspace/open/src/hotspot/share/prims/jni.cpp, line 615]
Event: 219.732 Thread 0x0000021b58782800 Exception <a 'sun/nio/fs/WindowsException'{0x00000006ef42a488}> (0x00000006ef42a488) thrown at [t:/workspace/open/src/hotspot/share/prims/jni.cpp, line 615]
Event: 219.732 Thread 0x0000021b58782800 Exception <a 'sun/nio/fs/WindowsException'{0x00000006ef42a6c8}> (0x00000006ef42a6c8) thrown at [t:/workspace/open/src/hotspot/share/prims/jni.cpp, line 615]

Events (10 events):
Event: 216.601 Executing VM operation: G1CollectForAllocation
Event: 216.620 Executing VM operation: G1CollectForAllocation done
Event: 221.514 Thread 0x0000021b58782800 DEOPT PACKING pc=0x0000021b3cb8b9c6 sp=0x00000086a07f7750
Event: 221.514 Thread 0x0000021b58782800 DEOPT UNPACKING pc=0x0000021b3a528f4e sp=0x00000086a07f6c38 mode 0
Event: 221.962 Thread 0x0000021b58782800 Uncommon trap: trap_request=0xffffff5c fr.pc=0x0000021b4297ff40 relative=0x0000000000000460
Event: 221.962 Thread 0x0000021b58782800 DEOPT PACKING pc=0x0000021b4297ff40 sp=0x00000086a07f6af0
Event: 221.962 Thread 0x0000021b58782800 DEOPT UNPACKING pc=0x0000021b3a52912f sp=0x00000086a07f6980 mode 2
Event: 221.962 Thread 0x0000021b58782800 Uncommon trap: trap_request=0xffffff5c fr.pc=0x0000021b4297f6e8 relative=0x00000000000000a8
Event: 221.962 Thread 0x0000021b58782800 DEOPT PACKING pc=0x0000021b4297f6e8 sp=0x00000086a07f6970
Event: 221.962 Thread 0x0000021b58782800 DEOPT UNPACKING pc=0x0000021b3a52912f sp=0x00000086a07f68f8 mode 2


Dynamic libraries:
0x00007ff7600a0000 - 0x00007ff7600e7000 	C:\Program Files\Java\jdk-11.0.6\bin\java.exe
0x00007ffffd5f0000 - 0x00007ffffd7d0000 	C:\Windows\SYSTEM32\ntdll.dll
0x00007ffffcaf0000 - 0x00007ffffcb9e000 	C:\Windows\System32\KERNEL32.DLL
0x00007ffff9c20000 - 0x00007ffff9e86000 	C:\Windows\System32\KERNELBASE.dll
0x00007ffffce00000 - 0x00007ffffcea1000 	C:\Windows\System32\ADVAPI32.dll
0x00007ffffd010000 - 0x00007ffffd0ad000 	C:\Windows\System32\msvcrt.dll
0x00007ffffae20000 - 0x00007ffffae7b000 	C:\Windows\System32\sechost.dll
0x00007ffffcec0000 - 0x00007ffffcfdf000 	C:\Windows\System32\RPCRT4.dll
0x00007ffffcc70000 - 0x00007ffffcdff000 	C:\Windows\System32\USER32.dll
0x00007ffffa8b0000 - 0x00007ffffa8d0000 	C:\Windows\System32\win32u.dll
0x00007ffffcfe0000 - 0x00007ffffd008000 	C:\Windows\System32\GDI32.dll
0x00007ffff9f10000 - 0x00007ffffa0a3000 	C:\Windows\System32\gdi32full.dll
0x00007ffffa9d0000 - 0x00007ffffaa6b000 	C:\Windows\System32\msvcp_win.dll
0x00007ffffa8d0000 - 0x00007ffffa9c4000 	C:\Windows\System32\ucrtbase.dll
0x00007fffe3e10000 - 0x00007fffe4079000 	C:\Windows\WinSxS\amd64_microsoft.windows.common-controls_6595b64144ccf1df_6.0.16299.1087_none_0f9074b65a6589b7\COMCTL32.dll
0x00007ffff05e0000 - 0x00007ffff05ea000 	C:\Windows\SYSTEM32\VERSION.dll
0x00007ffffae80000 - 0x00007ffffb186000 	C:\Windows\System32\combase.dll
0x00007ffff9e90000 - 0x00007ffff9f02000 	C:\Windows\System32\bcryptPrimitives.dll
0x00007ffffb190000 - 0x00007ffffb1bd000 	C:\Windows\System32\IMM32.DLL
0x00007ffff1dd0000 - 0x00007ffff1de6000 	C:\Program Files\Java\jdk-11.0.6\bin\vcruntime140.dll
0x00007fffe1470000 - 0x00007fffe151a000 	C:\Program Files\Java\jdk-11.0.6\bin\msvcp140.dll
0x00007fffc1530000 - 0x00007fffc2059000 	C:\Program Files\Java\jdk-11.0.6\bin\server\jvm.dll
0x00007ffffb1e0000 - 0x00007ffffb1e8000 	C:\Windows\System32\PSAPI.DLL
0x00007ffff5cd0000 - 0x00007ffff5cd9000 	C:\Windows\SYSTEM32\WSOCK32.dll
0x00007ffff7970000 - 0x00007ffff7993000 	C:\Windows\SYSTEM32\WINMM.dll
0x00007ffffca80000 - 0x00007ffffcaec000 	C:\Windows\System32\WS2_32.dll
0x00007ffff7910000 - 0x00007ffff793a000 	C:\Windows\SYSTEM32\winmmbase.dll
0x00007ffffaa70000 - 0x00007ffffaaba000 	C:\Windows\System32\cfgmgr32.dll
0x00007ffff9940000 - 0x00007ffff9951000 	C:\Windows\System32\kernel.appcore.dll
0x00007ffff1db0000 - 0x00007ffff1dc1000 	C:\Program Files\Java\jdk-11.0.6\bin\verify.dll
0x00007fffecac0000 - 0x00007fffecc88000 	C:\Windows\SYSTEM32\DBGHELP.DLL
0x00007fffec590000 - 0x00007fffec5b9000 	C:\Windows\SYSTEM32\dbgcore.DLL
0x00007ffff1d00000 - 0x00007ffff1d29000 	C:\Program Files\Java\jdk-11.0.6\bin\java.dll
0x00007ffff1ce0000 - 0x00007ffff1cf6000 	C:\Program Files\Java\jdk-11.0.6\bin\zip.dll
0x00007ffff5c60000 - 0x00007ffff5c6a000 	C:\Program Files\Java\jdk-11.0.6\bin\jimage.dll
0x00007ffffb640000 - 0x00007ffffca78000 	C:\Windows\System32\SHELL32.dll
0x00007ffffd250000 - 0x00007ffffd2f6000 	C:\Windows\System32\shcore.dll
0x00007ffffa160000 - 0x00007ffffa8a7000 	C:\Windows\System32\windows.storage.dll
0x00007ffffd560000 - 0x00007ffffd5b1000 	C:\Windows\System32\shlwapi.dll
0x00007ffff9960000 - 0x00007ffff99ac000 	C:\Windows\System32\powrprof.dll
0x00007ffff99b0000 - 0x00007ffff99cb000 	C:\Windows\System32\profapi.dll
0x00007ffff1cc0000 - 0x00007ffff1cd9000 	C:\Program Files\Java\jdk-11.0.6\bin\net.dll
0x00007ffff4f50000 - 0x00007ffff502e000 	C:\Windows\SYSTEM32\WINHTTP.dll
0x00007ffff91d0000 - 0x00007ffff9236000 	C:\Windows\system32\mswsock.dll
0x00007ffff1ca0000 - 0x00007ffff1cb3000 	C:\Program Files\Java\jdk-11.0.6\bin\nio.dll
0x00007fffe9db0000 - 0x00007fffe9dd6000 	C:\Users\Rohit Jain\.gradle\native\29\windows-amd64\native-platform.dll
0x00007ffff0c90000 - 0x00007ffff0c99000 	C:\Program Files\Java\jdk-11.0.6\bin\management.dll
0x00007ffff0bb0000 - 0x00007ffff0bbc000 	C:\Program Files\Java\jdk-11.0.6\bin\management_ext.dll
0x00007ffff9390000 - 0x00007ffff93a7000 	C:\Windows\SYSTEM32\CRYPTSP.dll
0x00007ffff8d70000 - 0x00007ffff8da3000 	C:\Windows\system32\rsaenh.dll
0x00007ffff94a0000 - 0x00007ffff94c5000 	C:\Windows\SYSTEM32\bcrypt.dll
0x00007ffff9870000 - 0x00007ffff9899000 	C:\Windows\SYSTEM32\USERENV.dll
0x00007ffff93b0000 - 0x00007ffff93bb000 	C:\Windows\SYSTEM32\CRYPTBASE.dll
0x00007ffff8f60000 - 0x00007ffff8f99000 	C:\Windows\SYSTEM32\IPHLPAPI.DLL
0x00007ffffceb0000 - 0x00007ffffceb8000 	C:\Windows\System32\NSI.dll
0x00007ffff2ad0000 - 0x00007ffff2ae6000 	C:\Windows\SYSTEM32\dhcpcsvc6.DLL
0x00007ffff2fd0000 - 0x00007ffff2fea000 	C:\Windows\SYSTEM32\dhcpcsvc.DLL
0x00007ffff7c20000 - 0x00007ffff7ca8000 	C:\Windows\system32\apphelp.dll

dbghelp: loaded successfully - version: 4.0.5 - missing functions: none
symbol engine: initialized successfully - sym options: 0x614 - pdb path: .;C:\Program Files\Java\jdk-11.0.6\bin;C:\Windows\SYSTEM32;C:\Windows\WinSxS\amd64_microsoft.windows.common-controls_6595b64144ccf1df_6.0.16299.1087_none_0f9074b65a6589b7;C:\Program Files\Java\jdk-11.0.6\bin\server;C:\Users\Rohit Jain\.gradle\native\29\windows-amd64

VM Arguments:
jvm_args: --add-opens=java.base/java.util=ALL-UNNAMED --add-opens=java.base/java.lang=ALL-UNNAMED --add-opens=java.base/java.lang.invoke=ALL-UNNAMED --add-opens=java.prefs/java.util.prefs=ALL-UNNAMED -Xmx4608M -Dfile.encoding=windows-1252 -Duser.country=US -Duser.language=en -Duser.variant 
java_command: org.gradle.launcher.daemon.bootstrap.GradleDaemon 5.5
java_class_path (initial): C:\Users\Rohit Jain\.gradle\wrapper\dists\gradle-5.5-all\byeise1led9a3w3p149d02kfj\gradle-5.5\lib\gradle-launcher-5.5.jar
Launcher Type: SUN_STANDARD

[Global flags]
     intx CICompilerCount                          = 3                                         {product} {ergonomic}
     uint ConcGCThreads                            = 1                                         {product} {ergonomic}
     uint G1ConcRefinementThreads                  = 4                                         {product} {ergonomic}
   size_t G1HeapRegionSize                         = 1048576                                   {product} {ergonomic}
    uintx GCDrainStackTargetSize                   = 64                                        {product} {ergonomic}
   size_t InitialHeapSize                          = 100663296                                 {product} {ergonomic}
   size_t MarkStackSize                            = 4194304                                   {product} {ergonomic}
   size_t MaxHeapSize                              = 4831838208                                {product} {command line}
   size_t MaxNewSize                               = 2898264064                                {product} {ergonomic}
   size_t MinHeapDeltaBytes                        = 1048576                                   {product} {ergonomic}
    uintx NonNMethodCodeHeapSize                   = 5830732                                {pd product} {ergonomic}
    uintx NonProfiledCodeHeapSize                  = 122913754                              {pd product} {ergonomic}
    uintx ProfiledCodeHeapSize                     = 122913754                              {pd product} {ergonomic}
    uintx ReservedCodeCacheSize                    = 251658240                              {pd product} {ergonomic}
     bool SegmentedCodeCache                       = true                                      {product} {ergonomic}
     bool UseCompressedClassPointers               = true                                 {lp64_product} {ergonomic}
     bool UseCompressedOops                        = true                                 {lp64_product} {ergonomic}
     bool UseG1GC                                  = true                                      {product} {ergonomic}
     bool UseLargePagesIndividualAllocation        = false                                  {pd product} {ergonomic}

Logging:
Log output configuration:
 #0: stdout all=warning uptime,level,tags
 #1: stderr all=off uptime,level,tags

Environment Variables:
JAVA_HOME=C:\Program Files\Java\jdk-11.0.6
CLASSPATH=F:\FinalAppCode\TSGAPP\android\\gradle\wrapper\gradle-wrapper.jar
PATH=C:\Windows\system32;C:\Windows;C:\Windows\System32\Wbem;C:\Windows\System32\WindowsPowerShell\v1.0\;C:\Program Files\nodejs\;C:\Program Files\Git\cmd;C:\Program Files\Java\jdk-11.0.6\bin;C:\ProgramData\chocolatey\bin;C:\Users\Rohit Jain\AppData\Local\Microsoft\WindowsApps;;C:\Users\Rohit Jain\AppData\Local\Programs\Microsoft VS Code\bin;C:\Users\Rohit Jain\AppData\Roaming\npm
USERNAME=Rohit Jain
OS=Windows_NT
PROCESSOR_IDENTIFIER=Intel64 Family 6 Model 42 Stepping 7, GenuineIntel



---------------  S Y S T E M  ---------------

OS: Windows 10 , 64 bit Build 16299 (10.0.16299.1087)

CPU:total 4 (initial active 4) (2 cores per cpu, 2 threads per core) family 6 model 42 stepping 7, cmov, cx8, fxsr, mmx, sse, sse2, sse3, ssse3, sse4.1, sse4.2, popcnt, avx, clmul, ht, tsc, tscinvbit

Memory: 4k page, system-wide physical 6044M (417M free)
TotalPageFile size 20124M (AvailPageFile size 134M)
current process WorkingSet (physical memory assigned to process): 465M, peak: 484M
current process commit charge ("private bytes"): 580M, peak: 580M

vm_info: Java HotSpot(TM) 64-Bit Server VM (11.0.6+8-LTS) for windows-amd64 JRE (11.0.6+8-LTS), built on Dec 11 2019 09:17:57 by "mach5one" with MS VC++ 15.5 (VS2017)

END.
