#
# There is insufficient memory for the Java Runtime Environment to continue.
# Native memory allocation (mmap) failed to map 258998272 bytes for Failed to commit area from 0x00000006fc800000 to 0x000000070bf00000 of length 258998272.
# Possible reasons:
#   The system is out of physical RAM or swap space
#   The process is running with CompressedOops enabled, and the Java Heap may be blocking the growth of the native heap
# Possible solutions:
#   Reduce memory load on the system
#   Increase physical memory or swap space
#   Check if swap backing store is full
#   Decrease Java heap size (-Xmx/-Xms)
#   Decrease number of Java threads
#   Decrease Java thread stack sizes (-Xss)
#   Set larger code cache with -XX:ReservedCodeCacheSize=
#   JVM is running with Zero Based Compressed Oops mode in which the Java heap is
#     placed in the first 32GB address space. The Java Heap base address is the
#     maximum limit for the native heap growth. Please use -XX:HeapBaseMinAddress
#     to set the Java Heap base and to place the Java Heap above 32GB virtual address.
# This output file may be truncated or incomplete.
#
#  Out of Memory Error (t:/workspace/open/src/hotspot/os/windows/os_windows.cpp:3271), pid=9712, tid=8388
#
# JRE version: Java(TM) SE Runtime Environment (11.0.6+8) (build 11.0.6+8-LTS)
# Java VM: Java HotSpot(TM) 64-Bit Server VM (11.0.6+8-LTS, mixed mode, tiered, compressed oops, g1 gc, windows-amd64)
# No core dump will be written. Minidumps are not enabled by default on client versions of Windows
#

---------------  S U M M A R Y ------------

Command Line: --add-opens=java.base/java.util=ALL-UNNAMED --add-opens=java.base/java.lang=ALL-UNNAMED --add-opens=java.base/java.lang.invoke=ALL-UNNAMED --add-opens=java.prefs/java.util.prefs=ALL-UNNAMED -Xmx4608M -Dfile.encoding=windows-1252 -Duser.country=US -Duser.language=en -Duser.variant org.gradle.launcher.daemon.bootstrap.GradleDaemon 5.5

Host: Intel(R) Core(TM) i3-2328M CPU @ 2.20GHz, 4 cores, 5G,  Windows 10 , 64 bit Build 16299 (10.0.16299.1087)
Time: Sun Mar  1 22:09:39 2020 India Standard Time elapsed time: 4419 seconds (0d 1h 13m 39s)

---------------  T H R E A D  ---------------

Current thread (0x000001eda246e000):  VMThread "VM Thread" [stack: 0x000000cf36800000,0x000000cf36900000] [id=8388]

Stack: [0x000000cf36800000,0x000000cf36900000]
[error occurred during error reporting (printing stack bounds), id 0xc0000005, EXCEPTION_ACCESS_VIOLATION (0xc0000005) at pc=0x000001ed882b0bad]

Native frames: (J=compiled Java code, j=interpreted, Vv=VM code, C=native code)
V  [jvm.dll+0x63679a]
V  [jvm.dll+0x7755bf]
V  [jvm.dll+0x776c65]
V  [jvm.dll+0x777235]
V  [jvm.dll+0x7771eb]
V  [jvm.dll+0x635e96]
V  [jvm.dll+0x636268]
C  [ntdll.dll+0xa4ecd]
C  [ntdll.dll+0x26058]
C  [ntdll.dll+0xa3dfe]
C  0x000001ed882b0bad

VM_Operation (0x000000cf4c7fe090): G1CollectForAllocation, mode: safepoint, requested by thread 0x000001eda767d800


---------------  P R O C E S S  ---------------

Threads class SMR info:
_java_thread_list=0x000001edab230360, length=57, elements={
0x000001edfe00e800, 0x000001eda2471800, 0x000001eda2472800, 0x000001eda2de7000,
0x000001eda2dea000, 0x000001eda2dec000, 0x000001eda2def800, 0x000001eda2e5f000,
0x000001eda2f7c800, 0x000001eda2fb7800, 0x000001eda30fc800, 0x000001eda3ef8800,
0x000001eda3e8f800, 0x000001eda44f9800, 0x000001eda44f6800, 0x000001eda44fd000,
0x000001eda7680800, 0x000001eda7d85800, 0x000001eda7d86800, 0x000001eda7d8e800,
0x000001edad92b800, 0x000001edad931000, 0x000001edad932000, 0x000001edad92c800,
0x000001edad92d000, 0x000001edad930800, 0x000001edad933000, 0x000001edad933800,
0x000001edad92e000, 0x000001edad934800, 0x000001edad92f000, 0x000001edad936000,
0x000001edad935800, 0x000001edad939800, 0x000001edad937000, 0x000001edad938000,
0x000001edad938800, 0x000001edad93a000, 0x000001eda7d81800, 0x000001eda7d85000,
0x000001eda7d88000, 0x000001eda7d84000, 0x000001eda7d87800, 0x000001eda7d89000,
0x000001eda7d83000, 0x000001eda7d8d000, 0x000001eda7d8a000, 0x000001eda7d8a800,
0x000001eda7d8e000, 0x000001eda7d8b800, 0x000001eda7d8c000, 0x000001eda7d8f800,
0x000001eda7682800, 0x000001eda7681800, 0x000001eda767d800, 0x000001eda7683000,
0x000001eda7680000
}

Java Threads: ( => current thread )
  0x000001edfe00e800 JavaThread "main" [_thread_blocked, id=8088, stack(0x000000cf36200000,0x000000cf36300000)]
  0x000001eda2471800 JavaThread "Reference Handler" daemon [_thread_blocked, id=13824, stack(0x000000cf36900000,0x000000cf36a00000)]
  0x000001eda2472800 JavaThread "Finalizer" daemon [_thread_blocked, id=3900, stack(0x000000cf36a00000,0x000000cf36b00000)]
  0x000001eda2de7000 JavaThread "Signal Dispatcher" daemon [_thread_blocked, id=13120, stack(0x000000cf36b00000,0x000000cf36c00000)]
  0x000001eda2dea000 JavaThread "Attach Listener" daemon [_thread_blocked, id=6164, stack(0x000000cf36c00000,0x000000cf36d00000)]
  0x000001eda2dec000 JavaThread "C2 CompilerThread0" daemon [_thread_blocked, id=7032, stack(0x000000cf36d00000,0x000000cf36e00000)]
  0x000001eda2def800 JavaThread "C1 CompilerThread0" daemon [_thread_blocked, id=5324, stack(0x000000cf36e00000,0x000000cf36f00000)]
  0x000001eda2e5f000 JavaThread "Sweeper thread" daemon [_thread_blocked, id=6952, stack(0x000000cf36f00000,0x000000cf37000000)]
  0x000001eda2f7c800 JavaThread "Common-Cleaner" daemon [_thread_blocked, id=12348, stack(0x000000cf37000000,0x000000cf37100000)]
  0x000001eda2fb7800 JavaThread "Service Thread" daemon [_thread_blocked, id=9580, stack(0x000000cf37100000,0x000000cf37200000)]
  0x000001eda30fc800 JavaThread "Daemon health stats" [_thread_blocked, id=2292, stack(0x000000cf37400000,0x000000cf37500000)]
  0x000001eda3ef8800 JavaThread "Incoming local TCP Connector on port 49800" [_thread_in_native, id=8696, stack(0x000000cf37800000,0x000000cf37900000)]
  0x000001eda3e8f800 JavaThread "Daemon periodic checks" [_thread_blocked, id=7444, stack(0x000000cf37900000,0x000000cf37a00000)]
  0x000001eda44f9800 JavaThread "Cache worker for file hash cache (C:\Users\Rohit Jain\.gradle\caches\5.5\fileHashes)" [_thread_blocked, id=8216, stack(0x000000cf38100000,0x000000cf38200000)]
  0x000001eda44f6800 JavaThread "File lock request listener" [_thread_in_native, id=9768, stack(0x000000cf38200000,0x000000cf38300000)]
  0x000001eda44fd000 JavaThread "Cache worker for journal cache (C:\Users\Rohit Jain\.gradle\caches\journal-1)" [_thread_blocked, id=5216, stack(0x000000cf38300000,0x000000cf38400000)]
  0x000001eda7680800 JavaThread "Cache worker for execution history cache (C:\Users\Rohit Jain\.gradle\caches\5.5\executionHistory)" [_thread_blocked, id=13348, stack(0x000000cf38d00000,0x000000cf38e00000)]
  0x000001eda7d85800 JavaThread "Memory manager" [_thread_blocked, id=8980, stack(0x000000cf39b00000,0x000000cf39c00000)]
  0x000001eda7d86800 JavaThread "Cache worker for file content cache (C:\Users\Rohit Jain\.gradle\caches\5.5\fileContent)" [_thread_blocked, id=12784, stack(0x000000cf3a700000,0x000000cf3a800000)]
  0x000001eda7d8e800 JavaThread "Cache worker for Java compile cache (C:\Users\Rohit Jain\.gradle\caches\5.5\javaCompile)" [_thread_blocked, id=4136, stack(0x000000cf45300000,0x000000cf45400000)]
  0x000001edad92b800 JavaThread "Daemon Thread 9" [_thread_blocked, id=4748, stack(0x000000cf48d00000,0x000000cf48e00000)]
  0x000001edad931000 JavaThread "Handler for socket connection from /127.0.0.1:49800 to /127.0.0.1:53621" [_thread_in_native, id=10688, stack(0x000000cf48e00000,0x000000cf48f00000)]
  0x000001edad932000 JavaThread "Cancel handler" [_thread_blocked, id=2996, stack(0x000000cf48f00000,0x000000cf49000000)]
  0x000001edad92c800 JavaThread "Daemon worker Thread 9" [_thread_blocked, id=11536, stack(0x000000cf49000000,0x000000cf49100000)]
  0x000001edad92d000 JavaThread "Asynchronous log dispatcher for DefaultDaemonConnection: socket connection from /127.0.0.1:49800 to /127.0.0.1:53621" [_thread_blocked, id=7644, stack(0x000000cf49100000,0x000000cf49200000)]
  0x000001edad930800 JavaThread "Stdin handler" [_thread_blocked, id=11276, stack(0x000000cf49200000,0x000000cf49300000)]
  0x000001edad933000 JavaThread "Thread-189" [_thread_blocked, id=11392, stack(0x000000cf49300000,0x000000cf49400000)]
  0x000001edad933800 JavaThread "Cache worker for file hash cache (F:\FinalAppCode\TSGAPP\android\.gradle\5.5\fileHashes)" [_thread_blocked, id=1124, stack(0x000000cf49400000,0x000000cf49500000)]
  0x000001edad92e000 JavaThread "Cache worker for cache directory md-supplier (C:\Users\Rohit Jain\.gradle\caches\5.5\md-supplier)" [_thread_blocked, id=4092, stack(0x000000cf49500000,0x000000cf49600000)]
  0x000001edad934800 JavaThread "Cache worker for cache directory md-rule (C:\Users\Rohit Jain\.gradle\caches\5.5\md-rule)" [_thread_blocked, id=4104, stack(0x000000cf49600000,0x000000cf49700000)]
  0x000001edad92f000 JavaThread "Build operations" [_thread_blocked, id=10708, stack(0x000000cf49700000,0x000000cf49800000)]
  0x000001edad936000 JavaThread "Build operations Thread 2" [_thread_blocked, id=4404, stack(0x000000cf49800000,0x000000cf49900000)]
  0x000001edad935800 JavaThread "Build operations Thread 3" [_thread_blocked, id=10064, stack(0x000000cf49900000,0x000000cf49a00000)]
  0x000001edad939800 JavaThread "Build operations Thread 4" [_thread_blocked, id=12516, stack(0x000000cf49a00000,0x000000cf49b00000)]
  0x000001edad937000 JavaThread "pool-13-thread-1" [_thread_blocked, id=3756, stack(0x000000cf49b00000,0x000000cf49c00000)]
  0x000001edad938000 JavaThread "Cache worker for Build Output Cleanup Cache (F:\FinalAppCode\TSGAPP\android\.gradle\buildOutputCleanup)" [_thread_blocked, id=12276, stack(0x000000cf49c00000,0x000000cf49d00000)]
  0x000001edad938800 JavaThread "Cache worker for file content cache (F:\FinalAppCode\TSGAPP\android\.gradle\5.5\fileContent)" [_thread_blocked, id=152, stack(0x000000cf49d00000,0x000000cf49e00000)]
  0x000001edad93a000 JavaThread "Execution worker for ':'" [_thread_blocked, id=10068, stack(0x000000cf49e00000,0x000000cf49f00000)]
  0x000001eda7d81800 JavaThread "Execution worker for ':' Thread 2" [_thread_blocked, id=6628, stack(0x000000cf49f00000,0x000000cf4a000000)]
  0x000001eda7d85000 JavaThread "Execution worker for ':' Thread 3" [_thread_blocked, id=2988, stack(0x000000cf4a000000,0x000000cf4a100000)]
  0x000001eda7d88000 JavaThread "Cache worker for execution history cache (F:\FinalAppCode\TSGAPP\android\.gradle\5.5\executionHistory)" [_thread_blocked, id=8768, stack(0x000000cf4a100000,0x000000cf4a200000)]
  0x000001eda7d84000 JavaThread "Cache worker for Java compile cache (F:\FinalAppCode\TSGAPP\android\.gradle\5.5\javaCompile)" [_thread_blocked, id=8536, stack(0x000000cf4a200000,0x000000cf4a300000)]
  0x000001eda7d87800 JavaThread "ForkJoinPool.commonPool-worker-5" daemon [_thread_blocked, id=13972, stack(0x000000cf4b100000,0x000000cf4b200000)]
  0x000001eda7d89000 JavaThread "ForkJoinPool.commonPool-worker-7" daemon [_thread_blocked, id=12124, stack(0x000000cf4b200000,0x000000cf4b300000)]
  0x000001eda7d83000 JavaThread "pool-14-thread-1" [_thread_blocked, id=4696, stack(0x000000cf4b300000,0x000000cf4b400000)]
  0x000001eda7d8d000 JavaThread "stderr" daemon [_thread_in_native, id=6256, stack(0x000000cf4b400000,0x000000cf4b500000)]
  0x000001eda7d8a000 JavaThread "stdout" daemon [_thread_in_native, id=12812, stack(0x000000cf4b500000,0x000000cf4b600000)]
  0x000001eda7d8a800 JavaThread "stderr" daemon [_thread_in_native, id=4460, stack(0x000000cf4b600000,0x000000cf4b700000)]
  0x000001eda7d8e000 JavaThread "stdout" daemon [_thread_in_native, id=1232, stack(0x000000cf4b700000,0x000000cf4b800000)]
  0x000001eda7d8b800 JavaThread "stderr" daemon [_thread_in_native, id=10012, stack(0x000000cf4b800000,0x000000cf4b900000)]
  0x000001eda7d8c000 JavaThread "stdout" daemon [_thread_in_native, id=6684, stack(0x000000cf4b900000,0x000000cf4ba00000)]
  0x000001eda7d8f800 JavaThread "ForkJoinPool.commonPool-worker-1" daemon [_thread_blocked, id=2496, stack(0x000000cf4ba00000,0x000000cf4bb00000)]
  0x000001eda7682800 JavaThread "ForkJoinPool-56-worker-3" daemon [_thread_blocked, id=4856, stack(0x000000cf4c400000,0x000000cf4c500000)]
  0x000001eda7681800 JavaThread "ForkJoinPool-56-worker-5" daemon [_thread_blocked, id=12748, stack(0x000000cf4c600000,0x000000cf4c700000)]
  0x000001eda767d800 JavaThread "ForkJoinPool-56-worker-7" daemon [_thread_blocked, id=13816, stack(0x000000cf4c700000,0x000000cf4c800000)]
  0x000001eda7683000 JavaThread "ForkJoinPool-56-worker-1" daemon [_thread_blocked, id=7968, stack(0x000000cf4c800000,0x000000cf4c900000)]
  0x000001eda7680000 JavaThread "C2 CompilerThread1" daemon [_thread_blocked, id=2724, stack(0x000000cf4c900000,0x000000cf4ca00000)]

Other Threads:
=>0x000001eda246e000 VMThread "VM Thread" [stack: 0x000000cf36800000,0x000000cf36900000] [id=8388]
  0x000001eda2fb9800 WatcherThread [stack: 0x000000cf37200000,0x000000cf37300000] [id=11652]
  0x000001edfe025000 GCTaskThread "GC Thread#0" [stack: 0x000000cf36300000,0x000000cf36400000] [id=1616]
  0x000001eda36a8000 GCTaskThread "GC Thread#1" [stack: 0x000000cf37300000,0x000000cf37400000] [id=13740]
  0x000001eda3e45800 GCTaskThread "GC Thread#2" [stack: 0x000000cf38400000,0x000000cf38500000] [id=10812]
  0x000001eda3ee4800 GCTaskThread "GC Thread#3" [stack: 0x000000cf38500000,0x000000cf38600000] [id=8116]
  0x000001edfe08e800 ConcurrentGCThread "G1 Main Marker" [stack: 0x000000cf36400000,0x000000cf36500000] [id=9316]
  0x000001edfe090000 ConcurrentGCThread "G1 Conc#0" [stack: 0x000000cf36500000,0x000000cf36600000] [id=12148]
  0x000001eda22d5800 ConcurrentGCThread "G1 Refine#0" [stack: 0x000000cf36600000,0x000000cf36700000] [id=3776]
  0x000001edab6ea000 ConcurrentGCThread "G1 Refine#1" [stack: 0x000000cf4c300000,0x000000cf4c400000] [id=9860]
  0x000001eda22d6800 ConcurrentGCThread "G1 Young RemSet Sampling" [stack: 0x000000cf36700000,0x000000cf36800000] [id=5372]

Threads with active compile tasks:
C2 CompilerThread029058       4       com.android.tools.r8.dex.DexParser::readMethods (198 bytes)
C2 CompilerThread129049       4       com.android.tools.r8.graph.DexMethod::slowCompareTo (48 bytes)

VM state:at safepoint (normal execution)

VM Mutex/Monitor currently owned by a thread:  ([mutex/lock_event])
[0x000001edfe00cdc0] Threads_lock - owner thread: 0x000001eda246e000
[0x000001edfe00d1b0] Heap_lock - owner thread: 0x000001eda767d800

Heap address: 0x00000006e0000000, size: 4608 MB, Compressed Oops mode: Zero based, Oop shift amount: 3
Narrow klass base: 0x0000000800000000, Narrow klass shift: 0
Compressed class space size: 1073741824 Address: 0x0000000800000000

Heap:
 garbage-first heap   total 719872K, used 255305K [0x00000006e0000000, 0x0000000800000000)
  region size 1024K, 4 young (4096K), 4 survivors (4096K)
 Metaspace       used 119507K, capacity 123297K, committed 123904K, reserved 1157120K
  class space    used 14059K, capacity 15388K, committed 15616K, reserved 1048576K
Heap Regions: E=young(eden), S=young(survivor), O=old, HS=humongous(starts), HC=humongous(continues), CS=collection set, F=free, A=archive, TAMS=top-at-mark-start (previous, next)
|   0|0x00000006e0000000, 0x00000006e00fff88, 0x00000006e0100000| 99%| O|  |TAMS 0x00000006e00fff88, 0x00000006e00fff88| Untracked 
|   1|0x00000006e0100000, 0x00000006e01ffff0, 0x00000006e0200000| 99%| O|  |TAMS 0x00000006e01ffff0, 0x00000006e01ffff0| Untracked 
|   2|0x00000006e0200000, 0x00000006e0300000, 0x00000006e0300000|100%|HS|  |TAMS 0x00000006e0300000, 0x00000006e0300000| Complete 
|   3|0x00000006e0300000, 0x00000006e0400000, 0x00000006e0400000|100%|HS|  |TAMS 0x00000006e0400000, 0x00000006e0400000| Complete 
|   4|0x00000006e0400000, 0x00000006e0500000, 0x00000006e0500000|100%|HC|  |TAMS 0x00000006e0500000, 0x00000006e0500000| Complete 
|   5|0x00000006e0500000, 0x00000006e05ffff8, 0x00000006e0600000| 99%| O|  |TAMS 0x00000006e05ffff8, 0x00000006e05ffff8| Untracked 
|   6|0x00000006e0600000, 0x00000006e06fffa8, 0x00000006e0700000| 99%| O|  |TAMS 0x00000006e06fffa8, 0x00000006e06fffa8| Untracked 
|   7|0x00000006e0700000, 0x00000006e07ffef0, 0x00000006e0800000| 99%| O|  |TAMS 0x00000006e07ffef0, 0x00000006e07ffef0| Untracked 
|   8|0x00000006e0800000, 0x00000006e08fdfd8, 0x00000006e0900000| 99%| O|  |TAMS 0x00000006e08fdfd8, 0x00000006e08fdfd8| Untracked 
|   9|0x00000006e0900000, 0x00000006e09fe388, 0x00000006e0a00000| 99%| O|  |TAMS 0x00000006e09fe388, 0x00000006e09fe388| Untracked 
|  10|0x00000006e0a00000, 0x00000006e0affff0, 0x00000006e0b00000| 99%| O|  |TAMS 0x00000006e0affff0, 0x00000006e0affff0| Untracked 
|  11|0x00000006e0b00000, 0x00000006e0bffff8, 0x00000006e0c00000| 99%| O|  |TAMS 0x00000006e0bffff8, 0x00000006e0bffff8| Untracked 
|  12|0x00000006e0c00000, 0x00000006e0cfffd8, 0x00000006e0d00000| 99%| O|  |TAMS 0x00000006e0cfffd8, 0x00000006e0cfffd8| Untracked 
|  13|0x00000006e0d00000, 0x00000006e0e00000, 0x00000006e0e00000|100%| O|  |TAMS 0x00000006e0e00000, 0x00000006e0e00000| Untracked 
|  14|0x00000006e0e00000, 0x00000006e0efffe0, 0x00000006e0f00000| 99%| O|  |TAMS 0x00000006e0efffe0, 0x00000006e0efffe0| Untracked 
|  15|0x00000006e0f00000, 0x00000006e0ffffe0, 0x00000006e1000000| 99%| O|  |TAMS 0x00000006e0ffffe0, 0x00000006e0ffffe0| Untracked 
|  16|0x00000006e1000000, 0x00000006e1100000, 0x00000006e1100000|100%| O|  |TAMS 0x00000006e1100000, 0x00000006e1100000| Untracked 
|  17|0x00000006e1100000, 0x00000006e11fffb8, 0x00000006e1200000| 99%| O|  |TAMS 0x00000006e11fffb8, 0x00000006e11fffb8| Untracked 
|  18|0x00000006e1200000, 0x00000006e12ffff0, 0x00000006e1300000| 99%| O|  |TAMS 0x00000006e12ffff0, 0x00000006e12ffff0| Untracked 
|  19|0x00000006e1300000, 0x00000006e13ffff8, 0x00000006e1400000| 99%| O|  |TAMS 0x00000006e13ffff8, 0x00000006e13ffff8| Untracked 
|  20|0x00000006e1400000, 0x00000006e14ff7d0, 0x00000006e1500000| 99%| O|  |TAMS 0x00000006e14ff7d0, 0x00000006e14ff7d0| Untracked 
|  21|0x00000006e1500000, 0x00000006e1600000, 0x00000006e1600000|100%|HS|  |TAMS 0x00000006e1600000, 0x00000006e1600000| Complete 
|  22|0x00000006e1600000, 0x00000006e1700000, 0x00000006e1700000|100%|HC|  |TAMS 0x00000006e1700000, 0x00000006e1700000| Complete 
|  23|0x00000006e1700000, 0x00000006e1800000, 0x00000006e1800000|100%|HC|  |TAMS 0x00000006e1800000, 0x00000006e1800000| Complete 
|  24|0x00000006e1800000, 0x00000006e1900000, 0x00000006e1900000|100%|HS|  |TAMS 0x00000006e1900000, 0x00000006e1900000| Complete 
|  25|0x00000006e1900000, 0x00000006e1a00000, 0x00000006e1a00000|100%|HC|  |TAMS 0x00000006e1a00000, 0x00000006e1a00000| Complete 
|  26|0x00000006e1a00000, 0x00000006e1affbe0, 0x00000006e1b00000| 99%| O|  |TAMS 0x00000006e1affbe0, 0x00000006e1affbe0| Untracked 
|  27|0x00000006e1b00000, 0x00000006e1bfffc8, 0x00000006e1c00000| 99%| O|  |TAMS 0x00000006e1bfffc8, 0x00000006e1bfffc8| Untracked 
|  28|0x00000006e1c00000, 0x00000006e1cfc4e8, 0x00000006e1d00000| 98%| O|  |TAMS 0x00000006e1cfc4e8, 0x00000006e1cfc4e8| Untracked 
|  29|0x00000006e1d00000, 0x00000006e1dfffe8, 0x00000006e1e00000| 99%| O|  |TAMS 0x00000006e1dfffe8, 0x00000006e1dfffe8| Untracked 
|  30|0x00000006e1e00000, 0x00000006e1effb10, 0x00000006e1f00000| 99%| O|  |TAMS 0x00000006e1effb10, 0x00000006e1effb10| Untracked 
|  31|0x00000006e1f00000, 0x00000006e1ff7100, 0x00000006e2000000| 96%| O|  |TAMS 0x00000006e1ff7100, 0x00000006e1ff7100| Untracked 
|  32|0x00000006e2000000, 0x00000006e20ffff8, 0x00000006e2100000| 99%| O|  |TAMS 0x00000006e20ffff8, 0x00000006e20ffff8| Untracked 
|  33|0x00000006e2100000, 0x00000006e21fffd0, 0x00000006e2200000| 99%| O|  |TAMS 0x00000006e21fffd0, 0x00000006e21fffd0| Untracked 
|  34|0x00000006e2200000, 0x00000006e22fffd0, 0x00000006e2300000| 99%| O|  |TAMS 0x00000006e22fffd0, 0x00000006e22fffd0| Untracked 
|  35|0x00000006e2300000, 0x00000006e23fffe8, 0x00000006e2400000| 99%| O|  |TAMS 0x00000006e23fffe8, 0x00000006e23fffe8| Untracked 
|  36|0x00000006e2400000, 0x00000006e24fffe0, 0x00000006e2500000| 99%| O|  |TAMS 0x00000006e24fffe0, 0x00000006e24fffe0| Untracked 
|  37|0x00000006e2500000, 0x00000006e25feb88, 0x00000006e2600000| 99%| O|  |TAMS 0x00000006e25feb88, 0x00000006e25feb88| Untracked 
|  38|0x00000006e2600000, 0x00000006e2700000, 0x00000006e2700000|100%| O|  |TAMS 0x00000006e2700000, 0x00000006e2700000| Untracked 
|  39|0x00000006e2700000, 0x00000006e2800000, 0x00000006e2800000|100%| O|  |TAMS 0x00000006e2800000, 0x00000006e2800000| Untracked 
|  40|0x00000006e2800000, 0x00000006e2900000, 0x00000006e2900000|100%| O|  |TAMS 0x00000006e2900000, 0x00000006e2900000| Untracked 
|  41|0x00000006e2900000, 0x00000006e29ffff8, 0x00000006e2a00000| 99%| O|  |TAMS 0x00000006e29ffff8, 0x00000006e29ffff8| Untracked 
|  42|0x00000006e2a00000, 0x00000006e2affd78, 0x00000006e2b00000| 99%| O|  |TAMS 0x00000006e2affd78, 0x00000006e2affd78| Untracked 
|  43|0x00000006e2b00000, 0x00000006e2bfffd0, 0x00000006e2c00000| 99%| O|  |TAMS 0x00000006e2bfffd0, 0x00000006e2bfffd0| Untracked 
|  44|0x00000006e2c00000, 0x00000006e2d00000, 0x00000006e2d00000|100%| O|  |TAMS 0x00000006e2d00000, 0x00000006e2d00000| Untracked 
|  45|0x00000006e2d00000, 0x00000006e2dfe1f8, 0x00000006e2e00000| 99%| O|  |TAMS 0x00000006e2dfe1f8, 0x00000006e2dfe1f8| Untracked 
|  46|0x00000006e2e00000, 0x00000006e2efffc0, 0x00000006e2f00000| 99%| O|  |TAMS 0x00000006e2efffc0, 0x00000006e2efffc0| Untracked 
|  47|0x00000006e2f00000, 0x00000006e2fe92d8, 0x00000006e3000000| 91%| O|  |TAMS 0x00000006e2fe92d8, 0x00000006e2fe92d8| Untracked 
|  48|0x00000006e3000000, 0x00000006e30fffe0, 0x00000006e3100000| 99%| O|  |TAMS 0x00000006e30fffe0, 0x00000006e30fffe0| Untracked 
|  49|0x00000006e3100000, 0x00000006e31fffe8, 0x00000006e3200000| 99%| O|  |TAMS 0x00000006e31fffe8, 0x00000006e31fffe8| Untracked 
|  50|0x00000006e3200000, 0x00000006e32fffd0, 0x00000006e3300000| 99%| O|  |TAMS 0x00000006e32fffd0, 0x00000006e32fffd0| Untracked 
|  51|0x00000006e3300000, 0x00000006e33fffe8, 0x00000006e3400000| 99%| O|  |TAMS 0x00000006e33fffe8, 0x00000006e33fffe8| Untracked 
|  52|0x00000006e3400000, 0x00000006e34ffeb0, 0x00000006e3500000| 99%| O|  |TAMS 0x00000006e34ffeb0, 0x00000006e34ffeb0| Untracked 
|  53|0x00000006e3500000, 0x00000006e3600000, 0x00000006e3600000|100%| O|  |TAMS 0x00000006e3600000, 0x00000006e3600000| Untracked 
|  54|0x00000006e3600000, 0x00000006e36ffe60, 0x00000006e3700000| 99%| O|  |TAMS 0x00000006e36ffe60, 0x00000006e36ffe60| Untracked 
|  55|0x00000006e3700000, 0x00000006e3800000, 0x00000006e3800000|100%|HS|  |TAMS 0x00000006e3800000, 0x00000006e3800000| Complete 
|  56|0x00000006e3800000, 0x00000006e3900000, 0x00000006e3900000|100%|HC|  |TAMS 0x00000006e3900000, 0x00000006e3900000| Complete 
|  57|0x00000006e3900000, 0x00000006e39ffc48, 0x00000006e3a00000| 99%| O|  |TAMS 0x00000006e39ffc48, 0x00000006e39ffc48| Untracked 
|  58|0x00000006e3a00000, 0x00000006e3affff8, 0x00000006e3b00000| 99%| O|  |TAMS 0x00000006e3affff8, 0x00000006e3affff8| Untracked 
|  59|0x00000006e3b00000, 0x00000006e3c00000, 0x00000006e3c00000|100%|HS|  |TAMS 0x00000006e3c00000, 0x00000006e3c00000| Complete 
|  60|0x00000006e3c00000, 0x00000006e3d00000, 0x00000006e3d00000|100%|HC|  |TAMS 0x00000006e3d00000, 0x00000006e3d00000| Complete 
|  61|0x00000006e3d00000, 0x00000006e3dfffc8, 0x00000006e3e00000| 99%| O|  |TAMS 0x00000006e3dfffc8, 0x00000006e3dfffc8| Untracked 
|  62|0x00000006e3e00000, 0x00000006e3effff8, 0x00000006e3f00000| 99%| O|  |TAMS 0x00000006e3effff8, 0x00000006e3effff8| Untracked 
|  63|0x00000006e3f00000, 0x00000006e3fffff0, 0x00000006e4000000| 99%| O|  |TAMS 0x00000006e3fffff0, 0x00000006e3fffff0| Untracked 
|  64|0x00000006e4000000, 0x00000006e40ffff8, 0x00000006e4100000| 99%| O|  |TAMS 0x00000006e40ffff8, 0x00000006e40ffff8| Untracked 
|  65|0x00000006e4100000, 0x00000006e41ffff0, 0x00000006e4200000| 99%| O|  |TAMS 0x00000006e41ffff0, 0x00000006e41ffff0| Untracked 
|  66|0x00000006e4200000, 0x00000006e4300000, 0x00000006e4300000|100%| O|  |TAMS 0x00000006e4300000, 0x00000006e4300000| Untracked 
|  67|0x00000006e4300000, 0x00000006e43fffe8, 0x00000006e4400000| 99%| O|  |TAMS 0x00000006e43fffe8, 0x00000006e43fffe8| Untracked 
|  68|0x00000006e4400000, 0x00000006e4500000, 0x00000006e4500000|100%|HS|  |TAMS 0x00000006e4500000, 0x00000006e4500000| Complete 
|  69|0x00000006e4500000, 0x00000006e4600000, 0x00000006e4600000|100%|HC|  |TAMS 0x00000006e4600000, 0x00000006e4600000| Complete 
|  70|0x00000006e4600000, 0x00000006e4700000, 0x00000006e4700000|100%|HC|  |TAMS 0x00000006e4700000, 0x00000006e4700000| Complete 
|  71|0x00000006e4700000, 0x00000006e4800000, 0x00000006e4800000|100%| O|  |TAMS 0x00000006e4800000, 0x00000006e4800000| Untracked 
|  72|0x00000006e4800000, 0x00000006e48ff158, 0x00000006e4900000| 99%| O|  |TAMS 0x00000006e48ff158, 0x00000006e48ff158| Untracked 
|  73|0x00000006e4900000, 0x00000006e49ffff0, 0x00000006e4a00000| 99%| O|  |TAMS 0x00000006e49ffff0, 0x00000006e49ffff0| Untracked 
|  74|0x00000006e4a00000, 0x00000006e4affff0, 0x00000006e4b00000| 99%| O|  |TAMS 0x00000006e4affff0, 0x00000006e4affff0| Untracked 
|  75|0x00000006e4b00000, 0x00000006e4bffff0, 0x00000006e4c00000| 99%| O|  |TAMS 0x00000006e4bffff0, 0x00000006e4bffff0| Untracked 
|  76|0x00000006e4c00000, 0x00000006e4cfffc8, 0x00000006e4d00000| 99%| O|  |TAMS 0x00000006e4cfffc8, 0x00000006e4cfffc8| Untracked 
|  77|0x00000006e4d00000, 0x00000006e4dffff8, 0x00000006e4e00000| 99%| O|  |TAMS 0x00000006e4dffff8, 0x00000006e4dffff8| Untracked 
|  78|0x00000006e4e00000, 0x00000006e4efffc0, 0x00000006e4f00000| 99%| O|  |TAMS 0x00000006e4efffc0, 0x00000006e4efffc0| Untracked 
|  79|0x00000006e4f00000, 0x00000006e5000000, 0x00000006e5000000|100%| O|  |TAMS 0x00000006e5000000, 0x00000006e5000000| Untracked 
|  80|0x00000006e5000000, 0x00000006e5100000, 0x00000006e5100000|100%| O|  |TAMS 0x00000006e5100000, 0x00000006e5100000| Untracked 
|  81|0x00000006e5100000, 0x00000006e51ffc38, 0x00000006e5200000| 99%| O|  |TAMS 0x00000006e51ffc38, 0x00000006e51ffc38| Untracked 
|  82|0x00000006e5200000, 0x00000006e52fffe0, 0x00000006e5300000| 99%| O|  |TAMS 0x00000006e52fffe0, 0x00000006e52fffe0| Untracked 
|  83|0x00000006e5300000, 0x00000006e53ffff8, 0x00000006e5400000| 99%| O|  |TAMS 0x00000006e53ffff8, 0x00000006e53ffff8| Untracked 
|  84|0x00000006e5400000, 0x00000006e5500000, 0x00000006e5500000|100%| O|  |TAMS 0x00000006e5500000, 0x00000006e5500000| Untracked 
|  85|0x00000006e5500000, 0x00000006e5600000, 0x00000006e5600000|100%| O|  |TAMS 0x00000006e5600000, 0x00000006e5600000| Untracked 
|  86|0x00000006e5600000, 0x00000006e5700000, 0x00000006e5700000|100%| O|  |TAMS 0x00000006e5700000, 0x00000006e5700000| Untracked 
|  87|0x00000006e5700000, 0x00000006e5800000, 0x00000006e5800000|100%| O|  |TAMS 0x00000006e5800000, 0x00000006e5800000| Untracked 
|  88|0x00000006e5800000, 0x00000006e58fffe0, 0x00000006e5900000| 99%| O|  |TAMS 0x00000006e58fffe0, 0x00000006e58fffe0| Untracked 
|  89|0x00000006e5900000, 0x00000006e5a00000, 0x00000006e5a00000|100%| O|  |TAMS 0x00000006e5a00000, 0x00000006e5a00000| Untracked 
|  90|0x00000006e5a00000, 0x00000006e5b00000, 0x00000006e5b00000|100%| O|  |TAMS 0x00000006e5b00000, 0x00000006e5b00000| Untracked 
|  91|0x00000006e5b00000, 0x00000006e5c00000, 0x00000006e5c00000|100%| O|  |TAMS 0x00000006e5c00000, 0x00000006e5c00000| Untracked 
|  92|0x00000006e5c00000, 0x00000006e5d00000, 0x00000006e5d00000|100%|HS|  |TAMS 0x00000006e5c00000, 0x00000006e5c00000| Complete 
|  93|0x00000006e5d00000, 0x00000006e5e00000, 0x00000006e5e00000|100%| O|  |TAMS 0x00000006e5d00000, 0x00000006e5d00000| Untracked 
|  94|0x00000006e5e00000, 0x00000006e5f00000, 0x00000006e5f00000|100%| O|  |TAMS 0x00000006e5f00000, 0x00000006e5f00000| Untracked 
|  95|0x00000006e5f00000, 0x00000006e6000000, 0x00000006e6000000|100%| O|  |TAMS 0x00000006e6000000, 0x00000006e6000000| Untracked 
|  96|0x00000006e6000000, 0x00000006e6100000, 0x00000006e6100000|100%| O|  |TAMS 0x00000006e6100000, 0x00000006e6100000| Untracked 
|  97|0x00000006e6100000, 0x00000006e6200000, 0x00000006e6200000|100%| O|  |TAMS 0x00000006e6100000, 0x00000006e6100000| Untracked 
|  98|0x00000006e6200000, 0x00000006e6300000, 0x00000006e6300000|100%| O|  |TAMS 0x00000006e6200000, 0x00000006e6200000| Untracked 
|  99|0x00000006e6300000, 0x00000006e6400000, 0x00000006e6400000|100%| O|  |TAMS 0x00000006e6300000, 0x00000006e6300000| Untracked 
| 100|0x00000006e6400000, 0x00000006e6500000, 0x00000006e6500000|100%| O|  |TAMS 0x00000006e6500000, 0x00000006e6500000| Untracked 
| 101|0x00000006e6500000, 0x00000006e6600000, 0x00000006e6600000|100%| O|  |TAMS 0x00000006e6500000, 0x00000006e6500000| Untracked 
| 102|0x00000006e6600000, 0x00000006e6700000, 0x00000006e6700000|100%| O|  |TAMS 0x00000006e6600000, 0x00000006e6600000| Untracked 
| 103|0x00000006e6700000, 0x00000006e6800000, 0x00000006e6800000|100%| O|  |TAMS 0x00000006e6800000, 0x00000006e6800000| Untracked 
| 104|0x00000006e6800000, 0x00000006e6900000, 0x00000006e6900000|100%|HS|  |TAMS 0x00000006e6900000, 0x00000006e6900000| Complete 
| 105|0x00000006e6900000, 0x00000006e6a00000, 0x00000006e6a00000|100%| O|  |TAMS 0x00000006e6a00000, 0x00000006e6a00000| Untracked 
| 106|0x00000006e6a00000, 0x00000006e6b00000, 0x00000006e6b00000|100%| O|  |TAMS 0x00000006e6a00000, 0x00000006e6a00000| Untracked 
| 107|0x00000006e6b00000, 0x00000006e6c00000, 0x00000006e6c00000|100%| O|  |TAMS 0x00000006e6c00000, 0x00000006e6c00000| Untracked 
| 108|0x00000006e6c00000, 0x00000006e6d00000, 0x00000006e6d00000|100%| O|  |TAMS 0x00000006e6d00000, 0x00000006e6d00000| Untracked 
| 109|0x00000006e6d00000, 0x00000006e6e00000, 0x00000006e6e00000|100%| O|  |TAMS 0x00000006e6e00000, 0x00000006e6e00000| Untracked 
| 110|0x00000006e6e00000, 0x00000006e6f00000, 0x00000006e6f00000|100%| O|  |TAMS 0x00000006e6f00000, 0x00000006e6f00000| Untracked 
| 111|0x00000006e6f00000, 0x00000006e7000000, 0x00000006e7000000|100%| O|  |TAMS 0x00000006e7000000, 0x00000006e7000000| Untracked 
| 112|0x00000006e7000000, 0x00000006e7100000, 0x00000006e7100000|100%| O|  |TAMS 0x00000006e7100000, 0x00000006e7100000| Untracked 
| 113|0x00000006e7100000, 0x00000006e7200000, 0x00000006e7200000|100%| O|  |TAMS 0x00000006e7200000, 0x00000006e7200000| Untracked 
| 114|0x00000006e7200000, 0x00000006e7300000, 0x00000006e7300000|100%| O|  |TAMS 0x00000006e7300000, 0x00000006e7300000| Untracked 
| 115|0x00000006e7300000, 0x00000006e7400000, 0x00000006e7400000|100%| O|  |TAMS 0x00000006e7400000, 0x00000006e7400000| Untracked 
| 116|0x00000006e7400000, 0x00000006e7500000, 0x00000006e7500000|100%| O|  |TAMS 0x00000006e7500000, 0x00000006e7500000| Untracked 
| 117|0x00000006e7500000, 0x00000006e7600000, 0x00000006e7600000|100%| O|  |TAMS 0x00000006e7600000, 0x00000006e7600000| Untracked 
| 118|0x00000006e7600000, 0x00000006e7700000, 0x00000006e7700000|100%| O|  |TAMS 0x00000006e7700000, 0x00000006e7700000| Untracked 
| 119|0x00000006e7700000, 0x00000006e7800000, 0x00000006e7800000|100%| O|  |TAMS 0x00000006e7800000, 0x00000006e7800000| Untracked 
| 120|0x00000006e7800000, 0x00000006e7900000, 0x00000006e7900000|100%| O|  |TAMS 0x00000006e7900000, 0x00000006e7900000| Untracked 
| 121|0x00000006e7900000, 0x00000006e7a00000, 0x00000006e7a00000|100%| O|  |TAMS 0x00000006e7a00000, 0x00000006e7a00000| Untracked 
| 122|0x00000006e7a00000, 0x00000006e7b00000, 0x00000006e7b00000|100%| O|  |TAMS 0x00000006e7b00000, 0x00000006e7b00000| Untracked 
| 123|0x00000006e7b00000, 0x00000006e7c00000, 0x00000006e7c00000|100%| O|  |TAMS 0x00000006e7c00000, 0x00000006e7c00000| Untracked 
| 124|0x00000006e7c00000, 0x00000006e7d00000, 0x00000006e7d00000|100%| O|  |TAMS 0x00000006e7d00000, 0x00000006e7d00000| Untracked 
| 125|0x00000006e7d00000, 0x00000006e7e00000, 0x00000006e7e00000|100%| O|  |TAMS 0x00000006e7e00000, 0x00000006e7e00000| Untracked 
| 126|0x00000006e7e00000, 0x00000006e7f00000, 0x00000006e7f00000|100%| O|  |TAMS 0x00000006e7f00000, 0x00000006e7f00000| Untracked 
| 127|0x00000006e7f00000, 0x00000006e8000000, 0x00000006e8000000|100%| O|  |TAMS 0x00000006e8000000, 0x00000006e8000000| Untracked 
| 128|0x00000006e8000000, 0x00000006e8100000, 0x00000006e8100000|100%| O|  |TAMS 0x00000006e8100000, 0x00000006e8100000| Untracked 
| 129|0x00000006e8100000, 0x00000006e8200000, 0x00000006e8200000|100%| O|  |TAMS 0x00000006e8200000, 0x00000006e8200000| Untracked 
| 130|0x00000006e8200000, 0x00000006e8300000, 0x00000006e8300000|100%| O|  |TAMS 0x00000006e8300000, 0x00000006e8300000| Untracked 
| 131|0x00000006e8300000, 0x00000006e8400000, 0x00000006e8400000|100%|HS|  |TAMS 0x00000006e8400000, 0x00000006e8400000| Complete 
| 132|0x00000006e8400000, 0x00000006e8500000, 0x00000006e8500000|100%| O|  |TAMS 0x00000006e8500000, 0x00000006e8500000| Untracked 
| 133|0x00000006e8500000, 0x00000006e8600000, 0x00000006e8600000|100%| O|  |TAMS 0x00000006e8600000, 0x00000006e8600000| Untracked 
| 134|0x00000006e8600000, 0x00000006e8700000, 0x00000006e8700000|100%| O|  |TAMS 0x00000006e8700000, 0x00000006e8700000| Untracked 
| 135|0x00000006e8700000, 0x00000006e8800000, 0x00000006e8800000|100%| O|  |TAMS 0x00000006e8700000, 0x00000006e8800000| Untracked 
| 136|0x00000006e8800000, 0x00000006e8900000, 0x00000006e8900000|100%| O|  |TAMS 0x00000006e8900000, 0x00000006e8900000| Untracked 
| 137|0x00000006e8900000, 0x00000006e8a00000, 0x00000006e8a00000|100%| O|  |TAMS 0x00000006e8a00000, 0x00000006e8a00000| Untracked 
| 138|0x00000006e8a00000, 0x00000006e8b00000, 0x00000006e8b00000|100%| O|  |TAMS 0x00000006e8b00000, 0x00000006e8b00000| Untracked 
| 139|0x00000006e8b00000, 0x00000006e8c00000, 0x00000006e8c00000|100%| O|  |TAMS 0x00000006e8b00000, 0x00000006e8c00000| Untracked 
| 140|0x00000006e8c00000, 0x00000006e8d00000, 0x00000006e8d00000|100%| O|  |TAMS 0x00000006e8c00000, 0x00000006e8c00000| Untracked 
| 141|0x00000006e8d00000, 0x00000006e8e00000, 0x00000006e8e00000|100%| O|  |TAMS 0x00000006e8e00000, 0x00000006e8e00000| Untracked 
| 142|0x00000006e8e00000, 0x00000006e8f00000, 0x00000006e8f00000|100%| O|  |TAMS 0x00000006e8f00000, 0x00000006e8f00000| Untracked 
| 143|0x00000006e8f00000, 0x00000006e9000000, 0x00000006e9000000|100%| O|  |TAMS 0x00000006e8f00000, 0x00000006e8f00000| Untracked 
| 144|0x00000006e9000000, 0x00000006e9100000, 0x00000006e9100000|100%| O|  |TAMS 0x00000006e9100000, 0x00000006e9100000| Untracked 
| 145|0x00000006e9100000, 0x00000006e9200000, 0x00000006e9200000|100%| O|  |TAMS 0x00000006e9200000, 0x00000006e9200000| Untracked 
| 146|0x00000006e9200000, 0x00000006e9300000, 0x00000006e9300000|100%| O|  |TAMS 0x00000006e9300000, 0x00000006e9300000| Untracked 
| 147|0x00000006e9300000, 0x00000006e9400000, 0x00000006e9400000|100%| O|  |TAMS 0x00000006e9400000, 0x00000006e9400000| Untracked 
| 148|0x00000006e9400000, 0x00000006e9500000, 0x00000006e9500000|100%| O|  |TAMS 0x00000006e9500000, 0x00000006e9500000| Untracked 
| 149|0x00000006e9500000, 0x00000006e9600000, 0x00000006e9600000|100%| O|  |TAMS 0x00000006e9500000, 0x00000006e9500000| Untracked 
| 150|0x00000006e9600000, 0x00000006e9700000, 0x00000006e9700000|100%| O|  |TAMS 0x00000006e9600000, 0x00000006e9600000| Untracked 
| 151|0x00000006e9700000, 0x00000006e9800000, 0x00000006e9800000|100%| O|  |TAMS 0x00000006e9800000, 0x00000006e9800000| Untracked 
| 152|0x00000006e9800000, 0x00000006e9900000, 0x00000006e9900000|100%| O|  |TAMS 0x00000006e9900000, 0x00000006e9900000| Untracked 
| 153|0x00000006e9900000, 0x00000006e9a00000, 0x00000006e9a00000|100%| O|  |TAMS 0x00000006e9a00000, 0x00000006e9a00000| Untracked 
| 154|0x00000006e9a00000, 0x00000006e9b00000, 0x00000006e9b00000|100%| O|  |TAMS 0x00000006e9b00000, 0x00000006e9b00000| Untracked 
| 155|0x00000006e9b00000, 0x00000006e9c00000, 0x00000006e9c00000|100%| O|  |TAMS 0x00000006e9c00000, 0x00000006e9c00000| Untracked 
| 156|0x00000006e9c00000, 0x00000006e9d00000, 0x00000006e9d00000|100%| O|  |TAMS 0x00000006e9d00000, 0x00000006e9d00000| Untracked 
| 157|0x00000006e9d00000, 0x00000006e9e00000, 0x00000006e9e00000|100%| O|  |TAMS 0x00000006e9e00000, 0x00000006e9e00000| Untracked 
| 158|0x00000006e9e00000, 0x00000006e9f00000, 0x00000006e9f00000|100%| O|  |TAMS 0x00000006e9e00000, 0x00000006e9e00000| Untracked 
| 159|0x00000006e9f00000, 0x00000006ea000000, 0x00000006ea000000|100%| O|  |TAMS 0x00000006ea000000, 0x00000006ea000000| Untracked 
| 160|0x00000006ea000000, 0x00000006ea100000, 0x00000006ea100000|100%| O|  |TAMS 0x00000006ea000000, 0x00000006ea000000| Untracked 
| 161|0x00000006ea100000, 0x00000006ea200000, 0x00000006ea200000|100%| O|  |TAMS 0x00000006ea100000, 0x00000006ea100000| Untracked 
| 162|0x00000006ea200000, 0x00000006ea300000, 0x00000006ea300000|100%| O|  |TAMS 0x00000006ea300000, 0x00000006ea300000| Untracked 
| 163|0x00000006ea300000, 0x00000006ea400000, 0x00000006ea400000|100%| O|  |TAMS 0x00000006ea400000, 0x00000006ea400000| Untracked 
| 164|0x00000006ea400000, 0x00000006ea500000, 0x00000006ea500000|100%| O|  |TAMS 0x00000006ea500000, 0x00000006ea500000| Untracked 
| 165|0x00000006ea500000, 0x00000006ea600000, 0x00000006ea600000|100%| O|  |TAMS 0x00000006ea600000, 0x00000006ea600000| Untracked 
| 166|0x00000006ea600000, 0x00000006ea700000, 0x00000006ea700000|100%| O|  |TAMS 0x00000006ea700000, 0x00000006ea700000| Untracked 
| 167|0x00000006ea700000, 0x00000006ea800000, 0x00000006ea800000|100%| O|  |TAMS 0x00000006ea800000, 0x00000006ea800000| Untracked 
| 168|0x00000006ea800000, 0x00000006ea900000, 0x00000006ea900000|100%| O|  |TAMS 0x00000006ea900000, 0x00000006ea900000| Untracked 
| 169|0x00000006ea900000, 0x00000006eaa00000, 0x00000006eaa00000|100%| O|  |TAMS 0x00000006eaa00000, 0x00000006eaa00000| Untracked 
| 170|0x00000006eaa00000, 0x00000006eab00000, 0x00000006eab00000|100%| O|  |TAMS 0x00000006eab00000, 0x00000006eab00000| Untracked 
| 171|0x00000006eab00000, 0x00000006eac00000, 0x00000006eac00000|100%| O|  |TAMS 0x00000006eac00000, 0x00000006eac00000| Untracked 
| 172|0x00000006eac00000, 0x00000006ead00000, 0x00000006ead00000|100%| O|  |TAMS 0x00000006ead00000, 0x00000006ead00000| Untracked 
| 173|0x00000006ead00000, 0x00000006eae00000, 0x00000006eae00000|100%| O|  |TAMS 0x00000006ead00000, 0x00000006ead00000| Untracked 
| 174|0x00000006eae00000, 0x00000006eaf00000, 0x00000006eaf00000|100%| O|  |TAMS 0x00000006eaf00000, 0x00000006eaf00000| Untracked 
| 175|0x00000006eaf00000, 0x00000006eb000000, 0x00000006eb000000|100%| O|  |TAMS 0x00000006eaf00000, 0x00000006eb000000| Untracked 
| 176|0x00000006eb000000, 0x00000006eb100000, 0x00000006eb100000|100%| O|  |TAMS 0x00000006eb000000, 0x00000006eb100000| Untracked 
| 177|0x00000006eb100000, 0x00000006eb200000, 0x00000006eb200000|100%| O|  |TAMS 0x00000006eb200000, 0x00000006eb200000| Untracked 
| 178|0x00000006eb200000, 0x00000006eb300000, 0x00000006eb300000|100%|HS|  |TAMS 0x00000006eb300000, 0x00000006eb300000| Complete 
| 179|0x00000006eb300000, 0x00000006eb400000, 0x00000006eb400000|100%| O|  |TAMS 0x00000006eb300000, 0x00000006eb400000| Untracked 
| 180|0x00000006eb400000, 0x00000006eb500000, 0x00000006eb500000|100%|HS|  |TAMS 0x00000006eb500000, 0x00000006eb500000| Complete 
| 181|0x00000006eb500000, 0x00000006eb600000, 0x00000006eb600000|100%|HC|  |TAMS 0x00000006eb600000, 0x00000006eb600000| Complete 
| 182|0x00000006eb600000, 0x00000006eb700000, 0x00000006eb700000|100%|HS|  |TAMS 0x00000006eb700000, 0x00000006eb700000| Complete 
| 183|0x00000006eb700000, 0x00000006eb800000, 0x00000006eb800000|100%|HS|  |TAMS 0x00000006eb800000, 0x00000006eb800000| Complete 
| 184|0x00000006eb800000, 0x00000006eb900000, 0x00000006eb900000|100%| O|  |TAMS 0x00000006eb900000, 0x00000006eb900000| Untracked 
| 185|0x00000006eb900000, 0x00000006eba00000, 0x00000006eba00000|100%| O|  |TAMS 0x00000006eba00000, 0x00000006eba00000| Untracked 
| 186|0x00000006eba00000, 0x00000006ebb00000, 0x00000006ebb00000|100%| O|  |TAMS 0x00000006ebb00000, 0x00000006ebb00000| Untracked 
| 187|0x00000006ebb00000, 0x00000006ebc00000, 0x00000006ebc00000|100%| O|  |TAMS 0x00000006ebc00000, 0x00000006ebc00000| Untracked 
| 188|0x00000006ebc00000, 0x00000006ebd00000, 0x00000006ebd00000|100%| O|  |TAMS 0x00000006ebd00000, 0x00000006ebd00000| Untracked 
| 189|0x00000006ebd00000, 0x00000006ebe00000, 0x00000006ebe00000|100%| O|  |TAMS 0x00000006ebe00000, 0x00000006ebe00000| Untracked 
| 190|0x00000006ebe00000, 0x00000006ebf00000, 0x00000006ebf00000|100%| O|  |TAMS 0x00000006ebf00000, 0x00000006ebf00000| Untracked 
| 191|0x00000006ebf00000, 0x00000006ec000000, 0x00000006ec000000|100%| O|  |TAMS 0x00000006ec000000, 0x00000006ec000000| Untracked 
| 192|0x00000006ec000000, 0x00000006ec100000, 0x00000006ec100000|100%| O|  |TAMS 0x00000006ec100000, 0x00000006ec100000| Untracked 
| 193|0x00000006ec100000, 0x00000006ec200000, 0x00000006ec200000|100%| O|  |TAMS 0x00000006ec200000, 0x00000006ec200000| Untracked 
| 194|0x00000006ec200000, 0x00000006ec300000, 0x00000006ec300000|100%| O|  |TAMS 0x00000006ec300000, 0x00000006ec300000| Untracked 
| 195|0x00000006ec300000, 0x00000006ec400000, 0x00000006ec400000|100%| O|  |TAMS 0x00000006ec400000, 0x00000006ec400000| Untracked 
| 196|0x00000006ec400000, 0x00000006ec500000, 0x00000006ec500000|100%| O|  |TAMS 0x00000006ec500000, 0x00000006ec500000| Untracked 
| 197|0x00000006ec500000, 0x00000006ec600000, 0x00000006ec600000|100%| O|  |TAMS 0x00000006ec600000, 0x00000006ec600000| Untracked 
| 198|0x00000006ec600000, 0x00000006ec700000, 0x00000006ec700000|100%| O|  |TAMS 0x00000006ec700000, 0x00000006ec700000| Untracked 
| 199|0x00000006ec700000, 0x00000006ec800000, 0x00000006ec800000|100%|HS|  |TAMS 0x00000006ec800000, 0x00000006ec800000| Complete 
| 200|0x00000006ec800000, 0x00000006ec900000, 0x00000006ec900000|100%|HS|  |TAMS 0x00000006ec900000, 0x00000006ec900000| Complete 
| 201|0x00000006ec900000, 0x00000006eca00000, 0x00000006eca00000|100%| O|  |TAMS 0x00000006eca00000, 0x00000006eca00000| Untracked 
| 202|0x00000006eca00000, 0x00000006ecb00000, 0x00000006ecb00000|100%| O|  |TAMS 0x00000006ecb00000, 0x00000006ecb00000| Untracked 
| 203|0x00000006ecb00000, 0x00000006ecc00000, 0x00000006ecc00000|100%| O|  |TAMS 0x00000006ecc00000, 0x00000006ecc00000| Untracked 
| 204|0x00000006ecc00000, 0x00000006ecd00000, 0x00000006ecd00000|100%| O|  |TAMS 0x00000006ecc90200, 0x00000006ecd00000| Untracked 
| 205|0x00000006ecd00000, 0x00000006ece00000, 0x00000006ece00000|100%|HS|  |TAMS 0x00000006ecd00000, 0x00000006ece00000| Complete 
| 206|0x00000006ece00000, 0x00000006ecf00000, 0x00000006ecf00000|100%| O|  |TAMS 0x00000006ece00000, 0x00000006ecf00000| Untracked 
| 207|0x00000006ecf00000, 0x00000006ed000000, 0x00000006ed000000|100%| O|  |TAMS 0x00000006ecf00000, 0x00000006ed000000| Untracked 
| 208|0x00000006ed000000, 0x00000006ed100000, 0x00000006ed100000|100%| O|  |TAMS 0x00000006ed000000, 0x00000006ed100000| Untracked 
| 209|0x00000006ed100000, 0x00000006ed200000, 0x00000006ed200000|100%| O|  |TAMS 0x00000006ed100000, 0x00000006ed200000| Untracked 
| 210|0x00000006ed200000, 0x00000006ed300000, 0x00000006ed300000|100%| O|  |TAMS 0x00000006ed200000, 0x00000006ed300000| Untracked 
| 211|0x00000006ed300000, 0x00000006ed400000, 0x00000006ed400000|100%| O|  |TAMS 0x00000006ed300000, 0x00000006ed400000| Untracked 
| 212|0x00000006ed400000, 0x00000006ed500000, 0x00000006ed500000|100%| O|  |TAMS 0x00000006ed400000, 0x00000006ed500000| Untracked 
| 213|0x00000006ed500000, 0x00000006ed600000, 0x00000006ed600000|100%| O|  |TAMS 0x00000006ed500000, 0x00000006ed600000| Untracked 
| 214|0x00000006ed600000, 0x00000006ed700000, 0x00000006ed700000|100%| O|  |TAMS 0x00000006ed600000, 0x00000006ed700000| Untracked 
| 215|0x00000006ed700000, 0x00000006ed800000, 0x00000006ed800000|100%| O|  |TAMS 0x00000006ed700000, 0x00000006ed800000| Untracked 
| 216|0x00000006ed800000, 0x00000006ed900000, 0x00000006ed900000|100%|HS|  |TAMS 0x00000006ed800000, 0x00000006ed900000| Complete 
| 217|0x00000006ed900000, 0x00000006eda00000, 0x00000006eda00000|100%|HC|  |TAMS 0x00000006ed900000, 0x00000006eda00000| Complete 
| 218|0x00000006eda00000, 0x00000006edb00000, 0x00000006edb00000|100%|HC|  |TAMS 0x00000006eda00000, 0x00000006edb00000| Complete 
| 219|0x00000006edb00000, 0x00000006edc00000, 0x00000006edc00000|100%|HC|  |TAMS 0x00000006edb00000, 0x00000006edc00000| Complete 
| 220|0x00000006edc00000, 0x00000006edd00000, 0x00000006edd00000|100%|HC|  |TAMS 0x00000006edc00000, 0x00000006edd00000| Complete 
| 221|0x00000006edd00000, 0x00000006ede00000, 0x00000006ede00000|100%| O|  |TAMS 0x00000006edd00000, 0x00000006ede00000| Untracked 
| 222|0x00000006ede00000, 0x00000006edf00000, 0x00000006edf00000|100%| O|  |TAMS 0x00000006ede00000, 0x00000006edf00000| Untracked 
| 223|0x00000006edf00000, 0x00000006ee000000, 0x00000006ee000000|100%| O|  |TAMS 0x00000006edf00000, 0x00000006ee000000| Untracked 
| 224|0x00000006ee000000, 0x00000006ee100000, 0x00000006ee100000|100%| O|  |TAMS 0x00000006ee000000, 0x00000006ee100000| Untracked 
| 225|0x00000006ee100000, 0x00000006ee200000, 0x00000006ee200000|100%| O|  |TAMS 0x00000006ee100000, 0x00000006ee100000| Untracked 
| 226|0x00000006ee200000, 0x00000006ee300000, 0x00000006ee300000|100%|HS|  |TAMS 0x00000006ee200000, 0x00000006ee300000| Complete 
| 227|0x00000006ee300000, 0x00000006ee400000, 0x00000006ee400000|100%|HC|  |TAMS 0x00000006ee300000, 0x00000006ee400000| Complete 
| 228|0x00000006ee400000, 0x00000006ee500000, 0x00000006ee500000|100%|HC|  |TAMS 0x00000006ee400000, 0x00000006ee500000| Complete 
| 229|0x00000006ee500000, 0x00000006ee600000, 0x00000006ee600000|100%|HC|  |TAMS 0x00000006ee500000, 0x00000006ee600000| Complete 
| 230|0x00000006ee600000, 0x00000006ee700000, 0x00000006ee700000|100%|HC|  |TAMS 0x00000006ee600000, 0x00000006ee700000| Complete 
| 231|0x00000006ee700000, 0x00000006ee800000, 0x00000006ee800000|100%| O|  |TAMS 0x00000006ee700000, 0x00000006ee700000| Untracked 
| 232|0x00000006ee800000, 0x00000006ee900000, 0x00000006ee900000|100%| O|  |TAMS 0x00000006ee800000, 0x00000006ee800000| Untracked 
| 233|0x00000006ee900000, 0x00000006eea00000, 0x00000006eea00000|100%| O|  |TAMS 0x00000006ee900000, 0x00000006ee900000| Untracked 
| 234|0x00000006eea00000, 0x00000006eeb00000, 0x00000006eeb00000|100%| O|  |TAMS 0x00000006eea00000, 0x00000006eea00000| Untracked 
| 235|0x00000006eeb00000, 0x00000006eec00000, 0x00000006eec00000|100%| O|  |TAMS 0x00000006eeb00000, 0x00000006eeb00000| Untracked 
| 236|0x00000006eec00000, 0x00000006eed00000, 0x00000006eed00000|100%| O|  |TAMS 0x00000006eec00000, 0x00000006eec00000| Untracked 
| 237|0x00000006eed00000, 0x00000006eee00000, 0x00000006eee00000|100%| O|  |TAMS 0x00000006eed00000, 0x00000006eed00000| Untracked 
| 238|0x00000006eee00000, 0x00000006eef00000, 0x00000006eef00000|100%| O|  |TAMS 0x00000006eee00000, 0x00000006eee00000| Untracked 
| 239|0x00000006eef00000, 0x00000006ef000000, 0x00000006ef000000|100%| O|  |TAMS 0x00000006eef00000, 0x00000006eef00000| Untracked 
| 240|0x00000006ef000000, 0x00000006ef100000, 0x00000006ef100000|100%| O|  |TAMS 0x00000006ef000000, 0x00000006ef000000| Untracked 
| 241|0x00000006ef100000, 0x00000006ef200000, 0x00000006ef200000|100%| O|  |TAMS 0x00000006ef100000, 0x00000006ef100000| Untracked 
| 242|0x00000006ef200000, 0x00000006ef300000, 0x00000006ef300000|100%| O|  |TAMS 0x00000006ef200000, 0x00000006ef200000| Untracked 
| 243|0x00000006ef300000, 0x00000006ef400000, 0x00000006ef400000|100%| O|  |TAMS 0x00000006ef300000, 0x00000006ef300000| Untracked 
| 244|0x00000006ef400000, 0x00000006ef500000, 0x00000006ef500000|100%| O|  |TAMS 0x00000006ef400000, 0x00000006ef400000| Untracked 
| 245|0x00000006ef500000, 0x00000006ef580000, 0x00000006ef600000| 50%| O|  |TAMS 0x00000006ef500000, 0x00000006ef500000| Untracked 
| 246|0x00000006ef600000, 0x00000006ef600000, 0x00000006ef700000|  0%| F|  |TAMS 0x00000006ef600000, 0x00000006ef600000| Untracked 
| 247|0x00000006ef700000, 0x00000006ef700000, 0x00000006ef800000|  0%| F|  |TAMS 0x00000006ef700000, 0x00000006ef700000| Untracked 
| 248|0x00000006ef800000, 0x00000006ef800000, 0x00000006ef900000|  0%| F|  |TAMS 0x00000006ef800000, 0x00000006ef800000| Untracked 
| 249|0x00000006ef900000, 0x00000006ef900000, 0x00000006efa00000|  0%| F|  |TAMS 0x00000006ef900000, 0x00000006ef900000| Untracked 
| 250|0x00000006efa00000, 0x00000006efa00000, 0x00000006efb00000|  0%| F|  |TAMS 0x00000006efa00000, 0x00000006efa00000| Untracked 
| 251|0x00000006efb00000, 0x00000006efb00000, 0x00000006efc00000|  0%| F|  |TAMS 0x00000006efb00000, 0x00000006efb00000| Untracked 
| 252|0x00000006efc00000, 0x00000006efc00000, 0x00000006efd00000|  0%| F|  |TAMS 0x00000006efc00000, 0x00000006efc00000| Untracked 
| 253|0x00000006efd00000, 0x00000006efd00000, 0x00000006efe00000|  0%| F|  |TAMS 0x00000006efd00000, 0x00000006efd00000| Untracked 
| 254|0x00000006efe00000, 0x00000006efe00000, 0x00000006eff00000|  0%| F|  |TAMS 0x00000006efe00000, 0x00000006efe00000| Untracked 
| 255|0x00000006eff00000, 0x00000006eff00000, 0x00000006f0000000|  0%| F|  |TAMS 0x00000006eff00000, 0x00000006eff00000| Untracked 
| 256|0x00000006f0000000, 0x00000006f0000000, 0x00000006f0100000|  0%| F|  |TAMS 0x00000006f0000000, 0x00000006f0000000| Untracked 
| 257|0x00000006f0100000, 0x00000006f0100000, 0x00000006f0200000|  0%| F|  |TAMS 0x00000006f0100000, 0x00000006f0100000| Untracked 
| 258|0x00000006f0200000, 0x00000006f0200000, 0x00000006f0300000|  0%| F|  |TAMS 0x00000006f0200000, 0x00000006f0200000| Untracked 
| 259|0x00000006f0300000, 0x00000006f0300000, 0x00000006f0400000|  0%| F|  |TAMS 0x00000006f0300000, 0x00000006f0300000| Untracked 
| 260|0x00000006f0400000, 0x00000006f0400000, 0x00000006f0500000|  0%| F|  |TAMS 0x00000006f0400000, 0x00000006f0400000| Untracked 
| 261|0x00000006f0500000, 0x00000006f0500000, 0x00000006f0600000|  0%| F|  |TAMS 0x00000006f0500000, 0x00000006f0500000| Untracked 
| 262|0x00000006f0600000, 0x00000006f0600000, 0x00000006f0700000|  0%| F|  |TAMS 0x00000006f0600000, 0x00000006f0600000| Untracked 
| 263|0x00000006f0700000, 0x00000006f0700000, 0x00000006f0800000|  0%| F|  |TAMS 0x00000006f0700000, 0x00000006f0700000| Untracked 
| 264|0x00000006f0800000, 0x00000006f0800000, 0x00000006f0900000|  0%| F|  |TAMS 0x00000006f0800000, 0x00000006f0800000| Untracked 
| 265|0x00000006f0900000, 0x00000006f0900000, 0x00000006f0a00000|  0%| F|  |TAMS 0x00000006f0900000, 0x00000006f0900000| Untracked 
| 266|0x00000006f0a00000, 0x00000006f0a00000, 0x00000006f0b00000|  0%| F|  |TAMS 0x00000006f0a00000, 0x00000006f0a00000| Untracked 
| 267|0x00000006f0b00000, 0x00000006f0b00000, 0x00000006f0c00000|  0%| F|  |TAMS 0x00000006f0b00000, 0x00000006f0b00000| Untracked 
| 268|0x00000006f0c00000, 0x00000006f0c00000, 0x00000006f0d00000|  0%| F|  |TAMS 0x00000006f0c00000, 0x00000006f0c00000| Untracked 
| 269|0x00000006f0d00000, 0x00000006f0d00000, 0x00000006f0e00000|  0%| F|  |TAMS 0x00000006f0d00000, 0x00000006f0d00000| Untracked 
| 270|0x00000006f0e00000, 0x00000006f0e00000, 0x00000006f0f00000|  0%| F|  |TAMS 0x00000006f0e00000, 0x00000006f0e00000| Untracked 
| 271|0x00000006f0f00000, 0x00000006f0f00000, 0x00000006f1000000|  0%| F|  |TAMS 0x00000006f0f00000, 0x00000006f0f00000| Untracked 
| 272|0x00000006f1000000, 0x00000006f1000000, 0x00000006f1100000|  0%| F|  |TAMS 0x00000006f1000000, 0x00000006f1000000| Untracked 
| 273|0x00000006f1100000, 0x00000006f1100000, 0x00000006f1200000|  0%| F|  |TAMS 0x00000006f1100000, 0x00000006f1100000| Untracked 
| 274|0x00000006f1200000, 0x00000006f1200000, 0x00000006f1300000|  0%| F|  |TAMS 0x00000006f1200000, 0x00000006f1200000| Untracked 
| 275|0x00000006f1300000, 0x00000006f1300000, 0x00000006f1400000|  0%| F|  |TAMS 0x00000006f1300000, 0x00000006f1300000| Untracked 
| 276|0x00000006f1400000, 0x00000006f1400000, 0x00000006f1500000|  0%| F|  |TAMS 0x00000006f1400000, 0x00000006f1400000| Untracked 
| 277|0x00000006f1500000, 0x00000006f1500000, 0x00000006f1600000|  0%| F|  |TAMS 0x00000006f1500000, 0x00000006f1500000| Untracked 
| 278|0x00000006f1600000, 0x00000006f1600000, 0x00000006f1700000|  0%| F|  |TAMS 0x00000006f1600000, 0x00000006f1600000| Untracked 
| 279|0x00000006f1700000, 0x00000006f1700000, 0x00000006f1800000|  0%| F|  |TAMS 0x00000006f1700000, 0x00000006f1700000| Untracked 
| 280|0x00000006f1800000, 0x00000006f1800000, 0x00000006f1900000|  0%| F|  |TAMS 0x00000006f1800000, 0x00000006f1800000| Untracked 
| 281|0x00000006f1900000, 0x00000006f1900000, 0x00000006f1a00000|  0%| F|  |TAMS 0x00000006f1900000, 0x00000006f1900000| Untracked 
| 282|0x00000006f1a00000, 0x00000006f1a00000, 0x00000006f1b00000|  0%| F|  |TAMS 0x00000006f1a00000, 0x00000006f1a00000| Untracked 
| 283|0x00000006f1b00000, 0x00000006f1b00000, 0x00000006f1c00000|  0%| F|  |TAMS 0x00000006f1b00000, 0x00000006f1b00000| Untracked 
| 284|0x00000006f1c00000, 0x00000006f1c00000, 0x00000006f1d00000|  0%| F|  |TAMS 0x00000006f1c00000, 0x00000006f1c00000| Untracked 
| 285|0x00000006f1d00000, 0x00000006f1d00000, 0x00000006f1e00000|  0%| F|  |TAMS 0x00000006f1d00000, 0x00000006f1d00000| Untracked 
| 286|0x00000006f1e00000, 0x00000006f1e00000, 0x00000006f1f00000|  0%| F|  |TAMS 0x00000006f1e00000, 0x00000006f1e00000| Untracked 
| 287|0x00000006f1f00000, 0x00000006f1f00000, 0x00000006f2000000|  0%| F|  |TAMS 0x00000006f1f00000, 0x00000006f1f00000| Untracked 
| 288|0x00000006f2000000, 0x00000006f2000000, 0x00000006f2100000|  0%| F|  |TAMS 0x00000006f2000000, 0x00000006f2000000| Untracked 
| 289|0x00000006f2100000, 0x00000006f2100000, 0x00000006f2200000|  0%| F|  |TAMS 0x00000006f2100000, 0x00000006f2100000| Untracked 
| 290|0x00000006f2200000, 0x00000006f2200000, 0x00000006f2300000|  0%| F|  |TAMS 0x00000006f2200000, 0x00000006f2200000| Untracked 
| 291|0x00000006f2300000, 0x00000006f2300000, 0x00000006f2400000|  0%| F|  |TAMS 0x00000006f2300000, 0x00000006f2300000| Untracked 
| 292|0x00000006f2400000, 0x00000006f2400000, 0x00000006f2500000|  0%| F|  |TAMS 0x00000006f2400000, 0x00000006f2400000| Untracked 
| 293|0x00000006f2500000, 0x00000006f2500000, 0x00000006f2600000|  0%| F|  |TAMS 0x00000006f2500000, 0x00000006f2500000| Untracked 
| 294|0x00000006f2600000, 0x00000006f2600000, 0x00000006f2700000|  0%| F|  |TAMS 0x00000006f2600000, 0x00000006f2600000| Untracked 
| 295|0x00000006f2700000, 0x00000006f2700000, 0x00000006f2800000|  0%| F|  |TAMS 0x00000006f2700000, 0x00000006f2700000| Untracked 
| 296|0x00000006f2800000, 0x00000006f2800000, 0x00000006f2900000|  0%| F|  |TAMS 0x00000006f2800000, 0x00000006f2800000| Untracked 
| 297|0x00000006f2900000, 0x00000006f2900000, 0x00000006f2a00000|  0%| F|  |TAMS 0x00000006f2900000, 0x00000006f2900000| Untracked 
| 298|0x00000006f2a00000, 0x00000006f2a00000, 0x00000006f2b00000|  0%| F|  |TAMS 0x00000006f2a00000, 0x00000006f2a00000| Untracked 
| 299|0x00000006f2b00000, 0x00000006f2b00000, 0x00000006f2c00000|  0%| F|  |TAMS 0x00000006f2b00000, 0x00000006f2b00000| Untracked 
| 300|0x00000006f2c00000, 0x00000006f2c00000, 0x00000006f2d00000|  0%| F|  |TAMS 0x00000006f2c00000, 0x00000006f2c00000| Untracked 
| 301|0x00000006f2d00000, 0x00000006f2d00000, 0x00000006f2e00000|  0%| F|  |TAMS 0x00000006f2d00000, 0x00000006f2d00000| Untracked 
| 302|0x00000006f2e00000, 0x00000006f2e00000, 0x00000006f2f00000|  0%| F|  |TAMS 0x00000006f2e00000, 0x00000006f2e00000| Untracked 
| 303|0x00000006f2f00000, 0x00000006f2f00000, 0x00000006f3000000|  0%| F|  |TAMS 0x00000006f2f00000, 0x00000006f2f00000| Untracked 
| 304|0x00000006f3000000, 0x00000006f3000000, 0x00000006f3100000|  0%| F|  |TAMS 0x00000006f3000000, 0x00000006f3000000| Untracked 
| 305|0x00000006f3100000, 0x00000006f3100000, 0x00000006f3200000|  0%| F|  |TAMS 0x00000006f3100000, 0x00000006f3100000| Untracked 
| 306|0x00000006f3200000, 0x00000006f3200000, 0x00000006f3300000|  0%| F|  |TAMS 0x00000006f3200000, 0x00000006f3200000| Untracked 
| 307|0x00000006f3300000, 0x00000006f3300000, 0x00000006f3400000|  0%| F|  |TAMS 0x00000006f3300000, 0x00000006f3300000| Untracked 
| 308|0x00000006f3400000, 0x00000006f3400000, 0x00000006f3500000|  0%| F|  |TAMS 0x00000006f3400000, 0x00000006f3400000| Untracked 
| 309|0x00000006f3500000, 0x00000006f3500000, 0x00000006f3600000|  0%| F|  |TAMS 0x00000006f3500000, 0x00000006f3500000| Untracked 
| 310|0x00000006f3600000, 0x00000006f3600000, 0x00000006f3700000|  0%| F|  |TAMS 0x00000006f3600000, 0x00000006f3600000| Untracked 
| 311|0x00000006f3700000, 0x00000006f3700000, 0x00000006f3800000|  0%| F|  |TAMS 0x00000006f3700000, 0x00000006f3700000| Untracked 
| 312|0x00000006f3800000, 0x00000006f3800000, 0x00000006f3900000|  0%| F|  |TAMS 0x00000006f3800000, 0x00000006f3800000| Untracked 
| 313|0x00000006f3900000, 0x00000006f3900000, 0x00000006f3a00000|  0%| F|  |TAMS 0x00000006f3900000, 0x00000006f3900000| Untracked 
| 314|0x00000006f3a00000, 0x00000006f3a00000, 0x00000006f3b00000|  0%| F|  |TAMS 0x00000006f3a00000, 0x00000006f3a00000| Untracked 
| 315|0x00000006f3b00000, 0x00000006f3b00000, 0x00000006f3c00000|  0%| F|  |TAMS 0x00000006f3b00000, 0x00000006f3b00000| Untracked 
| 316|0x00000006f3c00000, 0x00000006f3c00000, 0x00000006f3d00000|  0%| F|  |TAMS 0x00000006f3c00000, 0x00000006f3c00000| Untracked 
| 317|0x00000006f3d00000, 0x00000006f3d00000, 0x00000006f3e00000|  0%| F|  |TAMS 0x00000006f3d00000, 0x00000006f3d00000| Untracked 
| 318|0x00000006f3e00000, 0x00000006f3e00000, 0x00000006f3f00000|  0%| F|  |TAMS 0x00000006f3e00000, 0x00000006f3e00000| Untracked 
| 319|0x00000006f3f00000, 0x00000006f3f00000, 0x00000006f4000000|  0%| F|  |TAMS 0x00000006f3f00000, 0x00000006f3f00000| Untracked 
| 320|0x00000006f4000000, 0x00000006f4000000, 0x00000006f4100000|  0%| F|  |TAMS 0x00000006f4000000, 0x00000006f4000000| Untracked 
| 321|0x00000006f4100000, 0x00000006f4100000, 0x00000006f4200000|  0%| F|  |TAMS 0x00000006f4100000, 0x00000006f4100000| Untracked 
| 322|0x00000006f4200000, 0x00000006f4200000, 0x00000006f4300000|  0%| F|  |TAMS 0x00000006f4200000, 0x00000006f4200000| Untracked 
| 323|0x00000006f4300000, 0x00000006f4300000, 0x00000006f4400000|  0%| F|  |TAMS 0x00000006f4300000, 0x00000006f4300000| Untracked 
| 324|0x00000006f4400000, 0x00000006f4400000, 0x00000006f4500000|  0%| F|  |TAMS 0x00000006f4400000, 0x00000006f4400000| Untracked 
| 325|0x00000006f4500000, 0x00000006f4500000, 0x00000006f4600000|  0%| F|  |TAMS 0x00000006f4500000, 0x00000006f4500000| Untracked 
| 326|0x00000006f4600000, 0x00000006f4600000, 0x00000006f4700000|  0%| F|  |TAMS 0x00000006f4600000, 0x00000006f4600000| Untracked 
| 327|0x00000006f4700000, 0x00000006f4700000, 0x00000006f4800000|  0%| F|  |TAMS 0x00000006f4700000, 0x00000006f4700000| Untracked 
| 328|0x00000006f4800000, 0x00000006f4800000, 0x00000006f4900000|  0%| F|  |TAMS 0x00000006f4800000, 0x00000006f4800000| Untracked 
| 329|0x00000006f4900000, 0x00000006f4900000, 0x00000006f4a00000|  0%| F|  |TAMS 0x00000006f4900000, 0x00000006f4900000| Untracked 
| 330|0x00000006f4a00000, 0x00000006f4a00000, 0x00000006f4b00000|  0%| F|  |TAMS 0x00000006f4a00000, 0x00000006f4a00000| Untracked 
| 331|0x00000006f4b00000, 0x00000006f4b00000, 0x00000006f4c00000|  0%| F|  |TAMS 0x00000006f4b00000, 0x00000006f4b00000| Untracked 
| 332|0x00000006f4c00000, 0x00000006f4c00000, 0x00000006f4d00000|  0%| F|  |TAMS 0x00000006f4c00000, 0x00000006f4c00000| Untracked 
| 333|0x00000006f4d00000, 0x00000006f4d00000, 0x00000006f4e00000|  0%| F|  |TAMS 0x00000006f4d00000, 0x00000006f4d00000| Untracked 
| 334|0x00000006f4e00000, 0x00000006f4e00000, 0x00000006f4f00000|  0%| F|  |TAMS 0x00000006f4e00000, 0x00000006f4e00000| Untracked 
| 335|0x00000006f4f00000, 0x00000006f4f00000, 0x00000006f5000000|  0%| F|  |TAMS 0x00000006f4f00000, 0x00000006f4f00000| Untracked 
| 336|0x00000006f5000000, 0x00000006f5000000, 0x00000006f5100000|  0%| F|  |TAMS 0x00000006f5000000, 0x00000006f5000000| Untracked 
| 337|0x00000006f5100000, 0x00000006f5100000, 0x00000006f5200000|  0%| F|  |TAMS 0x00000006f5100000, 0x00000006f5100000| Untracked 
| 338|0x00000006f5200000, 0x00000006f5200000, 0x00000006f5300000|  0%| F|  |TAMS 0x00000006f5200000, 0x00000006f5200000| Untracked 
| 339|0x00000006f5300000, 0x00000006f5300000, 0x00000006f5400000|  0%| F|  |TAMS 0x00000006f5300000, 0x00000006f5300000| Untracked 
| 340|0x00000006f5400000, 0x00000006f5400000, 0x00000006f5500000|  0%| F|  |TAMS 0x00000006f5400000, 0x00000006f5400000| Untracked 
| 341|0x00000006f5500000, 0x00000006f5500000, 0x00000006f5600000|  0%| F|  |TAMS 0x00000006f5500000, 0x00000006f5500000| Untracked 
| 342|0x00000006f5600000, 0x00000006f5600000, 0x00000006f5700000|  0%| F|  |TAMS 0x00000006f5600000, 0x00000006f5600000| Untracked 
| 343|0x00000006f5700000, 0x00000006f5700000, 0x00000006f5800000|  0%| F|  |TAMS 0x00000006f5700000, 0x00000006f5700000| Untracked 
| 344|0x00000006f5800000, 0x00000006f5800000, 0x00000006f5900000|  0%| F|  |TAMS 0x00000006f5800000, 0x00000006f5800000| Untracked 
| 345|0x00000006f5900000, 0x00000006f5900000, 0x00000006f5a00000|  0%| F|  |TAMS 0x00000006f5900000, 0x00000006f5900000| Untracked 
| 346|0x00000006f5a00000, 0x00000006f5a00000, 0x00000006f5b00000|  0%| F|  |TAMS 0x00000006f5a00000, 0x00000006f5a00000| Untracked 
| 347|0x00000006f5b00000, 0x00000006f5b00000, 0x00000006f5c00000|  0%| F|  |TAMS 0x00000006f5b00000, 0x00000006f5b00000| Untracked 
| 348|0x00000006f5c00000, 0x00000006f5c00000, 0x00000006f5d00000|  0%| F|  |TAMS 0x00000006f5c00000, 0x00000006f5c00000| Untracked 
| 349|0x00000006f5d00000, 0x00000006f5d00000, 0x00000006f5e00000|  0%| F|  |TAMS 0x00000006f5d00000, 0x00000006f5d00000| Untracked 
| 350|0x00000006f5e00000, 0x00000006f5e00000, 0x00000006f5f00000|  0%| F|  |TAMS 0x00000006f5e00000, 0x00000006f5e00000| Untracked 
| 351|0x00000006f5f00000, 0x00000006f5f00000, 0x00000006f6000000|  0%| F|  |TAMS 0x00000006f5f00000, 0x00000006f5f00000| Untracked 
| 352|0x00000006f6000000, 0x00000006f6000000, 0x00000006f6100000|  0%| F|  |TAMS 0x00000006f6000000, 0x00000006f6000000| Untracked 
| 353|0x00000006f6100000, 0x00000006f6100000, 0x00000006f6200000|  0%| F|  |TAMS 0x00000006f6100000, 0x00000006f6100000| Untracked 
| 354|0x00000006f6200000, 0x00000006f6200000, 0x00000006f6300000|  0%| F|  |TAMS 0x00000006f6200000, 0x00000006f6200000| Untracked 
| 355|0x00000006f6300000, 0x00000006f6300000, 0x00000006f6400000|  0%| F|  |TAMS 0x00000006f6300000, 0x00000006f6300000| Untracked 
| 356|0x00000006f6400000, 0x00000006f6400000, 0x00000006f6500000|  0%| F|  |TAMS 0x00000006f6400000, 0x00000006f6400000| Untracked 
| 357|0x00000006f6500000, 0x00000006f6500000, 0x00000006f6600000|  0%| F|  |TAMS 0x00000006f6500000, 0x00000006f6500000| Untracked 
| 358|0x00000006f6600000, 0x00000006f6600000, 0x00000006f6700000|  0%| F|  |TAMS 0x00000006f6600000, 0x00000006f6600000| Untracked 
| 359|0x00000006f6700000, 0x00000006f6700000, 0x00000006f6800000|  0%| F|  |TAMS 0x00000006f6700000, 0x00000006f6700000| Untracked 
| 360|0x00000006f6800000, 0x00000006f6800000, 0x00000006f6900000|  0%| F|  |TAMS 0x00000006f6800000, 0x00000006f6800000| Untracked 
| 361|0x00000006f6900000, 0x00000006f6900000, 0x00000006f6a00000|  0%| F|  |TAMS 0x00000006f6900000, 0x00000006f6900000| Untracked 
| 362|0x00000006f6a00000, 0x00000006f6a00000, 0x00000006f6b00000|  0%| F|  |TAMS 0x00000006f6a00000, 0x00000006f6a00000| Untracked 
| 363|0x00000006f6b00000, 0x00000006f6b00000, 0x00000006f6c00000|  0%| F|  |TAMS 0x00000006f6b00000, 0x00000006f6b00000| Untracked 
| 364|0x00000006f6c00000, 0x00000006f6c00000, 0x00000006f6d00000|  0%| F|  |TAMS 0x00000006f6c00000, 0x00000006f6c00000| Untracked 
| 365|0x00000006f6d00000, 0x00000006f6d00000, 0x00000006f6e00000|  0%| F|  |TAMS 0x00000006f6d00000, 0x00000006f6d00000| Untracked 
| 366|0x00000006f6e00000, 0x00000006f6e00000, 0x00000006f6f00000|  0%| F|  |TAMS 0x00000006f6e00000, 0x00000006f6e00000| Untracked 
| 367|0x00000006f6f00000, 0x00000006f6f00000, 0x00000006f7000000|  0%| F|  |TAMS 0x00000006f6f00000, 0x00000006f6f00000| Untracked 
| 368|0x00000006f7000000, 0x00000006f7000000, 0x00000006f7100000|  0%| F|  |TAMS 0x00000006f7000000, 0x00000006f7000000| Untracked 
| 369|0x00000006f7100000, 0x00000006f7100000, 0x00000006f7200000|  0%| F|  |TAMS 0x00000006f7100000, 0x00000006f7100000| Untracked 
| 370|0x00000006f7200000, 0x00000006f7200000, 0x00000006f7300000|  0%| F|  |TAMS 0x00000006f7200000, 0x00000006f7200000| Untracked 
| 371|0x00000006f7300000, 0x00000006f7300000, 0x00000006f7400000|  0%| F|  |TAMS 0x00000006f7300000, 0x00000006f7300000| Untracked 
| 372|0x00000006f7400000, 0x00000006f7400000, 0x00000006f7500000|  0%| F|  |TAMS 0x00000006f7400000, 0x00000006f7400000| Untracked 
| 373|0x00000006f7500000, 0x00000006f7500000, 0x00000006f7600000|  0%| F|  |TAMS 0x00000006f7500000, 0x00000006f7500000| Untracked 
| 374|0x00000006f7600000, 0x00000006f7600000, 0x00000006f7700000|  0%| F|  |TAMS 0x00000006f7600000, 0x00000006f7600000| Untracked 
| 375|0x00000006f7700000, 0x00000006f7700000, 0x00000006f7800000|  0%| F|  |TAMS 0x00000006f7700000, 0x00000006f7700000| Untracked 
| 376|0x00000006f7800000, 0x00000006f7800000, 0x00000006f7900000|  0%| F|  |TAMS 0x00000006f7800000, 0x00000006f7800000| Untracked 
| 377|0x00000006f7900000, 0x00000006f7900000, 0x00000006f7a00000|  0%| F|  |TAMS 0x00000006f7900000, 0x00000006f7900000| Untracked 
| 378|0x00000006f7a00000, 0x00000006f7a00000, 0x00000006f7b00000|  0%| F|  |TAMS 0x00000006f7a00000, 0x00000006f7a00000| Untracked 
| 379|0x00000006f7b00000, 0x00000006f7b00000, 0x00000006f7c00000|  0%| F|  |TAMS 0x00000006f7b00000, 0x00000006f7b00000| Untracked 
| 380|0x00000006f7c00000, 0x00000006f7c00000, 0x00000006f7d00000|  0%| F|  |TAMS 0x00000006f7c00000, 0x00000006f7c00000| Untracked 
| 381|0x00000006f7d00000, 0x00000006f7d00000, 0x00000006f7e00000|  0%| F|  |TAMS 0x00000006f7d00000, 0x00000006f7d00000| Untracked 
| 382|0x00000006f7e00000, 0x00000006f7e00000, 0x00000006f7f00000|  0%| F|  |TAMS 0x00000006f7e00000, 0x00000006f7e00000| Untracked 
| 383|0x00000006f7f00000, 0x00000006f7f00000, 0x00000006f8000000|  0%| F|  |TAMS 0x00000006f7f00000, 0x00000006f7f00000| Untracked 
| 384|0x00000006f8000000, 0x00000006f8000000, 0x00000006f8100000|  0%| F|  |TAMS 0x00000006f8000000, 0x00000006f8000000| Untracked 
| 385|0x00000006f8100000, 0x00000006f8100000, 0x00000006f8200000|  0%| F|  |TAMS 0x00000006f8100000, 0x00000006f8100000| Untracked 
| 386|0x00000006f8200000, 0x00000006f8200000, 0x00000006f8300000|  0%| F|  |TAMS 0x00000006f8200000, 0x00000006f8200000| Untracked 
| 387|0x00000006f8300000, 0x00000006f8300000, 0x00000006f8400000|  0%| F|  |TAMS 0x00000006f8300000, 0x00000006f8300000| Untracked 
| 388|0x00000006f8400000, 0x00000006f8400000, 0x00000006f8500000|  0%| F|  |TAMS 0x00000006f8400000, 0x00000006f8400000| Untracked 
| 389|0x00000006f8500000, 0x00000006f8500000, 0x00000006f8600000|  0%| F|  |TAMS 0x00000006f8500000, 0x00000006f8500000| Untracked 
| 390|0x00000006f8600000, 0x00000006f8600000, 0x00000006f8700000|  0%| F|  |TAMS 0x00000006f8600000, 0x00000006f8600000| Untracked 
| 391|0x00000006f8700000, 0x00000006f8700000, 0x00000006f8800000|  0%| F|  |TAMS 0x00000006f8700000, 0x00000006f8700000| Untracked 
| 392|0x00000006f8800000, 0x00000006f8800000, 0x00000006f8900000|  0%| F|  |TAMS 0x00000006f8800000, 0x00000006f8800000| Untracked 
| 393|0x00000006f8900000, 0x00000006f8900000, 0x00000006f8a00000|  0%| F|  |TAMS 0x00000006f8900000, 0x00000006f8900000| Untracked 
| 394|0x00000006f8a00000, 0x00000006f8a00000, 0x00000006f8b00000|  0%| F|  |TAMS 0x00000006f8a00000, 0x00000006f8a00000| Untracked 
| 395|0x00000006f8b00000, 0x00000006f8b00000, 0x00000006f8c00000|  0%| F|  |TAMS 0x00000006f8b00000, 0x00000006f8b00000| Untracked 
| 396|0x00000006f8c00000, 0x00000006f8c00000, 0x00000006f8d00000|  0%| F|  |TAMS 0x00000006f8c00000, 0x00000006f8c00000| Untracked 
| 397|0x00000006f8d00000, 0x00000006f8d00000, 0x00000006f8e00000|  0%| F|  |TAMS 0x00000006f8d00000, 0x00000006f8d00000| Untracked 
| 398|0x00000006f8e00000, 0x00000006f8e00000, 0x00000006f8f00000|  0%| F|  |TAMS 0x00000006f8e00000, 0x00000006f8e00000| Untracked 
| 399|0x00000006f8f00000, 0x00000006f8f00000, 0x00000006f9000000|  0%| F|  |TAMS 0x00000006f8f00000, 0x00000006f8f00000| Untracked 
| 400|0x00000006f9000000, 0x00000006f9000000, 0x00000006f9100000|  0%| F|  |TAMS 0x00000006f9000000, 0x00000006f9000000| Untracked 
| 401|0x00000006f9100000, 0x00000006f9100000, 0x00000006f9200000|  0%| F|  |TAMS 0x00000006f9100000, 0x00000006f9100000| Untracked 
| 402|0x00000006f9200000, 0x00000006f9200000, 0x00000006f9300000|  0%| F|  |TAMS 0x00000006f9200000, 0x00000006f9200000| Untracked 
| 403|0x00000006f9300000, 0x00000006f9300000, 0x00000006f9400000|  0%| F|  |TAMS 0x00000006f9300000, 0x00000006f9300000| Untracked 
| 404|0x00000006f9400000, 0x00000006f9400000, 0x00000006f9500000|  0%| F|  |TAMS 0x00000006f9400000, 0x00000006f9400000| Untracked 
| 405|0x00000006f9500000, 0x00000006f9500000, 0x00000006f9600000|  0%| F|  |TAMS 0x00000006f9500000, 0x00000006f9500000| Untracked 
| 406|0x00000006f9600000, 0x00000006f9600000, 0x00000006f9700000|  0%| F|  |TAMS 0x00000006f9600000, 0x00000006f9600000| Untracked 
| 407|0x00000006f9700000, 0x00000006f9700000, 0x00000006f9800000|  0%| F|  |TAMS 0x00000006f9700000, 0x00000006f9700000| Untracked 
| 408|0x00000006f9800000, 0x00000006f9800000, 0x00000006f9900000|  0%| F|  |TAMS 0x00000006f9800000, 0x00000006f9800000| Untracked 
| 409|0x00000006f9900000, 0x00000006f9900000, 0x00000006f9a00000|  0%| F|  |TAMS 0x00000006f9900000, 0x00000006f9900000| Untracked 
| 410|0x00000006f9a00000, 0x00000006f9a00000, 0x00000006f9b00000|  0%| F|  |TAMS 0x00000006f9a00000, 0x00000006f9a00000| Untracked 
| 411|0x00000006f9b00000, 0x00000006f9b00000, 0x00000006f9c00000|  0%| F|  |TAMS 0x00000006f9b00000, 0x00000006f9b00000| Untracked 
| 412|0x00000006f9c00000, 0x00000006f9c00000, 0x00000006f9d00000|  0%| F|  |TAMS 0x00000006f9c00000, 0x00000006f9c00000| Untracked 
| 413|0x00000006f9d00000, 0x00000006f9d00000, 0x00000006f9e00000|  0%| F|  |TAMS 0x00000006f9d00000, 0x00000006f9d00000| Untracked 
| 414|0x00000006f9e00000, 0x00000006f9e00000, 0x00000006f9f00000|  0%| F|  |TAMS 0x00000006f9e00000, 0x00000006f9e00000| Untracked 
| 415|0x00000006f9f00000, 0x00000006f9f00000, 0x00000006fa000000|  0%| F|  |TAMS 0x00000006f9f00000, 0x00000006f9f00000| Untracked 
| 416|0x00000006fa000000, 0x00000006fa000000, 0x00000006fa100000|  0%| F|  |TAMS 0x00000006fa000000, 0x00000006fa000000| Untracked 
| 417|0x00000006fa100000, 0x00000006fa100000, 0x00000006fa200000|  0%| F|  |TAMS 0x00000006fa100000, 0x00000006fa100000| Untracked 
| 418|0x00000006fa200000, 0x00000006fa200000, 0x00000006fa300000|  0%| F|  |TAMS 0x00000006fa200000, 0x00000006fa200000| Untracked 
| 419|0x00000006fa300000, 0x00000006fa300000, 0x00000006fa400000|  0%| F|  |TAMS 0x00000006fa300000, 0x00000006fa300000| Untracked 
| 420|0x00000006fa400000, 0x00000006fa400000, 0x00000006fa500000|  0%| F|  |TAMS 0x00000006fa400000, 0x00000006fa400000| Untracked 
| 421|0x00000006fa500000, 0x00000006fa500000, 0x00000006fa600000|  0%| F|  |TAMS 0x00000006fa500000, 0x00000006fa500000| Untracked 
| 422|0x00000006fa600000, 0x00000006fa600000, 0x00000006fa700000|  0%| F|  |TAMS 0x00000006fa600000, 0x00000006fa600000| Untracked 
| 423|0x00000006fa700000, 0x00000006fa700000, 0x00000006fa800000|  0%| F|  |TAMS 0x00000006fa700000, 0x00000006fa700000| Untracked 
| 424|0x00000006fa800000, 0x00000006fa800000, 0x00000006fa900000|  0%| F|  |TAMS 0x00000006fa800000, 0x00000006fa800000| Untracked 
| 425|0x00000006fa900000, 0x00000006fa900000, 0x00000006faa00000|  0%| F|  |TAMS 0x00000006fa900000, 0x00000006fa900000| Untracked 
| 426|0x00000006faa00000, 0x00000006faa00000, 0x00000006fab00000|  0%| F|  |TAMS 0x00000006faa00000, 0x00000006faa00000| Untracked 
| 427|0x00000006fab00000, 0x00000006fab00000, 0x00000006fac00000|  0%| F|  |TAMS 0x00000006fab00000, 0x00000006fab00000| Untracked 
| 428|0x00000006fac00000, 0x00000006fac00000, 0x00000006fad00000|  0%| F|  |TAMS 0x00000006fac00000, 0x00000006fac00000| Untracked 
| 429|0x00000006fad00000, 0x00000006fad00000, 0x00000006fae00000|  0%| F|  |TAMS 0x00000006fad00000, 0x00000006fad00000| Untracked 
| 430|0x00000006fae00000, 0x00000006faf00000, 0x00000006faf00000|100%| S|CS|TAMS 0x00000006fae00000, 0x00000006fae00000| Complete 
| 431|0x00000006faf00000, 0x00000006fb000000, 0x00000006fb000000|100%| S|CS|TAMS 0x00000006faf00000, 0x00000006faf00000| Complete 
| 432|0x00000006fb000000, 0x00000006fb100000, 0x00000006fb100000|100%| S|CS|TAMS 0x00000006fb000000, 0x00000006fb000000| Complete 
| 433|0x00000006fb100000, 0x00000006fb200000, 0x00000006fb200000|100%| S|CS|TAMS 0x00000006fb100000, 0x00000006fb100000| Complete 
| 434|0x00000006fb200000, 0x00000006fb200000, 0x00000006fb300000|  0%| F|  |TAMS 0x00000006fb200000, 0x00000006fb200000| Untracked 
| 435|0x00000006fb300000, 0x00000006fb300000, 0x00000006fb400000|  0%| F|  |TAMS 0x00000006fb300000, 0x00000006fb300000| Untracked 
| 436|0x00000006fb400000, 0x00000006fb400000, 0x00000006fb500000|  0%| F|  |TAMS 0x00000006fb400000, 0x00000006fb400000| Untracked 
| 437|0x00000006fb500000, 0x00000006fb500000, 0x00000006fb600000|  0%| F|  |TAMS 0x00000006fb500000, 0x00000006fb500000| Untracked 
| 438|0x00000006fb600000, 0x00000006fb600000, 0x00000006fb700000|  0%| F|  |TAMS 0x00000006fb600000, 0x00000006fb600000| Untracked 
| 439|0x00000006fb700000, 0x00000006fb700000, 0x00000006fb800000|  0%| F|  |TAMS 0x00000006fb700000, 0x00000006fb700000| Untracked 
| 440|0x00000006fb800000, 0x00000006fb800000, 0x00000006fb900000|  0%| F|  |TAMS 0x00000006fb800000, 0x00000006fb800000| Untracked 
| 441|0x00000006fb900000, 0x00000006fb900000, 0x00000006fba00000|  0%| F|  |TAMS 0x00000006fb900000, 0x00000006fb900000| Untracked 
| 442|0x00000006fba00000, 0x00000006fba00000, 0x00000006fbb00000|  0%| F|  |TAMS 0x00000006fba00000, 0x00000006fba00000| Untracked 
| 443|0x00000006fbb00000, 0x00000006fbb00000, 0x00000006fbc00000|  0%| F|  |TAMS 0x00000006fbb00000, 0x00000006fbb00000| Untracked 
| 444|0x00000006fbc00000, 0x00000006fbc00000, 0x00000006fbd00000|  0%| F|  |TAMS 0x00000006fbc00000, 0x00000006fbc00000| Untracked 
| 445|0x00000006fbd00000, 0x00000006fbd00000, 0x00000006fbe00000|  0%| F|  |TAMS 0x00000006fbd00000, 0x00000006fbd00000| Untracked 
| 446|0x00000006fbe00000, 0x00000006fbe00000, 0x00000006fbf00000|  0%| F|  |TAMS 0x00000006fbe00000, 0x00000006fbe00000| Untracked 
| 447|0x00000006fbf00000, 0x00000006fbf00000, 0x00000006fc000000|  0%| F|  |TAMS 0x00000006fbf00000, 0x00000006fbf00000| Untracked 
| 448|0x00000006fc000000, 0x00000006fc000000, 0x00000006fc100000|  0%| F|  |TAMS 0x00000006fc000000, 0x00000006fc000000| Untracked 
| 449|0x00000006fc100000, 0x00000006fc100000, 0x00000006fc200000|  0%| F|  |TAMS 0x00000006fc100000, 0x00000006fc100000| Untracked 
| 450|0x00000006fc200000, 0x00000006fc200000, 0x00000006fc300000|  0%| F|  |TAMS 0x00000006fc200000, 0x00000006fc200000| Untracked 
| 451|0x00000006fc300000, 0x00000006fc300000, 0x00000006fc400000|  0%| F|  |TAMS 0x00000006fc300000, 0x00000006fc300000| Untracked 
| 452|0x00000006fc400000, 0x00000006fc400000, 0x00000006fc500000|  0%| F|  |TAMS 0x00000006fc400000, 0x00000006fc400000| Untracked 
| 453|0x00000006fc500000, 0x00000006fc500000, 0x00000006fc600000|  0%| F|  |TAMS 0x00000006fc500000, 0x00000006fc500000| Untracked 
| 454|0x00000006fc600000, 0x00000006fc600000, 0x00000006fc700000|  0%| F|  |TAMS 0x00000006fc600000, 0x00000006fc600000| Untracked 
| 455|0x00000006fc700000, 0x00000006fc700000, 0x00000006fc800000|  0%| F|  |TAMS 0x00000006fc700000, 0x00000006fc700000| Untracked 

Card table byte_map: [0x000001edfe9f0000,0x000001edff2f0000] _byte_map_base: 0x000001edfb2f0000

Marking Bits (Prev, Next): (CMBitMap*) 0x000001edfe07a6b8, (CMBitMap*) 0x000001edfe07a6f0
 Prev Bits: [0x000001ed972b0000, 0x000001ed9bab0000)
 Next Bits: [0x000001ed9bab0000, 0x000001eda02b0000)

Polling page: 0x000001edfbed0000

Metaspace:

Usage:
  Non-class:    105.38 MB capacity,   102.98 MB ( 98%) used,     2.05 MB (  2%) free+waste,   362.00 KB ( <1%) overhead. 
      Class:     15.03 MB capacity,    13.73 MB ( 91%) used,     1.14 MB (  8%) free+waste,   156.75 KB (  1%) overhead. 
       Both:    120.41 MB capacity,   116.71 MB ( 97%) used,     3.19 MB (  3%) free+waste,   518.75 KB ( <1%) overhead. 

Virtual space:
  Non-class space:      106.00 MB reserved,     105.75 MB (>99%) committed 
      Class space:        1.00 GB reserved,      15.25 MB (  1%) committed 
             Both:        1.10 GB reserved,     121.00 MB ( 11%) committed 

Chunk freelists:
   Non-Class:  31.38 KB
       Class:  20.50 KB
        Both:  51.88 KB

CodeHeap 'non-profiled nmethods': size=120064Kb used=21998Kb max_used=22215Kb free=98065Kb
 bounds [0x000001ed8fd70000, 0x000001ed91340000, 0x000001ed972b0000]
CodeHeap 'profiled nmethods': size=120000Kb used=51074Kb max_used=51529Kb free=68925Kb
 bounds [0x000001ed88840000, 0x000001ed8bb10000, 0x000001ed8fd70000]
CodeHeap 'non-nmethods': size=5696Kb used=2365Kb max_used=2435Kb free=3331Kb
 bounds [0x000001ed882b0000, 0x000001ed88520000, 0x000001ed88840000]
 total_blobs=39592 nmethods=23038 adapters=884
 compilation: enabled
              stopped_count=0, restarted_count=0
 full_count=0

Compilation events (10 events):
Event: 4419.181 Thread 0x000001eda2def800 29068       3       com.android.tools.r8.graph.DexProto::computeEquals (62 bytes)
Event: 4419.183 Thread 0x000001eda2def800 nmethod 29068 0x000001ed8ae7bb10 code [0x000001ed8ae7bd40, 0x000001ed8ae7c770]
Event: 4419.197 Thread 0x000001eda2def800 29069       3       java.util.AbstractList$SubList::iterator (5 bytes)
Event: 4419.198 Thread 0x000001eda2def800 nmethod 29069 0x000001ed8ae6e290 code [0x000001ed8ae6e4c0, 0x000001ed8ae6ec00]
Event: 4419.227 Thread 0x000001eda2def800 29070       3       java.util.AbstractList$SubList$1::<init> (41 bytes)
Event: 4419.227 Thread 0x000001eda2def800 nmethod 29070 0x000001ed8adb1510 code [0x000001ed8adb16e0, 0x000001ed8adb1a50]
Event: 4419.228 Thread 0x000001eda2def800 29071       3       java.lang.Float::compare (46 bytes)
Event: 4419.229 Thread 0x000001eda2def800 nmethod 29071 0x000001ed8ae56d10 code [0x000001ed8ae56f00, 0x000001ed8ae574f8]
Event: 4419.238 Thread 0x000001eda2def800 29072       3       com.android.tools.r8.graph.DexAnnotation::getSystemValueAnnotationValue (75 bytes)
Event: 4419.239 Thread 0x000001eda2def800 nmethod 29072 0x000001ed8ad45010 code [0x000001ed8ad451e0, 0x000001ed8ad453f8]

GC Heap History (10 events):
Event: 4416.646 GC heap after
{Heap after GC invocations=246 (full 4):
 garbage-first heap   total 466944K, used 223385K [0x00000006e0000000, 0x0000000800000000)
  region size 1024K, 3 young (3072K), 3 survivors (3072K)
 Metaspace       used 119391K, capacity 123218K, committed 123904K, reserved 1157120K
  class space    used 14056K, capacity 15385K, committed 15616K, reserved 1048576K
}
Event: 4418.371 GC heap before
{Heap before GC invocations=247 (full 4):
 garbage-first heap   total 466944K, used 260249K [0x00000006e0000000, 0x0000000800000000)
  region size 1024K, 30 young (30720K), 3 survivors (3072K)
 Metaspace       used 119485K, capacity 123296K, committed 123904K, reserved 1157120K
  class space    used 14059K, capacity 15388K, committed 15616K, reserved 1048576K
}
Event: 4418.386 GC heap after
{Heap after GC invocations=248 (full 4):
 garbage-first heap   total 466944K, used 227129K [0x00000006e0000000, 0x0000000800000000)
  region size 1024K, 4 young (4096K), 4 survivors (4096K)
 Metaspace       used 119485K, capacity 123296K, committed 123904K, reserved 1157120K
  class space    used 14059K, capacity 15388K, committed 15616K, reserved 1048576K
}
Event: 4418.485 GC heap before
{Heap before GC invocations=248 (full 4):
 garbage-first heap   total 466944K, used 245561K [0x00000006e0000000, 0x0000000800000000)
  region size 1024K, 22 young (22528K), 4 survivors (4096K)
 Metaspace       used 119486K, capacity 123296K, committed 123904K, reserved 1157120K
  class space    used 14059K, capacity 15388K, committed 15616K, reserved 1048576K
}
Event: 4418.526 GC heap after
{Heap after GC invocations=249 (full 4):
 garbage-first heap   total 466944K, used 222025K [0x00000006e0000000, 0x0000000800000000)
  region size 1024K, 3 young (3072K), 3 survivors (3072K)
 Metaspace       used 119486K, capacity 123296K, committed 123904K, reserved 1157120K
  class space    used 14059K, capacity 15388K, committed 15616K, reserved 1048576K
}
Event: 4418.567 GC heap before
{Heap before GC invocations=249 (full 4):
 garbage-first heap   total 466944K, used 231241K [0x00000006e0000000, 0x0000000800000000)
  region size 1024K, 13 young (13312K), 3 survivors (3072K)
 Metaspace       used 119486K, capacity 123296K, committed 123904K, reserved 1157120K
  class space    used 14059K, capacity 15388K, committed 15616K, reserved 1048576K
}
Event: 4418.593 GC heap after
{Heap after GC invocations=250 (full 4):
 garbage-first heap   total 466944K, used 227116K [0x00000006e0000000, 0x0000000800000000)
  region size 1024K, 8 young (8192K), 8 survivors (8192K)
 Metaspace       used 119486K, capacity 123296K, committed 123904K, reserved 1157120K
  class space    used 14059K, capacity 15388K, committed 15616K, reserved 1048576K
}
Event: 4418.894 GC heap before
{Heap before GC invocations=250 (full 4):
 garbage-first heap   total 466944K, used 247596K [0x00000006e0000000, 0x0000000800000000)
  region size 1024K, 27 young (27648K), 8 survivors (8192K)
 Metaspace       used 119504K, capacity 123297K, committed 123904K, reserved 1157120K
  class space    used 14059K, capacity 15388K, committed 15616K, reserved 1048576K
}
Event: 4418.982 GC heap after
{Heap after GC invocations=251 (full 4):
 garbage-first heap   total 466944K, used 239662K [0x00000006e0000000, 0x0000000800000000)
  region size 1024K, 4 young (4096K), 4 survivors (4096K)
 Metaspace       used 119504K, capacity 123297K, committed 123904K, reserved 1157120K
  class space    used 14059K, capacity 15388K, committed 15616K, reserved 1048576K
}
Event: 4419.243 GC heap before
{Heap before GC invocations=251 (full 4):
 garbage-first heap   total 466944K, used 261166K [0x00000006e0000000, 0x0000000800000000)
  region size 1024K, 26 young (26624K), 4 survivors (4096K)
 Metaspace       used 119507K, capacity 123297K, committed 123904K, reserved 1157120K
  class space    used 14059K, capacity 15388K, committed 15616K, reserved 1048576K
}

Deoptimization events (10 events):
Event: 4416.386 Thread 0x000001eda7683000 Uncommon trap: reason=array_check action=maybe_recompile pc=0x000001ed90538e24 method=java.util.TimSort.mergeLo(IIII)V @ 212 c2
Event: 4416.396 Thread 0x000001eda7683000 Uncommon trap: reason=array_check action=maybe_recompile pc=0x000001ed90538e80 method=java.util.TimSort.mergeLo(IIII)V @ 245 c2
Event: 4416.405 Thread 0x000001eda7683000 Uncommon trap: reason=array_check action=maybe_recompile pc=0x000001ed90f4b1e4 method=java.util.TimSort.mergeHi(IIII)V @ 282 c2
Event: 4416.410 Thread 0x000001eda7683000 Uncommon trap: reason=array_check action=maybe_recompile pc=0x000001ed90538e24 method=java.util.TimSort.mergeLo(IIII)V @ 212 c2
Event: 4416.423 Thread 0x000001eda7683000 Uncommon trap: reason=array_check action=maybe_recompile pc=0x000001ed90f4afbc method=java.util.TimSort.mergeHi(IIII)V @ 250 c2
Event: 4416.511 Thread 0x000001eda7683000 Uncommon trap: reason=unstable_if action=reinterpret pc=0x000001ed912e7008 method=com.android.tools.r8.dex.DexOutputBuffer.ensureSpaceFor(I)V @ 8 c2
Event: 4418.272 Thread 0x000001eda7682800 Uncommon trap: reason=class_check action=maybe_recompile pc=0x000001ed8fe2cc34 method=java.util.stream.AbstractPipeline.close()V @ 42 c2
Event: 4418.305 Thread 0x000001eda7682800 Uncommon trap: reason=class_check action=maybe_recompile pc=0x000001ed8fe2cc34 method=java.util.stream.AbstractPipeline.close()V @ 42 c2
Event: 4419.000 Thread 0x000001eda767d800 Uncommon trap: reason=loop_limit_check action=maybe_recompile pc=0x000001ed90ed7d60 method=com.android.tools.r8.it.unimi.dsi.fastutil.ints.Int2IntArrayMap.get(I)I @ 14 c2
Event: 4419.088 Thread 0x000001eda767d800 Uncommon trap: reason=unstable_if action=reinterpret pc=0x000001ed90e06188 method=com.android.tools.r8.dex.DexParser.parseEncodedValue()Lcom/android/tools/r8/graph/DexValue; @ 22 c2

Classes redefined (0 events):
No events

Internal exceptions (10 events):
Event: 4393.545 Thread 0x000001eda7d89000 Exception <a 'sun/nio/fs/WindowsException'{0x00000006f67c4298}> (0x00000006f67c4298) thrown at [t:/workspace/open/src/hotspot/share/prims/jni.cpp, line 615]
Event: 4410.034 Thread 0x000001edad92c800 Exception <a 'sun/nio/fs/WindowsException'{0x00000006f64cd030}> (0x00000006f64cd030) thrown at [t:/workspace/open/src/hotspot/share/prims/jni.cpp, line 615]
Event: 4412.235 Thread 0x000001edad92c800 Exception <a 'sun/nio/fs/WindowsException'{0x00000006f59539e8}> (0x00000006f59539e8) thrown at [t:/workspace/open/src/hotspot/share/prims/jni.cpp, line 615]
Event: 4413.042 Thread 0x000001eda767d800 Implicit null exception at 0x000001ed8ff79c2f to 0x000001ed8ff79d1a
Event: 4413.042 Thread 0x000001eda7684000 Implicit null exception at 0x000001ed8ff79c2f to 0x000001ed8ff79d1a
Event: 4413.042 Thread 0x000001eda767f000 Implicit null exception at 0x000001ed8ff79c2f to 0x000001ed8ff79d1a
Event: 4415.505 Thread 0x000001eda7683000 Implicit null exception at 0x000001ed9062b649 to 0x000001ed9062b8b6
Event: 4417.624 Thread 0x000001eda7683000 Exception <a 'sun/nio/fs/WindowsException'{0x00000006fbe96f38}> (0x00000006fbe96f38) thrown at [t:/workspace/open/src/hotspot/share/prims/jni.cpp, line 615]
Event: 4418.141 Thread 0x000001edad92c800 Exception <a 'sun/nio/fs/WindowsException'{0x00000006fbb843a0}> (0x00000006fbb843a0) thrown at [t:/workspace/open/src/hotspot/share/prims/jni.cpp, line 615]
Event: 4418.314 Thread 0x000001eda7682800 Exception <a 'sun/nio/fs/WindowsException'{0x00000006fb62fe58}> (0x00000006fb62fe58) thrown at [t:/workspace/open/src/hotspot/share/prims/jni.cpp, line 615]

Events (10 events):
Event: 4418.703 Executing VM operation: RevokeBias done
Event: 4418.894 Executing VM operation: G1CollectForAllocation
Event: 4418.982 Executing VM operation: G1CollectForAllocation done
Event: 4419.000 Thread 0x000001eda767d800 Uncommon trap: trap_request=0xffffff76 fr.pc=0x000001ed90ed7d60 relative=0x0000000000000120
Event: 4419.000 Thread 0x000001eda767d800 DEOPT PACKING pc=0x000001ed90ed7d60 sp=0x000000cf4c7fec60
Event: 4419.000 Thread 0x000001eda767d800 DEOPT UNPACKING pc=0x000001ed882d912f sp=0x000000cf4c7feb80 mode 2
Event: 4419.088 Thread 0x000001eda767d800 Uncommon trap: trap_request=0xffffff4d fr.pc=0x000001ed90e06188 relative=0x0000000000000f08
Event: 4419.088 Thread 0x000001eda767d800 DEOPT PACKING pc=0x000001ed90e06188 sp=0x000000cf4c7fe750
Event: 4419.088 Thread 0x000001eda767d800 DEOPT UNPACKING pc=0x000001ed882d912f sp=0x000000cf4c7fe728 mode 2
Event: 4419.243 Executing VM operation: G1CollectForAllocation


Dynamic libraries:
0x00007ff620ab0000 - 0x00007ff620af7000 	C:\Program Files\Java\jdk-11.0.6\bin\java.exe
0x00007ffa81c30000 - 0x00007ffa81e10000 	C:\Windows\SYSTEM32\ntdll.dll
0x00007ffa816c0000 - 0x00007ffa8176e000 	C:\Windows\System32\KERNEL32.DLL
0x00007ffa7e3d0000 - 0x00007ffa7e636000 	C:\Windows\System32\KERNELBASE.dll
0x00007ffa7f5f0000 - 0x00007ffa7f691000 	C:\Windows\System32\ADVAPI32.dll
0x00007ffa812c0000 - 0x00007ffa8135d000 	C:\Windows\System32\msvcrt.dll
0x00007ffa7f340000 - 0x00007ffa7f39b000 	C:\Windows\System32\sechost.dll
0x00007ffa7f6a0000 - 0x00007ffa7f7bf000 	C:\Windows\System32\RPCRT4.dll
0x00007ffa7f3a0000 - 0x00007ffa7f52f000 	C:\Windows\System32\USER32.dll
0x00007ffa7e690000 - 0x00007ffa7e6b0000 	C:\Windows\System32\win32u.dll
0x00007ffa81770000 - 0x00007ffa81798000 	C:\Windows\System32\GDI32.dll
0x00007ffa7e6b0000 - 0x00007ffa7e843000 	C:\Windows\System32\gdi32full.dll
0x00007ffa7e030000 - 0x00007ffa7e0cb000 	C:\Windows\System32\msvcp_win.dll
0x00007ffa7e850000 - 0x00007ffa7e944000 	C:\Windows\System32\ucrtbase.dll
0x00007ffa771b0000 - 0x00007ffa77419000 	C:\Windows\WinSxS\amd64_microsoft.windows.common-controls_6595b64144ccf1df_6.0.16299.1087_none_0f9074b65a6589b7\COMCTL32.dll
0x00007ffa74f50000 - 0x00007ffa74f5a000 	C:\Windows\SYSTEM32\VERSION.dll
0x00007ffa7f9d0000 - 0x00007ffa7fcd6000 	C:\Windows\System32\combase.dll
0x00007ffa7e0d0000 - 0x00007ffa7e142000 	C:\Windows\System32\bcryptPrimitives.dll
0x00007ffa7f7c0000 - 0x00007ffa7f7ed000 	C:\Windows\System32\IMM32.DLL
0x00007ffa6faf0000 - 0x00007ffa6fb06000 	C:\Program Files\Java\jdk-11.0.6\bin\vcruntime140.dll
0x00007ffa6e500000 - 0x00007ffa6e5aa000 	C:\Program Files\Java\jdk-11.0.6\bin\msvcp140.dll
0x00007ffa4b7c0000 - 0x00007ffa4c2e9000 	C:\Program Files\Java\jdk-11.0.6\bin\server\jvm.dll
0x00007ffa7f7f0000 - 0x00007ffa7f7f8000 	C:\Windows\System32\PSAPI.DLL
0x00007ffa78c10000 - 0x00007ffa78c19000 	C:\Windows\SYSTEM32\WSOCK32.dll
0x00007ffa81630000 - 0x00007ffa8169c000 	C:\Windows\System32\WS2_32.dll
0x00007ffa7c030000 - 0x00007ffa7c053000 	C:\Windows\SYSTEM32\WINMM.dll
0x00007ffa7bfd0000 - 0x00007ffa7bffa000 	C:\Windows\SYSTEM32\WINMMBASE.dll
0x00007ffa7e640000 - 0x00007ffa7e68a000 	C:\Windows\System32\cfgmgr32.dll
0x00007ffa7dfa0000 - 0x00007ffa7dfb1000 	C:\Windows\System32\kernel.appcore.dll
0x00007ffa6f9d0000 - 0x00007ffa6f9e1000 	C:\Program Files\Java\jdk-11.0.6\bin\verify.dll
0x00007ffa71bb0000 - 0x00007ffa71d78000 	C:\Windows\SYSTEM32\DBGHELP.DLL
0x00007ffa71b80000 - 0x00007ffa71ba9000 	C:\Windows\SYSTEM32\dbgcore.DLL
0x00007ffa6e9f0000 - 0x00007ffa6ea19000 	C:\Program Files\Java\jdk-11.0.6\bin\java.dll
0x00007ffa6f440000 - 0x00007ffa6f456000 	C:\Program Files\Java\jdk-11.0.6\bin\zip.dll
0x00007ffa77950000 - 0x00007ffa7795a000 	C:\Program Files\Java\jdk-11.0.6\bin\jimage.dll
0x00007ffa7fe80000 - 0x00007ffa812b8000 	C:\Windows\System32\SHELL32.dll
0x00007ffa7f290000 - 0x00007ffa7f336000 	C:\Windows\System32\shcore.dll
0x00007ffa7e9b0000 - 0x00007ffa7f0f7000 	C:\Windows\System32\windows.storage.dll
0x00007ffa7f8d0000 - 0x00007ffa7f921000 	C:\Windows\System32\shlwapi.dll
0x00007ffa7dfc0000 - 0x00007ffa7e00c000 	C:\Windows\System32\powrprof.dll
0x00007ffa7df80000 - 0x00007ffa7df9b000 	C:\Windows\System32\profapi.dll
0x00007ffa6e440000 - 0x00007ffa6e459000 	C:\Program Files\Java\jdk-11.0.6\bin\net.dll
0x00007ffa7a090000 - 0x00007ffa7a16e000 	C:\Windows\SYSTEM32\WINHTTP.dll
0x00007ffa7d7b0000 - 0x00007ffa7d816000 	C:\Windows\system32\mswsock.dll
0x00007ffa6d000000 - 0x00007ffa6d013000 	C:\Program Files\Java\jdk-11.0.6\bin\nio.dll
0x00007ffa6b5d0000 - 0x00007ffa6b5f6000 	C:\Users\Rohit Jain\.gradle\native\29\windows-amd64\native-platform.dll
0x00007ffa740b0000 - 0x00007ffa740b9000 	C:\Program Files\Java\jdk-11.0.6\bin\management.dll
0x00007ffa73b90000 - 0x00007ffa73b9c000 	C:\Program Files\Java\jdk-11.0.6\bin\management_ext.dll
0x00007ffa7d970000 - 0x00007ffa7d987000 	C:\Windows\SYSTEM32\CRYPTSP.dll
0x00007ffa7d3b0000 - 0x00007ffa7d3e3000 	C:\Windows\system32\rsaenh.dll
0x00007ffa7da80000 - 0x00007ffa7daa5000 	C:\Windows\SYSTEM32\bcrypt.dll
0x00007ffa7de80000 - 0x00007ffa7dea9000 	C:\Windows\SYSTEM32\USERENV.dll
0x00007ffa7d990000 - 0x00007ffa7d99b000 	C:\Windows\SYSTEM32\CRYPTBASE.dll
0x00007ffa7d540000 - 0x00007ffa7d579000 	C:\Windows\SYSTEM32\IPHLPAPI.DLL
0x00007ffa81620000 - 0x00007ffa81628000 	C:\Windows\System32\NSI.dll
0x00007ffa794e0000 - 0x00007ffa794f6000 	C:\Windows\SYSTEM32\dhcpcsvc6.DLL
0x00007ffa79520000 - 0x00007ffa7953a000 	C:\Windows\SYSTEM32\dhcpcsvc.DLL
0x00007ffa7c430000 - 0x00007ffa7c4b8000 	C:\Windows\system32\apphelp.dll
0x00007ffa78cb0000 - 0x00007ffa78cbd000 	C:\Program Files\Java\jdk-11.0.6\bin\sunmscapi.dll
0x00007ffa7e200000 - 0x00007ffa7e3ce000 	C:\Windows\System32\CRYPT32.dll
0x00007ffa7e010000 - 0x00007ffa7e022000 	C:\Windows\System32\MSASN1.dll
0x00007ffa7da50000 - 0x00007ffa7da76000 	C:\Windows\SYSTEM32\ncrypt.dll
0x00007ffa7da10000 - 0x00007ffa7da46000 	C:\Windows\SYSTEM32\NTASN1.dll
0x00007ffa6f140000 - 0x00007ffa6f167000 	C:\Program Files\Java\jdk-11.0.6\bin\sunec.dll
0x00007ffa7d580000 - 0x00007ffa7d636000 	C:\Windows\SYSTEM32\DNSAPI.dll
0x00007ffa76360000 - 0x00007ffa7636a000 	C:\Windows\System32\rasadhlp.dll
0x00007ffa763a0000 - 0x00007ffa76410000 	C:\Windows\System32\fwpuclnt.dll
0x00007ffa7d0a0000 - 0x00007ffa7d0d1000 	C:\Windows\SYSTEM32\ntmarta.dll

dbghelp: loaded successfully - version: 4.0.5 - missing functions: none
symbol engine: initialized successfully - sym options: 0x614 - pdb path: .;C:\Program Files\Java\jdk-11.0.6\bin;C:\Windows\SYSTEM32;C:\Windows\WinSxS\amd64_microsoft.windows.common-controls_6595b64144ccf1df_6.0.16299.1087_none_0f9074b65a6589b7;C:\Program Files\Java\jdk-11.0.6\bin\server;C:\Users\Rohit Jain\.gradle\native\29\windows-amd64

VM Arguments:
jvm_args: --add-opens=java.base/java.util=ALL-UNNAMED --add-opens=java.base/java.lang=ALL-UNNAMED --add-opens=java.base/java.lang.invoke=ALL-UNNAMED --add-opens=java.prefs/java.util.prefs=ALL-UNNAMED -Xmx4608M -Dfile.encoding=windows-1252 -Duser.country=US -Duser.language=en -Duser.variant 
java_command: org.gradle.launcher.daemon.bootstrap.GradleDaemon 5.5
java_class_path (initial): C:\Users\Rohit Jain\.gradle\wrapper\dists\gradle-5.5-all\byeise1led9a3w3p149d02kfj\gradle-5.5\lib\gradle-launcher-5.5.jar
Launcher Type: SUN_STANDARD

[Global flags]
     intx CICompilerCount                          = 3                                         {product} {ergonomic}
     uint ConcGCThreads                            = 1                                         {product} {ergonomic}
     uint G1ConcRefinementThreads                  = 4                                         {product} {ergonomic}
   size_t G1HeapRegionSize                         = 1048576                                   {product} {ergonomic}
    uintx GCDrainStackTargetSize                   = 64                                        {product} {ergonomic}
   size_t InitialHeapSize                          = 100663296                                 {product} {ergonomic}
   size_t MarkStackSize                            = 4194304                                   {product} {ergonomic}
   size_t MaxHeapSize                              = 4831838208                                {product} {command line}
   size_t MaxNewSize                               = 2898264064                                {product} {ergonomic}
   size_t MinHeapDeltaBytes                        = 1048576                                   {product} {ergonomic}
    uintx NonNMethodCodeHeapSize                   = 5830732                                {pd product} {ergonomic}
    uintx NonProfiledCodeHeapSize                  = 122913754                              {pd product} {ergonomic}
    uintx ProfiledCodeHeapSize                     = 122913754                              {pd product} {ergonomic}
    uintx ReservedCodeCacheSize                    = 251658240                              {pd product} {ergonomic}
     bool SegmentedCodeCache                       = true                                      {product} {ergonomic}
     bool UseCompressedClassPointers               = true                                 {lp64_product} {ergonomic}
     bool UseCompressedOops                        = true                                 {lp64_product} {ergonomic}
     bool UseG1GC                                  = true                                      {product} {ergonomic}
     bool UseLargePagesIndividualAllocation        = false                                  {pd product} {ergonomic}

Logging:
Log output configuration:
 #0: stdout all=warning uptime,level,tags
 #1: stderr all=off uptime,level,tags

Environment Variables:
JAVA_HOME=C:\Program Files\Java\jdk-11.0.6
CLASSPATH=F:\FinalAppCode\TSGAPP\android\\gradle\wrapper\gradle-wrapper.jar
PATH=C:\Windows\system32;C:\Windows;C:\Windows\System32\Wbem;C:\Windows\System32\WindowsPowerShell\v1.0\;C:\Program Files\nodejs\;C:\Program Files\Git\cmd;C:\Program Files\Java\jdk-11.0.6\bin;C:\ProgramData\chocolatey\bin;C:\Users\Rohit Jain\AppData\Local\Microsoft\WindowsApps;;C:\Users\Rohit Jain\AppData\Local\Programs\Microsoft VS Code\bin;C:\Users\Rohit Jain\AppData\Roaming\npm
USERNAME=Rohit Jain
OS=Windows_NT
PROCESSOR_IDENTIFIER=Intel64 Family 6 Model 42 Stepping 7, GenuineIntel



---------------  S Y S T E M  ---------------

OS: Windows 10 , 64 bit Build 16299 (10.0.16299.1087)

CPU:total 4 (initial active 4) (2 cores per cpu, 2 threads per core) family 6 model 42 stepping 7, cmov, cx8, fxsr, mmx, sse, sse2, sse3, ssse3, sse4.1, sse4.2, popcnt, avx, clmul, ht, tsc, tscinvbit

Memory: 4k page, system-wide physical 6044M (664M free)
TotalPageFile size 20086M (AvailPageFile size 119M)
current process WorkingSet (physical memory assigned to process): 664M, peak: 664M
current process commit charge ("private bytes"): 905M, peak: 2023M

vm_info: Java HotSpot(TM) 64-Bit Server VM (11.0.6+8-LTS) for windows-amd64 JRE (11.0.6+8-LTS), built on Dec 11 2019 09:17:57 by "mach5one" with MS VC++ 15.5 (VS2017)

END.
