#
# There is insufficient memory for the Java Runtime Environment to continue.
# Native memory allocation (malloc) failed to allocate 32744 bytes for ChunkPool::allocate
# Possible reasons:
#   The system is out of physical RAM or swap space
#   The process is running with CompressedOops enabled, and the Java Heap may be blocking the growth of the native heap
# Possible solutions:
#   Reduce memory load on the system
#   Increase physical memory or swap space
#   Check if swap backing store is full
#   Decrease Java heap size (-Xmx/-Xms)
#   Decrease number of Java threads
#   Decrease Java thread stack sizes (-Xss)
#   Set larger code cache with -XX:ReservedCodeCacheSize=
#   JVM is running with Unscaled Compressed Oops mode in which the Java heap is
#     placed in the first 4GB address space. The Java Heap base address is the
#     maximum limit for the native heap growth. Please use -XX:HeapBaseMinAddress
#     to set the Java Heap base and to place the Java Heap above 4GB virtual address.
# This output file may be truncated or incomplete.
#
#  Out of Memory Error (t:/workspace/open/src/hotspot/share/memory/arena.cpp:81), pid=10020, tid=10752
#
# JRE version: Java(TM) SE Runtime Environment (11.0.6+8) (build 11.0.6+8-LTS)
# Java VM: Java HotSpot(TM) 64-Bit Server VM (11.0.6+8-LTS, mixed mode, tiered, compressed oops, g1 gc, windows-amd64)
# No core dump will be written. Minidumps are not enabled by default on client versions of Windows
#

---------------  S U M M A R Y ------------

Command Line: -Xmx64m -Xms64m -Dorg.gradle.appname=gradlew org.gradle.wrapper.GradleWrapperMain app:installDebug -PreactNativeDevServerPort=8081

Host: Intel(R) Core(TM) i3-2328M CPU @ 2.20GHz, 4 cores, 5G,  Windows 10 , 64 bit Build 16299 (10.0.16299.1087)
Time: Mon Mar  2 14:47:28 2020 India Standard Time elapsed time: 51 seconds (0d 0h 0m 51s)

---------------  T H R E A D  ---------------

Current thread (0x000001c8793a7800):  JavaThread "C1 CompilerThread0" daemon [_thread_in_native, id=10752, stack(0x0000002bac600000,0x0000002bac700000)]


Current CompileTask:
C1:  51367 1578       3       sun.nio.cs.SingleByte$Encoder::encodeArrayLoop (233 bytes)

Stack: [0x0000002bac600000,0x0000002bac700000]
Native frames: (J=compiled Java code, j=interpreted, Vv=VM code, C=native code)
V  [jvm.dll+0x63679a]
V  [jvm.dll+0x7755bf]
V  [jvm.dll+0x776c65]
V  [jvm.dll+0x7772d3]
V  [jvm.dll+0x25e7f8]
V  [jvm.dll+0xc1e3b]
V  [jvm.dll+0xc219c]
V  [jvm.dll+0x17a4f0]
V  [jvm.dll+0x17d329]
V  [jvm.dll+0x17d9ec]
V  [jvm.dll+0x1753e4]
V  [jvm.dll+0x17492f]
V  [jvm.dll+0x17e5bb]
V  [jvm.dll+0x175a28]
V  [jvm.dll+0x178f2f]
V  [jvm.dll+0x12c7bf]
V  [jvm.dll+0x12bfc9]
V  [jvm.dll+0x12c1ff]
V  [jvm.dll+0x12b377]
V  [jvm.dll+0x12d417]
V  [jvm.dll+0x226544]
V  [jvm.dll+0x224b28]
V  [jvm.dll+0x73a9c5]
V  [jvm.dll+0x733905]
V  [jvm.dll+0x635846]
C  [ucrtbase.dll+0x1fa95]
C  [KERNEL32.DLL+0x137e4]
C  [ntdll.dll+0x6cb81]


---------------  P R O C E S S  ---------------

Threads class SMR info:
_java_thread_list=0x000001c879cf57c0, length=11, elements={
0x000001c86c191000, 0x000001c879313000, 0x000001c879316000, 0x000001c879397000,
0x000001c879399000, 0x000001c87939a000, 0x000001c8793a7800, 0x000001c8793ac000,
0x000001c87960a800, 0x000001c879612800, 0x000001c879e87800
}

Java Threads: ( => current thread )
  0x000001c86c191000 JavaThread "main" [_thread_blocked, id=2164, stack(0x0000002baba00000,0x0000002babb00000)]
  0x000001c879313000 JavaThread "Reference Handler" daemon [_thread_blocked, id=9436, stack(0x0000002bac100000,0x0000002bac200000)]
  0x000001c879316000 JavaThread "Finalizer" daemon [_thread_blocked, id=8288, stack(0x0000002bac200000,0x0000002bac300000)]
  0x000001c879397000 JavaThread "Signal Dispatcher" daemon [_thread_blocked, id=10772, stack(0x0000002bac300000,0x0000002bac400000)]
  0x000001c879399000 JavaThread "Attach Listener" daemon [_thread_blocked, id=10768, stack(0x0000002bac400000,0x0000002bac500000)]
  0x000001c87939a000 JavaThread "C2 CompilerThread0" daemon [_thread_in_native, id=6236, stack(0x0000002bac500000,0x0000002bac600000)]
=>0x000001c8793a7800 JavaThread "C1 CompilerThread0" daemon [_thread_in_native, id=10752, stack(0x0000002bac600000,0x0000002bac700000)]
  0x000001c8793ac000 JavaThread "Sweeper thread" daemon [_thread_blocked, id=10760, stack(0x0000002bac700000,0x0000002bac800000)]
  0x000001c87960a800 JavaThread "Service Thread" daemon [_thread_blocked, id=9416, stack(0x0000002bac800000,0x0000002bac900000)]
  0x000001c879612800 JavaThread "Common-Cleaner" daemon [_thread_blocked, id=6052, stack(0x0000002baca00000,0x0000002bacb00000)]
  0x000001c879e87800 JavaThread "DisconnectableInputStream source reader" daemon [_thread_in_native, id=4312, stack(0x0000002bad300000,0x0000002bad400000)]

Other Threads:
  0x000001c879310000 VMThread "VM Thread" [stack: 0x0000002bac000000,0x0000002bac100000] [id=4876]
  0x000001c879612000 WatcherThread [stack: 0x0000002bac900000,0x0000002baca00000] [id=10756]
  0x000001c86c1a9000 GCTaskThread "GC Thread#0" [stack: 0x0000002babb00000,0x0000002babc00000] [id=5748]
  0x000001c879bea000 GCTaskThread "GC Thread#1" [stack: 0x0000002bacb00000,0x0000002bacc00000] [id=6796]
  0x000001c879e84000 GCTaskThread "GC Thread#2" [stack: 0x0000002bacd00000,0x0000002bace00000] [id=5448]
  0x000001c879817000 GCTaskThread "GC Thread#3" [stack: 0x0000002bace00000,0x0000002bacf00000] [id=10736]
  0x000001c86c1b0000 ConcurrentGCThread "G1 Main Marker" [stack: 0x0000002babc00000,0x0000002babd00000] [id=4000]
  0x000001c86c1b2800 ConcurrentGCThread "G1 Conc#0" [stack: 0x0000002babd00000,0x0000002babe00000] [id=9244]
  0x000001c86c20d800 ConcurrentGCThread "G1 Refine#0" [stack: 0x0000002babe00000,0x0000002babf00000] [id=6316]
  0x000001c86c20e800 ConcurrentGCThread "G1 Young RemSet Sampling" [stack: 0x0000002babf00000,0x0000002bac000000] [id=11836]

Threads with active compile tasks:
C2 CompilerThread01573       4       org.gradle.internal.logging.text.AbstractLineChoppingStyledTextOutput$1::execute (9 bytes)
C1 CompilerThread01578       3       sun.nio.cs.SingleByte$Encoder::encodeArrayLoop (233 bytes)

VM state:not at safepoint (normal execution)

VM Mutex/Monitor currently owned by a thread: None

Heap address: 0x00000000fc000000, size: 64 MB, Compressed Oops mode: 32-bit
Narrow klass base: 0x0000000000000000, Narrow klass shift: 3
Compressed class space size: 1073741824 Address: 0x0000000100000000

Heap:
 garbage-first heap   total 65536K, used 23121K [0x00000000fc000000, 0x0000000100000000)
  region size 1024K, 17 young (17408K), 1 survivors (1024K)
 Metaspace       used 16541K, capacity 16947K, committed 17152K, reserved 1064960K
  class space    used 1828K, capacity 1969K, committed 2048K, reserved 1048576K
Heap Regions: E=young(eden), S=young(survivor), O=old, HS=humongous(starts), HC=humongous(continues), CS=collection set, F=free, A=archive, TAMS=top-at-mark-start (previous, next)
|   0|0x00000000fc000000, 0x00000000fc100000, 0x00000000fc100000|100%| O|  |TAMS 0x00000000fc000000, 0x00000000fc000000| Untracked 
|   1|0x00000000fc100000, 0x00000000fc1f1a00, 0x00000000fc200000| 94%| O|  |TAMS 0x00000000fc100000, 0x00000000fc100000| Untracked 
|   2|0x00000000fc200000, 0x00000000fc300000, 0x00000000fc300000|100%|HS|  |TAMS 0x00000000fc200000, 0x00000000fc200000| Complete 
|   3|0x00000000fc300000, 0x00000000fc400000, 0x00000000fc400000|100%|HS|  |TAMS 0x00000000fc300000, 0x00000000fc300000| Complete 
|   4|0x00000000fc400000, 0x00000000fc500000, 0x00000000fc500000|100%|HC|  |TAMS 0x00000000fc400000, 0x00000000fc400000| Complete 
|   5|0x00000000fc500000, 0x00000000fc600000, 0x00000000fc600000|100%| O|  |TAMS 0x00000000fc500000, 0x00000000fc500000| Untracked 
|   6|0x00000000fc600000, 0x00000000fc700000, 0x00000000fc700000|100%| O|  |TAMS 0x00000000fc600000, 0x00000000fc600000| Untracked 
|   7|0x00000000fc700000, 0x00000000fc700000, 0x00000000fc800000|  0%| F|  |TAMS 0x00000000fc700000, 0x00000000fc700000| Untracked 
|   8|0x00000000fc800000, 0x00000000fc800000, 0x00000000fc900000|  0%| F|  |TAMS 0x00000000fc800000, 0x00000000fc800000| Untracked 
|   9|0x00000000fc900000, 0x00000000fc900000, 0x00000000fca00000|  0%| F|  |TAMS 0x00000000fc900000, 0x00000000fc900000| Untracked 
|  10|0x00000000fca00000, 0x00000000fca00000, 0x00000000fcb00000|  0%| F|  |TAMS 0x00000000fca00000, 0x00000000fca00000| Untracked 
|  11|0x00000000fcb00000, 0x00000000fcb00000, 0x00000000fcc00000|  0%| F|  |TAMS 0x00000000fcb00000, 0x00000000fcb00000| Untracked 
|  12|0x00000000fcc00000, 0x00000000fcc00000, 0x00000000fcd00000|  0%| F|  |TAMS 0x00000000fcc00000, 0x00000000fcc00000| Untracked 
|  13|0x00000000fcd00000, 0x00000000fcd00000, 0x00000000fce00000|  0%| F|  |TAMS 0x00000000fcd00000, 0x00000000fcd00000| Untracked 
|  14|0x00000000fce00000, 0x00000000fce00000, 0x00000000fcf00000|  0%| F|  |TAMS 0x00000000fce00000, 0x00000000fce00000| Untracked 
|  15|0x00000000fcf00000, 0x00000000fcf00000, 0x00000000fd000000|  0%| F|  |TAMS 0x00000000fcf00000, 0x00000000fcf00000| Untracked 
|  16|0x00000000fd000000, 0x00000000fd000000, 0x00000000fd100000|  0%| F|  |TAMS 0x00000000fd000000, 0x00000000fd000000| Untracked 
|  17|0x00000000fd100000, 0x00000000fd100000, 0x00000000fd200000|  0%| F|  |TAMS 0x00000000fd100000, 0x00000000fd100000| Untracked 
|  18|0x00000000fd200000, 0x00000000fd200000, 0x00000000fd300000|  0%| F|  |TAMS 0x00000000fd200000, 0x00000000fd200000| Untracked 
|  19|0x00000000fd300000, 0x00000000fd300000, 0x00000000fd400000|  0%| F|  |TAMS 0x00000000fd300000, 0x00000000fd300000| Untracked 
|  20|0x00000000fd400000, 0x00000000fd400000, 0x00000000fd500000|  0%| F|  |TAMS 0x00000000fd400000, 0x00000000fd400000| Untracked 
|  21|0x00000000fd500000, 0x00000000fd500000, 0x00000000fd600000|  0%| F|  |TAMS 0x00000000fd500000, 0x00000000fd500000| Untracked 
|  22|0x00000000fd600000, 0x00000000fd600000, 0x00000000fd700000|  0%| F|  |TAMS 0x00000000fd600000, 0x00000000fd600000| Untracked 
|  23|0x00000000fd700000, 0x00000000fd700000, 0x00000000fd800000|  0%| F|  |TAMS 0x00000000fd700000, 0x00000000fd700000| Untracked 
|  24|0x00000000fd800000, 0x00000000fd800000, 0x00000000fd900000|  0%| F|  |TAMS 0x00000000fd800000, 0x00000000fd800000| Untracked 
|  25|0x00000000fd900000, 0x00000000fd900000, 0x00000000fda00000|  0%| F|  |TAMS 0x00000000fd900000, 0x00000000fd900000| Untracked 
|  26|0x00000000fda00000, 0x00000000fda00000, 0x00000000fdb00000|  0%| F|  |TAMS 0x00000000fda00000, 0x00000000fda00000| Untracked 
|  27|0x00000000fdb00000, 0x00000000fdb00000, 0x00000000fdc00000|  0%| F|  |TAMS 0x00000000fdb00000, 0x00000000fdb00000| Untracked 
|  28|0x00000000fdc00000, 0x00000000fdc00000, 0x00000000fdd00000|  0%| F|  |TAMS 0x00000000fdc00000, 0x00000000fdc00000| Untracked 
|  29|0x00000000fdd00000, 0x00000000fdd00000, 0x00000000fde00000|  0%| F|  |TAMS 0x00000000fdd00000, 0x00000000fdd00000| Untracked 
|  30|0x00000000fde00000, 0x00000000fde00000, 0x00000000fdf00000|  0%| F|  |TAMS 0x00000000fde00000, 0x00000000fde00000| Untracked 
|  31|0x00000000fdf00000, 0x00000000fdf00000, 0x00000000fe000000|  0%| F|  |TAMS 0x00000000fdf00000, 0x00000000fdf00000| Untracked 
|  32|0x00000000fe000000, 0x00000000fe000000, 0x00000000fe100000|  0%| F|  |TAMS 0x00000000fe000000, 0x00000000fe000000| Untracked 
|  33|0x00000000fe100000, 0x00000000fe100000, 0x00000000fe200000|  0%| F|  |TAMS 0x00000000fe100000, 0x00000000fe100000| Untracked 
|  34|0x00000000fe200000, 0x00000000fe200000, 0x00000000fe300000|  0%| F|  |TAMS 0x00000000fe200000, 0x00000000fe200000| Untracked 
|  35|0x00000000fe300000, 0x00000000fe300000, 0x00000000fe400000|  0%| F|  |TAMS 0x00000000fe300000, 0x00000000fe300000| Untracked 
|  36|0x00000000fe400000, 0x00000000fe400000, 0x00000000fe500000|  0%| F|  |TAMS 0x00000000fe400000, 0x00000000fe400000| Untracked 
|  37|0x00000000fe500000, 0x00000000fe500000, 0x00000000fe600000|  0%| F|  |TAMS 0x00000000fe500000, 0x00000000fe500000| Untracked 
|  38|0x00000000fe600000, 0x00000000fe600000, 0x00000000fe700000|  0%| F|  |TAMS 0x00000000fe600000, 0x00000000fe600000| Untracked 
|  39|0x00000000fe700000, 0x00000000fe700000, 0x00000000fe800000|  0%| F|  |TAMS 0x00000000fe700000, 0x00000000fe700000| Untracked 
|  40|0x00000000fe800000, 0x00000000fe800000, 0x00000000fe900000|  0%| F|  |TAMS 0x00000000fe800000, 0x00000000fe800000| Untracked 
|  41|0x00000000fe900000, 0x00000000fe900000, 0x00000000fea00000|  0%| F|  |TAMS 0x00000000fe900000, 0x00000000fe900000| Untracked 
|  42|0x00000000fea00000, 0x00000000fea00000, 0x00000000feb00000|  0%| F|  |TAMS 0x00000000fea00000, 0x00000000fea00000| Untracked 
|  43|0x00000000feb00000, 0x00000000feb00000, 0x00000000fec00000|  0%| F|  |TAMS 0x00000000feb00000, 0x00000000feb00000| Untracked 
|  44|0x00000000fec00000, 0x00000000fec00000, 0x00000000fed00000|  0%| F|  |TAMS 0x00000000fec00000, 0x00000000fec00000| Untracked 
|  45|0x00000000fed00000, 0x00000000fed00000, 0x00000000fee00000|  0%| F|  |TAMS 0x00000000fed00000, 0x00000000fed00000| Untracked 
|  46|0x00000000fee00000, 0x00000000fee00000, 0x00000000fef00000|  0%| F|  |TAMS 0x00000000fee00000, 0x00000000fee00000| Untracked 
|  47|0x00000000fef00000, 0x00000000fef00800, 0x00000000ff000000|  0%| E|  |TAMS 0x00000000fef00000, 0x00000000fef00000| Complete 
|  48|0x00000000ff000000, 0x00000000ff100000, 0x00000000ff100000|100%| E|CS|TAMS 0x00000000ff000000, 0x00000000ff000000| Complete 
|  49|0x00000000ff100000, 0x00000000ff200000, 0x00000000ff200000|100%| E|CS|TAMS 0x00000000ff100000, 0x00000000ff100000| Complete 
|  50|0x00000000ff200000, 0x00000000ff300000, 0x00000000ff300000|100%| E|CS|TAMS 0x00000000ff200000, 0x00000000ff200000| Complete 
|  51|0x00000000ff300000, 0x00000000ff400000, 0x00000000ff400000|100%| E|CS|TAMS 0x00000000ff300000, 0x00000000ff300000| Complete 
|  52|0x00000000ff400000, 0x00000000ff500000, 0x00000000ff500000|100%| E|CS|TAMS 0x00000000ff400000, 0x00000000ff400000| Complete 
|  53|0x00000000ff500000, 0x00000000ff5a2b10, 0x00000000ff600000| 63%| S|CS|TAMS 0x00000000ff500000, 0x00000000ff500000| Complete 
|  54|0x00000000ff600000, 0x00000000ff700000, 0x00000000ff700000|100%| E|CS|TAMS 0x00000000ff600000, 0x00000000ff600000| Complete 
|  55|0x00000000ff700000, 0x00000000ff800000, 0x00000000ff800000|100%| E|CS|TAMS 0x00000000ff700000, 0x00000000ff700000| Complete 
|  56|0x00000000ff800000, 0x00000000ff900000, 0x00000000ff900000|100%| E|CS|TAMS 0x00000000ff800000, 0x00000000ff800000| Complete 
|  57|0x00000000ff900000, 0x00000000ffa00000, 0x00000000ffa00000|100%| E|CS|TAMS 0x00000000ff900000, 0x00000000ff900000| Complete 
|  58|0x00000000ffa00000, 0x00000000ffb00000, 0x00000000ffb00000|100%| E|CS|TAMS 0x00000000ffa00000, 0x00000000ffa00000| Complete 
|  59|0x00000000ffb00000, 0x00000000ffc00000, 0x00000000ffc00000|100%| E|CS|TAMS 0x00000000ffb00000, 0x00000000ffb00000| Complete 
|  60|0x00000000ffc00000, 0x00000000ffd00000, 0x00000000ffd00000|100%| E|CS|TAMS 0x00000000ffc00000, 0x00000000ffc00000| Complete 
|  61|0x00000000ffd00000, 0x00000000ffe00000, 0x00000000ffe00000|100%| E|CS|TAMS 0x00000000ffd00000, 0x00000000ffd00000| Complete 
|  62|0x00000000ffe00000, 0x00000000fff00000, 0x00000000fff00000|100%| E|CS|TAMS 0x00000000ffe00000, 0x00000000ffe00000| Complete 
|  63|0x00000000fff00000, 0x0000000100000000, 0x0000000100000000|100%| E|CS|TAMS 0x00000000fff00000, 0x00000000fff00000| Complete 

Card table byte_map: [0x000001c876330000,0x000001c876350000] _byte_map_base: 0x000001c875b50000

Marking Bits (Prev, Next): (CMBitMap*) 0x000001c86c1af238, (CMBitMap*) 0x000001c86c1af270
 Prev Bits: [0x000001c876370000, 0x000001c876470000)
 Next Bits: [0x000001c876470000, 0x000001c876570000)

Polling page: 0x000001c86bf80000

Metaspace:

Usage:
  Non-class:     14.63 MB capacity,    14.37 MB ( 98%) used,   242.38 KB (  2%) free+waste,    23.00 KB ( <1%) overhead. 
      Class:      1.92 MB capacity,     1.79 MB ( 93%) used,   129.45 KB (  7%) free+waste,    10.88 KB ( <1%) overhead. 
       Both:     16.55 MB capacity,    16.15 MB ( 98%) used,   371.82 KB (  2%) free+waste,    33.88 KB ( <1%) overhead. 

Virtual space:
  Non-class space:       16.00 MB reserved,      14.75 MB ( 92%) committed 
      Class space:        1.00 GB reserved,       2.00 MB ( <1%) committed 
             Both:        1.02 GB reserved,      16.75 MB (  2%) committed 

Chunk freelists:
   Non-Class:  7.75 KB
       Class:  1.88 KB
        Both:  9.63 KB

CodeHeap 'non-profiled nmethods': size=120064Kb used=513Kb max_used=513Kb free=119550Kb
 bounds [0x000001c807ac0000, 0x000001c807d30000, 0x000001c80f000000]
CodeHeap 'profiled nmethods': size=120000Kb used=3083Kb max_used=3083Kb free=116916Kb
 bounds [0x000001c800590000, 0x000001c8008a0000, 0x000001c807ac0000]
CodeHeap 'non-nmethods': size=5696Kb used=1115Kb max_used=1127Kb free=4580Kb
 bounds [0x000001c800000000, 0x000001c800270000, 0x000001c800590000]
 total_blobs=2307 nmethods=1569 adapters=352
 compilation: enabled
              stopped_count=0, restarted_count=0
 full_count=0

Compilation events (10 events):
Event: 51.344 Thread 0x000001c8793a7800 nmethod 1570 0x000001c800891e10 code [0x000001c800892000, 0x000001c8008925a0]
Event: 51.345 Thread 0x000001c87939a000 nmethod 1571 0x000001c807b3fd10 code [0x000001c807b3fec0, 0x000001c807b3ffc8]
Event: 51.345 Thread 0x000001c87939a000 1572       4       org.gradle.internal.logging.text.AbstractLineChoppingStyledTextOutput$StateContext::hasChar (22 bytes)
Event: 51.346 Thread 0x000001c87939a000 nmethod 1572 0x000001c807b40110 code [0x000001c807b402a0, 0x000001c807b40318]
Event: 51.346 Thread 0x000001c87939a000 1573       4       org.gradle.internal.logging.text.AbstractLineChoppingStyledTextOutput$1::execute (9 bytes)
Event: 51.346 Thread 0x000001c8793a7800 1574       3       java.util.regex.Pattern$BmpCharProperty::match (55 bytes)
Event: 51.347 Thread 0x000001c8793a7800 nmethod 1574 0x000001c800892810 code [0x000001c800892a00, 0x000001c800892ed0]
Event: 51.353 Thread 0x000001c8793a7800 1575       1       org.gradle.internal.logging.events.CategorisedOutputEvent::getLogLevel (5 bytes)
Event: 51.353 Thread 0x000001c8793a7800 nmethod 1575 0x000001c807b40390 code [0x000001c807b40540, 0x000001c807b40658]
Event: 51.354 Thread 0x000001c8793a7800 1578       3       sun.nio.cs.SingleByte$Encoder::encodeArrayLoop (233 bytes)

GC Heap History (4 events):
Event: 1.442 GC heap before
{Heap before GC invocations=0 (full 0):
 garbage-first heap   total 65536K, used 19456K [0x00000000fc000000, 0x0000000100000000)
  region size 1024K, 14 young (14336K), 0 survivors (0K)
 Metaspace       used 9449K, capacity 9728K, committed 9856K, reserved 1058816K
  class space    used 934K, capacity 1028K, committed 1152K, reserved 1048576K
}
Event: 1.453 GC heap after
{Heap after GC invocations=1 (full 0):
 garbage-first heap   total 65536K, used 7071K [0x00000000fc000000, 0x0000000100000000)
  region size 1024K, 2 young (2048K), 2 survivors (2048K)
 Metaspace       used 9449K, capacity 9728K, committed 9856K, reserved 1058816K
  class space    used 934K, capacity 1028K, committed 1152K, reserved 1048576K
}
Event: 3.128 GC heap before
{Heap before GC invocations=1 (full 0):
 garbage-first heap   total 65536K, used 17311K [0x00000000fc000000, 0x0000000100000000)
  region size 1024K, 12 young (12288K), 2 survivors (2048K)
 Metaspace       used 12546K, capacity 12800K, committed 13056K, reserved 1060864K
  class space    used 1389K, capacity 1479K, committed 1536K, reserved 1048576K
}
Event: 3.133 GC heap after
{Heap after GC invocations=2 (full 0):
 garbage-first heap   total 65536K, used 7761K [0x00000000fc000000, 0x0000000100000000)
  region size 1024K, 1 young (1024K), 1 survivors (1024K)
 Metaspace       used 12546K, capacity 12800K, committed 13056K, reserved 1060864K
  class space    used 1389K, capacity 1479K, committed 1536K, reserved 1048576K
}

Deoptimization events (10 events):
Event: 2.677 Thread 0x000001c86c191000 Uncommon trap: reason=unstable_if action=reinterpret pc=0x000001c807ae1a00 method=java.io.WinNTFileSystem.isSlash(C)Z @ 9 c2
Event: 3.232 Thread 0x000001c86c191000 Uncommon trap: reason=unstable_if action=reinterpret pc=0x000001c807b0a834 method=java.util.HashMap.getNode(ILjava/lang/Object;)Ljava/util/HashMap$Node; @ 129 c2
Event: 6.968 Thread 0x000001c86c191000 Uncommon trap: reason=unstable_if action=reinterpret pc=0x000001c807b14aec method=java.util.concurrent.ConcurrentHashMap.putVal(Ljava/lang/Object;Ljava/lang/Object;Z)Ljava/lang/Object; @ 256 c2
Event: 7.981 Thread 0x000001c86c191000 Uncommon trap: reason=bimorphic_or_optimized_type_check action=maybe_recompile pc=0x000001c807b201f0 method=java.util.regex.Pattern$BmpCharProperty.match(Ljava/util/regex/Matcher;ILjava/lang/CharSequence;)Z @ 36 c2
Event: 8.851 Thread 0x000001c879e4e000 Uncommon trap: reason=unstable_if action=reinterpret pc=0x000001c807aeb854 method=java.lang.AbstractStringBuilder.putStringAt(ILjava/lang/String;)V @ 8 c2
Event: 8.851 Thread 0x000001c879e4e000 Uncommon trap: reason=unstable_if action=reinterpret pc=0x000001c807afe354 method=java.lang.AbstractStringBuilder.putStringAt(ILjava/lang/String;)V @ 8 c2
Event: 8.851 Thread 0x000001c879e4e000 Uncommon trap: reason=unstable_if action=reinterpret pc=0x000001c807aea078 method=java.lang.AbstractStringBuilder.isLatin1()Z @ 10 c2
Event: 8.851 Thread 0x000001c879e4e000 Uncommon trap: reason=unstable_if action=reinterpret pc=0x000001c807af3464 method=java.lang.String.getBytes([BIB)V @ 5 c2
Event: 8.851 Thread 0x000001c879e4e000 Uncommon trap: reason=unstable_if action=reinterpret pc=0x000001c807b317c8 method=java.lang.AbstractStringBuilder.isLatin1()Z @ 10 c2
Event: 15.851 Thread 0x000001c879e4e000 Uncommon trap: reason=unstable_if action=reinterpret pc=0x000001c807b20058 method=java.util.regex.Pattern$BmpCharProperty.match(Ljava/util/regex/Matcher;ILjava/lang/CharSequence;)Z @ 5 c2

Classes redefined (0 events):
No events

Internal exceptions (10 events):
Event: 3.074 Thread 0x000001c86c191000 Exception <a 'java/lang/NoSuchMethodError'{0x00000000ff70e668}: java.lang.invoke.DirectMethodHandle$Holder.invokeStaticInit(Ljava/lang/Object;Ljava/lang/Object;Ljava/lang/Object;)Ljava/lang/Object;> (0x00000000ff70e668) thrown at [t:/workspace/open/src/ho
Event: 3.168 Thread 0x000001c86c191000 Exception <a 'java/lang/NoSuchMethodError'{0x00000000fffa6e90}: java.lang.invoke.Invokers$Holder.invoker(Ljava/lang/Object;Ljava/lang/Object;Ljava/lang/Object;Ljava/lang/Object;Ljava/lang/Object;)Ljava/lang/Object;> (0x00000000fffa6e90) thrown at [t:/work
Event: 3.180 Thread 0x000001c86c191000 Exception <a 'java/lang/NoSuchMethodError'{0x00000000fffb7f00}: java.lang.invoke.DelegatingMethodHandle$Holder.delegate(Ljava/lang/Object;Ljava/lang/Object;ILjava/lang/Object;)V> (0x00000000fffb7f00) thrown at [t:/workspace/open/src/hotspot/share/interpre
Event: 8.589 Thread 0x000001c879e4e000 Exception <a 'java/lang/NoSuchMethodError'{0x00000000ff3f3708}: java.lang.invoke.DirectMethodHandle$Holder.invokeStatic(Ljava/lang/Object;J)V> (0x00000000ff3f3708) thrown at [t:/workspace/open/src/hotspot/share/interpreter/linkResolver.cpp, line 772]
Event: 8.591 Thread 0x000001c879e4e000 Exception <a 'java/lang/NoSuchMethodError'{0x00000000ff3f8950}: java.lang.invoke.DirectMethodHandle$Holder.invokeStatic(Ljava/lang/Object;J)Ljava/lang/Object;> (0x00000000ff3f8950) thrown at [t:/workspace/open/src/hotspot/share/interpreter/linkResolver.cp
Event: 8.596 Thread 0x000001c879e4e000 Exception <a 'java/lang/NoSuchMethodError'{0x00000000ff206f28}: java.lang.invoke.DirectMethodHandle$Holder.invokeStaticInit(Ljava/lang/Object;Ljava/lang/Object;JLjava/lang/Object;)Ljava/lang/Object;> (0x00000000ff206f28) thrown at [t:/workspace/open/src/h
Event: 8.597 Thread 0x000001c879e4e000 Exception <a 'java/lang/NoSuchMethodError'{0x00000000ff20ce48}: java.lang.invoke.DirectMethodHandle$Holder.invokeStatic(Ljava/lang/Object;Ljava/lang/Object;J)Ljava/lang/Object;> (0x00000000ff20ce48) thrown at [t:/workspace/open/src/hotspot/share/interpret
Event: 8.598 Thread 0x000001c879e4e000 Exception <a 'java/lang/NoSuchMethodError'{0x00000000ff213118}: java.lang.invoke.Invokers$Holder.linkToTargetMethod(Ljava/lang/Object;JLjava/lang/Object;)Ljava/lang/Object;> (0x00000000ff213118) thrown at [t:/workspace/open/src/hotspot/share/interpreter/l
Event: 51.318 Thread 0x000001c86c191000 Exception <a 'java/io/IOException'{0x00000000ff14dda0}> (0x00000000ff14dda0) thrown at [t:/workspace/open/src/hotspot/share/prims/jni.cpp, line 615]
Event: 51.329 Thread 0x000001c879e9c000 Exception <a 'java/io/IOException'{0x00000000ff16cef0}> (0x00000000ff16cef0) thrown at [t:/workspace/open/src/hotspot/share/prims/jni.cpp, line 615]

Events (10 events):
Event: 51.347 loading class org/gradle/internal/exceptions/FailureResolutionAware
Event: 51.347 loading class org/gradle/internal/exceptions/FailureResolutionAware done
Event: 51.348 loading class org/gradle/internal/logging/text/AbstractStyledTextOutput$StyleOverrideTextOutput
Event: 51.348 loading class org/gradle/internal/logging/text/AbstractStyledTextOutput$StyleOverrideTextOutput done
Event: 51.349 loading class org/gradle/internal/logging/text/BufferingStyledTextOutput$ChangeStyleAction
Event: 51.349 loading class org/gradle/internal/logging/text/BufferingStyledTextOutput$ChangeStyleAction done
Event: 51.350 loading class org/gradle/internal/exceptions/LocationAwareException
Event: 51.350 loading class org/gradle/internal/exceptions/LocationAwareException done
Event: 51.352 loading class org/gradle/internal/buildevents/BuildExceptionReporter$2
Event: 51.352 loading class org/gradle/internal/buildevents/BuildExceptionReporter$2 done


Dynamic libraries:
0x00007ff7600a0000 - 0x00007ff7600e7000 	C:\Program Files\Java\jdk-11.0.6\bin\java.exe
0x00007ffffd5f0000 - 0x00007ffffd7d0000 	C:\Windows\SYSTEM32\ntdll.dll
0x00007ffffcaf0000 - 0x00007ffffcb9e000 	C:\Windows\System32\KERNEL32.DLL
0x00007ffff9c20000 - 0x00007ffff9e86000 	C:\Windows\System32\KERNELBASE.dll
0x00007ffffce00000 - 0x00007ffffcea1000 	C:\Windows\System32\ADVAPI32.dll
0x00007ffffd010000 - 0x00007ffffd0ad000 	C:\Windows\System32\msvcrt.dll
0x00007ffffae20000 - 0x00007ffffae7b000 	C:\Windows\System32\sechost.dll
0x00007ffffcec0000 - 0x00007ffffcfdf000 	C:\Windows\System32\RPCRT4.dll
0x00007ffffcc70000 - 0x00007ffffcdff000 	C:\Windows\System32\USER32.dll
0x00007ffffa8b0000 - 0x00007ffffa8d0000 	C:\Windows\System32\win32u.dll
0x00007ffffcfe0000 - 0x00007ffffd008000 	C:\Windows\System32\GDI32.dll
0x00007ffff9f10000 - 0x00007ffffa0a3000 	C:\Windows\System32\gdi32full.dll
0x00007ffffa9d0000 - 0x00007ffffaa6b000 	C:\Windows\System32\msvcp_win.dll
0x00007ffffa8d0000 - 0x00007ffffa9c4000 	C:\Windows\System32\ucrtbase.dll
0x00007fffe3e10000 - 0x00007fffe4079000 	C:\Windows\WinSxS\amd64_microsoft.windows.common-controls_6595b64144ccf1df_6.0.16299.1087_none_0f9074b65a6589b7\COMCTL32.dll
0x00007ffff05e0000 - 0x00007ffff05ea000 	C:\Windows\SYSTEM32\VERSION.dll
0x00007ffffae80000 - 0x00007ffffb186000 	C:\Windows\System32\combase.dll
0x00007ffff9e90000 - 0x00007ffff9f02000 	C:\Windows\System32\bcryptPrimitives.dll
0x00007ffffb190000 - 0x00007ffffb1bd000 	C:\Windows\System32\IMM32.DLL
0x00007fffe9c50000 - 0x00007fffe9c66000 	C:\Program Files\Java\jdk-11.0.6\bin\vcruntime140.dll
0x00007fffe6170000 - 0x00007fffe621a000 	C:\Program Files\Java\jdk-11.0.6\bin\msvcp140.dll
0x00007fffc1530000 - 0x00007fffc2059000 	C:\Program Files\Java\jdk-11.0.6\bin\server\jvm.dll
0x00007ffffb1e0000 - 0x00007ffffb1e8000 	C:\Windows\System32\PSAPI.DLL
0x00007ffff7970000 - 0x00007ffff7993000 	C:\Windows\SYSTEM32\WINMM.dll
0x00007ffff5c60000 - 0x00007ffff5c69000 	C:\Windows\SYSTEM32\WSOCK32.dll
0x00007ffffca80000 - 0x00007ffffcaec000 	C:\Windows\System32\WS2_32.dll
0x00007ffff7910000 - 0x00007ffff793a000 	C:\Windows\SYSTEM32\WINMMBASE.dll
0x00007ffffaa70000 - 0x00007ffffaaba000 	C:\Windows\System32\cfgmgr32.dll
0x00007ffff9940000 - 0x00007ffff9951000 	C:\Windows\System32\kernel.appcore.dll
0x00007fffe9c30000 - 0x00007fffe9c41000 	C:\Program Files\Java\jdk-11.0.6\bin\verify.dll
0x00007fffecac0000 - 0x00007fffecc88000 	C:\Windows\SYSTEM32\DBGHELP.DLL
0x00007fffec590000 - 0x00007fffec5b9000 	C:\Windows\SYSTEM32\dbgcore.DLL
0x00007fffe65d0000 - 0x00007fffe65f9000 	C:\Program Files\Java\jdk-11.0.6\bin\java.dll
0x00007fffe92f0000 - 0x00007fffe9306000 	C:\Program Files\Java\jdk-11.0.6\bin\zip.dll
0x00007ffff37d0000 - 0x00007ffff37da000 	C:\Program Files\Java\jdk-11.0.6\bin\jimage.dll
0x00007ffffb640000 - 0x00007ffffca78000 	C:\Windows\System32\SHELL32.dll
0x00007ffffd250000 - 0x00007ffffd2f6000 	C:\Windows\System32\shcore.dll
0x00007ffffa160000 - 0x00007ffffa8a7000 	C:\Windows\System32\windows.storage.dll
0x00007ffffd560000 - 0x00007ffffd5b1000 	C:\Windows\System32\shlwapi.dll
0x00007ffff9960000 - 0x00007ffff99ac000 	C:\Windows\System32\powrprof.dll
0x00007ffff99b0000 - 0x00007ffff99cb000 	C:\Windows\System32\profapi.dll
0x00007fffe65b0000 - 0x00007fffe65c9000 	C:\Program Files\Java\jdk-11.0.6\bin\net.dll
0x00007ffff4f50000 - 0x00007ffff502e000 	C:\Windows\SYSTEM32\WINHTTP.dll
0x00007ffff91d0000 - 0x00007ffff9236000 	C:\Windows\system32\mswsock.dll
0x00007fffe6590000 - 0x00007fffe65a3000 	C:\Program Files\Java\jdk-11.0.6\bin\nio.dll
0x00007fffe62f0000 - 0x00007fffe6316000 	C:\Users\Rohit Jain\.gradle\native\29\windows-amd64\native-platform.dll
0x00007ffff9390000 - 0x00007ffff93a7000 	C:\Windows\SYSTEM32\CRYPTSP.dll
0x00007ffff8d70000 - 0x00007ffff8da3000 	C:\Windows\system32\rsaenh.dll
0x00007ffff94a0000 - 0x00007ffff94c5000 	C:\Windows\SYSTEM32\bcrypt.dll
0x00007ffff9870000 - 0x00007ffff9899000 	C:\Windows\SYSTEM32\USERENV.dll
0x00007ffff93b0000 - 0x00007ffff93bb000 	C:\Windows\SYSTEM32\CRYPTBASE.dll
0x00007ffff8f60000 - 0x00007ffff8f99000 	C:\Windows\SYSTEM32\IPHLPAPI.DLL
0x00007ffffceb0000 - 0x00007ffffceb8000 	C:\Windows\System32\NSI.dll
0x00007ffff2ad0000 - 0x00007ffff2ae6000 	C:\Windows\SYSTEM32\dhcpcsvc6.DLL
0x00007ffff2fd0000 - 0x00007ffff2fea000 	C:\Windows\SYSTEM32\dhcpcsvc.DLL
0x00007ffff1ca0000 - 0x00007ffff1caa000 	C:\Users\Rohit Jain\.gradle\native\jansi\1.17.1\windows64\jansi-1.17.1-7933143181694492061.dll
0x00007ffff0f70000 - 0x00007ffff0f7a000 	C:\Users\Rohit Jain\.gradle\native\jansi\1.17.1\windows64\jansi-1.17.1-9587408994784328422.dll
0x00007ffff0c90000 - 0x00007ffff0c99000 	C:\Program Files\Java\jdk-11.0.6\bin\management.dll
0x00007ffff0bb0000 - 0x00007ffff0bbc000 	C:\Program Files\Java\jdk-11.0.6\bin\management_ext.dll

dbghelp: loaded successfully - version: 4.0.5 - missing functions: none
symbol engine: initialized successfully - sym options: 0x614 - pdb path: .;C:\Program Files\Java\jdk-11.0.6\bin;C:\Windows\SYSTEM32;C:\Windows\WinSxS\amd64_microsoft.windows.common-controls_6595b64144ccf1df_6.0.16299.1087_none_0f9074b65a6589b7;C:\Program Files\Java\jdk-11.0.6\bin\server;C:\Users\Rohit Jain\.gradle\native\29\windows-amd64;C:\Users\Rohit Jain\.gradle\native\jansi\1.17.1\windows64

VM Arguments:
jvm_args: -Xmx64m -Xms64m -Dorg.gradle.appname=gradlew 
java_command: org.gradle.wrapper.GradleWrapperMain app:installDebug -PreactNativeDevServerPort=8081
java_class_path (initial): F:\FinalAppCode\TSGAPP\android\\gradle\wrapper\gradle-wrapper.jar
Launcher Type: SUN_STANDARD

[Global flags]
     intx CICompilerCount                          = 3                                         {product} {ergonomic}
     uint ConcGCThreads                            = 1                                         {product} {ergonomic}
     uint G1ConcRefinementThreads                  = 4                                         {product} {ergonomic}
   size_t G1HeapRegionSize                         = 1048576                                   {product} {ergonomic}
    uintx GCDrainStackTargetSize                   = 64                                        {product} {ergonomic}
   size_t InitialHeapSize                          = 67108864                                  {product} {command line}
   size_t MarkStackSize                            = 4194304                                   {product} {ergonomic}
   size_t MaxHeapSize                              = 67108864                                  {product} {command line}
   size_t MaxNewSize                               = 39845888                                  {product} {ergonomic}
   size_t MinHeapDeltaBytes                        = 1048576                                   {product} {ergonomic}
    uintx NonNMethodCodeHeapSize                   = 5830732                                {pd product} {ergonomic}
    uintx NonProfiledCodeHeapSize                  = 122913754                              {pd product} {ergonomic}
    uintx ProfiledCodeHeapSize                     = 122913754                              {pd product} {ergonomic}
    uintx ReservedCodeCacheSize                    = 251658240                              {pd product} {ergonomic}
     bool SegmentedCodeCache                       = true                                      {product} {ergonomic}
     bool UseCompressedClassPointers               = true                                 {lp64_product} {ergonomic}
     bool UseCompressedOops                        = true                                 {lp64_product} {ergonomic}
     bool UseG1GC                                  = true                                      {product} {ergonomic}
     bool UseLargePagesIndividualAllocation        = false                                  {pd product} {ergonomic}

Logging:
Log output configuration:
 #0: stdout all=warning uptime,level,tags
 #1: stderr all=off uptime,level,tags

Environment Variables:
JAVA_HOME=C:\Program Files\Java\jdk-11.0.6
CLASSPATH=F:\FinalAppCode\TSGAPP\android\\gradle\wrapper\gradle-wrapper.jar
PATH=C:\Windows\system32;C:\Windows;C:\Windows\System32\Wbem;C:\Windows\System32\WindowsPowerShell\v1.0\;C:\Program Files\nodejs\;C:\Program Files\Git\cmd;C:\Program Files\Java\jdk-11.0.6\bin;C:\ProgramData\chocolatey\bin;C:\Users\Rohit Jain\AppData\Local\Microsoft\WindowsApps;;C:\Users\Rohit Jain\AppData\Local\Programs\Microsoft VS Code\bin;C:\Users\Rohit Jain\AppData\Roaming\npm
USERNAME=Rohit Jain
OS=Windows_NT
PROCESSOR_IDENTIFIER=Intel64 Family 6 Model 42 Stepping 7, GenuineIntel



---------------  S Y S T E M  ---------------

OS: Windows 10 , 64 bit Build 16299 (10.0.16299.1087)

CPU:total 4 (initial active 4) (2 cores per cpu, 2 threads per core) family 6 model 42 stepping 7, cmov, cx8, fxsr, mmx, sse, sse2, sse3, ssse3, sse4.1, sse4.2, popcnt, avx, clmul, ht, tsc, tscinvbit

Memory: 4k page, system-wide physical 6044M (825M free)
TotalPageFile size 20124M (AvailPageFile size 307M)
current process WorkingSet (physical memory assigned to process): 76M, peak: 82M
current process commit charge ("private bytes"): 151M, peak: 159M

vm_info: Java HotSpot(TM) 64-Bit Server VM (11.0.6+8-LTS) for windows-amd64 JRE (11.0.6+8-LTS), built on Dec 11 2019 09:17:57 by "mach5one" with MS VC++ 15.5 (VS2017)

END.
