#
# There is insufficient memory for the Java Runtime Environment to continue.
# Native memory allocation (mmap) failed to map 67108864 bytes for Failed to commit area from 0x00000000fc000000 to 0x0000000100000000 of length 67108864.
# Possible reasons:
#   The system is out of physical RAM or swap space
#   The process is running with CompressedOops enabled, and the Java Heap may be blocking the growth of the native heap
# Possible solutions:
#   Reduce memory load on the system
#   Increase physical memory or swap space
#   Check if swap backing store is full
#   Decrease Java heap size (-Xmx/-Xms)
#   Decrease number of Java threads
#   Decrease Java thread stack sizes (-Xss)
#   Set larger code cache with -XX:ReservedCodeCacheSize=
# This output file may be truncated or incomplete.
#
#  Out of Memory Error (t:/workspace/open/src/hotspot/os/windows/os_windows.cpp:3271), pid=5208, tid=10708
#
# JRE version:  (11.0.6+8) (build )
# Java VM: Java HotSpot(TM) 64-Bit Server VM (11.0.6+8-LTS, mixed mode, sharing, tiered, compressed oops, g1 gc, windows-amd64)
# No core dump will be written. Minidumps are not enabled by default on client versions of Windows
#

---------------  S U M M A R Y ------------

Command Line: -Xmx64m -Xms64m -Dorg.gradle.appname=gradlew org.gradle.wrapper.GradleWrapperMain app:installDebug -PreactNativeDevServerPort=8081

Host: Intel(R) Core(TM) i3-2328M CPU @ 2.20GHz, 4 cores, 5G,  Windows 10 , 64 bit Build 16299 (10.0.16299.1087)
Time: Tue Mar  3 12:40:26 2020 India Standard Time elapsed time: 0 seconds (0d 0h 0m 0s)

---------------  T H R E A D  ---------------

Current thread (0x0000023695aae000):  JavaThread "Unknown thread" [_thread_in_vm, id=10708, stack(0x00000053e8b00000,0x00000053e8c00000)]

Stack: [0x00000053e8b00000,0x00000053e8c00000]
Native frames: (J=compiled Java code, j=interpreted, Vv=VM code, C=native code)
V  [jvm.dll+0x63679a]
V  [jvm.dll+0x7755bf]
V  [jvm.dll+0x776c65]
V  [jvm.dll+0x7772d3]
V  [jvm.dll+0x25e7f8]
V  [jvm.dll+0x633c4a]
V  [jvm.dll+0x628625]
V  [jvm.dll+0x314a7c]
V  [jvm.dll+0x314902]
V  [jvm.dll+0x31a176]
V  [jvm.dll+0x36650f]
V  [jvm.dll+0x365f30]
V  [jvm.dll+0x2f1a78]
V  [jvm.dll+0x2f2bf6]
V  [jvm.dll+0x74e707]
V  [jvm.dll+0x74fe7f]
V  [jvm.dll+0x373349]
V  [jvm.dll+0x734e5e]
V  [jvm.dll+0x3e2b5d]
V  [jvm.dll+0x3e4ef1]
C  [java.exe+0x3607]
C  [java.exe+0x178dc]
C  [KERNEL32.DLL+0x137e4]
C  [ntdll.dll+0x6cb81]


---------------  P R O C E S S  ---------------

Threads class SMR info:
_java_thread_list=0x00000236939a3020, length=0, elements={
}

Java Threads: ( => current thread )

Other Threads:
  0x0000023695ac5000 GCTaskThread "GC Thread#0" [stack: 0x00000053e8c00000,0x00000053e8d00000] [id=11004]
  0x0000023695acc800 ConcurrentGCThread "G1 Main Marker" [stack: 0x00000053e8d00000,0x00000053e8e00000] [id=10888]
  0x0000023695ad0000 ConcurrentGCThread "G1 Conc#0" [stack: 0x00000053e8e00000,0x00000053e8f00000] [id=4320]

[error occurred during error reporting (printing all threads), id 0xc0000005, EXCEPTION_ACCESS_VIOLATION (0xc0000005) at pc=0x00007ffbc2a20207]

VM state:not at safepoint (not fully initialized)

VM Mutex/Monitor currently owned by a thread:  ([mutex/lock_event])
[0x0000023695aaddb0] Heap_lock - owner thread: 0x0000023695aae000

Heap address: 0x00000000fc000000, size: 64 MB, Compressed Oops mode: Non-zero based: 0x00000000fc000000
Narrow klass base: 0x0000000000000000, Narrow klass shift: 0

GC Heap History (0 events):
No events

Deoptimization events (0 events):
No events

Classes redefined (0 events):
No events

Internal exceptions (0 events):
No events

Events (0 events):
No events


Dynamic libraries:
0x00007ff765140000 - 0x00007ff765187000 	C:\Program Files\Java\jdk-11.0.6\bin\java.exe
0x00007ffc07230000 - 0x00007ffc07410000 	C:\Windows\SYSTEM32\ntdll.dll
0x00007ffc05c70000 - 0x00007ffc05d1e000 	C:\Windows\System32\KERNEL32.DLL
0x00007ffc04390000 - 0x00007ffc045f6000 	C:\Windows\System32\KERNELBASE.dll
0x00007ffc064e0000 - 0x00007ffc06581000 	C:\Windows\System32\ADVAPI32.dll
0x00007ffc06690000 - 0x00007ffc0672d000 	C:\Windows\System32\msvcrt.dll
0x00007ffc06480000 - 0x00007ffc064db000 	C:\Windows\System32\sechost.dll
0x00007ffc067e0000 - 0x00007ffc068ff000 	C:\Windows\System32\RPCRT4.dll
0x00007ffc06a60000 - 0x00007ffc06bef000 	C:\Windows\System32\USER32.dll
0x00007ffc037d0000 - 0x00007ffc037f0000 	C:\Windows\System32\win32u.dll
0x00007ffc06730000 - 0x00007ffc06758000 	C:\Windows\System32\GDI32.dll
0x00007ffc03630000 - 0x00007ffc037c3000 	C:\Windows\System32\gdi32full.dll
0x00007ffc038f0000 - 0x00007ffc0398b000 	C:\Windows\System32\msvcp_win.dll
0x00007ffc04600000 - 0x00007ffc046f4000 	C:\Windows\System32\ucrtbase.dll
0x00007ffbee670000 - 0x00007ffbee8d9000 	C:\Windows\WinSxS\amd64_microsoft.windows.common-controls_6595b64144ccf1df_6.0.16299.1087_none_0f9074b65a6589b7\COMCTL32.dll
0x00007ffbf8ff0000 - 0x00007ffbf8ffa000 	C:\Windows\SYSTEM32\VERSION.dll
0x00007ffc06ee0000 - 0x00007ffc071e6000 	C:\Windows\System32\combase.dll
0x00007ffc040e0000 - 0x00007ffc04152000 	C:\Windows\System32\bcryptPrimitives.dll
0x00007ffc06340000 - 0x00007ffc0636d000 	C:\Windows\System32\IMM32.DLL
0x00007ffc00230000 - 0x00007ffc00246000 	C:\Program Files\Java\jdk-11.0.6\bin\vcruntime140.dll
0x00007ffbe4d00000 - 0x00007ffbe4daa000 	C:\Program Files\Java\jdk-11.0.6\bin\msvcp140.dll
0x00007ffbc2720000 - 0x00007ffbc3249000 	C:\Program Files\Java\jdk-11.0.6\bin\server\jvm.dll
0x00007ffc06900000 - 0x00007ffc06908000 	C:\Windows\System32\PSAPI.DLL
0x00007ffbface0000 - 0x00007ffbface9000 	C:\Windows\SYSTEM32\WSOCK32.dll
0x00007ffc06e70000 - 0x00007ffc06edc000 	C:\Windows\System32\WS2_32.dll
0x00007ffc01560000 - 0x00007ffc01583000 	C:\Windows\SYSTEM32\WINMM.dll
0x00007ffc013b0000 - 0x00007ffc013da000 	C:\Windows\SYSTEM32\WINMMBASE.dll
0x00007ffc038a0000 - 0x00007ffc038ea000 	C:\Windows\System32\cfgmgr32.dll
0x00007ffc035a0000 - 0x00007ffc035b1000 	C:\Windows\System32\kernel.appcore.dll
0x00007ffbf75d0000 - 0x00007ffbf75e1000 	C:\Program Files\Java\jdk-11.0.6\bin\verify.dll
0x00007ffbf3220000 - 0x00007ffbf33e8000 	C:\Windows\SYSTEM32\DBGHELP.DLL
0x00007ffbf31c0000 - 0x00007ffbf31e9000 	C:\Windows\SYSTEM32\dbgcore.DLL
0x00007ffbf29b0000 - 0x00007ffbf29d9000 	C:\Program Files\Java\jdk-11.0.6\bin\java.dll
0x00007ffbf6e50000 - 0x00007ffbf6e66000 	C:\Program Files\Java\jdk-11.0.6\bin\zip.dll
0x00007ffbfacd0000 - 0x00007ffbfacda000 	C:\Program Files\Java\jdk-11.0.6\bin\jimage.dll

dbghelp: loaded successfully - version: 4.0.5 - missing functions: none
symbol engine: initialized successfully - sym options: 0x614 - pdb path: .;C:\Program Files\Java\jdk-11.0.6\bin;C:\Windows\SYSTEM32;C:\Windows\WinSxS\amd64_microsoft.windows.common-controls_6595b64144ccf1df_6.0.16299.1087_none_0f9074b65a6589b7;C:\Program Files\Java\jdk-11.0.6\bin\server

VM Arguments:
jvm_args: -Xmx64m -Xms64m -Dorg.gradle.appname=gradlew 
java_command: org.gradle.wrapper.GradleWrapperMain app:installDebug -PreactNativeDevServerPort=8081
java_class_path (initial): F:\FinalAppCode\TSGAPP\android\\gradle\wrapper\gradle-wrapper.jar
Launcher Type: SUN_STANDARD

[Global flags]
     intx CICompilerCount                          = 3                                         {product} {ergonomic}
     uint ConcGCThreads                            = 1                                         {product} {ergonomic}
     uint G1ConcRefinementThreads                  = 4                                         {product} {ergonomic}
   size_t G1HeapRegionSize                         = 1048576                                   {product} {ergonomic}
    uintx GCDrainStackTargetSize                   = 64                                        {product} {ergonomic}
   size_t InitialHeapSize                          = 67108864                                  {product} {command line}
   size_t MarkStackSize                            = 4194304                                   {product} {ergonomic}
   size_t MaxHeapSize                              = 67108864                                  {product} {command line}
   size_t MinHeapDeltaBytes                        = 1048576                                   {product} {ergonomic}
    uintx NonNMethodCodeHeapSize                   = 5830732                                {pd product} {ergonomic}
    uintx NonProfiledCodeHeapSize                  = 122913754                              {pd product} {ergonomic}
    uintx ProfiledCodeHeapSize                     = 122913754                              {pd product} {ergonomic}
    uintx ReservedCodeCacheSize                    = 251658240                              {pd product} {ergonomic}
     bool SegmentedCodeCache                       = true                                      {product} {ergonomic}
     bool UseCompressedClassPointers               = true                                 {lp64_product} {ergonomic}
     bool UseCompressedOops                        = true                                 {lp64_product} {ergonomic}
     bool UseG1GC                                  = true                                      {product} {ergonomic}
     bool UseLargePagesIndividualAllocation        = false                                  {pd product} {ergonomic}

Logging:
Log output configuration:
 #0: stdout all=warning uptime,level,tags
 #1: stderr all=off uptime,level,tags

Environment Variables:
JAVA_HOME=C:\Program Files\Java\jdk-11.0.6
CLASSPATH=F:\FinalAppCode\TSGAPP\android\\gradle\wrapper\gradle-wrapper.jar
PATH=C:\Windows\system32;C:\Windows;C:\Windows\System32\Wbem;C:\Windows\System32\WindowsPowerShell\v1.0\;C:\Program Files\nodejs\;C:\Program Files\Git\cmd;C:\Program Files\Java\jdk-11.0.6\bin;C:\ProgramData\chocolatey\bin;C:\Users\Rohit Jain\AppData\Local\Microsoft\WindowsApps;;C:\Users\Rohit Jain\AppData\Roaming\npm;C:\Users\Rohit Jain\AppData\Local\Programs\Microsoft VS Code\bin
USERNAME=Rohit Jain
OS=Windows_NT
PROCESSOR_IDENTIFIER=Intel64 Family 6 Model 42 Stepping 7, GenuineIntel



---------------  S Y S T E M  ---------------

OS: Windows 10 , 64 bit Build 16299 (10.0.16299.1087)

CPU:total 4 (initial active 4) (2 cores per cpu, 2 threads per core) family 6 model 42 stepping 7, cmov, cx8, fxsr, mmx, sse, sse2, sse3, ssse3, sse4.1, sse4.2, popcnt, avx, clmul, ht, tsc, tscinvbit

Memory: 4k page, system-wide physical 6044M (619M free)
TotalPageFile size 20124M (AvailPageFile size 18M)
current process WorkingSet (physical memory assigned to process): 9M, peak: 9M
current process commit charge ("private bytes"): 51M, peak: 115M

vm_info: Java HotSpot(TM) 64-Bit Server VM (11.0.6+8-LTS) for windows-amd64 JRE (11.0.6+8-LTS), built on Dec 11 2019 09:17:57 by "mach5one" with MS VC++ 15.5 (VS2017)

END.
