#
# There is insufficient memory for the Java Runtime Environment to continue.
# Native memory allocation (mmap) failed to map 67108864 bytes for Failed to commit area from 0x00000000fc000000 to 0x0000000100000000 of length 67108864.
# Possible reasons:
#   The system is out of physical RAM or swap space
#   The process is running with CompressedOops enabled, and the Java Heap may be blocking the growth of the native heap
# Possible solutions:
#   Reduce memory load on the system
#   Increase physical memory or swap space
#   Check if swap backing store is full
#   Decrease Java heap size (-Xmx/-Xms)
#   Decrease number of Java threads
#   Decrease Java thread stack sizes (-Xss)
#   Set larger code cache with -XX:ReservedCodeCacheSize=
# This output file may be truncated or incomplete.
#
#  Out of Memory Error (t:/workspace/open/src/hotspot/os/windows/os_windows.cpp:3271), pid=10660, tid=6040
#
# JRE version:  (11.0.6+8) (build )
# Java VM: Java HotSpot(TM) 64-Bit Server VM (11.0.6+8-LTS, mixed mode, sharing, tiered, compressed oops, g1 gc, windows-amd64)
# No core dump will be written. Minidumps are not enabled by default on client versions of Windows
#

---------------  S U M M A R Y ------------

Command Line: -Xmx64m -Xms64m -Dorg.gradle.appname=gradlew org.gradle.wrapper.GradleWrapperMain clean

Host: Intel(R) Core(TM) i3-2328M CPU @ 2.20GHz, 4 cores, 5G,  Windows 10 , 64 bit Build 16299 (10.0.16299.1087)
Time: Tue Mar  3 15:34:09 2020 India Standard Time elapsed time: 0 seconds (0d 0h 0m 0s)

---------------  T H R E A D  ---------------

Current thread (0x0000017ff4e70000):  JavaThread "Unknown thread" [_thread_in_vm, id=6040, stack(0x0000007319800000,0x0000007319900000)]

Stack: [0x0000007319800000,0x0000007319900000]
Native frames: (J=compiled Java code, j=interpreted, Vv=VM code, C=native code)
V  [jvm.dll+0x63679a]
V  [jvm.dll+0x7755bf]
V  [jvm.dll+0x776c65]
V  [jvm.dll+0x7772d3]
V  [jvm.dll+0x25e7f8]
V  [jvm.dll+0x633c4a]
V  [jvm.dll+0x628625]
V  [jvm.dll+0x314a7c]
V  [jvm.dll+0x314902]
V  [jvm.dll+0x31a176]
V  [jvm.dll+0x36650f]
V  [jvm.dll+0x365f30]
V  [jvm.dll+0x2f1a78]
V  [jvm.dll+0x2f2bf6]
V  [jvm.dll+0x74e707]
V  [jvm.dll+0x74fe7f]
V  [jvm.dll+0x373349]
V  [jvm.dll+0x734e5e]
V  [jvm.dll+0x3e2b5d]
V  [jvm.dll+0x3e4ef1]
C  [java.exe+0x3607]
C  [java.exe+0x178dc]
C  [KERNEL32.DLL+0x137e4]
C  [ntdll.dll+0x6cb81]


---------------  P R O C E S S  ---------------

Threads class SMR info:
_java_thread_list=0x0000017ff4ca09f0, length=0, elements={
}

Java Threads: ( => current thread )

Other Threads:
  0x0000017ff4e87800 GCTaskThread "GC Thread#0" [stack: 0x0000007319900000,0x0000007319a00000] [id=4272]
  0x0000017ff4e90800 ConcurrentGCThread "G1 Main Marker" [stack: 0x0000007319a00000,0x0000007319b00000] [id=9756]
  0x0000017ff4e92000 ConcurrentGCThread "G1 Conc#0" [stack: 0x0000007319b00000,0x0000007319c00000] [id=832]

[error occurred during error reporting (printing all threads), id 0xc0000005, EXCEPTION_ACCESS_VIOLATION (0xc0000005) at pc=0x00007ffbf7b40207]

VM state:not at safepoint (not fully initialized)

VM Mutex/Monitor currently owned by a thread:  ([mutex/lock_event])
[0x0000017ff4e6e7f0] Heap_lock - owner thread: 0x0000017ff4e70000

Heap address: 0x00000000fc000000, size: 64 MB, Compressed Oops mode: Non-zero based: 0x00000000fc000000
Narrow klass base: 0x0000000000000000, Narrow klass shift: 0

GC Heap History (0 events):
No events

Deoptimization events (0 events):
No events

Classes redefined (0 events):
No events

Internal exceptions (0 events):
No events

Events (0 events):
No events


Dynamic libraries:
0x00007ff6241d0000 - 0x00007ff624217000 	C:\Program Files\Java\jdk-11.0.6\bin\java.exe
0x00007ffc2a400000 - 0x00007ffc2a5e0000 	C:\Windows\SYSTEM32\ntdll.dll
0x00007ffc27f00000 - 0x00007ffc27fae000 	C:\Windows\System32\KERNEL32.DLL
0x00007ffc268b0000 - 0x00007ffc26b16000 	C:\Windows\System32\KERNELBASE.dll
0x00007ffc278d0000 - 0x00007ffc27971000 	C:\Windows\System32\ADVAPI32.dll
0x00007ffc28cd0000 - 0x00007ffc28d6d000 	C:\Windows\System32\msvcrt.dll
0x00007ffc28850000 - 0x00007ffc288ab000 	C:\Windows\System32\sechost.dll
0x00007ffc27ac0000 - 0x00007ffc27bdf000 	C:\Windows\System32\RPCRT4.dll
0x00007ffc28d70000 - 0x00007ffc28eff000 	C:\Windows\System32\USER32.dll
0x00007ffc27160000 - 0x00007ffc27180000 	C:\Windows\System32\win32u.dll
0x00007ffc27ed0000 - 0x00007ffc27ef8000 	C:\Windows\System32\GDI32.dll
0x00007ffc26f70000 - 0x00007ffc27103000 	C:\Windows\System32\gdi32full.dll
0x00007ffc26b20000 - 0x00007ffc26bbb000 	C:\Windows\System32\msvcp_win.dll
0x00007ffc26bc0000 - 0x00007ffc26cb4000 	C:\Windows\System32\ucrtbase.dll
0x00007ffc1d8f0000 - 0x00007ffc1d8fa000 	C:\Windows\SYSTEM32\VERSION.dll
0x00007ffc10190000 - 0x00007ffc103f9000 	C:\Windows\WinSxS\amd64_microsoft.windows.common-controls_6595b64144ccf1df_6.0.16299.1087_none_0f9074b65a6589b7\COMCTL32.dll
0x00007ffc28960000 - 0x00007ffc28c66000 	C:\Windows\System32\combase.dll
0x00007ffc26d20000 - 0x00007ffc26d92000 	C:\Windows\System32\bcryptPrimitives.dll
0x00007ffc27a90000 - 0x00007ffc27abd000 	C:\Windows\System32\IMM32.DLL
0x00007ffc11a80000 - 0x00007ffc11a96000 	C:\Program Files\Java\jdk-11.0.6\bin\vcruntime140.dll
0x00007ffc0e420000 - 0x00007ffc0e4ca000 	C:\Program Files\Java\jdk-11.0.6\bin\msvcp140.dll
0x00007ffbf7840000 - 0x00007ffbf8369000 	C:\Program Files\Java\jdk-11.0.6\bin\server\jvm.dll
0x00007ffc287e0000 - 0x00007ffc287e8000 	C:\Windows\System32\PSAPI.DLL
0x00007ffc245b0000 - 0x00007ffc245d3000 	C:\Windows\SYSTEM32\WINMM.dll
0x00007ffc12af0000 - 0x00007ffc12af9000 	C:\Windows\SYSTEM32\WSOCK32.dll
0x00007ffc28770000 - 0x00007ffc287dc000 	C:\Windows\System32\WS2_32.dll
0x00007ffc24550000 - 0x00007ffc2457a000 	C:\Windows\SYSTEM32\winmmbase.dll
0x00007ffc27110000 - 0x00007ffc2715a000 	C:\Windows\System32\cfgmgr32.dll
0x00007ffc267c0000 - 0x00007ffc267d1000 	C:\Windows\System32\kernel.appcore.dll
0x00007ffc11530000 - 0x00007ffc11541000 	C:\Program Files\Java\jdk-11.0.6\bin\verify.dll
0x00007ffc17db0000 - 0x00007ffc17f78000 	C:\Windows\SYSTEM32\DBGHELP.DLL
0x00007ffc17d80000 - 0x00007ffc17da9000 	C:\Windows\SYSTEM32\dbgcore.DLL
0x00007ffc0f3e0000 - 0x00007ffc0f409000 	C:\Program Files\Java\jdk-11.0.6\bin\java.dll
0x00007ffc0fb40000 - 0x00007ffc0fb56000 	C:\Program Files\Java\jdk-11.0.6\bin\zip.dll
0x00007ffc120c0000 - 0x00007ffc120ca000 	C:\Program Files\Java\jdk-11.0.6\bin\jimage.dll

dbghelp: loaded successfully - version: 4.0.5 - missing functions: none
symbol engine: initialized successfully - sym options: 0x614 - pdb path: .;C:\Program Files\Java\jdk-11.0.6\bin;C:\Windows\SYSTEM32;C:\Windows\WinSxS\amd64_microsoft.windows.common-controls_6595b64144ccf1df_6.0.16299.1087_none_0f9074b65a6589b7;C:\Program Files\Java\jdk-11.0.6\bin\server

VM Arguments:
jvm_args: -Xmx64m -Xms64m -Dorg.gradle.appname=gradlew 
java_command: org.gradle.wrapper.GradleWrapperMain clean
java_class_path (initial): F:\FinalAppCode\TSGAPP\android\\gradle\wrapper\gradle-wrapper.jar
Launcher Type: SUN_STANDARD

[Global flags]
     intx CICompilerCount                          = 3                                         {product} {ergonomic}
     uint ConcGCThreads                            = 1                                         {product} {ergonomic}
     uint G1ConcRefinementThreads                  = 4                                         {product} {ergonomic}
   size_t G1HeapRegionSize                         = 1048576                                   {product} {ergonomic}
    uintx GCDrainStackTargetSize                   = 64                                        {product} {ergonomic}
   size_t InitialHeapSize                          = 67108864                                  {product} {command line}
   size_t MarkStackSize                            = 4194304                                   {product} {ergonomic}
   size_t MaxHeapSize                              = 67108864                                  {product} {command line}
   size_t MinHeapDeltaBytes                        = 1048576                                   {product} {ergonomic}
    uintx NonNMethodCodeHeapSize                   = 5830732                                {pd product} {ergonomic}
    uintx NonProfiledCodeHeapSize                  = 122913754                              {pd product} {ergonomic}
    uintx ProfiledCodeHeapSize                     = 122913754                              {pd product} {ergonomic}
    uintx ReservedCodeCacheSize                    = 251658240                              {pd product} {ergonomic}
     bool SegmentedCodeCache                       = true                                      {product} {ergonomic}
     bool UseCompressedClassPointers               = true                                 {lp64_product} {ergonomic}
     bool UseCompressedOops                        = true                                 {lp64_product} {ergonomic}
     bool UseG1GC                                  = true                                      {product} {ergonomic}
     bool UseLargePagesIndividualAllocation        = false                                  {pd product} {ergonomic}

Logging:
Log output configuration:
 #0: stdout all=warning uptime,level,tags
 #1: stderr all=off uptime,level,tags

Environment Variables:
JAVA_HOME=C:\Program Files\Java\jdk-11.0.6
CLASSPATH=F:\FinalAppCode\TSGAPP\android\\gradle\wrapper\gradle-wrapper.jar
PATH=C:\Windows\system32;C:\Windows;C:\Windows\System32\Wbem;C:\Windows\System32\WindowsPowerShell\v1.0\;C:\Program Files\nodejs\;C:\Program Files\Git\cmd;C:\Program Files\Java\jdk-11.0.6\bin;C:\ProgramData\chocolatey\bin;C:\Users\Rohit Jain\AppData\Local\Microsoft\WindowsApps;;C:\Users\Rohit Jain\AppData\Roaming\npm;C:\Users\Rohit Jain\AppData\Local\Programs\Microsoft VS Code\bin
USERNAME=Rohit Jain
OS=Windows_NT
PROCESSOR_IDENTIFIER=Intel64 Family 6 Model 42 Stepping 7, GenuineIntel



---------------  S Y S T E M  ---------------

OS: Windows 10 , 64 bit Build 16299 (10.0.16299.1087)

CPU:total 4 (initial active 4) (2 cores per cpu, 2 threads per core) family 6 model 42 stepping 7, cmov, cx8, fxsr, mmx, sse, sse2, sse3, ssse3, sse4.1, sse4.2, popcnt, avx, clmul, ht, tsc, tscinvbit

Memory: 4k page, system-wide physical 6044M (1017M free)
TotalPageFile size 20124M (AvailPageFile size 8M)
current process WorkingSet (physical memory assigned to process): 9M, peak: 9M
current process commit charge ("private bytes"): 51M, peak: 115M

vm_info: Java HotSpot(TM) 64-Bit Server VM (11.0.6+8-LTS) for windows-amd64 JRE (11.0.6+8-LTS), built on Dec 11 2019 09:17:57 by "mach5one" with MS VC++ 15.5 (VS2017)

END.
