#
# There is insufficient memory for the Java Runtime Environment to continue.
# Native memory allocation (mmap) failed to map 67108864 bytes for Failed to commit area from 0x00000000fc000000 to 0x0000000100000000 of length 67108864.
# Possible reasons:
#   The system is out of physical RAM or swap space
#   The process is running with CompressedOops enabled, and the Java Heap may be blocking the growth of the native heap
# Possible solutions:
#   Reduce memory load on the system
#   Increase physical memory or swap space
#   Check if swap backing store is full
#   Decrease Java heap size (-Xmx/-Xms)
#   Decrease number of Java threads
#   Decrease Java thread stack sizes (-Xss)
#   Set larger code cache with -XX:ReservedCodeCacheSize=
# This output file may be truncated or incomplete.
#
#  Out of Memory Error (t:/workspace/open/src/hotspot/os/windows/os_windows.cpp:3271), pid=8272, tid=8676
#
# JRE version:  (11.0.6+8) (build )
# Java VM: Java HotSpot(TM) 64-Bit Server VM (11.0.6+8-LTS, mixed mode, sharing, tiered, compressed oops, g1 gc, windows-amd64)
# No core dump will be written. Minidumps are not enabled by default on client versions of Windows
#

---------------  S U M M A R Y ------------

Command Line: -Xmx64m -Xms64m -Dorg.gradle.appname=gradlew org.gradle.wrapper.GradleWrapperMain app:installDebug -PreactNativeDevServerPort=8081

Host: Intel(R) Core(TM) i3-2328M CPU @ 2.20GHz, 4 cores, 5G,  Windows 10 , 64 bit Build 16299 (10.0.16299.1087)
Time: Sun Mar  1 22:15:31 2020 India Standard Time elapsed time: 0 seconds (0d 0h 0m 0s)

---------------  T H R E A D  ---------------

Current thread (0x0000029ceae4d800):  JavaThread "Unknown thread" [_thread_in_vm, id=8676, stack(0x000000eebde00000,0x000000eebdf00000)]

Stack: [0x000000eebde00000,0x000000eebdf00000]
Native frames: (J=compiled Java code, j=interpreted, Vv=VM code, C=native code)
V  [jvm.dll+0x63679a]
V  [jvm.dll+0x7755bf]
V  [jvm.dll+0x776c65]
V  [jvm.dll+0x7772d3]
V  [jvm.dll+0x25e7f8]
V  [jvm.dll+0x633c4a]
V  [jvm.dll+0x628625]
V  [jvm.dll+0x314a7c]
V  [jvm.dll+0x314902]
V  [jvm.dll+0x31a176]
V  [jvm.dll+0x36650f]
V  [jvm.dll+0x365f30]
V  [jvm.dll+0x2f1a78]
V  [jvm.dll+0x2f2bf6]
V  [jvm.dll+0x74e707]
V  [jvm.dll+0x74fe7f]
V  [jvm.dll+0x373349]
V  [jvm.dll+0x734e5e]
V  [jvm.dll+0x3e2b5d]
V  [jvm.dll+0x3e4ef1]
C  [java.exe+0x3607]
C  [java.exe+0x178dc]
C  [KERNEL32.DLL+0x137e4]
C  [ntdll.dll+0x6cb81]


---------------  P R O C E S S  ---------------

Threads class SMR info:
_java_thread_list=0x0000029ce8d5ff60, length=0, elements={
}

Java Threads: ( => current thread )

Other Threads:
  0x0000029ceae64800 GCTaskThread "GC Thread#0" [stack: 0x000000eebdf00000,0x000000eebe000000] [id=4864]
  0x0000029ceae6c000 ConcurrentGCThread "G1 Main Marker" [stack: 0x000000eebe000000,0x000000eebe100000] [id=8680]
  0x0000029ceae6f000 ConcurrentGCThread "G1 Conc#0" [stack: 0x000000eebe100000,0x000000eebe200000] [id=13732]

[error occurred during error reporting (printing all threads), id 0xc0000005, EXCEPTION_ACCESS_VIOLATION (0xc0000005) at pc=0x00007ffa4bac0207]

VM state:not at safepoint (not fully initialized)

VM Mutex/Monitor currently owned by a thread:  ([mutex/lock_event])
[0x0000029ceae4c590] Heap_lock - owner thread: 0x0000029ceae4d800

Heap address: 0x00000000fc000000, size: 64 MB, Compressed Oops mode: Non-zero based: 0x00000000fc000000
Narrow klass base: 0x0000000000000000, Narrow klass shift: 0

GC Heap History (0 events):
No events

Deoptimization events (0 events):
No events

Classes redefined (0 events):
No events

Internal exceptions (0 events):
No events

Events (0 events):
No events


Dynamic libraries:
0x00007ff620ab0000 - 0x00007ff620af7000 	C:\Program Files\Java\jdk-11.0.6\bin\java.exe
0x00007ffa81c30000 - 0x00007ffa81e10000 	C:\Windows\SYSTEM32\ntdll.dll
0x00007ffa816c0000 - 0x00007ffa8176e000 	C:\Windows\System32\KERNEL32.DLL
0x00007ffa7e3d0000 - 0x00007ffa7e636000 	C:\Windows\System32\KERNELBASE.dll
0x00007ffa7f5f0000 - 0x00007ffa7f691000 	C:\Windows\System32\ADVAPI32.dll
0x00007ffa812c0000 - 0x00007ffa8135d000 	C:\Windows\System32\msvcrt.dll
0x00007ffa7f340000 - 0x00007ffa7f39b000 	C:\Windows\System32\sechost.dll
0x00007ffa7f6a0000 - 0x00007ffa7f7bf000 	C:\Windows\System32\RPCRT4.dll
0x00007ffa7f3a0000 - 0x00007ffa7f52f000 	C:\Windows\System32\USER32.dll
0x00007ffa7e690000 - 0x00007ffa7e6b0000 	C:\Windows\System32\win32u.dll
0x00007ffa81770000 - 0x00007ffa81798000 	C:\Windows\System32\GDI32.dll
0x00007ffa7e6b0000 - 0x00007ffa7e843000 	C:\Windows\System32\gdi32full.dll
0x00007ffa7e030000 - 0x00007ffa7e0cb000 	C:\Windows\System32\msvcp_win.dll
0x00007ffa7e850000 - 0x00007ffa7e944000 	C:\Windows\System32\ucrtbase.dll
0x00007ffa771b0000 - 0x00007ffa77419000 	C:\Windows\WinSxS\amd64_microsoft.windows.common-controls_6595b64144ccf1df_6.0.16299.1087_none_0f9074b65a6589b7\COMCTL32.dll
0x00007ffa7f9d0000 - 0x00007ffa7fcd6000 	C:\Windows\System32\combase.dll
0x00007ffa7e0d0000 - 0x00007ffa7e142000 	C:\Windows\System32\bcryptPrimitives.dll
0x00007ffa74f50000 - 0x00007ffa74f5a000 	C:\Windows\SYSTEM32\VERSION.dll
0x00007ffa7f7c0000 - 0x00007ffa7f7ed000 	C:\Windows\System32\IMM32.DLL
0x00007ffa78c00000 - 0x00007ffa78c16000 	C:\Program Files\Java\jdk-11.0.6\bin\vcruntime140.dll
0x00007ffa6e500000 - 0x00007ffa6e5aa000 	C:\Program Files\Java\jdk-11.0.6\bin\msvcp140.dll
0x00007ffa4b7c0000 - 0x00007ffa4c2e9000 	C:\Program Files\Java\jdk-11.0.6\bin\server\jvm.dll
0x00007ffa7f7f0000 - 0x00007ffa7f7f8000 	C:\Windows\System32\PSAPI.DLL
0x00007ffa7bf40000 - 0x00007ffa7bf49000 	C:\Windows\SYSTEM32\WSOCK32.dll
0x00007ffa7c030000 - 0x00007ffa7c053000 	C:\Windows\SYSTEM32\WINMM.dll
0x00007ffa81630000 - 0x00007ffa8169c000 	C:\Windows\System32\WS2_32.dll
0x00007ffa7bfd0000 - 0x00007ffa7bffa000 	C:\Windows\SYSTEM32\winmmbase.dll
0x00007ffa7e640000 - 0x00007ffa7e68a000 	C:\Windows\System32\cfgmgr32.dll
0x00007ffa7dfa0000 - 0x00007ffa7dfb1000 	C:\Windows\System32\kernel.appcore.dll
0x00007ffa75630000 - 0x00007ffa75641000 	C:\Program Files\Java\jdk-11.0.6\bin\verify.dll
0x00007ffa71bb0000 - 0x00007ffa71d78000 	C:\Windows\SYSTEM32\DBGHELP.DLL
0x00007ffa71b80000 - 0x00007ffa71ba9000 	C:\Windows\SYSTEM32\dbgcore.DLL
0x00007ffa6fae0000 - 0x00007ffa6fb09000 	C:\Program Files\Java\jdk-11.0.6\bin\java.dll
0x00007ffa6fc60000 - 0x00007ffa6fc76000 	C:\Program Files\Java\jdk-11.0.6\bin\zip.dll
0x00007ffa78cb0000 - 0x00007ffa78cba000 	C:\Program Files\Java\jdk-11.0.6\bin\jimage.dll

dbghelp: loaded successfully - version: 4.0.5 - missing functions: none
symbol engine: initialized successfully - sym options: 0x614 - pdb path: .;C:\Program Files\Java\jdk-11.0.6\bin;C:\Windows\SYSTEM32;C:\Windows\WinSxS\amd64_microsoft.windows.common-controls_6595b64144ccf1df_6.0.16299.1087_none_0f9074b65a6589b7;C:\Program Files\Java\jdk-11.0.6\bin\server

VM Arguments:
jvm_args: -Xmx64m -Xms64m -Dorg.gradle.appname=gradlew 
java_command: org.gradle.wrapper.GradleWrapperMain app:installDebug -PreactNativeDevServerPort=8081
java_class_path (initial): F:\FinalAppCode\TSGAPP\android\\gradle\wrapper\gradle-wrapper.jar
Launcher Type: SUN_STANDARD

[Global flags]
     intx CICompilerCount                          = 3                                         {product} {ergonomic}
     uint ConcGCThreads                            = 1                                         {product} {ergonomic}
     uint G1ConcRefinementThreads                  = 4                                         {product} {ergonomic}
   size_t G1HeapRegionSize                         = 1048576                                   {product} {ergonomic}
    uintx GCDrainStackTargetSize                   = 64                                        {product} {ergonomic}
   size_t InitialHeapSize                          = 67108864                                  {product} {command line}
   size_t MarkStackSize                            = 4194304                                   {product} {ergonomic}
   size_t MaxHeapSize                              = 67108864                                  {product} {command line}
   size_t MinHeapDeltaBytes                        = 1048576                                   {product} {ergonomic}
    uintx NonNMethodCodeHeapSize                   = 5830732                                {pd product} {ergonomic}
    uintx NonProfiledCodeHeapSize                  = 122913754                              {pd product} {ergonomic}
    uintx ProfiledCodeHeapSize                     = 122913754                              {pd product} {ergonomic}
    uintx ReservedCodeCacheSize                    = 251658240                              {pd product} {ergonomic}
     bool SegmentedCodeCache                       = true                                      {product} {ergonomic}
     bool UseCompressedClassPointers               = true                                 {lp64_product} {ergonomic}
     bool UseCompressedOops                        = true                                 {lp64_product} {ergonomic}
     bool UseG1GC                                  = true                                      {product} {ergonomic}
     bool UseLargePagesIndividualAllocation        = false                                  {pd product} {ergonomic}

Logging:
Log output configuration:
 #0: stdout all=warning uptime,level,tags
 #1: stderr all=off uptime,level,tags

Environment Variables:
JAVA_HOME=C:\Program Files\Java\jdk-11.0.6
CLASSPATH=F:\FinalAppCode\TSGAPP\android\\gradle\wrapper\gradle-wrapper.jar
PATH=C:\Windows\system32;C:\Windows;C:\Windows\System32\Wbem;C:\Windows\System32\WindowsPowerShell\v1.0\;C:\Program Files\nodejs\;C:\Program Files\Git\cmd;C:\Program Files\Java\jdk-11.0.6\bin;C:\ProgramData\chocolatey\bin;C:\Users\Rohit Jain\AppData\Local\Microsoft\WindowsApps;;C:\Users\Rohit Jain\AppData\Local\Programs\Microsoft VS Code\bin;C:\Users\Rohit Jain\AppData\Roaming\npm
USERNAME=Rohit Jain
OS=Windows_NT
PROCESSOR_IDENTIFIER=Intel64 Family 6 Model 42 Stepping 7, GenuineIntel



---------------  S Y S T E M  ---------------

OS: Windows 10 , 64 bit Build 16299 (10.0.16299.1087)

CPU:total 4 (initial active 4) (2 cores per cpu, 2 threads per core) family 6 model 42 stepping 7, cmov, cx8, fxsr, mmx, sse, sse2, sse3, ssse3, sse4.1, sse4.2, popcnt, avx, clmul, ht, tsc, tscinvbit

Memory: 4k page, system-wide physical 6044M (500M free)
TotalPageFile size 20124M (AvailPageFile size 59M)
current process WorkingSet (physical memory assigned to process): 9M, peak: 9M
current process commit charge ("private bytes"): 51M, peak: 115M

vm_info: Java HotSpot(TM) 64-Bit Server VM (11.0.6+8-LTS) for windows-amd64 JRE (11.0.6+8-LTS), built on Dec 11 2019 09:17:57 by "mach5one" with MS VC++ 15.5 (VS2017)

END.
